<?xml version="1.0" encoding="UTF-8"?>
<coverage generated="1778929217622" clover="3.2.0">
  <project timestamp="1778929217622" name="All files">
    <metrics statements="840" coveredstatements="710" conditionals="681" coveredconditionals="420" methods="225" coveredmethods="197" elements="1746" coveredelements="1327" complexity="0" loc="840" ncloc="840" packages="7" files="21" classes="21"/>
    <package name="src">
      <metrics statements="22" coveredstatements="19" conditionals="4" coveredconditionals="2" methods="3" coveredmethods="1"/>
      <file name="app.js" path="C:\Users\kunal\Desktop\Projects\bobforge\backend\src\app.js">
        <metrics statements="22" coveredstatements="19" conditionals="4" coveredconditionals="2" methods="3" coveredmethods="1"/>
        <line num="1" count="4" type="stmt"/>
        <line num="2" count="4" type="stmt"/>
        <line num="3" count="4" type="stmt"/>
        <line num="5" count="4" type="stmt"/>
        <line num="6" count="4" type="stmt"/>
        <line num="7" count="4" type="stmt"/>
        <line num="9" count="4" type="stmt"/>
        <line num="12" count="4" type="stmt"/>
        <line num="16" count="4" type="stmt"/>
        <line num="17" count="4" type="stmt"/>
        <line num="20" count="4" type="stmt"/>
        <line num="21" count="44" type="stmt"/>
        <line num="22" count="44" type="stmt"/>
        <line num="26" count="4" type="stmt"/>
        <line num="27" count="4" type="stmt"/>
        <line num="28" count="4" type="stmt"/>
        <line num="31" count="4" type="stmt"/>
        <line num="32" count="0" type="stmt"/>
        <line num="42" count="4" type="stmt"/>
        <line num="43" count="0" type="stmt"/>
        <line num="44" count="0" type="stmt"/>
        <line num="54" count="4" type="stmt"/>
      </file>
    </package>
    <package name="src.controllers">
      <metrics statements="72" coveredstatements="56" conditionals="19" coveredconditionals="18" methods="8" coveredmethods="8"/>
      <file name="artifact.controller.js" path="C:\Users\kunal\Desktop\Projects\bobforge\backend\src\controllers\artifact.controller.js">
        <metrics statements="32" coveredstatements="24" conditionals="10" coveredconditionals="10" methods="4" coveredmethods="4"/>
        <line num="1" count="4" type="stmt"/>
        <line num="7" count="13" type="stmt"/>
        <line num="17" count="13" type="stmt"/>
        <line num="19" count="13" type="cond" truecount="6" falsecount="0"/>
        <line num="20" count="4" type="stmt"/>
        <line num="29" count="9" type="stmt"/>
        <line num="40" count="9" type="stmt"/>
        <line num="46" count="0" type="stmt"/>
        <line num="47" count="0" type="stmt"/>
        <line num="62" count="3" type="stmt"/>
        <line num="63" count="3" type="stmt"/>
        <line num="64" count="3" type="stmt"/>
        <line num="66" count="3" type="stmt"/>
        <line num="71" count="0" type="stmt"/>
        <line num="72" count="0" type="stmt"/>
        <line num="87" count="3" type="stmt"/>
        <line num="88" count="3" type="stmt"/>
        <line num="89" count="3" type="stmt"/>
        <line num="91" count="3" type="cond" truecount="2" falsecount="0"/>
        <line num="92" count="2" type="stmt"/>
        <line num="101" count="1" type="stmt"/>
        <line num="106" count="0" type="stmt"/>
        <line num="107" count="0" type="stmt"/>
        <line num="122" count="2" type="stmt"/>
        <line num="123" count="2" type="stmt"/>
        <line num="124" count="2" type="stmt"/>
        <line num="126" count="2" type="cond" truecount="2" falsecount="0"/>
        <line num="127" count="1" type="stmt"/>
        <line num="136" count="1" type="stmt"/>
        <line num="141" count="0" type="stmt"/>
        <line num="142" count="0" type="stmt"/>
        <line num="153" count="4" type="stmt"/>
      </file>
      <file name="blueprint.controller.js" path="C:\Users\kunal\Desktop\Projects\bobforge\backend\src\controllers\blueprint.controller.js">
        <metrics statements="40" coveredstatements="32" conditionals="9" coveredconditionals="8" methods="4" coveredmethods="4"/>
        <line num="1" count="4" type="stmt"/>
        <line num="2" count="4" type="stmt"/>
        <line num="3" count="4" type="stmt"/>
        <line num="9" count="12" type="stmt"/>
        <line num="10" count="12" type="stmt"/>
        <line num="13" count="12" type="stmt"/>
        <line num="14" count="12" type="cond" truecount="2" falsecount="0"/>
        <line num="15" count="3" type="stmt"/>
        <line num="26" count="9" type="stmt"/>
        <line num="28" count="9" type="stmt"/>
        <line num="34" count="0" type="stmt"/>
        <line num="35" count="0" type="stmt"/>
        <line num="50" count="1" type="stmt"/>
        <line num="51" count="1" type="stmt"/>
        <line num="53" count="1" type="stmt"/>
        <line num="58" count="0" type="stmt"/>
        <line num="59" count="0" type="stmt"/>
        <line num="74" count="2" type="stmt"/>
        <line num="75" count="2" type="stmt"/>
        <line num="76" count="2" type="stmt"/>
        <line num="78" count="2" type="cond" truecount="2" falsecount="0"/>
        <line num="79" count="1" type="stmt"/>
        <line num="88" count="1" type="stmt"/>
        <line num="93" count="0" type="stmt"/>
        <line num="94" count="0" type="stmt"/>
        <line num="109" count="6" type="stmt"/>
        <line num="110" count="6" type="stmt"/>
        <line num="111" count="6" type="stmt"/>
        <line num="113" count="6" type="cond" truecount="2" falsecount="0"/>
        <line num="114" count="1" type="stmt"/>
        <line num="124" count="5" type="stmt"/>
        <line num="127" count="5" type="stmt"/>
        <line num="130" count="5" type="cond" truecount="2" falsecount="1"/>
        <line num="131" count="5" type="stmt"/>
        <line num="132" count="5" type="stmt"/>
        <line num="135" count="5" type="stmt"/>
        <line num="138" count="5" type="stmt"/>
        <line num="140" count="0" type="stmt"/>
        <line num="141" count="0" type="stmt"/>
        <line num="152" count="4" type="stmt"/>
      </file>
    </package>
    <package name="src.exporters">
      <metrics statements="228" coveredstatements="208" conditionals="252" coveredconditionals="130" methods="51" coveredmethods="44"/>
      <file name="markdownExporter.js" path="C:\Users\kunal\Desktop\Projects\bobforge\backend\src\exporters\markdownExporter.js">
        <metrics statements="228" coveredstatements="208" conditionals="252" coveredconditionals="130" methods="51" coveredmethods="44"/>
        <line num="1" count="4" type="stmt"/>
        <line num="2" count="4" type="stmt"/>
        <line num="10" count="5" type="stmt"/>
        <line num="13" count="5" type="stmt"/>
        <line num="16" count="5" type="stmt"/>
        <line num="19" count="5" type="stmt"/>
        <line num="22" count="5" type="stmt"/>
        <line num="25" count="5" type="stmt"/>
        <line num="28" count="5" type="stmt"/>
        <line num="31" count="5" type="stmt"/>
        <line num="34" count="5" type="stmt"/>
        <line num="37" count="5" type="stmt"/>
        <line num="40" count="5" type="stmt"/>
        <line num="43" count="5" type="stmt"/>
        <line num="46" count="5" type="stmt"/>
        <line num="49" count="5" type="stmt"/>
        <line num="52" count="5" type="stmt"/>
        <line num="55" count="5" type="stmt"/>
        <line num="58" count="5" type="stmt"/>
        <line num="61" count="5" type="stmt"/>
        <line num="63" count="5" type="stmt"/>
        <line num="73" count="5" type="cond" truecount="2" falsecount="0"/>
        <line num="74" count="5" type="cond" truecount="2" falsecount="1"/>
        <line num="77" count="5" type="stmt"/>
        <line num="79" count="5" type="cond" truecount="1" falsecount="1"/>
        <line num="80" count="5" type="stmt"/>
        <line num="84" count="5" type="stmt"/>
        <line num="85" count="5" type="stmt"/>
        <line num="86" count="5" type="stmt"/>
        <line num="89" count="5" type="stmt"/>
        <line num="91" count="5" type="stmt"/>
        <line num="98" count="5" type="cond" truecount="2" falsecount="1"/>
        <line num="99" count="5" type="cond" truecount="2" falsecount="1"/>
        <line num="100" count="5" type="stmt"/>
        <line num="105" count="5" type="stmt"/>
        <line num="122" count="5" type="cond" truecount="2" falsecount="1"/>
        <line num="124" count="5" type="stmt"/>
        <line num="133" count="5" type="cond" truecount="1" falsecount="2"/>
        <line num="137" count="5" type="stmt"/>
        <line num="146" count="5" type="cond" truecount="1" falsecount="2"/>
        <line num="150" count="5" type="cond" truecount="1" falsecount="1"/>
        <line num="151" count="0" type="stmt"/>
        <line num="156" count="5" type="stmt"/>
        <line num="158" count="5" type="cond" truecount="3" falsecount="1"/>
        <line num="159" count="5" type="stmt"/>
        <line num="160" count="0" type="cond" truecount="0" falsecount="4"/>
        <line num="161" count="0" type="stmt"/>
        <line num="165" count="0" type="cond" truecount="0" falsecount="2"/>
        <line num="168" count="0" type="cond" truecount="0" falsecount="2"/>
        <line num="172" count="5" type="stmt"/>
        <line num="179" count="5" type="cond" truecount="1" falsecount="1"/>
        <line num="181" count="5" type="cond" truecount="1" falsecount="1"/>
        <line num="182" count="0" type="stmt"/>
        <line num="187" count="5" type="stmt"/>
        <line num="189" count="5" type="stmt"/>
        <line num="195" count="20" type="cond" truecount="1" falsecount="1"/>
        <line num="203" count="5" type="cond" truecount="1" falsecount="1"/>
        <line num="204" count="5" type="cond" truecount="1" falsecount="1"/>
        <line num="205" count="5" type="cond" truecount="1" falsecount="1"/>
        <line num="206" count="5" type="cond" truecount="2" falsecount="0"/>
        <line num="208" count="5" type="stmt"/>
        <line num="211" count="5" type="cond" truecount="1" falsecount="1"/>
        <line num="212" count="5" type="stmt"/>
        <line num="213" count="5" type="stmt"/>
        <line num="221" count="5" type="cond" truecount="1" falsecount="1"/>
        <line num="222" count="5" type="stmt"/>
        <line num="223" count="5" type="stmt"/>
        <line num="229" count="5" type="cond" truecount="1" falsecount="1"/>
        <line num="230" count="0" type="stmt"/>
        <line num="231" count="0" type="stmt"/>
        <line num="237" count="5" type="cond" truecount="1" falsecount="1"/>
        <line num="238" count="0" type="stmt"/>
        <line num="239" count="0" type="stmt"/>
        <line num="245" count="0" type="cond" truecount="0" falsecount="2"/>
        <line num="248" count="0" type="cond" truecount="0" falsecount="2"/>
        <line num="252" count="5" type="stmt"/>
        <line num="259" count="5" type="cond" truecount="1" falsecount="1"/>
        <line num="261" count="5" type="cond" truecount="1" falsecount="1"/>
        <line num="262" count="0" type="stmt"/>
        <line num="267" count="5" type="stmt"/>
        <line num="269" count="25" type="stmt"/>
        <line num="272" count="95" type="cond" truecount="1" falsecount="1"/>
        <line num="280" count="5" type="cond" truecount="1" falsecount="2"/>
        <line num="284" count="5" type="cond" truecount="1" falsecount="1"/>
        <line num="285" count="0" type="stmt"/>
        <line num="290" count="5" type="stmt"/>
        <line num="293" count="5" type="cond" truecount="1" falsecount="1"/>
        <line num="294" count="5" type="stmt"/>
        <line num="295" count="5" type="stmt"/>
        <line num="296" count="40" type="stmt"/>
        <line num="298" count="5" type="stmt"/>
        <line num="302" count="5" type="cond" truecount="1" falsecount="1"/>
        <line num="303" count="5" type="stmt"/>
        <line num="304" count="5" type="stmt"/>
        <line num="305" count="30" type="stmt"/>
        <line num="307" count="5" type="stmt"/>
        <line num="311" count="5" type="cond" truecount="1" falsecount="1"/>
        <line num="312" count="5" type="stmt"/>
        <line num="313" count="5" type="stmt"/>
        <line num="314" count="25" type="stmt"/>
        <line num="318" count="5" type="stmt"/>
        <line num="325" count="5" type="cond" truecount="1" falsecount="2"/>
        <line num="329" count="5" type="stmt"/>
        <line num="331" count="5" type="cond" truecount="1" falsecount="1"/>
        <line num="332" count="5" type="stmt"/>
        <line num="335" count="5" type="cond" truecount="1" falsecount="1"/>
        <line num="336" count="5" type="stmt"/>
        <line num="339" count="5" type="cond" truecount="3" falsecount="1"/>
        <line num="340" count="5" type="stmt"/>
        <line num="341" count="15" type="stmt"/>
        <line num="349" count="60" type="cond" truecount="1" falsecount="1"/>
        <line num="354" count="5" type="cond" truecount="1" falsecount="1"/>
        <line num="357" count="5" type="cond" truecount="1" falsecount="1"/>
        <line num="358" count="5" type="stmt"/>
        <line num="361" count="5" type="stmt"/>
        <line num="368" count="5" type="cond" truecount="1" falsecount="2"/>
        <line num="372" count="5" type="cond" truecount="3" falsecount="1"/>
        <line num="373" count="0" type="stmt"/>
        <line num="378" count="5" type="stmt"/>
        <line num="380" count="5" type="cond" truecount="2" falsecount="2"/>
        <line num="382" count="5" type="stmt"/>
        <line num="384" count="20" type="stmt"/>
        <line num="394" count="120" type="stmt"/>
        <line num="395" count="120" type="cond" truecount="2" falsecount="0"/>
        <line num="396" count="120" type="cond" truecount="1" falsecount="1"/>
        <line num="397" count="120" type="cond" truecount="2" falsecount="0"/>
        <line num="398" count="120" type="cond" truecount="2" falsecount="0"/>
        <line num="399" count="120" type="cond" truecount="1" falsecount="1"/>
        <line num="400" count="120" type="cond" truecount="2" falsecount="0"/>
        <line num="404" count="20" type="cond" truecount="1" falsecount="1"/>
        <line num="407" count="5" type="stmt"/>
        <line num="414" count="5" type="cond" truecount="1" falsecount="2"/>
        <line num="418" count="5" type="cond" truecount="1" falsecount="1"/>
        <line num="419" count="0" type="stmt"/>
        <line num="424" count="5" type="cond" truecount="1" falsecount="1"/>
        <line num="425" count="5" type="cond" truecount="1" falsecount="1"/>
        <line num="427" count="5" type="stmt"/>
        <line num="428" count="5" type="stmt"/>
        <line num="429" count="5" type="stmt"/>
        <line num="431" count="5" type="stmt"/>
        <line num="433" count="5" type="stmt"/>
        <line num="434" count="5" type="stmt"/>
        <line num="436" count="5" type="stmt"/>
        <line num="437" count="105" type="cond" truecount="1" falsecount="1"/>
        <line num="438" count="105" type="cond" truecount="1" falsecount="1"/>
        <line num="439" count="105" type="cond" truecount="1" falsecount="1"/>
        <line num="440" count="105" type="cond" truecount="1" falsecount="1"/>
        <line num="441" count="105" type="stmt"/>
        <line num="444" count="5" type="stmt"/>
        <line num="451" count="5" type="cond" truecount="1" falsecount="2"/>
        <line num="455" count="5" type="cond" truecount="1" falsecount="1"/>
        <line num="456" count="0" type="stmt"/>
        <line num="461" count="5" type="cond" truecount="1" falsecount="2"/>
        <line num="465" count="5" type="stmt"/>
        <line num="466" count="5" type="stmt"/>
        <line num="468" count="10" type="stmt"/>
        <line num="478" count="5" type="stmt"/>
        <line num="479" count="5" type="cond" truecount="1" falsecount="1"/>
        <line num="480" count="5" type="stmt"/>
        <line num="481" count="5" type="stmt"/>
        <line num="482" count="20" type="stmt"/>
        <line num="486" count="5" type="stmt"/>
        <line num="493" count="5" type="cond" truecount="1" falsecount="2"/>
        <line num="497" count="5" type="cond" truecount="1" falsecount="1"/>
        <line num="498" count="0" type="stmt"/>
        <line num="503" count="5" type="stmt"/>
        <line num="506" count="5" type="cond" truecount="1" falsecount="1"/>
        <line num="507" count="5" type="stmt"/>
        <line num="508" count="5" type="cond" truecount="1" falsecount="1"/>
        <line num="509" count="5" type="stmt"/>
        <line num="511" count="5" type="cond" truecount="1" falsecount="1"/>
        <line num="512" count="5" type="stmt"/>
        <line num="513" count="5" type="stmt"/>
        <line num="514" count="15" type="stmt"/>
        <line num="516" count="5" type="stmt"/>
        <line num="521" count="5" type="cond" truecount="1" falsecount="1"/>
        <line num="522" count="5" type="stmt"/>
        <line num="523" count="5" type="cond" truecount="1" falsecount="1"/>
        <line num="524" count="5" type="cond" truecount="1" falsecount="1"/>
        <line num="525" count="5" type="cond" truecount="1" falsecount="1"/>
        <line num="526" count="5" type="cond" truecount="1" falsecount="1"/>
        <line num="528" count="5" type="stmt"/>
        <line num="532" count="5" type="cond" truecount="1" falsecount="1"/>
        <line num="533" count="5" type="stmt"/>
        <line num="534" count="5" type="cond" truecount="1" falsecount="1"/>
        <line num="535" count="5" type="cond" truecount="2" falsecount="0"/>
        <line num="539" count="5" type="cond" truecount="1" falsecount="1"/>
        <line num="540" count="5" type="stmt"/>
        <line num="541" count="5" type="cond" truecount="1" falsecount="1"/>
        <line num="542" count="5" type="cond" truecount="1" falsecount="1"/>
        <line num="545" count="5" type="stmt"/>
        <line num="552" count="5" type="cond" truecount="1" falsecount="2"/>
        <line num="556" count="5" type="cond" truecount="1" falsecount="1"/>
        <line num="557" count="0" type="stmt"/>
        <line num="562" count="5" type="stmt"/>
        <line num="565" count="5" type="cond" truecount="1" falsecount="1"/>
        <line num="566" count="5" type="stmt"/>
        <line num="568" count="5" type="cond" truecount="1" falsecount="1"/>
        <line num="569" count="5" type="cond" truecount="1" falsecount="1"/>
        <line num="571" count="5" type="cond" truecount="1" falsecount="1"/>
        <line num="572" count="5" type="cond" truecount="1" falsecount="1"/>
        <line num="574" count="5" type="cond" truecount="1" falsecount="1"/>
        <line num="575" count="5" type="cond" truecount="1" falsecount="1"/>
        <line num="577" count="5" type="stmt"/>
        <line num="581" count="5" type="cond" truecount="3" falsecount="1"/>
        <line num="582" count="5" type="stmt"/>
        <line num="583" count="15" type="stmt"/>
        <line num="586" count="45" type="cond" truecount="1" falsecount="1"/>
        <line num="589" count="220" type="cond" truecount="1" falsecount="1"/>
        <line num="594" count="5" type="stmt"/>
        <line num="601" count="5" type="cond" truecount="1" falsecount="2"/>
        <line num="605" count="5" type="cond" truecount="1" falsecount="1"/>
        <line num="606" count="0" type="stmt"/>
        <line num="611" count="5" type="stmt"/>
        <line num="612" count="5" type="stmt"/>
        <line num="615" count="5" type="stmt"/>
        <line num="617" count="5" type="stmt"/>
        <line num="618" count="300" type="stmt"/>
        <line num="619" count="20" type="cond" truecount="2" falsecount="0"/>
        <line num="620" count="15" type="stmt"/>
        <line num="621" count="75" type="stmt"/>
        <line num="632" count="5" type="stmt"/>
        <line num="639" count="5" type="cond" truecount="1" falsecount="2"/>
        <line num="643" count="5" type="stmt"/>
        <line num="662" count="5" type="stmt"/>
        <line num="663" count="5" type="cond" truecount="1" falsecount="1"/>
        <line num="665" count="5" type="stmt"/>
        <line num="681" count="4" type="stmt"/>
      </file>
    </package>
    <package name="src.generators">
      <metrics statements="304" coveredstatements="252" conditionals="278" coveredconditionals="172" methods="123" coveredmethods="112"/>
      <file name="apiPlanGenerator.js" path="C:\Users\kunal\Desktop\Projects\bobforge\backend\src\generators\apiPlanGenerator.js">
        <metrics statements="22" coveredstatements="19" conditionals="19" coveredconditionals="13" methods="8" coveredmethods="8"/>
        <line num="12" count="9" type="stmt"/>
        <line num="13" count="9" type="stmt"/>
        <line num="14" count="9" type="stmt"/>
        <line num="15" count="9" type="stmt"/>
        <line num="17" count="9" type="stmt"/>
        <line num="24" count="9" type="cond" truecount="1" falsecount="1"/>
        <line num="25" count="0" type="stmt"/>
        <line num="30" count="9" type="stmt"/>
        <line num="38" count="36" type="stmt"/>
        <line num="39" count="9" type="stmt"/>
        <line num="42" count="9" type="cond" truecount="1" falsecount="1"/>
        <line num="43" count="0" type="stmt"/>
        <line num="98" count="9" type="stmt"/>
        <line num="99" count="36" type="cond" truecount="2" falsecount="0"/>
        <line num="101" count="36" type="stmt"/>
        <line num="102" count="36" type="cond" truecount="1" falsecount="1"/>
        <line num="104" count="36" type="stmt"/>
        <line num="190" count="9" type="stmt"/>
        <line num="200" count="9" type="stmt"/>
        <line num="276" count="9" type="cond" truecount="4" falsecount="1"/>
        <line num="277" count="0" type="stmt"/>
        <line num="281" count="4" type="stmt"/>
      </file>
      <file name="architectureGenerator.js" path="C:\Users\kunal\Desktop\Projects\bobforge\backend\src\generators\architectureGenerator.js">
        <metrics statements="20" coveredstatements="15" conditionals="28" coveredconditionals="13" methods="9" coveredmethods="6"/>
        <line num="12" count="9" type="stmt"/>
        <line num="13" count="9" type="stmt"/>
        <line num="14" count="9" type="stmt"/>
        <line num="15" count="9" type="stmt"/>
        <line num="17" count="9" type="stmt"/>
        <line num="24" count="9" type="cond" truecount="1" falsecount="1"/>
        <line num="25" count="0" type="stmt"/>
        <line num="30" count="9" type="stmt"/>
        <line num="39" count="9" type="stmt"/>
        <line num="40" count="0" type="cond" truecount="0" falsecount="3"/>
        <line num="45" count="9" type="stmt"/>
        <line num="46" count="0" type="cond" truecount="0" falsecount="2"/>
        <line num="50" count="9" type="stmt"/>
        <line num="51" count="0" type="cond" truecount="0" falsecount="2"/>
        <line num="55" count="9" type="stmt"/>
        <line num="57" count="9" type="stmt"/>
        <line num="180" count="9" type="cond" truecount="4" falsecount="1"/>
        <line num="181" count="0" type="stmt"/>
        <line num="186" count="9" type="stmt"/>
        <line num="261" count="4" type="stmt"/>
      </file>
      <file name="bobPromptGenerator.js" path="C:\Users\kunal\Desktop\Projects\bobforge\backend\src\generators\bobPromptGenerator.js">
        <metrics statements="36" coveredstatements="31" conditionals="61" coveredconditionals="37" methods="28" coveredmethods="25"/>
        <line num="12" count="9" type="stmt"/>
        <line num="13" count="9" type="stmt"/>
        <line num="14" count="9" type="stmt"/>
        <line num="15" count="9" type="stmt"/>
        <line num="17" count="9" type="stmt"/>
        <line num="24" count="9" type="cond" truecount="1" falsecount="1"/>
        <line num="25" count="0" type="stmt"/>
        <line num="30" count="9" type="stmt"/>
        <line num="44" count="9" type="stmt"/>
        <line num="57" count="0" type="cond" truecount="2" falsecount="0"/>
        <line num="61" count="0" type="cond" truecount="0" falsecount="2"/>
        <line num="64" count="45" type="cond" truecount="1" falsecount="1"/>
        <line num="94" count="36" type="stmt"/>
        <line num="99" count="216" type="cond" truecount="5" falsecount="1"/>
        <line num="102" count="36" type="cond" truecount="1" falsecount="1"/>
        <line num="106" count="0" type="stmt"/>
        <line num="120" count="189" type="stmt"/>
        <line num="130" count="369" type="stmt"/>
        <line num="138" count="18" type="stmt"/>
        <line num="146" count="54" type="stmt"/>
        <line num="150" count="72" type="stmt"/>
        <line num="180" count="9" type="stmt"/>
        <line num="182" count="9" type="stmt"/>
        <line num="197" count="18" type="stmt"/>
        <line num="200" count="45" type="stmt"/>
        <line num="203" count="27" type="stmt"/>
        <line num="205" count="81" type="stmt"/>
        <line num="207" count="396" type="stmt"/>
        <line num="216" count="72" type="cond" truecount="1" falsecount="1"/>
        <line num="233" count="27" type="stmt"/>
        <line num="236" count="27" type="stmt"/>
        <line num="314" count="9" type="stmt"/>
        <line num="322" count="9" type="stmt"/>
        <line num="353" count="9" type="cond" truecount="4" falsecount="1"/>
        <line num="354" count="0" type="stmt"/>
        <line num="358" count="4" type="stmt"/>
      </file>
      <file name="deploymentPlanGenerator.js" path="C:\Users\kunal\Desktop\Projects\bobforge\backend\src\generators\deploymentPlanGenerator.js">
        <metrics statements="12" coveredstatements="10" conditionals="9" coveredconditionals="6" methods="5" coveredmethods="5"/>
        <line num="12" count="9" type="stmt"/>
        <line num="13" count="9" type="stmt"/>
        <line num="14" count="9" type="stmt"/>
        <line num="15" count="9" type="stmt"/>
        <line num="17" count="9" type="stmt"/>
        <line num="24" count="9" type="cond" truecount="1" falsecount="1"/>
        <line num="25" count="0" type="stmt"/>
        <line num="30" count="9" type="stmt"/>
        <line num="38" count="9" type="stmt"/>
        <line num="357" count="9" type="cond" truecount="4" falsecount="1"/>
        <line num="358" count="0" type="stmt"/>
        <line num="362" count="4" type="stmt"/>
      </file>
      <file name="frontendPlanGenerator.js" path="C:\Users\kunal\Desktop\Projects\bobforge\backend\src\generators\frontendPlanGenerator.js">
        <metrics statements="26" coveredstatements="18" conditionals="15" coveredconditionals="11" methods="7" coveredmethods="6"/>
        <line num="12" count="9" type="stmt"/>
        <line num="13" count="9" type="stmt"/>
        <line num="14" count="9" type="stmt"/>
        <line num="15" count="9" type="stmt"/>
        <line num="17" count="9" type="stmt"/>
        <line num="24" count="9" type="cond" truecount="1" falsecount="1"/>
        <line num="25" count="0" type="stmt"/>
        <line num="30" count="9" type="stmt"/>
        <line num="39" count="9" type="stmt"/>
        <line num="40" count="9" type="stmt"/>
        <line num="43" count="9" type="cond" truecount="1" falsecount="1"/>
        <line num="44" count="0" type="stmt"/>
        <line num="72" count="0" type="stmt"/>
        <line num="97" count="9" type="stmt"/>
        <line num="108" count="9" type="stmt"/>
        <line num="119" count="9" type="stmt"/>
        <line num="120" count="0" type="stmt"/>
        <line num="121" count="0" type="stmt"/>
        <line num="123" count="0" type="stmt"/>
        <line num="153" count="0" type="stmt"/>
        <line num="178" count="9" type="stmt"/>
        <line num="229" count="9" type="stmt"/>
        <line num="237" count="18" type="stmt"/>
        <line num="314" count="9" type="cond" truecount="4" falsecount="1"/>
        <line num="315" count="0" type="stmt"/>
        <line num="319" count="4" type="stmt"/>
      </file>
      <file name="githubIssuesGenerator.js" path="C:\Users\kunal\Desktop\Projects\bobforge\backend\src\generators\githubIssuesGenerator.js">
        <metrics statements="61" coveredstatements="58" conditionals="39" coveredconditionals="29" methods="25" coveredmethods="25"/>
        <line num="12" count="9" type="stmt"/>
        <line num="13" count="9" type="stmt"/>
        <line num="14" count="9" type="stmt"/>
        <line num="15" count="9" type="stmt"/>
        <line num="17" count="9" type="stmt"/>
        <line num="24" count="9" type="cond" truecount="1" falsecount="1"/>
        <line num="25" count="0" type="stmt"/>
        <line num="30" count="9" type="stmt"/>
        <line num="41" count="9" type="stmt"/>
        <line num="42" count="9" type="stmt"/>
        <line num="45" count="9" type="stmt"/>
        <line num="71" count="9" type="stmt"/>
        <line num="77" count="36" type="stmt"/>
        <line num="99" count="9" type="cond" truecount="1" falsecount="1"/>
        <line num="100" count="0" type="stmt"/>
        <line num="129" count="9" type="stmt"/>
        <line num="130" count="9" type="stmt"/>
        <line num="131" count="45" type="cond" truecount="4" falsecount="0"/>
        <line num="132" count="36" type="stmt"/>
        <line num="138" count="180" type="stmt"/>
        <line num="161" count="9" type="stmt"/>
        <line num="162" count="9" type="stmt"/>
        <line num="163" count="18" type="cond" truecount="1" falsecount="1"/>
        <line num="164" count="18" type="stmt"/>
        <line num="170" count="18" type="stmt"/>
        <line num="196" count="9" type="stmt"/>
        <line num="234" count="9" type="stmt"/>
        <line num="267" count="9" type="stmt"/>
        <line num="301" count="9" type="stmt"/>
        <line num="334" count="9" type="stmt"/>
        <line num="370" count="9" type="stmt"/>
        <line num="403" count="9" type="stmt"/>
        <line num="438" count="9" type="stmt"/>
        <line num="442" count="135" type="stmt"/>
        <line num="443" count="135" type="stmt"/>
        <line num="444" count="135" type="stmt"/>
        <line num="445" count="135" type="stmt"/>
        <line num="446" count="135" type="stmt"/>
        <line num="448" count="135" type="stmt"/>
        <line num="449" count="135" type="stmt"/>
        <line num="454" count="9" type="stmt"/>
        <line num="456" count="9" type="stmt"/>
        <line num="457" count="675" type="stmt"/>
        <line num="458" count="189" type="cond" truecount="1" falsecount="1"/>
        <line num="460" count="189" type="cond" truecount="2" falsecount="0"/>
        <line num="461" count="45" type="stmt"/>
        <line num="463" count="189" type="stmt"/>
        <line num="466" count="9" type="stmt"/>
        <line num="470" count="9" type="stmt"/>
        <line num="472" count="9" type="stmt"/>
        <line num="473" count="36" type="cond" truecount="2" falsecount="0"/>
        <line num="474" count="18" type="cond" truecount="2" falsecount="0"/>
        <line num="476" count="18" type="cond" truecount="1" falsecount="1"/>
        <line num="477" count="18" type="stmt"/>
        <line num="479" count="18" type="stmt"/>
        <line num="482" count="9" type="stmt"/>
        <line num="486" count="108" type="stmt"/>
        <line num="488" count="108" type="stmt"/>
        <line num="493" count="9" type="cond" truecount="4" falsecount="1"/>
        <line num="494" count="0" type="stmt"/>
        <line num="498" count="4" type="stmt"/>
      </file>
      <file name="prdGenerator.js" path="C:\Users\kunal\Desktop\Projects\bobforge\backend\src\generators\prdGenerator.js">
        <metrics statements="45" coveredstatements="39" conditionals="37" coveredconditionals="24" methods="14" coveredmethods="14"/>
        <line num="1" count="4" type="stmt"/>
        <line num="15" count="9" type="stmt"/>
        <line num="16" count="9" type="stmt"/>
        <line num="17" count="9" type="stmt"/>
        <line num="18" count="9" type="stmt"/>
        <line num="20" count="9" type="stmt"/>
        <line num="27" count="9" type="cond" truecount="3" falsecount="1"/>
        <line num="28" count="0" type="stmt"/>
        <line num="33" count="9" type="stmt"/>
        <line num="43" count="9" type="stmt"/>
        <line num="46" count="9" type="stmt"/>
        <line num="48" count="9" type="stmt"/>
        <line num="52" count="9" type="stmt"/>
        <line num="58" count="12" type="stmt"/>
        <line num="105" count="12" type="stmt"/>
        <line num="158" count="9" type="stmt"/>
        <line num="159" count="9" type="stmt"/>
        <line num="160" count="9" type="stmt"/>
        <line num="161" count="9" type="stmt"/>
        <line num="164" count="9" type="cond" truecount="1" falsecount="1"/>
        <line num="165" count="0" type="stmt"/>
        <line num="173" count="9" type="cond" truecount="4" falsecount="1"/>
        <line num="174" count="0" type="stmt"/>
        <line num="182" count="9" type="cond" truecount="1" falsecount="1"/>
        <line num="183" count="0" type="stmt"/>
        <line num="191" count="9" type="cond" truecount="1" falsecount="1"/>
        <line num="192" count="0" type="stmt"/>
        <line num="200" count="9" type="cond" truecount="1" falsecount="1"/>
        <line num="201" count="9" type="stmt"/>
        <line num="208" count="9" type="stmt"/>
        <line num="212" count="9" type="stmt"/>
        <line num="213" count="9" type="stmt"/>
        <line num="215" count="9" type="stmt"/>
        <line num="216" count="12" type="stmt"/>
        <line num="223" count="12" type="cond" truecount="2" falsecount="0"/>
        <line num="224" count="11" type="stmt"/>
        <line num="226" count="1" type="stmt"/>
        <line num="230" count="9" type="stmt"/>
        <line num="234" count="9" type="stmt"/>
        <line num="235" count="9" type="stmt"/>
        <line num="239" count="9" type="stmt"/>
        <line num="249" count="9" type="stmt"/>
        <line num="259" count="9" type="cond" truecount="5" falsecount="1"/>
        <line num="260" count="0" type="stmt"/>
        <line num="264" count="4" type="stmt"/>
      </file>
      <file name="schemaGenerator.js" path="C:\Users\kunal\Desktop\Projects\bobforge\backend\src\generators\schemaGenerator.js">
        <metrics statements="52" coveredstatements="37" conditionals="38" coveredconditionals="17" methods="14" coveredmethods="12"/>
        <line num="12" count="9" type="stmt"/>
        <line num="13" count="9" type="stmt"/>
        <line num="14" count="9" type="stmt"/>
        <line num="15" count="9" type="stmt"/>
        <line num="17" count="9" type="stmt"/>
        <line num="24" count="9" type="cond" truecount="1" falsecount="1"/>
        <line num="25" count="0" type="stmt"/>
        <line num="30" count="9" type="stmt"/>
        <line num="39" count="9" type="stmt"/>
        <line num="40" count="0" type="cond" truecount="0" falsecount="3"/>
        <line num="45" count="9" type="stmt"/>
        <line num="46" count="9" type="stmt"/>
        <line num="49" count="9" type="cond" truecount="1" falsecount="1"/>
        <line num="50" count="0" type="stmt"/>
        <line num="73" count="9" type="stmt"/>
        <line num="74" count="9" type="stmt"/>
        <line num="77" count="9" type="stmt"/>
        <line num="78" count="9" type="cond" truecount="1" falsecount="1"/>
        <line num="80" count="9" type="stmt"/>
        <line num="81" count="9" type="stmt"/>
        <line num="82" count="0" type="cond" truecount="0" falsecount="2"/>
        <line num="84" count="0" type="stmt"/>
        <line num="87" count="9" type="stmt"/>
        <line num="89" count="9" type="stmt"/>
        <line num="95" count="36" type="stmt"/>
        <line num="137" count="9" type="stmt"/>
        <line num="138" count="9" type="stmt"/>
        <line num="141" count="9" type="cond" truecount="1" falsecount="1"/>
        <line num="142" count="0" type="stmt"/>
        <line num="162" count="0" type="stmt"/>
        <line num="181" count="0" type="stmt"/>
        <line num="198" count="0" type="stmt"/>
        <line num="218" count="0" type="stmt"/>
        <line num="238" count="9" type="stmt"/>
        <line num="239" count="0" type="stmt"/>
        <line num="240" count="0" type="stmt"/>
        <line num="260" count="9" type="stmt"/>
        <line num="264" count="9" type="stmt"/>
        <line num="265" count="9" type="stmt"/>
        <line num="267" count="9" type="cond" truecount="2" falsecount="0"/>
        <line num="268" count="36" type="stmt"/>
        <line num="287" count="9" type="stmt"/>
        <line num="291" count="9" type="stmt"/>
        <line num="293" count="9" type="stmt"/>
        <line num="294" count="36" type="stmt"/>
        <line num="295" count="216" type="cond" truecount="1" falsecount="1"/>
        <line num="296" count="0" type="stmt"/>
        <line num="297" count="0" type="stmt"/>
        <line num="309" count="9" type="stmt"/>
        <line num="313" count="9" type="cond" truecount="4" falsecount="1"/>
        <line num="314" count="0" type="stmt"/>
        <line num="318" count="4" type="stmt"/>
      </file>
      <file name="testPlanGenerator.js" path="C:\Users\kunal\Desktop\Projects\bobforge\backend\src\generators\testPlanGenerator.js">
        <metrics statements="30" coveredstatements="25" conditionals="32" coveredconditionals="22" methods="13" coveredmethods="11"/>
        <line num="12" count="9" type="stmt"/>
        <line num="13" count="9" type="stmt"/>
        <line num="14" count="9" type="stmt"/>
        <line num="15" count="9" type="stmt"/>
        <line num="17" count="9" type="stmt"/>
        <line num="24" count="9" type="cond" truecount="1" falsecount="1"/>
        <line num="25" count="0" type="stmt"/>
        <line num="30" count="9" type="stmt"/>
        <line num="40" count="9" type="stmt"/>
        <line num="41" count="9" type="stmt"/>
        <line num="42" count="9" type="stmt"/>
        <line num="45" count="9" type="stmt"/>
        <line num="46" count="189" type="cond" truecount="2" falsecount="0"/>
        <line num="47" count="180" type="stmt"/>
        <line num="82" count="9" type="stmt"/>
        <line num="83" count="72" type="stmt"/>
        <line num="117" count="9" type="stmt"/>
        <line num="118" count="0" type="stmt"/>
        <line num="144" count="9" type="stmt"/>
        <line num="145" count="18" type="cond" truecount="4" falsecount="0"/>
        <line num="146" count="9" type="stmt"/>
        <line num="173" count="189" type="cond" truecount="1" falsecount="1"/>
        <line num="174" count="0" type="stmt"/>
        <line num="207" count="9" type="stmt"/>
        <line num="228" count="252" type="stmt"/>
        <line num="234" count="0" type="stmt"/>
        <line num="241" count="9" type="stmt"/>
        <line num="300" count="9" type="cond" truecount="5" falsecount="1"/>
        <line num="301" count="0" type="stmt"/>
        <line num="305" count="4" type="stmt"/>
      </file>
    </package>
    <package name="src.routes">
      <metrics statements="21" coveredstatements="21" conditionals="0" coveredconditionals="0" methods="1" coveredmethods="1"/>
      <file name="artifact.routes.js" path="C:\Users\kunal\Desktop\Projects\bobforge\backend\src\routes\artifact.routes.js">
        <metrics statements="8" coveredstatements="8" conditionals="0" coveredconditionals="0" methods="0" coveredmethods="0"/>
        <line num="1" count="4" type="stmt"/>
        <line num="2" count="4" type="stmt"/>
        <line num="3" count="4" type="stmt"/>
        <line num="9" count="4" type="stmt"/>
        <line num="15" count="4" type="stmt"/>
        <line num="21" count="4" type="stmt"/>
        <line num="27" count="4" type="stmt"/>
        <line num="29" count="4" type="stmt"/>
      </file>
      <file name="blueprint.routes.js" path="C:\Users\kunal\Desktop\Projects\bobforge\backend\src\routes\blueprint.routes.js">
        <metrics statements="8" coveredstatements="8" conditionals="0" coveredconditionals="0" methods="0" coveredmethods="0"/>
        <line num="1" count="4" type="stmt"/>
        <line num="2" count="4" type="stmt"/>
        <line num="3" count="4" type="stmt"/>
        <line num="9" count="4" type="stmt"/>
        <line num="15" count="4" type="stmt"/>
        <line num="22" count="4" type="stmt"/>
        <line num="28" count="4" type="stmt"/>
        <line num="30" count="4" type="stmt"/>
      </file>
      <file name="health.routes.js" path="C:\Users\kunal\Desktop\Projects\bobforge\backend\src\routes\health.routes.js">
        <metrics statements="5" coveredstatements="5" conditionals="0" coveredconditionals="0" methods="1" coveredmethods="1"/>
        <line num="1" count="4" type="stmt"/>
        <line num="2" count="4" type="stmt"/>
        <line num="8" count="4" type="stmt"/>
        <line num="9" count="2" type="stmt"/>
        <line num="17" count="4" type="stmt"/>
      </file>
    </package>
    <package name="src.services">
      <metrics statements="174" coveredstatements="139" conditionals="112" coveredconditionals="84" methods="35" coveredmethods="28"/>
      <file name="artifact.service.js" path="C:\Users\kunal\Desktop\Projects\bobforge\backend\src\services\artifact.service.js">
        <metrics statements="19" coveredstatements="17" conditionals="19" coveredconditionals="17" methods="6" coveredmethods="6"/>
        <line num="1" count="4" type="stmt"/>
        <line num="2" count="4" type="stmt"/>
        <line num="3" count="4" type="stmt"/>
        <line num="20" count="9" type="stmt"/>
        <line num="22" count="9" type="cond" truecount="5" falsecount="1"/>
        <line num="23" count="0" type="stmt"/>
        <line num="26" count="9" type="cond" truecount="1" falsecount="1"/>
        <line num="27" count="0" type="stmt"/>
        <line num="30" count="9" type="stmt"/>
        <line num="43" count="9" type="stmt"/>
        <line num="44" count="9" type="stmt"/>
        <line num="53" count="3" type="stmt"/>
        <line num="55" count="3" type="cond" truecount="2" falsecount="0"/>
        <line num="56" count="12" type="stmt"/>
        <line num="59" count="1" type="stmt"/>
        <line num="68" count="3" type="stmt"/>
        <line num="69" count="21" type="cond" truecount="2" falsecount="0"/>
        <line num="78" count="2" type="stmt"/>
        <line num="81" count="4" type="stmt"/>
      </file>
      <file name="blueprint.service.js" path="C:\Users\kunal\Desktop\Projects\bobforge\backend\src\services\blueprint.service.js">
        <metrics statements="99" coveredstatements="86" conditionals="78" coveredconditionals="59" methods="13" coveredmethods="13"/>
        <line num="1" count="4" type="stmt"/>
        <line num="2" count="4" type="stmt"/>
        <line num="3" count="4" type="stmt"/>
        <line num="4" count="4" type="stmt"/>
        <line num="5" count="4" type="stmt"/>
        <line num="6" count="4" type="stmt"/>
        <line num="7" count="4" type="stmt"/>
        <line num="8" count="4" type="stmt"/>
        <line num="9" count="4" type="stmt"/>
        <line num="10" count="4" type="stmt"/>
        <line num="11" count="4" type="stmt"/>
        <line num="12" count="4" type="stmt"/>
        <line num="20" count="9" type="stmt"/>
        <line num="22" count="9" type="stmt"/>
        <line num="24" count="9" type="stmt"/>
        <line num="31" count="9" type="stmt"/>
        <line num="34" count="9" type="stmt"/>
        <line num="35" count="9" type="stmt"/>
        <line num="37" count="9" type="stmt"/>
        <line num="38" count="9" type="stmt"/>
        <line num="40" count="9" type="stmt"/>
        <line num="41" count="9" type="stmt"/>
        <line num="43" count="9" type="stmt"/>
        <line num="44" count="9" type="stmt"/>
        <line num="46" count="9" type="stmt"/>
        <line num="47" count="9" type="stmt"/>
        <line num="49" count="9" type="stmt"/>
        <line num="50" count="9" type="stmt"/>
        <line num="52" count="9" type="stmt"/>
        <line num="53" count="9" type="stmt"/>
        <line num="55" count="9" type="stmt"/>
        <line num="56" count="9" type="stmt"/>
        <line num="58" count="9" type="stmt"/>
        <line num="59" count="9" type="stmt"/>
        <line num="62" count="9" type="stmt"/>
        <line num="63" count="9" type="stmt"/>
        <line num="66" count="9" type="stmt"/>
        <line num="72" count="9" type="stmt"/>
        <line num="109" count="9" type="stmt"/>
        <line num="112" count="9" type="stmt"/>
        <line num="114" count="9" type="stmt"/>
        <line num="116" count="0" type="stmt"/>
        <line num="117" count="0" type="stmt"/>
        <line num="128" count="9" type="stmt"/>
        <line num="129" count="9" type="cond" truecount="1" falsecount="1"/>
        <line num="130" count="9" type="cond" truecount="2" falsecount="0"/>
        <line num="132" count="9" type="stmt"/>
        <line num="148" count="9" type="stmt"/>
        <line num="149" count="9" type="stmt"/>
        <line num="151" count="9" type="cond" truecount="3" falsecount="1"/>
        <line num="152" count="0" type="stmt"/>
        <line num="154" count="9" type="cond" truecount="3" falsecount="1"/>
        <line num="155" count="0" type="stmt"/>
        <line num="157" count="9" type="cond" truecount="1" falsecount="1"/>
        <line num="158" count="0" type="stmt"/>
        <line num="160" count="9" type="cond" truecount="3" falsecount="1"/>
        <line num="161" count="0" type="stmt"/>
        <line num="163" count="9" type="cond" truecount="3" falsecount="1"/>
        <line num="164" count="0" type="stmt"/>
        <line num="167" count="9" type="cond" truecount="1" falsecount="1"/>
        <line num="176" count="9" type="stmt"/>
        <line num="177" count="9" type="stmt"/>
        <line num="180" count="9" type="cond" truecount="5" falsecount="0"/>
        <line num="181" count="1" type="stmt"/>
        <line num="185" count="9" type="cond" truecount="1" falsecount="1"/>
        <line num="186" count="0" type="stmt"/>
        <line num="190" count="9" type="cond" truecount="5" falsecount="0"/>
        <line num="191" count="2" type="stmt"/>
        <line num="195" count="9" type="cond" truecount="3" falsecount="1"/>
        <line num="196" count="0" type="stmt"/>
        <line num="200" count="9" type="cond" truecount="3" falsecount="1"/>
        <line num="201" count="0" type="stmt"/>
        <line num="205" count="9" type="cond" truecount="4" falsecount="0"/>
        <line num="206" count="1" type="stmt"/>
        <line num="210" count="9" type="cond" truecount="3" falsecount="1"/>
        <line num="211" count="0" type="stmt"/>
        <line num="215" count="9" type="cond" truecount="4" falsecount="0"/>
        <line num="216" count="5" type="stmt"/>
        <line num="220" count="9" type="cond" truecount="3" falsecount="1"/>
        <line num="221" count="0" type="stmt"/>
        <line num="225" count="9" type="cond" truecount="2" falsecount="0"/>
        <line num="226" count="1" type="stmt"/>
        <line num="229" count="9" type="stmt"/>
        <line num="239" count="9" type="stmt"/>
        <line num="241" count="9" type="stmt"/>
        <line num="244" count="9" type="stmt"/>
        <line num="245" count="63" type="cond" truecount="2" falsecount="0"/>
        <line num="247" count="9" type="cond" truecount="1" falsecount="1"/>
        <line num="248" count="0" type="stmt"/>
        <line num="252" count="9" type="stmt"/>
        <line num="253" count="63" type="stmt"/>
        <line num="254" count="63" type="stmt"/>
        <line num="258" count="9" type="stmt"/>
        <line num="260" count="115" type="stmt"/>
        <line num="263" count="9" type="cond" truecount="1" falsecount="1"/>
        <line num="271" count="1" type="stmt"/>
        <line num="274" count="3" type="stmt"/>
        <line num="290" count="8" type="stmt"/>
        <line num="293" count="4" type="stmt"/>
      </file>
      <file name="storage.service.js" path="C:\Users\kunal\Desktop\Projects\bobforge\backend\src\services\storage.service.js">
        <metrics statements="56" coveredstatements="36" conditionals="15" coveredconditionals="8" methods="16" coveredmethods="9"/>
        <line num="1" count="4" type="stmt"/>
        <line num="2" count="4" type="stmt"/>
        <line num="4" count="4" type="stmt"/>
        <line num="5" count="4" type="stmt"/>
        <line num="6" count="4" type="stmt"/>
        <line num="12" count="35" type="stmt"/>
        <line num="14" count="35" type="stmt"/>
        <line num="17" count="35" type="stmt"/>
        <line num="18" count="35" type="stmt"/>
        <line num="20" count="0" type="stmt"/>
        <line num="24" count="35" type="stmt"/>
        <line num="25" count="35" type="stmt"/>
        <line num="27" count="0" type="stmt"/>
        <line num="30" count="0" type="stmt"/>
        <line num="31" count="0" type="stmt"/>
        <line num="40" count="18" type="stmt"/>
        <line num="41" count="18" type="stmt"/>
        <line num="42" count="18" type="stmt"/>
        <line num="51" count="8" type="stmt"/>
        <line num="52" count="23" type="cond" truecount="4" falsecount="0"/>
        <line num="61" count="9" type="stmt"/>
        <line num="62" count="9" type="stmt"/>
        <line num="63" count="9" type="stmt"/>
        <line num="64" count="9" type="stmt"/>
        <line num="74" count="0" type="stmt"/>
        <line num="75" count="0" type="stmt"/>
        <line num="77" count="0" type="cond" truecount="0" falsecount="2"/>
        <line num="78" count="0" type="stmt"/>
        <line num="81" count="0" type="stmt"/>
        <line num="87" count="0" type="stmt"/>
        <line num="88" count="0" type="stmt"/>
        <line num="97" count="0" type="stmt"/>
        <line num="98" count="0" type="stmt"/>
        <line num="100" count="0" type="cond" truecount="0" falsecount="2"/>
        <line num="101" count="0" type="stmt"/>
        <line num="104" count="0" type="stmt"/>
        <line num="105" count="0" type="stmt"/>
        <line num="114" count="17" type="stmt"/>
        <line num="115" count="17" type="stmt"/>
        <line num="116" count="17" type="stmt"/>
        <line num="118" count="17" type="cond" truecount="1" falsecount="1"/>
        <line num="119" count="0" type="stmt"/>
        <line num="122" count="17" type="stmt"/>
        <line num="131" count="0" type="stmt"/>
        <line num="132" count="0" type="cond" truecount="0" falsecount="2"/>
        <line num="141" count="9" type="stmt"/>
        <line num="142" count="9" type="stmt"/>
        <line num="143" count="9" type="stmt"/>
        <line num="144" count="9" type="stmt"/>
        <line num="153" count="2" type="stmt"/>
        <line num="154" count="16" type="stmt"/>
        <line num="156" count="2" type="cond" truecount="2" falsecount="0"/>
        <line num="157" count="1" type="stmt"/>
        <line num="160" count="1" type="stmt"/>
        <line num="161" count="1" type="stmt"/>
        <line num="164" count="4" type="stmt"/>
      </file>
    </package>
    <package name="src.utils">
      <metrics statements="19" coveredstatements="15" conditionals="16" coveredconditionals="14" methods="4" coveredmethods="3"/>
      <file name="slugify.js" path="C:\Users\kunal\Desktop\Projects\bobforge\backend\src\utils\slugify.js">
        <metrics statements="4" coveredstatements="3" conditionals="4" coveredconditionals="3" methods="1" coveredmethods="1"/>
        <line num="7" count="18" type="cond" truecount="3" falsecount="1"/>
        <line num="8" count="0" type="stmt"/>
        <line num="11" count="18" type="stmt"/>
        <line num="22" count="4" type="stmt"/>
      </file>
      <file name="validators.js" path="C:\Users\kunal\Desktop\Projects\bobforge\backend\src\utils\validators.js">
        <metrics statements="15" coveredstatements="12" conditionals="12" coveredconditionals="11" methods="3" coveredmethods="2"/>
        <line num="7" count="12" type="stmt"/>
        <line num="10" count="12" type="cond" truecount="2" falsecount="0"/>
        <line num="11" count="2" type="stmt"/>
        <line num="15" count="12" type="cond" truecount="2" falsecount="0"/>
        <line num="16" count="1" type="stmt"/>
        <line num="20" count="12" type="cond" truecount="4" falsecount="0"/>
        <line num="21" count="1" type="stmt"/>
        <line num="25" count="12" type="cond" truecount="3" falsecount="1"/>
        <line num="26" count="0" type="stmt"/>
        <line num="29" count="12" type="stmt"/>
        <line num="41" count="0" type="stmt"/>
        <line num="42" count="0" type="stmt"/>
        <line num="51" count="9" type="stmt"/>
        <line num="60" count="9" type="stmt"/>
        <line num="63" count="4" type="stmt"/>
      </file>
    </package>
  </project>
</coverage>
