<?xml version="1.0" encoding="UTF-8"?>
<coverage generated="1778955220580" clover="3.2.0">
  <project timestamp="1778955220580" name="All files">
    <metrics statements="1030" coveredstatements="788" conditionals="893" coveredconditionals="487" methods="273" coveredmethods="213" elements="2196" coveredelements="1488" complexity="0" loc="1030" ncloc="1030" packages="8" files="25" classes="25"/>
    <package name="src">
      <metrics statements="22" coveredstatements="21" conditionals="2" coveredconditionals="2" methods="2" coveredmethods="1"/>
      <file name="app.js" path="C:\Users\kunal\Desktop\Projects\bobforge\backend\src\app.js">
        <metrics statements="22" coveredstatements="21" conditionals="2" coveredconditionals="2" methods="2" coveredmethods="1"/>
        <line num="1" count="4" type="stmt"/>
        <line num="2" count="4" type="stmt"/>
        <line num="3" count="4" type="stmt"/>
        <line num="5" count="4" type="stmt"/>
        <line num="6" count="4" type="stmt"/>
        <line num="7" count="4" type="stmt"/>
        <line num="8" count="4" type="stmt"/>
        <line num="9" count="4" type="stmt"/>
        <line num="11" count="4" type="stmt"/>
        <line num="14" count="4" type="stmt"/>
        <line num="18" count="4" type="stmt"/>
        <line num="19" count="4" type="stmt"/>
        <line num="22" count="4" type="stmt"/>
        <line num="23" count="44" type="stmt"/>
        <line num="24" count="44" type="stmt"/>
        <line num="28" count="4" type="stmt"/>
        <line num="29" count="4" type="stmt"/>
        <line num="30" count="4" type="stmt"/>
        <line num="33" count="4" type="stmt"/>
        <line num="34" count="0" type="stmt"/>
        <line num="44" count="4" type="stmt"/>
        <line num="46" count="4" type="stmt"/>
      </file>
    </package>
    <package name="src.config">
      <metrics statements="7" coveredstatements="7" conditionals="0" coveredconditionals="0" methods="0" coveredmethods="0"/>
      <file name="constants.js" path="C:\Users\kunal\Desktop\Projects\bobforge\backend\src\config\constants.js">
        <metrics statements="7" coveredstatements="7" conditionals="0" coveredconditionals="0" methods="0" coveredmethods="0"/>
        <line num="5" count="4" type="stmt"/>
        <line num="7" count="4" type="stmt"/>
        <line num="14" count="4" type="stmt"/>
        <line num="23" count="4" type="stmt"/>
        <line num="35" count="4" type="stmt"/>
        <line num="43" count="4" type="stmt"/>
        <line num="51" count="4" type="stmt"/>
      </file>
    </package>
    <package name="src.controllers">
      <metrics statements="53" coveredstatements="53" conditionals="9" coveredconditionals="7" methods="8" coveredmethods="8"/>
      <file name="artifact.controller.js" path="C:\Users\kunal\Desktop\Projects\bobforge\backend\src\controllers\artifact.controller.js">
        <metrics statements="19" coveredstatements="19" conditionals="0" coveredconditionals="0" methods="4" coveredmethods="4"/>
        <line num="1" count="4" type="stmt"/>
        <line num="2" count="4" type="stmt"/>
        <line num="3" count="4" type="stmt"/>
        <line num="8" count="4" type="stmt"/>
        <line num="9" count="13" type="stmt"/>
        <line num="11" count="9" type="stmt"/>
        <line num="21" count="4" type="stmt"/>
        <line num="22" count="3" type="stmt"/>
        <line num="23" count="3" type="stmt"/>
        <line num="25" count="3" type="stmt"/>
        <line num="34" count="4" type="stmt"/>
        <line num="35" count="3" type="stmt"/>
        <line num="36" count="3" type="stmt"/>
        <line num="38" count="1" type="stmt"/>
        <line num="47" count="4" type="stmt"/>
        <line num="48" count="2" type="stmt"/>
        <line num="49" count="2" type="stmt"/>
        <line num="51" count="1" type="stmt"/>
        <line num="57" count="4" type="stmt"/>
      </file>
      <file name="blueprint.controller.js" path="C:\Users\kunal\Desktop\Projects\bobforge\backend\src\controllers\blueprint.controller.js">
        <metrics statements="34" coveredstatements="34" conditionals="9" coveredconditionals="7" methods="4" coveredmethods="4"/>
        <line num="1" count="4" type="stmt"/>
        <line num="2" count="4" type="stmt"/>
        <line num="3" count="4" type="stmt"/>
        <line num="4" count="4" type="stmt"/>
        <line num="5" count="4" type="stmt"/>
        <line num="10" count="4" type="stmt"/>
        <line num="11" count="12" type="stmt"/>
        <line num="14" count="12" type="stmt"/>
        <line num="15" count="12" type="cond" truecount="2" falsecount="0"/>
        <line num="16" count="2" type="stmt"/>
        <line num="27" count="10" type="stmt"/>
        <line num="29" count="10" type="stmt"/>
        <line num="39" count="4" type="stmt"/>
        <line num="40" count="1" type="stmt"/>
        <line num="42" count="1" type="stmt"/>
        <line num="51" count="4" type="stmt"/>
        <line num="52" count="2" type="stmt"/>
        <line num="53" count="2" type="stmt"/>
        <line num="55" count="2" type="cond" truecount="2" falsecount="0"/>
        <line num="56" count="1" type="stmt"/>
        <line num="65" count="1" type="stmt"/>
        <line num="74" count="4" type="stmt"/>
        <line num="75" count="6" type="stmt"/>
        <line num="76" count="6" type="stmt"/>
        <line num="78" count="6" type="cond" truecount="2" falsecount="0"/>
        <line num="79" count="1" type="stmt"/>
        <line num="89" count="5" type="stmt"/>
        <line num="92" count="5" type="stmt"/>
        <line num="95" count="5" type="cond" truecount="1" falsecount="2"/>
        <line num="96" count="5" type="stmt"/>
        <line num="97" count="5" type="stmt"/>
        <line num="100" count="5" type="stmt"/>
        <line num="103" count="5" type="stmt"/>
        <line num="106" count="4" type="stmt"/>
      </file>
    </package>
    <package name="src.exporters">
      <metrics statements="241" coveredstatements="216" conditionals="344" coveredconditionals="181" methods="53" coveredmethods="46"/>
      <file name="markdownExporter.js" path="C:\Users\kunal\Desktop\Projects\bobforge\backend\src\exporters\markdownExporter.js">
        <metrics statements="241" coveredstatements="216" conditionals="344" coveredconditionals="181" methods="53" coveredmethods="46"/>
        <line num="1" count="4" type="stmt"/>
        <line num="2" count="4" type="stmt"/>
        <line num="3" count="4" type="stmt"/>
        <line num="4" count="4" type="stmt"/>
        <line num="5" count="4" type="stmt"/>
        <line num="14" count="5" type="cond" truecount="3" falsecount="1"/>
        <line num="15" count="0" type="stmt"/>
        <line num="18" count="5" type="stmt"/>
        <line num="21" count="5" type="stmt"/>
        <line num="24" count="5" type="stmt"/>
        <line num="27" count="5" type="stmt"/>
        <line num="30" count="5" type="stmt"/>
        <line num="33" count="5" type="stmt"/>
        <line num="36" count="5" type="stmt"/>
        <line num="39" count="5" type="stmt"/>
        <line num="42" count="5" type="stmt"/>
        <line num="45" count="5" type="stmt"/>
        <line num="48" count="5" type="stmt"/>
        <line num="51" count="5" type="stmt"/>
        <line num="54" count="5" type="stmt"/>
        <line num="57" count="5" type="stmt"/>
        <line num="60" count="5" type="stmt"/>
        <line num="63" count="5" type="stmt"/>
        <line num="66" count="5" type="stmt"/>
        <line num="69" count="5" type="stmt"/>
        <line num="71" count="5" type="stmt"/>
        <line num="82" count="5" type="stmt"/>
        <line num="83" count="5" type="cond" truecount="2" falsecount="0"/>
        <line num="84" count="5" type="cond" truecount="1" falsecount="2"/>
        <line num="86" count="5" type="cond" truecount="1" falsecount="1"/>
        <line num="87" count="0" type="stmt"/>
        <line num="91" count="5" type="stmt"/>
        <line num="94" count="5" type="stmt"/>
        <line num="97" count="5" type="stmt"/>
        <line num="98" count="5" type="stmt"/>
        <line num="99" count="5" type="stmt"/>
        <line num="102" count="5" type="stmt"/>
        <line num="104" count="5" type="stmt"/>
        <line num="106" count="0" type="stmt"/>
        <line num="118" count="120" type="cond" truecount="4" falsecount="0"/>
        <line num="125" count="5" type="stmt"/>
        <line num="126" count="5" type="stmt"/>
        <line num="127" count="5" type="cond" truecount="1" falsecount="1"/>
        <line num="132" count="5" type="stmt"/>
        <line num="149" count="5" type="cond" truecount="1" falsecount="1"/>
        <line num="151" count="5" type="stmt"/>
        <line num="160" count="5" type="cond" truecount="1" falsecount="1"/>
        <line num="163" count="5" type="stmt"/>
        <line num="172" count="5" type="cond" truecount="1" falsecount="1"/>
        <line num="175" count="5" type="cond" truecount="3" falsecount="1"/>
        <line num="176" count="0" type="stmt"/>
        <line num="181" count="5" type="stmt"/>
        <line num="183" count="5" type="cond" truecount="1" falsecount="1"/>
        <line num="184" count="5" type="stmt"/>
        <line num="185" count="0" type="cond" truecount="0" falsecount="2"/>
        <line num="186" count="0" type="stmt"/>
        <line num="190" count="0" type="cond" truecount="0" falsecount="4"/>
        <line num="193" count="0" type="cond" truecount="0" falsecount="4"/>
        <line num="197" count="5" type="stmt"/>
        <line num="204" count="5" type="cond" truecount="1" falsecount="1"/>
        <line num="206" count="5" type="cond" truecount="3" falsecount="1"/>
        <line num="207" count="0" type="stmt"/>
        <line num="212" count="5" type="stmt"/>
        <line num="214" count="5" type="stmt"/>
        <line num="220" count="20" type="cond" truecount="2" falsecount="2"/>
        <line num="228" count="5" type="cond" truecount="1" falsecount="1"/>
        <line num="229" count="5" type="cond" truecount="1" falsecount="1"/>
        <line num="230" count="5" type="cond" truecount="1" falsecount="1"/>
        <line num="231" count="5" type="stmt"/>
        <line num="233" count="5" type="stmt"/>
        <line num="236" count="5" type="cond" truecount="3" falsecount="1"/>
        <line num="237" count="5" type="stmt"/>
        <line num="238" count="5" type="stmt"/>
        <line num="246" count="5" type="cond" truecount="3" falsecount="1"/>
        <line num="247" count="5" type="stmt"/>
        <line num="248" count="5" type="stmt"/>
        <line num="254" count="5" type="cond" truecount="3" falsecount="1"/>
        <line num="255" count="0" type="stmt"/>
        <line num="256" count="0" type="stmt"/>
        <line num="262" count="5" type="cond" truecount="3" falsecount="1"/>
        <line num="263" count="0" type="stmt"/>
        <line num="264" count="0" type="stmt"/>
        <line num="270" count="0" type="cond" truecount="0" falsecount="4"/>
        <line num="273" count="0" type="cond" truecount="0" falsecount="4"/>
        <line num="277" count="5" type="cond" truecount="2" falsecount="4"/>
        <line num="278" count="0" type="stmt"/>
        <line num="281" count="5" type="stmt"/>
        <line num="288" count="5" type="cond" truecount="1" falsecount="1"/>
        <line num="290" count="5" type="cond" truecount="1" falsecount="1"/>
        <line num="291" count="0" type="stmt"/>
        <line num="296" count="5" type="stmt"/>
        <line num="298" count="25" type="stmt"/>
        <line num="301" count="95" type="cond" truecount="1" falsecount="1"/>
        <line num="309" count="5" type="cond" truecount="1" falsecount="1"/>
        <line num="312" count="5" type="cond" truecount="1" falsecount="1"/>
        <line num="313" count="0" type="stmt"/>
        <line num="318" count="5" type="stmt"/>
        <line num="321" count="5" type="cond" truecount="3" falsecount="1"/>
        <line num="322" count="5" type="stmt"/>
        <line num="323" count="5" type="stmt"/>
        <line num="324" count="40" type="stmt"/>
        <line num="326" count="5" type="stmt"/>
        <line num="330" count="5" type="cond" truecount="3" falsecount="1"/>
        <line num="331" count="5" type="stmt"/>
        <line num="332" count="5" type="stmt"/>
        <line num="333" count="30" type="stmt"/>
        <line num="335" count="5" type="stmt"/>
        <line num="339" count="5" type="cond" truecount="3" falsecount="1"/>
        <line num="340" count="5" type="stmt"/>
        <line num="341" count="5" type="stmt"/>
        <line num="342" count="25" type="stmt"/>
        <line num="346" count="5" type="stmt"/>
        <line num="353" count="5" type="cond" truecount="1" falsecount="1"/>
        <line num="356" count="5" type="stmt"/>
        <line num="358" count="5" type="cond" truecount="1" falsecount="1"/>
        <line num="359" count="5" type="stmt"/>
        <line num="362" count="5" type="cond" truecount="1" falsecount="1"/>
        <line num="363" count="5" type="stmt"/>
        <line num="366" count="5" type="cond" truecount="3" falsecount="1"/>
        <line num="367" count="5" type="stmt"/>
        <line num="368" count="15" type="stmt"/>
        <line num="376" count="60" type="cond" truecount="1" falsecount="1"/>
        <line num="381" count="5" type="cond" truecount="1" falsecount="1"/>
        <line num="384" count="5" type="cond" truecount="1" falsecount="1"/>
        <line num="385" count="5" type="stmt"/>
        <line num="388" count="5" type="cond" truecount="2" falsecount="4"/>
        <line num="389" count="0" type="stmt"/>
        <line num="392" count="5" type="stmt"/>
        <line num="399" count="5" type="cond" truecount="1" falsecount="1"/>
        <line num="402" count="5" type="cond" truecount="4" falsecount="1"/>
        <line num="403" count="0" type="stmt"/>
        <line num="408" count="5" type="stmt"/>
        <line num="410" count="5" type="cond" truecount="2" falsecount="2"/>
        <line num="412" count="5" type="stmt"/>
        <line num="414" count="20" type="stmt"/>
        <line num="424" count="120" type="stmt"/>
        <line num="425" count="120" type="cond" truecount="2" falsecount="0"/>
        <line num="426" count="120" type="cond" truecount="1" falsecount="1"/>
        <line num="427" count="120" type="cond" truecount="2" falsecount="0"/>
        <line num="428" count="120" type="cond" truecount="2" falsecount="0"/>
        <line num="429" count="120" type="cond" truecount="1" falsecount="1"/>
        <line num="430" count="120" type="cond" truecount="4" falsecount="2"/>
        <line num="434" count="20" type="cond" truecount="2" falsecount="2"/>
        <line num="437" count="5" type="stmt"/>
        <line num="444" count="5" type="cond" truecount="1" falsecount="1"/>
        <line num="447" count="5" type="cond" truecount="3" falsecount="1"/>
        <line num="448" count="0" type="stmt"/>
        <line num="453" count="5" type="stmt"/>
        <line num="454" count="5" type="stmt"/>
        <line num="456" count="5" type="stmt"/>
        <line num="457" count="5" type="stmt"/>
        <line num="458" count="5" type="stmt"/>
        <line num="460" count="5" type="stmt"/>
        <line num="462" count="5" type="stmt"/>
        <line num="463" count="5" type="stmt"/>
        <line num="465" count="5" type="stmt"/>
        <line num="466" count="105" type="cond" truecount="1" falsecount="1"/>
        <line num="467" count="105" type="cond" truecount="1" falsecount="1"/>
        <line num="468" count="105" type="cond" truecount="1" falsecount="1"/>
        <line num="469" count="105" type="cond" truecount="1" falsecount="1"/>
        <line num="470" count="105" type="stmt"/>
        <line num="473" count="5" type="stmt"/>
        <line num="480" count="5" type="cond" truecount="1" falsecount="1"/>
        <line num="483" count="5" type="cond" truecount="3" falsecount="1"/>
        <line num="484" count="0" type="stmt"/>
        <line num="489" count="5" type="cond" truecount="1" falsecount="1"/>
        <line num="492" count="5" type="stmt"/>
        <line num="493" count="5" type="stmt"/>
        <line num="495" count="10" type="stmt"/>
        <line num="505" count="5" type="stmt"/>
        <line num="506" count="5" type="cond" truecount="3" falsecount="1"/>
        <line num="507" count="5" type="stmt"/>
        <line num="508" count="5" type="stmt"/>
        <line num="509" count="20" type="stmt"/>
        <line num="513" count="5" type="stmt"/>
        <line num="520" count="5" type="cond" truecount="1" falsecount="1"/>
        <line num="523" count="5" type="cond" truecount="1" falsecount="1"/>
        <line num="524" count="0" type="stmt"/>
        <line num="529" count="5" type="stmt"/>
        <line num="532" count="5" type="cond" truecount="1" falsecount="1"/>
        <line num="533" count="5" type="stmt"/>
        <line num="534" count="5" type="cond" truecount="1" falsecount="1"/>
        <line num="535" count="5" type="stmt"/>
        <line num="537" count="5" type="cond" truecount="3" falsecount="1"/>
        <line num="538" count="5" type="stmt"/>
        <line num="539" count="5" type="stmt"/>
        <line num="540" count="15" type="stmt"/>
        <line num="542" count="5" type="stmt"/>
        <line num="547" count="5" type="cond" truecount="1" falsecount="1"/>
        <line num="548" count="5" type="stmt"/>
        <line num="549" count="5" type="cond" truecount="1" falsecount="1"/>
        <line num="550" count="5" type="cond" truecount="1" falsecount="1"/>
        <line num="551" count="5" type="cond" truecount="1" falsecount="1"/>
        <line num="552" count="5" type="cond" truecount="1" falsecount="1"/>
        <line num="554" count="5" type="stmt"/>
        <line num="558" count="5" type="cond" truecount="1" falsecount="1"/>
        <line num="559" count="5" type="stmt"/>
        <line num="560" count="5" type="cond" truecount="1" falsecount="1"/>
        <line num="561" count="5" type="cond" truecount="2" falsecount="0"/>
        <line num="565" count="5" type="cond" truecount="1" falsecount="1"/>
        <line num="566" count="5" type="stmt"/>
        <line num="567" count="5" type="cond" truecount="1" falsecount="1"/>
        <line num="568" count="5" type="cond" truecount="1" falsecount="1"/>
        <line num="571" count="5" type="stmt"/>
        <line num="578" count="5" type="cond" truecount="1" falsecount="1"/>
        <line num="581" count="5" type="cond" truecount="1" falsecount="1"/>
        <line num="582" count="0" type="stmt"/>
        <line num="587" count="5" type="stmt"/>
        <line num="590" count="5" type="cond" truecount="1" falsecount="1"/>
        <line num="591" count="5" type="stmt"/>
        <line num="593" count="5" type="cond" truecount="1" falsecount="1"/>
        <line num="594" count="5" type="cond" truecount="1" falsecount="1"/>
        <line num="596" count="5" type="cond" truecount="1" falsecount="1"/>
        <line num="597" count="5" type="cond" truecount="1" falsecount="1"/>
        <line num="599" count="5" type="cond" truecount="1" falsecount="1"/>
        <line num="600" count="5" type="cond" truecount="1" falsecount="1"/>
        <line num="602" count="5" type="stmt"/>
        <line num="606" count="5" type="cond" truecount="3" falsecount="1"/>
        <line num="607" count="5" type="stmt"/>
        <line num="608" count="15" type="stmt"/>
        <line num="611" count="45" type="cond" truecount="1" falsecount="1"/>
        <line num="614" count="220" type="cond" truecount="1" falsecount="1"/>
        <line num="619" count="5" type="stmt"/>
        <line num="626" count="5" type="cond" truecount="1" falsecount="1"/>
        <line num="629" count="5" type="cond" truecount="3" falsecount="1"/>
        <line num="630" count="0" type="stmt"/>
        <line num="635" count="5" type="stmt"/>
        <line num="636" count="5" type="stmt"/>
        <line num="639" count="5" type="stmt"/>
        <line num="641" count="5" type="stmt"/>
        <line num="642" count="300" type="stmt"/>
        <line num="643" count="20" type="cond" truecount="2" falsecount="0"/>
        <line num="644" count="15" type="stmt"/>
        <line num="645" count="75" type="stmt"/>
        <line num="656" count="5" type="stmt"/>
        <line num="663" count="5" type="cond" truecount="1" falsecount="1"/>
        <line num="666" count="5" type="stmt"/>
        <line num="685" count="5" type="cond" truecount="1" falsecount="1"/>
        <line num="686" count="5" type="cond" truecount="1" falsecount="1"/>
        <line num="688" count="5" type="stmt"/>
        <line num="704" count="4" type="stmt"/>
      </file>
    </package>
    <package name="src.generators">
      <metrics statements="332" coveredstatements="252" conditionals="307" coveredconditionals="172" methods="137" coveredmethods="112"/>
      <file name="BaseGenerator.js" path="C:\Users\kunal\Desktop\Projects\bobforge\backend\src\generators\BaseGenerator.js">
        <metrics statements="28" coveredstatements="0" conditionals="29" coveredconditionals="0" methods="14" coveredmethods="0"/>
        <line num="9" count="0" type="stmt"/>
        <line num="19" count="0" type="stmt"/>
        <line num="21" count="0" type="stmt"/>
        <line num="24" count="0" type="stmt"/>
        <line num="27" count="0" type="stmt"/>
        <line num="30" count="0" type="stmt"/>
        <line num="33" count="0" type="stmt"/>
        <line num="35" count="0" type="stmt"/>
        <line num="46" count="0" type="cond" truecount="0" falsecount="4"/>
        <line num="47" count="0" type="stmt"/>
        <line num="58" count="0" type="stmt"/>
        <line num="71" count="0" type="stmt"/>
        <line num="81" count="0" type="cond" truecount="0" falsecount="4"/>
        <line num="82" count="0" type="stmt"/>
        <line num="94" count="0" type="stmt"/>
        <line num="106" count="0" type="stmt"/>
        <line num="116" count="0" type="cond" truecount="0" falsecount="2"/>
        <line num="118" count="0" type="cond" truecount="0" falsecount="2"/>
        <line num="119" count="0" type="stmt"/>
        <line num="120" count="0" type="cond" truecount="0" falsecount="4"/>
        <line num="123" count="0" type="stmt"/>
        <line num="124" count="0" type="stmt"/>
        <line num="136" count="0" type="stmt"/>
        <line num="137" count="0" type="cond" truecount="0" falsecount="2"/>
        <line num="149" count="0" type="cond" truecount="0" falsecount="4"/>
        <line num="150" count="0" type="stmt"/>
        <line num="152" count="0" type="stmt"/>
        <line num="156" count="0" type="stmt"/>
      </file>
      <file name="apiPlanGenerator.js" path="C:\Users\kunal\Desktop\Projects\bobforge\backend\src\generators\apiPlanGenerator.js">
        <metrics statements="22" coveredstatements="19" conditionals="19" coveredconditionals="13" methods="8" coveredmethods="8"/>
        <line num="12" count="10" type="stmt"/>
        <line num="13" count="10" type="stmt"/>
        <line num="14" count="10" type="stmt"/>
        <line num="15" count="10" type="stmt"/>
        <line num="17" count="10" type="stmt"/>
        <line num="24" count="10" type="cond" truecount="1" falsecount="1"/>
        <line num="25" count="0" type="stmt"/>
        <line num="30" count="10" type="stmt"/>
        <line num="38" count="40" type="stmt"/>
        <line num="39" count="10" type="stmt"/>
        <line num="42" count="10" type="cond" truecount="1" falsecount="1"/>
        <line num="43" count="0" type="stmt"/>
        <line num="98" count="10" type="stmt"/>
        <line num="99" count="40" type="cond" truecount="2" falsecount="0"/>
        <line num="101" count="40" type="stmt"/>
        <line num="102" count="40" type="cond" truecount="1" falsecount="1"/>
        <line num="104" count="40" type="stmt"/>
        <line num="190" count="10" type="stmt"/>
        <line num="200" count="10" type="stmt"/>
        <line num="276" count="10" type="cond" truecount="4" falsecount="1"/>
        <line num="277" count="0" type="stmt"/>
        <line num="281" count="4" type="stmt"/>
      </file>
      <file name="architectureGenerator.js" path="C:\Users\kunal\Desktop\Projects\bobforge\backend\src\generators\architectureGenerator.js">
        <metrics statements="20" coveredstatements="15" conditionals="28" coveredconditionals="13" methods="9" coveredmethods="6"/>
        <line num="12" count="10" type="stmt"/>
        <line num="13" count="10" type="stmt"/>
        <line num="14" count="10" type="stmt"/>
        <line num="15" count="10" type="stmt"/>
        <line num="17" count="10" type="stmt"/>
        <line num="24" count="10" type="cond" truecount="1" falsecount="1"/>
        <line num="25" count="0" type="stmt"/>
        <line num="30" count="10" type="stmt"/>
        <line num="39" count="10" type="stmt"/>
        <line num="40" count="0" type="cond" truecount="0" falsecount="3"/>
        <line num="45" count="10" type="stmt"/>
        <line num="46" count="0" type="cond" truecount="0" falsecount="2"/>
        <line num="50" count="10" type="stmt"/>
        <line num="51" count="0" type="cond" truecount="0" falsecount="2"/>
        <line num="55" count="10" type="stmt"/>
        <line num="57" count="10" type="stmt"/>
        <line num="180" count="10" type="cond" truecount="4" falsecount="1"/>
        <line num="181" count="0" type="stmt"/>
        <line num="186" count="10" type="stmt"/>
        <line num="261" count="4" type="stmt"/>
      </file>
      <file name="bobPromptGenerator.js" path="C:\Users\kunal\Desktop\Projects\bobforge\backend\src\generators\bobPromptGenerator.js">
        <metrics statements="36" coveredstatements="31" conditionals="61" coveredconditionals="37" methods="28" coveredmethods="25"/>
        <line num="12" count="10" type="stmt"/>
        <line num="13" count="10" type="stmt"/>
        <line num="14" count="10" type="stmt"/>
        <line num="15" count="10" type="stmt"/>
        <line num="17" count="10" type="stmt"/>
        <line num="24" count="10" type="cond" truecount="1" falsecount="1"/>
        <line num="25" count="0" type="stmt"/>
        <line num="30" count="10" type="stmt"/>
        <line num="44" count="10" type="stmt"/>
        <line num="57" count="0" type="cond" truecount="2" falsecount="0"/>
        <line num="61" count="0" type="cond" truecount="0" falsecount="2"/>
        <line num="64" count="50" type="cond" truecount="1" falsecount="1"/>
        <line num="94" count="40" type="stmt"/>
        <line num="99" count="240" type="cond" truecount="5" falsecount="1"/>
        <line num="102" count="40" type="cond" truecount="1" falsecount="1"/>
        <line num="106" count="0" type="stmt"/>
        <line num="120" count="210" type="stmt"/>
        <line num="130" count="410" type="stmt"/>
        <line num="138" count="20" type="stmt"/>
        <line num="146" count="60" type="stmt"/>
        <line num="150" count="80" type="stmt"/>
        <line num="180" count="10" type="stmt"/>
        <line num="182" count="10" type="stmt"/>
        <line num="197" count="20" type="stmt"/>
        <line num="200" count="50" type="stmt"/>
        <line num="203" count="30" type="stmt"/>
        <line num="205" count="90" type="stmt"/>
        <line num="207" count="440" type="stmt"/>
        <line num="216" count="80" type="cond" truecount="1" falsecount="1"/>
        <line num="233" count="30" type="stmt"/>
        <line num="236" count="30" type="stmt"/>
        <line num="314" count="10" type="stmt"/>
        <line num="322" count="10" type="stmt"/>
        <line num="353" count="10" type="cond" truecount="4" falsecount="1"/>
        <line num="354" count="0" type="stmt"/>
        <line num="358" count="4" type="stmt"/>
      </file>
      <file name="deploymentPlanGenerator.js" path="C:\Users\kunal\Desktop\Projects\bobforge\backend\src\generators\deploymentPlanGenerator.js">
        <metrics statements="12" coveredstatements="10" conditionals="9" coveredconditionals="6" methods="5" coveredmethods="5"/>
        <line num="12" count="10" type="stmt"/>
        <line num="13" count="10" type="stmt"/>
        <line num="14" count="10" type="stmt"/>
        <line num="15" count="10" type="stmt"/>
        <line num="17" count="10" type="stmt"/>
        <line num="24" count="10" type="cond" truecount="1" falsecount="1"/>
        <line num="25" count="0" type="stmt"/>
        <line num="30" count="10" type="stmt"/>
        <line num="38" count="10" type="stmt"/>
        <line num="357" count="10" type="cond" truecount="4" falsecount="1"/>
        <line num="358" count="0" type="stmt"/>
        <line num="362" count="4" type="stmt"/>
      </file>
      <file name="frontendPlanGenerator.js" path="C:\Users\kunal\Desktop\Projects\bobforge\backend\src\generators\frontendPlanGenerator.js">
        <metrics statements="26" coveredstatements="18" conditionals="15" coveredconditionals="11" methods="7" coveredmethods="6"/>
        <line num="12" count="10" type="stmt"/>
        <line num="13" count="10" type="stmt"/>
        <line num="14" count="10" type="stmt"/>
        <line num="15" count="10" type="stmt"/>
        <line num="17" count="10" type="stmt"/>
        <line num="24" count="10" type="cond" truecount="1" falsecount="1"/>
        <line num="25" count="0" type="stmt"/>
        <line num="30" count="10" type="stmt"/>
        <line num="39" count="10" type="stmt"/>
        <line num="40" count="10" type="stmt"/>
        <line num="43" count="10" type="cond" truecount="1" falsecount="1"/>
        <line num="44" count="0" type="stmt"/>
        <line num="72" count="0" type="stmt"/>
        <line num="97" count="10" type="stmt"/>
        <line num="108" count="10" type="stmt"/>
        <line num="119" count="10" type="stmt"/>
        <line num="120" count="0" type="stmt"/>
        <line num="121" count="0" type="stmt"/>
        <line num="123" count="0" type="stmt"/>
        <line num="153" count="0" type="stmt"/>
        <line num="178" count="10" type="stmt"/>
        <line num="229" count="10" type="stmt"/>
        <line num="237" count="20" type="stmt"/>
        <line num="314" count="10" type="cond" truecount="4" falsecount="1"/>
        <line num="315" count="0" type="stmt"/>
        <line num="319" count="4" type="stmt"/>
      </file>
      <file name="githubIssuesGenerator.js" path="C:\Users\kunal\Desktop\Projects\bobforge\backend\src\generators\githubIssuesGenerator.js">
        <metrics statements="61" coveredstatements="58" conditionals="39" coveredconditionals="29" methods="25" coveredmethods="25"/>
        <line num="12" count="10" type="stmt"/>
        <line num="13" count="10" type="stmt"/>
        <line num="14" count="10" type="stmt"/>
        <line num="15" count="10" type="stmt"/>
        <line num="17" count="10" type="stmt"/>
        <line num="24" count="10" type="cond" truecount="1" falsecount="1"/>
        <line num="25" count="0" type="stmt"/>
        <line num="30" count="10" type="stmt"/>
        <line num="41" count="10" type="stmt"/>
        <line num="42" count="10" type="stmt"/>
        <line num="45" count="10" type="stmt"/>
        <line num="71" count="10" type="stmt"/>
        <line num="77" count="40" type="stmt"/>
        <line num="99" count="10" type="cond" truecount="1" falsecount="1"/>
        <line num="100" count="0" type="stmt"/>
        <line num="129" count="10" type="stmt"/>
        <line num="130" count="10" type="stmt"/>
        <line num="131" count="50" type="cond" truecount="4" falsecount="0"/>
        <line num="132" count="40" type="stmt"/>
        <line num="138" count="200" type="stmt"/>
        <line num="161" count="10" type="stmt"/>
        <line num="162" count="10" type="stmt"/>
        <line num="163" count="20" type="cond" truecount="1" falsecount="1"/>
        <line num="164" count="20" type="stmt"/>
        <line num="170" count="20" type="stmt"/>
        <line num="196" count="10" type="stmt"/>
        <line num="234" count="10" type="stmt"/>
        <line num="267" count="10" type="stmt"/>
        <line num="301" count="10" type="stmt"/>
        <line num="334" count="10" type="stmt"/>
        <line num="370" count="10" type="stmt"/>
        <line num="403" count="10" type="stmt"/>
        <line num="438" count="10" type="stmt"/>
        <line num="442" count="150" type="stmt"/>
        <line num="443" count="150" type="stmt"/>
        <line num="444" count="150" type="stmt"/>
        <line num="445" count="150" type="stmt"/>
        <line num="446" count="150" type="stmt"/>
        <line num="448" count="150" type="stmt"/>
        <line num="449" count="150" type="stmt"/>
        <line num="454" count="10" type="stmt"/>
        <line num="456" count="10" type="stmt"/>
        <line num="457" count="750" type="stmt"/>
        <line num="458" count="210" type="cond" truecount="1" falsecount="1"/>
        <line num="460" count="210" type="cond" truecount="2" falsecount="0"/>
        <line num="461" count="50" type="stmt"/>
        <line num="463" count="210" type="stmt"/>
        <line num="466" count="10" type="stmt"/>
        <line num="470" count="10" type="stmt"/>
        <line num="472" count="10" type="stmt"/>
        <line num="473" count="40" type="cond" truecount="2" falsecount="0"/>
        <line num="474" count="20" type="cond" truecount="2" falsecount="0"/>
        <line num="476" count="20" type="cond" truecount="1" falsecount="1"/>
        <line num="477" count="20" type="stmt"/>
        <line num="479" count="20" type="stmt"/>
        <line num="482" count="10" type="stmt"/>
        <line num="486" count="120" type="stmt"/>
        <line num="488" count="120" type="stmt"/>
        <line num="493" count="10" type="cond" truecount="4" falsecount="1"/>
        <line num="494" count="0" type="stmt"/>
        <line num="498" count="4" type="stmt"/>
      </file>
      <file name="prdGenerator.js" path="C:\Users\kunal\Desktop\Projects\bobforge\backend\src\generators\prdGenerator.js">
        <metrics statements="45" coveredstatements="39" conditionals="37" coveredconditionals="24" methods="14" coveredmethods="14"/>
        <line num="1" count="4" type="stmt"/>
        <line num="15" count="10" type="stmt"/>
        <line num="16" count="10" type="stmt"/>
        <line num="17" count="10" type="stmt"/>
        <line num="18" count="10" type="stmt"/>
        <line num="20" count="10" type="stmt"/>
        <line num="27" count="10" type="cond" truecount="3" falsecount="1"/>
        <line num="28" count="0" type="stmt"/>
        <line num="33" count="10" type="stmt"/>
        <line num="43" count="10" type="stmt"/>
        <line num="46" count="10" type="stmt"/>
        <line num="48" count="10" type="stmt"/>
        <line num="52" count="10" type="stmt"/>
        <line num="58" count="15" type="stmt"/>
        <line num="105" count="15" type="stmt"/>
        <line num="158" count="10" type="stmt"/>
        <line num="159" count="10" type="stmt"/>
        <line num="160" count="10" type="stmt"/>
        <line num="161" count="10" type="stmt"/>
        <line num="164" count="10" type="cond" truecount="1" falsecount="1"/>
        <line num="165" count="0" type="stmt"/>
        <line num="173" count="10" type="cond" truecount="4" falsecount="1"/>
        <line num="174" count="0" type="stmt"/>
        <line num="182" count="10" type="cond" truecount="1" falsecount="1"/>
        <line num="183" count="0" type="stmt"/>
        <line num="191" count="10" type="cond" truecount="1" falsecount="1"/>
        <line num="192" count="0" type="stmt"/>
        <line num="200" count="10" type="cond" truecount="1" falsecount="1"/>
        <line num="201" count="10" type="stmt"/>
        <line num="208" count="10" type="stmt"/>
        <line num="212" count="10" type="stmt"/>
        <line num="213" count="10" type="stmt"/>
        <line num="215" count="10" type="stmt"/>
        <line num="216" count="15" type="stmt"/>
        <line num="223" count="15" type="cond" truecount="2" falsecount="0"/>
        <line num="224" count="13" type="stmt"/>
        <line num="226" count="2" type="stmt"/>
        <line num="230" count="10" type="stmt"/>
        <line num="234" count="10" type="stmt"/>
        <line num="235" count="10" type="stmt"/>
        <line num="239" count="10" type="stmt"/>
        <line num="249" count="10" type="stmt"/>
        <line num="259" count="10" type="cond" truecount="5" falsecount="1"/>
        <line num="260" count="0" type="stmt"/>
        <line num="264" count="4" type="stmt"/>
      </file>
      <file name="schemaGenerator.js" path="C:\Users\kunal\Desktop\Projects\bobforge\backend\src\generators\schemaGenerator.js">
        <metrics statements="52" coveredstatements="37" conditionals="38" coveredconditionals="17" methods="14" coveredmethods="12"/>
        <line num="12" count="10" type="stmt"/>
        <line num="13" count="10" type="stmt"/>
        <line num="14" count="10" type="stmt"/>
        <line num="15" count="10" type="stmt"/>
        <line num="17" count="10" type="stmt"/>
        <line num="24" count="10" type="cond" truecount="1" falsecount="1"/>
        <line num="25" count="0" type="stmt"/>
        <line num="30" count="10" type="stmt"/>
        <line num="39" count="10" type="stmt"/>
        <line num="40" count="0" type="cond" truecount="0" falsecount="3"/>
        <line num="45" count="10" type="stmt"/>
        <line num="46" count="10" type="stmt"/>
        <line num="49" count="10" type="cond" truecount="1" falsecount="1"/>
        <line num="50" count="0" type="stmt"/>
        <line num="73" count="10" type="stmt"/>
        <line num="74" count="10" type="stmt"/>
        <line num="77" count="10" type="stmt"/>
        <line num="78" count="10" type="cond" truecount="1" falsecount="1"/>
        <line num="80" count="10" type="stmt"/>
        <line num="81" count="10" type="stmt"/>
        <line num="82" count="0" type="cond" truecount="0" falsecount="2"/>
        <line num="84" count="0" type="stmt"/>
        <line num="87" count="10" type="stmt"/>
        <line num="89" count="10" type="stmt"/>
        <line num="95" count="40" type="stmt"/>
        <line num="137" count="10" type="stmt"/>
        <line num="138" count="10" type="stmt"/>
        <line num="141" count="10" type="cond" truecount="1" falsecount="1"/>
        <line num="142" count="0" type="stmt"/>
        <line num="162" count="0" type="stmt"/>
        <line num="181" count="0" type="stmt"/>
        <line num="198" count="0" type="stmt"/>
        <line num="218" count="0" type="stmt"/>
        <line num="238" count="10" type="stmt"/>
        <line num="239" count="0" type="stmt"/>
        <line num="240" count="0" type="stmt"/>
        <line num="260" count="10" type="stmt"/>
        <line num="264" count="10" type="stmt"/>
        <line num="265" count="10" type="stmt"/>
        <line num="267" count="10" type="cond" truecount="2" falsecount="0"/>
        <line num="268" count="40" type="stmt"/>
        <line num="287" count="10" type="stmt"/>
        <line num="291" count="10" type="stmt"/>
        <line num="293" count="10" type="stmt"/>
        <line num="294" count="40" type="stmt"/>
        <line num="295" count="240" type="cond" truecount="1" falsecount="1"/>
        <line num="296" count="0" type="stmt"/>
        <line num="297" count="0" type="stmt"/>
        <line num="309" count="10" type="stmt"/>
        <line num="313" count="10" type="cond" truecount="4" falsecount="1"/>
        <line num="314" count="0" type="stmt"/>
        <line num="318" count="4" type="stmt"/>
      </file>
      <file name="testPlanGenerator.js" path="C:\Users\kunal\Desktop\Projects\bobforge\backend\src\generators\testPlanGenerator.js">
        <metrics statements="30" coveredstatements="25" conditionals="32" coveredconditionals="22" methods="13" coveredmethods="11"/>
        <line num="12" count="10" type="stmt"/>
        <line num="13" count="10" type="stmt"/>
        <line num="14" count="10" type="stmt"/>
        <line num="15" count="10" type="stmt"/>
        <line num="17" count="10" type="stmt"/>
        <line num="24" count="10" type="cond" truecount="1" falsecount="1"/>
        <line num="25" count="0" type="stmt"/>
        <line num="30" count="10" type="stmt"/>
        <line num="40" count="10" type="stmt"/>
        <line num="41" count="10" type="stmt"/>
        <line num="42" count="10" type="stmt"/>
        <line num="45" count="10" type="stmt"/>
        <line num="46" count="210" type="cond" truecount="2" falsecount="0"/>
        <line num="47" count="200" type="stmt"/>
        <line num="82" count="10" type="stmt"/>
        <line num="83" count="80" type="stmt"/>
        <line num="117" count="10" type="stmt"/>
        <line num="118" count="0" type="stmt"/>
        <line num="144" count="10" type="stmt"/>
        <line num="145" count="20" type="cond" truecount="4" falsecount="0"/>
        <line num="146" count="10" type="stmt"/>
        <line num="173" count="210" type="cond" truecount="1" falsecount="1"/>
        <line num="174" count="0" type="stmt"/>
        <line num="207" count="10" type="stmt"/>
        <line num="228" count="280" type="stmt"/>
        <line num="234" count="0" type="stmt"/>
        <line num="241" count="10" type="stmt"/>
        <line num="300" count="10" type="cond" truecount="5" falsecount="1"/>
        <line num="301" count="0" type="stmt"/>
        <line num="305" count="4" type="stmt"/>
      </file>
    </package>
    <package name="src.routes">
      <metrics statements="21" coveredstatements="21" conditionals="0" coveredconditionals="0" methods="1" coveredmethods="1"/>
      <file name="artifact.routes.js" path="C:\Users\kunal\Desktop\Projects\bobforge\backend\src\routes\artifact.routes.js">
        <metrics statements="8" coveredstatements="8" conditionals="0" coveredconditionals="0" methods="0" coveredmethods="0"/>
        <line num="1" count="4" type="stmt"/>
        <line num="2" count="4" type="stmt"/>
        <line num="3" count="4" type="stmt"/>
        <line num="9" count="4" type="stmt"/>
        <line num="15" count="4" type="stmt"/>
        <line num="21" count="4" type="stmt"/>
        <line num="27" count="4" type="stmt"/>
        <line num="29" count="4" type="stmt"/>
      </file>
      <file name="blueprint.routes.js" path="C:\Users\kunal\Desktop\Projects\bobforge\backend\src\routes\blueprint.routes.js">
        <metrics statements="8" coveredstatements="8" conditionals="0" coveredconditionals="0" methods="0" coveredmethods="0"/>
        <line num="1" count="4" type="stmt"/>
        <line num="2" count="4" type="stmt"/>
        <line num="3" count="4" type="stmt"/>
        <line num="9" count="4" type="stmt"/>
        <line num="15" count="4" type="stmt"/>
        <line num="22" count="4" type="stmt"/>
        <line num="28" count="4" type="stmt"/>
        <line num="30" count="4" type="stmt"/>
      </file>
      <file name="health.routes.js" path="C:\Users\kunal\Desktop\Projects\bobforge\backend\src\routes\health.routes.js">
        <metrics statements="5" coveredstatements="5" conditionals="0" coveredconditionals="0" methods="1" coveredmethods="1"/>
        <line num="1" count="4" type="stmt"/>
        <line num="2" count="4" type="stmt"/>
        <line num="8" count="4" type="stmt"/>
        <line num="9" count="2" type="stmt"/>
        <line num="17" count="4" type="stmt"/>
      </file>
    </package>
    <package name="src.services">
      <metrics statements="230" coveredstatements="180" conditionals="133" coveredconditionals="95" methods="39" coveredmethods="34"/>
      <file name="artifact.service.js" path="C:\Users\kunal\Desktop\Projects\bobforge\backend\src\services\artifact.service.js">
        <metrics statements="23" coveredstatements="23" conditionals="11" coveredconditionals="11" methods="5" coveredmethods="5"/>
        <line num="1" count="4" type="stmt"/>
        <line num="2" count="4" type="stmt"/>
        <line num="3" count="4" type="stmt"/>
        <line num="4" count="4" type="stmt"/>
        <line num="14" count="13" type="stmt"/>
        <line num="15" count="13" type="cond" truecount="2" falsecount="0"/>
        <line num="16" count="4" type="stmt"/>
        <line num="19" count="9" type="stmt"/>
        <line num="26" count="9" type="stmt"/>
        <line num="27" count="9" type="stmt"/>
        <line num="36" count="3" type="stmt"/>
        <line num="38" count="3" type="cond" truecount="2" falsecount="0"/>
        <line num="39" count="12" type="stmt"/>
        <line num="42" count="1" type="stmt"/>
        <line num="52" count="3" type="stmt"/>
        <line num="54" count="3" type="cond" truecount="2" falsecount="0"/>
        <line num="55" count="2" type="stmt"/>
        <line num="58" count="1" type="stmt"/>
        <line num="68" count="2" type="stmt"/>
        <line num="70" count="2" type="cond" truecount="2" falsecount="0"/>
        <line num="71" count="1" type="stmt"/>
        <line num="74" count="1" type="stmt"/>
        <line num="77" count="4" type="stmt"/>
      </file>
      <file name="blueprint.service.js" path="C:\Users\kunal\Desktop\Projects\bobforge\backend\src\services\blueprint.service.js">
        <metrics statements="110" coveredstatements="93" conditionals="89" coveredconditionals="67" methods="14" coveredmethods="14"/>
        <line num="1" count="4" type="stmt"/>
        <line num="2" count="4" type="stmt"/>
        <line num="3" count="4" type="stmt"/>
        <line num="4" count="4" type="stmt"/>
        <line num="5" count="4" type="stmt"/>
        <line num="6" count="4" type="stmt"/>
        <line num="7" count="4" type="stmt"/>
        <line num="8" count="4" type="stmt"/>
        <line num="9" count="4" type="stmt"/>
        <line num="10" count="4" type="stmt"/>
        <line num="11" count="4" type="stmt"/>
        <line num="12" count="4" type="stmt"/>
        <line num="13" count="4" type="stmt"/>
        <line num="24" count="90" type="stmt"/>
        <line num="25" count="90" type="cond" truecount="3" falsecount="1"/>
        <line num="26" count="0" type="stmt"/>
        <line num="29" count="90" type="stmt"/>
        <line num="31" count="90" type="cond" truecount="1" falsecount="1"/>
        <line num="32" count="0" type="stmt"/>
        <line num="35" count="90" type="stmt"/>
        <line num="37" count="0" type="stmt"/>
        <line num="49" count="10" type="cond" truecount="4" falsecount="1"/>
        <line num="50" count="0" type="stmt"/>
        <line num="53" count="10" type="stmt"/>
        <line num="55" count="10" type="stmt"/>
        <line num="57" count="10" type="stmt"/>
        <line num="64" count="10" type="stmt"/>
        <line num="67" count="10" type="stmt"/>
        <line num="68" count="10" type="stmt"/>
        <line num="70" count="10" type="stmt"/>
        <line num="71" count="10" type="stmt"/>
        <line num="73" count="10" type="stmt"/>
        <line num="74" count="10" type="stmt"/>
        <line num="76" count="10" type="stmt"/>
        <line num="77" count="10" type="stmt"/>
        <line num="79" count="10" type="stmt"/>
        <line num="80" count="10" type="stmt"/>
        <line num="82" count="10" type="stmt"/>
        <line num="83" count="10" type="stmt"/>
        <line num="85" count="10" type="stmt"/>
        <line num="86" count="10" type="stmt"/>
        <line num="88" count="10" type="stmt"/>
        <line num="89" count="10" type="stmt"/>
        <line num="91" count="10" type="stmt"/>
        <line num="92" count="10" type="stmt"/>
        <line num="95" count="10" type="stmt"/>
        <line num="96" count="10" type="stmt"/>
        <line num="99" count="10" type="stmt"/>
        <line num="105" count="10" type="stmt"/>
        <line num="142" count="10" type="stmt"/>
        <line num="145" count="10" type="stmt"/>
        <line num="147" count="10" type="stmt"/>
        <line num="149" count="0" type="stmt"/>
        <line num="150" count="0" type="stmt"/>
        <line num="161" count="10" type="stmt"/>
        <line num="162" count="10" type="cond" truecount="1" falsecount="1"/>
        <line num="163" count="10" type="cond" truecount="2" falsecount="0"/>
        <line num="165" count="10" type="stmt"/>
        <line num="181" count="10" type="stmt"/>
        <line num="182" count="10" type="stmt"/>
        <line num="184" count="10" type="cond" truecount="3" falsecount="1"/>
        <line num="185" count="0" type="stmt"/>
        <line num="187" count="10" type="cond" truecount="3" falsecount="1"/>
        <line num="188" count="0" type="stmt"/>
        <line num="190" count="10" type="cond" truecount="1" falsecount="1"/>
        <line num="191" count="0" type="stmt"/>
        <line num="193" count="10" type="cond" truecount="3" falsecount="1"/>
        <line num="194" count="0" type="stmt"/>
        <line num="196" count="10" type="cond" truecount="3" falsecount="1"/>
        <line num="197" count="0" type="stmt"/>
        <line num="200" count="10" type="cond" truecount="1" falsecount="1"/>
        <line num="209" count="10" type="stmt"/>
        <line num="210" count="10" type="stmt"/>
        <line num="213" count="10" type="cond" truecount="5" falsecount="0"/>
        <line num="214" count="1" type="stmt"/>
        <line num="218" count="10" type="cond" truecount="1" falsecount="1"/>
        <line num="219" count="0" type="stmt"/>
        <line num="223" count="10" type="cond" truecount="5" falsecount="0"/>
        <line num="224" count="2" type="stmt"/>
        <line num="228" count="10" type="cond" truecount="3" falsecount="1"/>
        <line num="229" count="0" type="stmt"/>
        <line num="233" count="10" type="cond" truecount="3" falsecount="1"/>
        <line num="234" count="0" type="stmt"/>
        <line num="238" count="10" type="cond" truecount="4" falsecount="0"/>
        <line num="239" count="1" type="stmt"/>
        <line num="243" count="10" type="cond" truecount="3" falsecount="1"/>
        <line num="244" count="0" type="stmt"/>
        <line num="248" count="10" type="cond" truecount="4" falsecount="0"/>
        <line num="249" count="5" type="stmt"/>
        <line num="253" count="10" type="cond" truecount="3" falsecount="1"/>
        <line num="254" count="0" type="stmt"/>
        <line num="258" count="10" type="cond" truecount="2" falsecount="0"/>
        <line num="259" count="2" type="stmt"/>
        <line num="262" count="10" type="stmt"/>
        <line num="272" count="10" type="stmt"/>
        <line num="274" count="10" type="stmt"/>
        <line num="277" count="10" type="stmt"/>
        <line num="278" count="70" type="cond" truecount="2" falsecount="0"/>
        <line num="280" count="10" type="cond" truecount="1" falsecount="1"/>
        <line num="281" count="0" type="stmt"/>
        <line num="285" count="10" type="stmt"/>
        <line num="286" count="70" type="stmt"/>
        <line num="287" count="70" type="stmt"/>
        <line num="291" count="10" type="stmt"/>
        <line num="293" count="117" type="stmt"/>
        <line num="296" count="10" type="cond" truecount="1" falsecount="1"/>
        <line num="304" count="1" type="stmt"/>
        <line num="307" count="4" type="stmt"/>
        <line num="323" count="8" type="stmt"/>
        <line num="326" count="4" type="stmt"/>
      </file>
      <file name="storage.service.js" path="C:\Users\kunal\Desktop\Projects\bobforge\backend\src\services\storage.service.js">
        <metrics statements="97" coveredstatements="64" conditionals="33" coveredconditionals="17" methods="20" coveredmethods="15"/>
        <line num="1" count="4" type="stmt"/>
        <line num="2" count="4" type="stmt"/>
        <line num="3" count="4" type="stmt"/>
        <line num="4" count="4" type="stmt"/>
        <line num="18" count="56" type="cond" truecount="3" falsecount="1"/>
        <line num="19" count="0" type="stmt"/>
        <line num="23" count="56" type="stmt"/>
        <line num="24" count="56" type="stmt"/>
        <line num="27" count="56" type="cond" truecount="1" falsecount="1"/>
        <line num="28" count="0" type="stmt"/>
        <line num="31" count="56" type="stmt"/>
        <line num="40" count="56" type="stmt"/>
        <line num="41" count="56" type="stmt"/>
        <line num="43" count="0" type="stmt"/>
        <line num="51" count="36" type="stmt"/>
        <line num="53" count="36" type="stmt"/>
        <line num="56" count="36" type="stmt"/>
        <line num="57" count="36" type="stmt"/>
        <line num="59" count="0" type="stmt"/>
        <line num="63" count="36" type="stmt"/>
        <line num="64" count="36" type="stmt"/>
        <line num="66" count="0" type="stmt"/>
        <line num="69" count="0" type="stmt"/>
        <line num="80" count="36" type="stmt"/>
        <line num="82" count="36" type="stmt"/>
        <line num="83" count="36" type="stmt"/>
        <line num="84" count="36" type="stmt"/>
        <line num="86" count="0" type="cond" truecount="0" falsecount="2"/>
        <line num="88" count="0" type="stmt"/>
        <line num="90" count="0" type="cond" truecount="0" falsecount="2"/>
        <line num="91" count="0" type="stmt"/>
        <line num="93" count="0" type="stmt"/>
        <line num="105" count="20" type="stmt"/>
        <line num="106" count="20" type="stmt"/>
        <line num="107" count="20" type="stmt"/>
        <line num="109" count="20" type="stmt"/>
        <line num="111" count="20" type="stmt"/>
        <line num="112" count="20" type="stmt"/>
        <line num="115" count="20" type="cond" truecount="3" falsecount="1"/>
        <line num="116" count="0" type="stmt"/>
        <line num="119" count="20" type="stmt"/>
        <line num="122" count="20" type="stmt"/>
        <line num="125" count="20" type="stmt"/>
        <line num="126" count="20" type="stmt"/>
        <line num="127" count="20" type="stmt"/>
        <line num="133" count="20" type="stmt"/>
        <line num="136" count="20" type="stmt"/>
        <line num="137" count="20" type="stmt"/>
        <line num="140" count="20" type="stmt"/>
        <line num="143" count="20" type="stmt"/>
        <line num="144" count="20" type="stmt"/>
        <line num="150" count="0" type="stmt"/>
        <line num="151" count="0" type="stmt"/>
        <line num="157" count="0" type="stmt"/>
        <line num="158" count="0" type="stmt"/>
        <line num="159" count="0" type="stmt"/>
        <line num="160" count="0" type="stmt"/>
        <line num="165" count="0" type="stmt"/>
        <line num="174" count="19" type="stmt"/>
        <line num="175" count="19" type="stmt"/>
        <line num="184" count="8" type="stmt"/>
        <line num="185" count="25" type="cond" truecount="4" falsecount="0"/>
        <line num="194" count="10" type="stmt"/>
        <line num="195" count="10" type="stmt"/>
        <line num="196" count="10" type="stmt"/>
        <line num="197" count="10" type="stmt"/>
        <line num="207" count="0" type="stmt"/>
        <line num="208" count="0" type="cond" truecount="0" falsecount="2"/>
        <line num="210" count="0" type="cond" truecount="0" falsecount="2"/>
        <line num="211" count="0" type="stmt"/>
        <line num="214" count="0" type="stmt"/>
        <line num="220" count="0" type="stmt"/>
        <line num="221" count="0" type="stmt"/>
        <line num="230" count="0" type="stmt"/>
        <line num="231" count="0" type="cond" truecount="0" falsecount="2"/>
        <line num="233" count="0" type="cond" truecount="0" falsecount="2"/>
        <line num="234" count="0" type="stmt"/>
        <line num="237" count="0" type="stmt"/>
        <line num="238" count="0" type="stmt"/>
        <line num="247" count="17" type="stmt"/>
        <line num="248" count="17" type="stmt"/>
        <line num="250" count="17" type="cond" truecount="1" falsecount="1"/>
        <line num="251" count="0" type="stmt"/>
        <line num="254" count="17" type="stmt"/>
        <line num="263" count="3" type="stmt"/>
        <line num="264" count="21" type="cond" truecount="2" falsecount="0"/>
        <line num="273" count="9" type="stmt"/>
        <line num="274" count="9" type="stmt"/>
        <line num="275" count="9" type="stmt"/>
        <line num="276" count="9" type="stmt"/>
        <line num="285" count="2" type="stmt"/>
        <line num="286" count="16" type="stmt"/>
        <line num="288" count="2" type="cond" truecount="2" falsecount="0"/>
        <line num="289" count="1" type="stmt"/>
        <line num="292" count="1" type="stmt"/>
        <line num="293" count="1" type="stmt"/>
        <line num="296" count="4" type="stmt"/>
      </file>
    </package>
    <package name="src.utils">
      <metrics statements="124" coveredstatements="38" conditionals="98" coveredconditionals="30" methods="33" coveredmethods="11"/>
      <file name="errors.js" path="C:\Users\kunal\Desktop\Projects\bobforge\backend\src\utils\errors.js">
        <metrics statements="19" coveredstatements="16" conditionals="17" coveredconditionals="9" methods="8" coveredmethods="6"/>
        <line num="7" count="7" type="stmt"/>
        <line num="8" count="7" type="stmt"/>
        <line num="9" count="7" type="stmt"/>
        <line num="10" count="7" type="stmt"/>
        <line num="11" count="7" type="stmt"/>
        <line num="17" count="4" type="stmt"/>
        <line num="23" count="3" type="stmt"/>
        <line num="29" count="0" type="stmt"/>
        <line num="35" count="0" type="stmt"/>
        <line num="44" count="4" type="stmt"/>
        <line num="45" count="32" type="stmt"/>
        <line num="46" count="42" type="stmt"/>
        <line num="57" count="4" type="stmt"/>
        <line num="59" count="7" type="cond" truecount="1" falsecount="1"/>
        <line num="60" count="7" type="cond" truecount="1" falsecount="1"/>
        <line num="63" count="7" type="cond" truecount="3" falsecount="1"/>
        <line num="64" count="0" type="stmt"/>
        <line num="73" count="7" type="stmt"/>
        <line num="83" count="4" type="stmt"/>
      </file>
      <file name="feature-detector.js" path="C:\Users\kunal\Desktop\Projects\bobforge\backend\src\utils\feature-detector.js">
        <metrics statements="52" coveredstatements="0" conditionals="24" coveredconditionals="0" methods="15" coveredmethods="0"/>
        <line num="13" count="0" type="stmt"/>
        <line num="14" count="0" type="stmt"/>
        <line num="15" count="0" type="stmt"/>
        <line num="24" count="0" type="stmt"/>
        <line num="25" count="0" type="stmt"/>
        <line num="26" count="0" type="stmt"/>
        <line num="35" count="0" type="stmt"/>
        <line num="36" count="0" type="stmt"/>
        <line num="37" count="0" type="stmt"/>
        <line num="46" count="0" type="stmt"/>
        <line num="47" count="0" type="stmt"/>
        <line num="48" count="0" type="stmt"/>
        <line num="57" count="0" type="stmt"/>
        <line num="58" count="0" type="stmt"/>
        <line num="59" count="0" type="stmt"/>
        <line num="68" count="0" type="stmt"/>
        <line num="69" count="0" type="stmt"/>
        <line num="70" count="0" type="stmt"/>
        <line num="79" count="0" type="stmt"/>
        <line num="80" count="0" type="stmt"/>
        <line num="81" count="0" type="stmt"/>
        <line num="90" count="0" type="stmt"/>
        <line num="91" count="0" type="stmt"/>
        <line num="92" count="0" type="stmt"/>
        <line num="101" count="0" type="stmt"/>
        <line num="119" count="0" type="stmt"/>
        <line num="122" count="0" type="cond" truecount="0" falsecount="2"/>
        <line num="123" count="0" type="stmt"/>
        <line num="127" count="0" type="cond" truecount="0" falsecount="2"/>
        <line num="128" count="0" type="stmt"/>
        <line num="132" count="0" type="cond" truecount="0" falsecount="2"/>
        <line num="133" count="0" type="stmt"/>
        <line num="134" count="0" type="cond" truecount="0" falsecount="2"/>
        <line num="135" count="0" type="stmt"/>
        <line num="136" count="0" type="cond" truecount="0" falsecount="4"/>
        <line num="137" count="0" type="stmt"/>
        <line num="143" count="0" type="cond" truecount="0" falsecount="2"/>
        <line num="144" count="0" type="stmt"/>
        <line num="147" count="0" type="stmt"/>
        <line num="157" count="0" type="cond" truecount="0" falsecount="4"/>
        <line num="158" count="0" type="stmt"/>
        <line num="161" count="0" type="stmt"/>
        <line num="162" count="0" type="stmt"/>
        <line num="171" count="0" type="cond" truecount="0" falsecount="2"/>
        <line num="173" count="0" type="stmt"/>
        <line num="174" count="0" type="stmt"/>
        <line num="176" count="0" type="stmt"/>
        <line num="187" count="0" type="stmt"/>
        <line num="188" count="0" type="cond" truecount="0" falsecount="2"/>
        <line num="189" count="0" type="stmt"/>
        <line num="193" count="0" type="cond" truecount="0" falsecount="2"/>
        <line num="196" count="0" type="stmt"/>
      </file>
      <file name="slugify.js" path="C:\Users\kunal\Desktop\Projects\bobforge\backend\src\utils\slugify.js">
        <metrics statements="4" coveredstatements="3" conditionals="4" coveredconditionals="3" methods="1" coveredmethods="1"/>
        <line num="7" count="20" type="cond" truecount="3" falsecount="1"/>
        <line num="8" count="0" type="stmt"/>
        <line num="11" count="20" type="stmt"/>
        <line num="22" count="4" type="stmt"/>
      </file>
      <file name="validators.js" path="C:\Users\kunal\Desktop\Projects\bobforge\backend\src\utils\validators.js">
        <metrics statements="49" coveredstatements="19" conditionals="53" coveredconditionals="18" methods="9" coveredmethods="4"/>
        <line num="6" count="4" type="stmt"/>
        <line num="14" count="10" type="cond" truecount="1" falsecount="1"/>
        <line num="17" count="10" type="stmt"/>
        <line num="30" count="0" type="cond" truecount="0" falsecount="2"/>
        <line num="32" count="0" type="cond" truecount="0" falsecount="4"/>
        <line num="34" count="0" type="cond" truecount="0" falsecount="2"/>
        <line num="35" count="0" type="stmt"/>
        <line num="38" count="0" type="cond" truecount="0" falsecount="2"/>
        <line num="39" count="0" type="stmt"/>
        <line num="42" count="0" type="cond" truecount="0" falsecount="2"/>
        <line num="43" count="0" type="stmt"/>
        <line num="44" count="0" type="stmt"/>
        <line num="45" count="0" type="stmt"/>
        <line num="46" count="0" type="cond" truecount="0" falsecount="2"/>
        <line num="47" count="0" type="stmt"/>
        <line num="50" count="0" type="stmt"/>
        <line num="53" count="0" type="stmt"/>
        <line num="62" count="0" type="cond" truecount="0" falsecount="2"/>
        <line num="72" count="0" type="cond" truecount="0" falsecount="2"/>
        <line num="84" count="10" type="stmt"/>
        <line num="86" count="10" type="cond" truecount="1" falsecount="1"/>
        <line num="87" count="0" type="stmt"/>
        <line num="93" count="10" type="cond" truecount="1" falsecount="1"/>
        <line num="94" count="0" type="stmt"/>
        <line num="100" count="10" type="cond" truecount="1" falsecount="1"/>
        <line num="101" count="0" type="stmt"/>
        <line num="107" count="10" type="stmt"/>
        <line num="116" count="12" type="cond" truecount="4" falsecount="0"/>
        <line num="117" count="2" type="stmt"/>
        <line num="123" count="10" type="stmt"/>
        <line num="137" count="0" type="stmt"/>
        <line num="139" count="0" type="cond" truecount="0" falsecount="4"/>
        <line num="140" count="0" type="stmt"/>
        <line num="144" count="0" type="stmt"/>
        <line num="150" count="0" type="cond" truecount="0" falsecount="2"/>
        <line num="151" count="0" type="stmt"/>
        <line num="155" count="0" type="stmt"/>
        <line num="161" count="0" type="cond" truecount="0" falsecount="2"/>
        <line num="162" count="0" type="stmt"/>
        <line num="165" count="0" type="cond" truecount="0" falsecount="2"/>
        <line num="176" count="13" type="stmt"/>
        <line num="178" count="13" type="cond" truecount="3" falsecount="1"/>
        <line num="179" count="0" type="stmt"/>
        <line num="183" count="13" type="stmt"/>
        <line num="185" count="13" type="stmt"/>
        <line num="186" count="52" type="cond" truecount="5" falsecount="0"/>
        <line num="187" count="4" type="stmt"/>
        <line num="191" count="13" type="cond" truecount="2" falsecount="0"/>
        <line num="196" count="4" type="stmt"/>
      </file>
    </package>
  </project>
</coverage>
