{"C:\\Users\\kunal\\Desktop\\Projects\\bobforge\\backend\\src\\app.js": {"path":"C:\\Users\\kunal\\Desktop\\Projects\\bobforge\\backend\\src\\app.js","statementMap":{"0":{"start":{"line":1,"column":16},"end":{"line":1,"column":34}},"1":{"start":{"line":2,"column":13},"end":{"line":2,"column":28}},"2":{"start":{"line":3,"column":0},"end":{"line":3,"column":27}},"3":{"start":{"line":5,"column":21},"end":{"line":5,"column":54}},"4":{"start":{"line":6,"column":24},"end":{"line":6,"column":60}},"5":{"start":{"line":7,"column":23},"end":{"line":7,"column":58}},"6":{"start":{"line":9,"column":12},"end":{"line":9,"column":21}},"7":{"start":{"line":12,"column":0},"end":{"line":15,"column":4}},"8":{"start":{"line":16,"column":0},"end":{"line":16,"column":41}},"9":{"start":{"line":17,"column":0},"end":{"line":17,"column":63}},"10":{"start":{"line":20,"column":0},"end":{"line":23,"column":3}},"11":{"start":{"line":21,"column":2},"end":{"line":21,"column":73}},"12":{"start":{"line":22,"column":2},"end":{"line":22,"column":9}},"13":{"start":{"line":26,"column":0},"end":{"line":26,"column":37}},"14":{"start":{"line":27,"column":0},"end":{"line":27,"column":44}},"15":{"start":{"line":28,"column":0},"end":{"line":28,"column":42}},"16":{"start":{"line":31,"column":0},"end":{"line":39,"column":3}},"17":{"start":{"line":32,"column":2},"end":{"line":38,"column":5}},"18":{"start":{"line":42,"column":0},"end":{"line":52,"column":3}},"19":{"start":{"line":43,"column":2},"end":{"line":43,"column":41}},"20":{"start":{"line":44,"column":2},"end":{"line":51,"column":5}},"21":{"start":{"line":54,"column":0},"end":{"line":54,"column":21}}},"fnMap":{"0":{"name":"(anonymous_0)","decl":{"start":{"line":20,"column":8},"end":{"line":20,"column":9}},"loc":{"start":{"line":20,"column":28},"end":{"line":23,"column":1}},"line":20},"1":{"name":"(anonymous_1)","decl":{"start":{"line":31,"column":8},"end":{"line":31,"column":9}},"loc":{"start":{"line":31,"column":22},"end":{"line":39,"column":1}},"line":31},"2":{"name":"(anonymous_2)","decl":{"start":{"line":42,"column":8},"end":{"line":42,"column":9}},"loc":{"start":{"line":42,"column":33},"end":{"line":52,"column":1}},"line":42}},"branchMap":{"0":{"loc":{"start":{"line":13,"column":10},"end":{"line":13,"column":60}},"type":"binary-expr","locations":[{"start":{"line":13,"column":10},"end":{"line":13,"column":33}},{"start":{"line":13,"column":37},"end":{"line":13,"column":60}}],"line":13},"1":{"loc":{"start":{"line":49,"column":15},"end":{"line":49,"column":79}},"type":"cond-expr","locations":[{"start":{"line":49,"column":56},"end":{"line":49,"column":67}},{"start":{"line":49,"column":70},"end":{"line":49,"column":79}}],"line":49}},"s":{"0":4,"1":4,"2":4,"3":4,"4":4,"5":4,"6":4,"7":4,"8":4,"9":4,"10":4,"11":44,"12":44,"13":4,"14":4,"15":4,"16":4,"17":0,"18":4,"19":0,"20":0,"21":4},"f":{"0":44,"1":0,"2":0},"b":{"0":[4,4],"1":[0,0]},"_coverageSchema":"1a1c01bbd47fc00a2c39e90264f33305004495a9","hash":"ac86f71bb1d5bc919b81faea4a2dff92f2a2ba86"}
,"C:\\Users\\kunal\\Desktop\\Projects\\bobforge\\backend\\src\\controllers\\artifact.controller.js": {"path":"C:\\Users\\kunal\\Desktop\\Projects\\bobforge\\backend\\src\\controllers\\artifact.controller.js","statementMap":{"0":{"start":{"line":1,"column":24},"end":{"line":1,"column":63}},"1":{"start":{"line":7,"column":2},"end":{"line":55,"column":3}},"2":{"start":{"line":17,"column":8},"end":{"line":17,"column":16}},"3":{"start":{"line":19,"column":4},"end":{"line":27,"column":5}},"4":{"start":{"line":20,"column":6},"end":{"line":26,"column":9}},"5":{"start":{"line":29,"column":21},"end":{"line":38,"column":6}},"6":{"start":{"line":40,"column":4},"end":{"line":44,"column":7}},"7":{"start":{"line":46,"column":4},"end":{"line":46,"column":53}},"8":{"start":{"line":47,"column":4},"end":{"line":54,"column":7}},"9":{"start":{"line":62,"column":2},"end":{"line":80,"column":3}},"10":{"start":{"line":63,"column":28},"end":{"line":63,"column":37}},"11":{"start":{"line":64,"column":22},"end":{"line":64,"column":72}},"12":{"start":{"line":66,"column":4},"end":{"line":69,"column":7}},"13":{"start":{"line":71,"column":4},"end":{"line":71,"column":54}},"14":{"start":{"line":72,"column":4},"end":{"line":79,"column":7}},"15":{"start":{"line":87,"column":2},"end":{"line":115,"column":3}},"16":{"start":{"line":88,"column":19},"end":{"line":88,"column":29}},"17":{"start":{"line":89,"column":21},"end":{"line":89,"column":62}},"18":{"start":{"line":91,"column":4},"end":{"line":99,"column":5}},"19":{"start":{"line":92,"column":6},"end":{"line":98,"column":9}},"20":{"start":{"line":101,"column":4},"end":{"line":104,"column":7}},"21":{"start":{"line":106,"column":4},"end":{"line":106,"column":53}},"22":{"start":{"line":107,"column":4},"end":{"line":114,"column":7}},"23":{"start":{"line":122,"column":2},"end":{"line":150,"column":3}},"24":{"start":{"line":123,"column":19},"end":{"line":123,"column":29}},"25":{"start":{"line":124,"column":20},"end":{"line":124,"column":60}},"26":{"start":{"line":126,"column":4},"end":{"line":134,"column":5}},"27":{"start":{"line":127,"column":6},"end":{"line":133,"column":9}},"28":{"start":{"line":136,"column":4},"end":{"line":139,"column":7}},"29":{"start":{"line":141,"column":4},"end":{"line":141,"column":53}},"30":{"start":{"line":142,"column":4},"end":{"line":149,"column":7}},"31":{"start":{"line":153,"column":0},"end":{"line":158,"column":2}}},"fnMap":{"0":{"name":"createArtifact","decl":{"start":{"line":6,"column":15},"end":{"line":6,"column":29}},"loc":{"start":{"line":6,"column":40},"end":{"line":56,"column":1}},"line":6},"1":{"name":"getAllArtifacts","decl":{"start":{"line":61,"column":15},"end":{"line":61,"column":30}},"loc":{"start":{"line":61,"column":41},"end":{"line":81,"column":1}},"line":61},"2":{"name":"getArtifactById","decl":{"start":{"line":86,"column":15},"end":{"line":86,"column":30}},"loc":{"start":{"line":86,"column":41},"end":{"line":116,"column":1}},"line":86},"3":{"name":"deleteArtifact","decl":{"start":{"line":121,"column":15},"end":{"line":121,"column":29}},"loc":{"start":{"line":121,"column":40},"end":{"line":151,"column":1}},"line":121}},"branchMap":{"0":{"loc":{"start":{"line":19,"column":4},"end":{"line":27,"column":5}},"type":"if","locations":[{"start":{"line":19,"column":4},"end":{"line":27,"column":5}},{"start":{},"end":{}}],"line":19},"1":{"loc":{"start":{"line":19,"column":8},"end":{"line":19,"column":62}},"type":"binary-expr","locations":[{"start":{"line":19,"column":8},"end":{"line":19,"column":20}},{"start":{"line":19,"column":24},"end":{"line":19,"column":33}},{"start":{"line":19,"column":37},"end":{"line":19,"column":50}},{"start":{"line":19,"column":54},"end":{"line":19,"column":62}}],"line":19},"2":{"loc":{"start":{"line":91,"column":4},"end":{"line":99,"column":5}},"type":"if","locations":[{"start":{"line":91,"column":4},"end":{"line":99,"column":5}},{"start":{},"end":{}}],"line":91},"3":{"loc":{"start":{"line":126,"column":4},"end":{"line":134,"column":5}},"type":"if","locations":[{"start":{"line":126,"column":4},"end":{"line":134,"column":5}},{"start":{},"end":{}}],"line":126}},"s":{"0":4,"1":13,"2":13,"3":13,"4":4,"5":9,"6":9,"7":0,"8":0,"9":3,"10":3,"11":3,"12":3,"13":0,"14":0,"15":3,"16":3,"17":3,"18":3,"19":2,"20":1,"21":0,"22":0,"23":2,"24":2,"25":2,"26":2,"27":1,"28":1,"29":0,"30":0,"31":4},"f":{"0":13,"1":3,"2":3,"3":2},"b":{"0":[4,9],"1":[13,12,11,10],"2":[2,1],"3":[1,1]},"_coverageSchema":"1a1c01bbd47fc00a2c39e90264f33305004495a9","hash":"aa9893d567ec3e3cef4ea04f564bde98bc9ffdfe"}
,"C:\\Users\\kunal\\Desktop\\Projects\\bobforge\\backend\\src\\controllers\\blueprint.controller.js": {"path":"C:\\Users\\kunal\\Desktop\\Projects\\bobforge\\backend\\src\\controllers\\blueprint.controller.js","statementMap":{"0":{"start":{"line":1,"column":25},"end":{"line":1,"column":65}},"1":{"start":{"line":2,"column":25},"end":{"line":2,"column":55}},"2":{"start":{"line":3,"column":49},"end":{"line":3,"column":89}},"3":{"start":{"line":9,"column":2},"end":{"line":43,"column":3}},"4":{"start":{"line":10,"column":21},"end":{"line":10,"column":29}},"5":{"start":{"line":13,"column":23},"end":{"line":13,"column":41}},"6":{"start":{"line":14,"column":4},"end":{"line":23,"column":5}},"7":{"start":{"line":15,"column":6},"end":{"line":22,"column":9}},"8":{"start":{"line":26,"column":22},"end":{"line":26,"column":68}},"9":{"start":{"line":28,"column":4},"end":{"line":32,"column":7}},"10":{"start":{"line":34,"column":4},"end":{"line":34,"column":56}},"11":{"start":{"line":35,"column":4},"end":{"line":42,"column":7}},"12":{"start":{"line":50,"column":2},"end":{"line":67,"column":3}},"13":{"start":{"line":51,"column":23},"end":{"line":51,"column":64}},"14":{"start":{"line":53,"column":4},"end":{"line":56,"column":7}},"15":{"start":{"line":58,"column":4},"end":{"line":58,"column":55}},"16":{"start":{"line":59,"column":4},"end":{"line":66,"column":7}},"17":{"start":{"line":74,"column":2},"end":{"line":102,"column":3}},"18":{"start":{"line":75,"column":19},"end":{"line":75,"column":29}},"19":{"start":{"line":76,"column":22},"end":{"line":76,"column":65}},"20":{"start":{"line":78,"column":4},"end":{"line":86,"column":5}},"21":{"start":{"line":79,"column":6},"end":{"line":85,"column":9}},"22":{"start":{"line":88,"column":4},"end":{"line":91,"column":7}},"23":{"start":{"line":93,"column":4},"end":{"line":93,"column":54}},"24":{"start":{"line":94,"column":4},"end":{"line":101,"column":7}},"25":{"start":{"line":109,"column":2},"end":{"line":149,"column":3}},"26":{"start":{"line":110,"column":19},"end":{"line":110,"column":29}},"27":{"start":{"line":111,"column":22},"end":{"line":111,"column":65}},"28":{"start":{"line":113,"column":4},"end":{"line":121,"column":5}},"29":{"start":{"line":114,"column":6},"end":{"line":120,"column":9}},"30":{"start":{"line":124,"column":21},"end":{"line":124,"column":48}},"31":{"start":{"line":127,"column":21},"end":{"line":127,"column":60}},"32":{"start":{"line":130,"column":17},"end":{"line":130,"column":89}},"33":{"start":{"line":131,"column":4},"end":{"line":131,"column":66}},"34":{"start":{"line":132,"column":4},"end":{"line":132,"column":88}},"35":{"start":{"line":135,"column":4},"end":{"line":135,"column":23}},"36":{"start":{"line":138,"column":4},"end":{"line":138,"column":54}},"37":{"start":{"line":140,"column":4},"end":{"line":140,"column":55}},"38":{"start":{"line":141,"column":4},"end":{"line":148,"column":7}},"39":{"start":{"line":152,"column":0},"end":{"line":157,"column":2}}},"fnMap":{"0":{"name":"generateBlueprint","decl":{"start":{"line":8,"column":15},"end":{"line":8,"column":32}},"loc":{"start":{"line":8,"column":43},"end":{"line":44,"column":1}},"line":8},"1":{"name":"getAllBlueprints","decl":{"start":{"line":49,"column":15},"end":{"line":49,"column":31}},"loc":{"start":{"line":49,"column":42},"end":{"line":68,"column":1}},"line":49},"2":{"name":"getBlueprintById","decl":{"start":{"line":73,"column":15},"end":{"line":73,"column":31}},"loc":{"start":{"line":73,"column":42},"end":{"line":103,"column":1}},"line":73},"3":{"name":"exportBlueprintMarkdown","decl":{"start":{"line":108,"column":15},"end":{"line":108,"column":38}},"loc":{"start":{"line":108,"column":49},"end":{"line":150,"column":1}},"line":108}},"branchMap":{"0":{"loc":{"start":{"line":14,"column":4},"end":{"line":23,"column":5}},"type":"if","locations":[{"start":{"line":14,"column":4},"end":{"line":23,"column":5}},{"start":{},"end":{}}],"line":14},"1":{"loc":{"start":{"line":78,"column":4},"end":{"line":86,"column":5}},"type":"if","locations":[{"start":{"line":78,"column":4},"end":{"line":86,"column":5}},{"start":{},"end":{}}],"line":78},"2":{"loc":{"start":{"line":113,"column":4},"end":{"line":121,"column":5}},"type":"if","locations":[{"start":{"line":113,"column":4},"end":{"line":121,"column":5}},{"start":{},"end":{}}],"line":113},"3":{"loc":{"start":{"line":130,"column":17},"end":{"line":130,"column":89}},"type":"binary-expr","locations":[{"start":{"line":130,"column":17},"end":{"line":130,"column":48}},{"start":{"line":130,"column":52},"end":{"line":130,"column":66}},{"start":{"line":130,"column":70},"end":{"line":130,"column":89}}],"line":130}},"s":{"0":4,"1":4,"2":4,"3":12,"4":12,"5":12,"6":12,"7":3,"8":9,"9":9,"10":0,"11":0,"12":1,"13":1,"14":1,"15":0,"16":0,"17":2,"18":2,"19":2,"20":2,"21":1,"22":1,"23":0,"24":0,"25":6,"26":6,"27":6,"28":6,"29":1,"30":5,"31":5,"32":5,"33":5,"34":5,"35":5,"36":5,"37":0,"38":0,"39":4},"f":{"0":12,"1":1,"2":2,"3":6},"b":{"0":[3,9],"1":[1,1],"2":[1,5],"3":[5,5,0]},"_coverageSchema":"1a1c01bbd47fc00a2c39e90264f33305004495a9","hash":"2143a635c058f6b68439e5f5cf2d05fd2637e81a"}
,"C:\\Users\\kunal\\Desktop\\Projects\\bobforge\\backend\\src\\exporters\\markdownExporter.js": {"path":"C:\\Users\\kunal\\Desktop\\Projects\\bobforge\\backend\\src\\exporters\\markdownExporter.js","statementMap":{"0":{"start":{"line":1,"column":11},"end":{"line":1,"column":24}},"1":{"start":{"line":2,"column":13},"end":{"line":2,"column":28}},"2":{"start":{"line":10,"column":19},"end":{"line":10,"column":21}},"3":{"start":{"line":13,"column":2},"end":{"line":13,"column":43}},"4":{"start":{"line":16,"column":2},"end":{"line":16,"column":48}},"5":{"start":{"line":19,"column":2},"end":{"line":19,"column":53}},"6":{"start":{"line":22,"column":2},"end":{"line":22,"column":48}},"7":{"start":{"line":25,"column":2},"end":{"line":25,"column":46}},"8":{"start":{"line":28,"column":2},"end":{"line":28,"column":52}},"9":{"start":{"line":31,"column":2},"end":{"line":31,"column":62}},"10":{"start":{"line":34,"column":2},"end":{"line":34,"column":46}},"11":{"start":{"line":37,"column":2},"end":{"line":37,"column":49}},"12":{"start":{"line":40,"column":2},"end":{"line":40,"column":51}},"13":{"start":{"line":43,"column":2},"end":{"line":43,"column":46}},"14":{"start":{"line":46,"column":2},"end":{"line":46,"column":50}},"15":{"start":{"line":49,"column":2},"end":{"line":49,"column":45}},"16":{"start":{"line":52,"column":2},"end":{"line":52,"column":51}},"17":{"start":{"line":55,"column":2},"end":{"line":55,"column":49}},"18":{"start":{"line":58,"column":2},"end":{"line":58,"column":46}},"19":{"start":{"line":61,"column":2},"end":{"line":61,"column":43}},"20":{"start":{"line":63,"column":2},"end":{"line":63,"column":31}},"21":{"start":{"line":73,"column":20},"end":{"line":73,"column":55}},"22":{"start":{"line":74,"column":15},"end":{"line":74,"column":77}},"23":{"start":{"line":77,"column":21},"end":{"line":77,"column":67}},"24":{"start":{"line":79,"column":2},"end":{"line":81,"column":3}},"25":{"start":{"line":80,"column":4},"end":{"line":80,"column":50}},"26":{"start":{"line":84,"column":20},"end":{"line":84,"column":79}},"27":{"start":{"line":85,"column":19},"end":{"line":85,"column":54}},"28":{"start":{"line":86,"column":19},"end":{"line":86,"column":50}},"29":{"start":{"line":89,"column":2},"end":{"line":89,"column":47}},"30":{"start":{"line":91,"column":2},"end":{"line":91,"column":18}},"31":{"start":{"line":98,"column":16},"end":{"line":98,"column":95}},"32":{"start":{"line":99,"column":22},"end":{"line":99,"column":84}},"33":{"start":{"line":100,"column":20},"end":{"line":103,"column":4}},"34":{"start":{"line":105,"column":2},"end":{"line":115,"column":5}},"35":{"start":{"line":122,"column":15},"end":{"line":122,"column":74}},"36":{"start":{"line":124,"column":2},"end":{"line":126,"column":9}},"37":{"start":{"line":133,"column":18},"end":{"line":135,"column":48}},"38":{"start":{"line":137,"column":2},"end":{"line":139,"column":12}},"39":{"start":{"line":146,"column":16},"end":{"line":148,"column":18}},"40":{"start":{"line":150,"column":2},"end":{"line":154,"column":3}},"41":{"start":{"line":151,"column":4},"end":{"line":153,"column":26}},"42":{"start":{"line":156,"column":16},"end":{"line":156,"column":40}},"43":{"start":{"line":158,"column":2},"end":{"line":170,"column":3}},"44":{"start":{"line":159,"column":4},"end":{"line":159,"column":57}},"45":{"start":{"line":159,"column":33},"end":{"line":159,"column":44}},"46":{"start":{"line":160,"column":9},"end":{"line":170,"column":3}},"47":{"start":{"line":161,"column":4},"end":{"line":169,"column":14}},"48":{"start":{"line":161,"column":33},"end":{"line":169,"column":1}},"49":{"start":{"line":165,"column":33},"end":{"line":165,"column":44}},"50":{"start":{"line":168,"column":39},"end":{"line":168,"column":51}},"51":{"start":{"line":172,"column":2},"end":{"line":172,"column":17}},"52":{"start":{"line":179,"column":16},"end":{"line":179,"column":41}},"53":{"start":{"line":181,"column":2},"end":{"line":185,"column":3}},"54":{"start":{"line":182,"column":4},"end":{"line":184,"column":24}},"55":{"start":{"line":187,"column":2},"end":{"line":196,"column":16}},"56":{"start":{"line":189,"column":20},"end":{"line":196,"column":1}},"57":{"start":{"line":195,"column":39},"end":{"line":195,"column":50}},"58":{"start":{"line":203,"column":23},"end":{"line":203,"column":51}},"59":{"start":{"line":204,"column":22},"end":{"line":204,"column":49}},"60":{"start":{"line":205,"column":27},"end":{"line":205,"column":59}},"61":{"start":{"line":206,"column":22},"end":{"line":206,"column":62}},"62":{"start":{"line":208,"column":16},"end":{"line":208,"column":35}},"63":{"start":{"line":211,"column":2},"end":{"line":218,"column":3}},"64":{"start":{"line":212,"column":4},"end":{"line":212,"column":39}},"65":{"start":{"line":213,"column":4},"end":{"line":217,"column":14}},"66":{"start":{"line":213,"column":43},"end":{"line":217,"column":1}},"67":{"start":{"line":221,"column":2},"end":{"line":226,"column":3}},"68":{"start":{"line":222,"column":4},"end":{"line":222,"column":40}},"69":{"start":{"line":223,"column":4},"end":{"line":225,"column":14}},"70":{"start":{"line":223,"column":42},"end":{"line":225,"column":1}},"71":{"start":{"line":229,"column":2},"end":{"line":234,"column":3}},"72":{"start":{"line":230,"column":4},"end":{"line":230,"column":45}},"73":{"start":{"line":231,"column":4},"end":{"line":233,"column":14}},"74":{"start":{"line":231,"column":47},"end":{"line":233,"column":1}},"75":{"start":{"line":237,"column":2},"end":{"line":250,"column":3}},"76":{"start":{"line":238,"column":4},"end":{"line":238,"column":59}},"77":{"start":{"line":239,"column":4},"end":{"line":249,"column":14}},"78":{"start":{"line":239,"column":42},"end":{"line":249,"column":1}},"79":{"start":{"line":245,"column":43},"end":{"line":245,"column":55}},"80":{"start":{"line":248,"column":53},"end":{"line":248,"column":68}},"81":{"start":{"line":252,"column":2},"end":{"line":252,"column":17}},"82":{"start":{"line":259,"column":14},"end":{"line":259,"column":55}},"83":{"start":{"line":261,"column":2},"end":{"line":265,"column":3}},"84":{"start":{"line":262,"column":4},"end":{"line":264,"column":41}},"85":{"start":{"line":267,"column":2},"end":{"line":273,"column":16}},"86":{"start":{"line":269,"column":56},"end":{"line":273,"column":1}},"87":{"start":{"line":272,"column":34},"end":{"line":272,"column":44}},"88":{"start":{"line":280,"column":20},"end":{"line":282,"column":22}},"89":{"start":{"line":284,"column":2},"end":{"line":288,"column":3}},"90":{"start":{"line":285,"column":4},"end":{"line":287,"column":24}},"91":{"start":{"line":290,"column":16},"end":{"line":290,"column":39}},"92":{"start":{"line":293,"column":2},"end":{"line":299,"column":3}},"93":{"start":{"line":294,"column":4},"end":{"line":294,"column":34}},"94":{"start":{"line":295,"column":4},"end":{"line":297,"column":18}},"95":{"start":{"line":296,"column":29},"end":{"line":296,"column":53}},"96":{"start":{"line":298,"column":4},"end":{"line":298,"column":22}},"97":{"start":{"line":302,"column":2},"end":{"line":308,"column":3}},"98":{"start":{"line":303,"column":4},"end":{"line":303,"column":33}},"99":{"start":{"line":304,"column":4},"end":{"line":306,"column":18}},"100":{"start":{"line":305,"column":29},"end":{"line":305,"column":53}},"101":{"start":{"line":307,"column":4},"end":{"line":307,"column":22}},"102":{"start":{"line":311,"column":2},"end":{"line":316,"column":3}},"103":{"start":{"line":312,"column":4},"end":{"line":312,"column":34}},"104":{"start":{"line":313,"column":4},"end":{"line":315,"column":18}},"105":{"start":{"line":314,"column":29},"end":{"line":314,"column":53}},"106":{"start":{"line":318,"column":2},"end":{"line":318,"column":17}},"107":{"start":{"line":325,"column":23},"end":{"line":327,"column":25}},"108":{"start":{"line":329,"column":16},"end":{"line":329,"column":41}},"109":{"start":{"line":331,"column":2},"end":{"line":333,"column":3}},"110":{"start":{"line":332,"column":4},"end":{"line":332,"column":62}},"111":{"start":{"line":335,"column":2},"end":{"line":337,"column":3}},"112":{"start":{"line":336,"column":4},"end":{"line":336,"column":85}},"113":{"start":{"line":339,"column":2},"end":{"line":351,"column":3}},"114":{"start":{"line":340,"column":4},"end":{"line":340,"column":36}},"115":{"start":{"line":341,"column":4},"end":{"line":350,"column":14}},"116":{"start":{"line":341,"column":51},"end":{"line":350,"column":1}},"117":{"start":{"line":349,"column":41},"end":{"line":349,"column":49}},"118":{"start":{"line":354,"column":18},"end":{"line":355,"column":60}},"119":{"start":{"line":357,"column":2},"end":{"line":359,"column":3}},"120":{"start":{"line":358,"column":4},"end":{"line":358,"column":76}},"121":{"start":{"line":361,"column":2},"end":{"line":361,"column":17}},"122":{"start":{"line":368,"column":17},"end":{"line":370,"column":19}},"123":{"start":{"line":372,"column":2},"end":{"line":376,"column":3}},"124":{"start":{"line":373,"column":4},"end":{"line":375,"column":29}},"125":{"start":{"line":378,"column":16},"end":{"line":378,"column":44}},"126":{"start":{"line":380,"column":2},"end":{"line":380,"column":95}},"127":{"start":{"line":382,"column":2},"end":{"line":382,"column":30}},"128":{"start":{"line":384,"column":2},"end":{"line":405,"column":14}},"129":{"start":{"line":384,"column":40},"end":{"line":405,"column":1}},"130":{"start":{"line":394,"column":22},"end":{"line":394,"column":24}},"131":{"start":{"line":395,"column":2},"end":{"line":395,"column":54}},"132":{"start":{"line":395,"column":22},"end":{"line":395,"column":54}},"133":{"start":{"line":396,"column":2},"end":{"line":396,"column":45}},"134":{"start":{"line":396,"column":18},"end":{"line":396,"column":45}},"135":{"start":{"line":397,"column":2},"end":{"line":397,"column":59}},"136":{"start":{"line":397,"column":30},"end":{"line":397,"column":59}},"137":{"start":{"line":398,"column":2},"end":{"line":398,"column":62}},"138":{"start":{"line":398,"column":19},"end":{"line":398,"column":62}},"139":{"start":{"line":399,"column":2},"end":{"line":399,"column":65}},"140":{"start":{"line":399,"column":22},"end":{"line":399,"column":65}},"141":{"start":{"line":400,"column":2},"end":{"line":400,"column":76}},"142":{"start":{"line":404,"column":27},"end":{"line":404,"column":74}},"143":{"start":{"line":407,"column":2},"end":{"line":407,"column":17}},"144":{"start":{"line":414,"column":17},"end":{"line":416,"column":19}},"145":{"start":{"line":418,"column":2},"end":{"line":422,"column":3}},"146":{"start":{"line":419,"column":4},"end":{"line":421,"column":24}},"147":{"start":{"line":424,"column":18},"end":{"line":424,"column":61}},"148":{"start":{"line":425,"column":19},"end":{"line":425,"column":74}},"149":{"start":{"line":427,"column":16},"end":{"line":427,"column":38}},"150":{"start":{"line":428,"column":2},"end":{"line":428,"column":42}},"151":{"start":{"line":429,"column":2},"end":{"line":429,"column":51}},"152":{"start":{"line":431,"column":2},"end":{"line":431,"column":33}},"153":{"start":{"line":433,"column":2},"end":{"line":433,"column":65}},"154":{"start":{"line":434,"column":2},"end":{"line":434,"column":65}},"155":{"start":{"line":436,"column":2},"end":{"line":442,"column":16}},"156":{"start":{"line":437,"column":19},"end":{"line":437,"column":40}},"157":{"start":{"line":438,"column":17},"end":{"line":438,"column":34}},"158":{"start":{"line":439,"column":24},"end":{"line":439,"column":47}},"159":{"start":{"line":440,"column":17},"end":{"line":440,"column":58}},"160":{"start":{"line":441,"column":4},"end":{"line":441,"column":64}},"161":{"start":{"line":444,"column":2},"end":{"line":444,"column":17}},"162":{"start":{"line":451,"column":16},"end":{"line":453,"column":18}},"163":{"start":{"line":455,"column":2},"end":{"line":459,"column":3}},"164":{"start":{"line":456,"column":4},"end":{"line":458,"column":28}},"165":{"start":{"line":461,"column":20},"end":{"line":463,"column":27}},"166":{"start":{"line":465,"column":16},"end":{"line":465,"column":42}},"167":{"start":{"line":466,"column":2},"end":{"line":466,"column":47}},"168":{"start":{"line":468,"column":2},"end":{"line":475,"column":14}},"169":{"start":{"line":468,"column":31},"end":{"line":475,"column":1}},"170":{"start":{"line":478,"column":26},"end":{"line":478,"column":72}},"171":{"start":{"line":479,"column":2},"end":{"line":484,"column":3}},"172":{"start":{"line":480,"column":4},"end":{"line":480,"column":44}},"173":{"start":{"line":481,"column":4},"end":{"line":483,"column":18}},"174":{"start":{"line":482,"column":29},"end":{"line":482,"column":53}},"175":{"start":{"line":486,"column":2},"end":{"line":486,"column":17}},"176":{"start":{"line":493,"column":19},"end":{"line":495,"column":21}},"177":{"start":{"line":497,"column":2},"end":{"line":501,"column":3}},"178":{"start":{"line":498,"column":4},"end":{"line":500,"column":23}},"179":{"start":{"line":503,"column":16},"end":{"line":503,"column":37}},"180":{"start":{"line":506,"column":2},"end":{"line":518,"column":3}},"181":{"start":{"line":507,"column":4},"end":{"line":507,"column":42}},"182":{"start":{"line":508,"column":4},"end":{"line":510,"column":5}},"183":{"start":{"line":509,"column":6},"end":{"line":509,"column":67}},"184":{"start":{"line":511,"column":4},"end":{"line":517,"column":5}},"185":{"start":{"line":512,"column":6},"end":{"line":512,"column":39}},"186":{"start":{"line":513,"column":6},"end":{"line":515,"column":20}},"187":{"start":{"line":514,"column":32},"end":{"line":514,"column":57}},"188":{"start":{"line":516,"column":6},"end":{"line":516,"column":24}},"189":{"start":{"line":521,"column":2},"end":{"line":529,"column":3}},"190":{"start":{"line":522,"column":4},"end":{"line":522,"column":36}},"191":{"start":{"line":523,"column":4},"end":{"line":523,"column":87}},"192":{"start":{"line":524,"column":4},"end":{"line":524,"column":76}},"193":{"start":{"line":525,"column":4},"end":{"line":527,"column":5}},"194":{"start":{"line":526,"column":6},"end":{"line":526,"column":101}},"195":{"start":{"line":528,"column":4},"end":{"line":528,"column":20}},"196":{"start":{"line":532,"column":2},"end":{"line":536,"column":3}},"197":{"start":{"line":533,"column":4},"end":{"line":533,"column":43}},"198":{"start":{"line":534,"column":4},"end":{"line":534,"column":94}},"199":{"start":{"line":535,"column":4},"end":{"line":535,"column":85}},"200":{"start":{"line":539,"column":2},"end":{"line":543,"column":3}},"201":{"start":{"line":540,"column":4},"end":{"line":540,"column":42}},"202":{"start":{"line":541,"column":4},"end":{"line":541,"column":86}},"203":{"start":{"line":542,"column":4},"end":{"line":542,"column":75}},"204":{"start":{"line":545,"column":2},"end":{"line":545,"column":17}},"205":{"start":{"line":552,"column":21},"end":{"line":554,"column":23}},"206":{"start":{"line":556,"column":2},"end":{"line":560,"column":3}},"207":{"start":{"line":557,"column":4},"end":{"line":559,"column":29}},"208":{"start":{"line":562,"column":16},"end":{"line":562,"column":43}},"209":{"start":{"line":565,"column":2},"end":{"line":578,"column":3}},"210":{"start":{"line":566,"column":4},"end":{"line":566,"column":46}},"211":{"start":{"line":568,"column":4},"end":{"line":570,"column":5}},"212":{"start":{"line":569,"column":6},"end":{"line":569,"column":96}},"213":{"start":{"line":571,"column":4},"end":{"line":573,"column":5}},"214":{"start":{"line":572,"column":6},"end":{"line":572,"column":94}},"215":{"start":{"line":574,"column":4},"end":{"line":576,"column":5}},"216":{"start":{"line":575,"column":6},"end":{"line":575,"column":96}},"217":{"start":{"line":577,"column":4},"end":{"line":577,"column":20}},"218":{"start":{"line":581,"column":2},"end":{"line":592,"column":3}},"219":{"start":{"line":582,"column":4},"end":{"line":582,"column":42}},"220":{"start":{"line":583,"column":4},"end":{"line":591,"column":14}},"221":{"start":{"line":583,"column":45},"end":{"line":591,"column":1}},"222":{"start":{"line":586,"column":34},"end":{"line":590,"column":1}},"223":{"start":{"line":589,"column":37},"end":{"line":589,"column":52}},"224":{"start":{"line":594,"column":2},"end":{"line":594,"column":17}},"225":{"start":{"line":601,"column":17},"end":{"line":603,"column":19}},"226":{"start":{"line":605,"column":2},"end":{"line":609,"column":3}},"227":{"start":{"line":606,"column":4},"end":{"line":608,"column":27}},"228":{"start":{"line":611,"column":16},"end":{"line":611,"column":41}},"229":{"start":{"line":612,"column":2},"end":{"line":612,"column":50}},"230":{"start":{"line":615,"column":21},"end":{"line":615,"column":58}},"231":{"start":{"line":617,"column":2},"end":{"line":630,"column":5}},"232":{"start":{"line":618,"column":27},"end":{"line":618,"column":78}},"233":{"start":{"line":618,"column":50},"end":{"line":618,"column":77}},"234":{"start":{"line":619,"column":4},"end":{"line":629,"column":5}},"235":{"start":{"line":620,"column":6},"end":{"line":620,"column":48}},"236":{"start":{"line":621,"column":6},"end":{"line":628,"column":14}},"237":{"start":{"line":621,"column":45},"end":{"line":628,"column":1}},"238":{"start":{"line":632,"column":2},"end":{"line":632,"column":17}},"239":{"start":{"line":639,"column":17},"end":{"line":641,"column":53}},"240":{"start":{"line":643,"column":2},"end":{"line":655,"column":56}},"241":{"start":{"line":662,"column":20},"end":{"line":662,"column":66}},"242":{"start":{"line":663,"column":20},"end":{"line":663,"column":100}},"243":{"start":{"line":665,"column":2},"end":{"line":678,"column":48}},"244":{"start":{"line":681,"column":0},"end":{"line":684,"column":2}}},"fnMap":{"0":{"name":"exportToMarkdown","decl":{"start":{"line":9,"column":9},"end":{"line":9,"column":25}},"loc":{"start":{"line":9,"column":37},"end":{"line":64,"column":1}},"line":9},"1":{"name":"saveMarkdownToFile","decl":{"start":{"line":72,"column":9},"end":{"line":72,"column":27}},"loc":{"start":{"line":72,"column":49},"end":{"line":92,"column":1}},"line":72},"2":{"name":"generateHeader","decl":{"start":{"line":97,"column":9},"end":{"line":97,"column":23}},"loc":{"start":{"line":97,"column":35},"end":{"line":116,"column":1}},"line":97},"3":{"name":"generateIdeaSection","decl":{"start":{"line":121,"column":9},"end":{"line":121,"column":28}},"loc":{"start":{"line":121,"column":40},"end":{"line":127,"column":1}},"line":121},"4":{"name":"generateProblemStatement","decl":{"start":{"line":132,"column":9},"end":{"line":132,"column":33}},"loc":{"start":{"line":132,"column":45},"end":{"line":140,"column":1}},"line":132},"5":{"name":"generateTargetUsers","decl":{"start":{"line":145,"column":9},"end":{"line":145,"column":28}},"loc":{"start":{"line":145,"column":40},"end":{"line":173,"column":1}},"line":145},"6":{"name":"(anonymous_6)","decl":{"start":{"line":159,"column":25},"end":{"line":159,"column":26}},"loc":{"start":{"line":159,"column":33},"end":{"line":159,"column":44}},"line":159},"7":{"name":"(anonymous_7)","decl":{"start":{"line":161,"column":25},"end":{"line":161,"column":26}},"loc":{"start":{"line":161,"column":33},"end":{"line":169,"column":1}},"line":161},"8":{"name":"(anonymous_8)","decl":{"start":{"line":165,"column":25},"end":{"line":165,"column":26}},"loc":{"start":{"line":165,"column":33},"end":{"line":165,"column":44}},"line":165},"9":{"name":"(anonymous_9)","decl":{"start":{"line":168,"column":30},"end":{"line":168,"column":31}},"loc":{"start":{"line":168,"column":39},"end":{"line":168,"column":51}},"line":168},"10":{"name":"generateUserRoles","decl":{"start":{"line":178,"column":9},"end":{"line":178,"column":26}},"loc":{"start":{"line":178,"column":38},"end":{"line":197,"column":1}},"line":178},"11":{"name":"(anonymous_11)","decl":{"start":{"line":189,"column":12},"end":{"line":189,"column":13}},"loc":{"start":{"line":189,"column":20},"end":{"line":196,"column":1}},"line":189},"12":{"name":"(anonymous_12)","decl":{"start":{"line":195,"column":31},"end":{"line":195,"column":32}},"loc":{"start":{"line":195,"column":39},"end":{"line":195,"column":50}},"line":195},"13":{"name":"generateFeaturesSection","decl":{"start":{"line":202,"column":9},"end":{"line":202,"column":32}},"loc":{"start":{"line":202,"column":44},"end":{"line":253,"column":1}},"line":202},"14":{"name":"(anonymous_14)","decl":{"start":{"line":213,"column":32},"end":{"line":213,"column":33}},"loc":{"start":{"line":213,"column":43},"end":{"line":217,"column":1}},"line":213},"15":{"name":"(anonymous_15)","decl":{"start":{"line":223,"column":31},"end":{"line":223,"column":32}},"loc":{"start":{"line":223,"column":42},"end":{"line":225,"column":1}},"line":223},"16":{"name":"(anonymous_16)","decl":{"start":{"line":231,"column":36},"end":{"line":231,"column":37}},"loc":{"start":{"line":231,"column":47},"end":{"line":233,"column":1}},"line":231},"17":{"name":"(anonymous_17)","decl":{"start":{"line":239,"column":31},"end":{"line":239,"column":32}},"loc":{"start":{"line":239,"column":42},"end":{"line":249,"column":1}},"line":239},"18":{"name":"(anonymous_18)","decl":{"start":{"line":245,"column":34},"end":{"line":245,"column":35}},"loc":{"start":{"line":245,"column":43},"end":{"line":245,"column":55}},"line":245},"19":{"name":"(anonymous_19)","decl":{"start":{"line":248,"column":41},"end":{"line":248,"column":42}},"loc":{"start":{"line":248,"column":53},"end":{"line":248,"column":68}},"line":248},"20":{"name":"generateNonFunctionalRequirements","decl":{"start":{"line":258,"column":9},"end":{"line":258,"column":42}},"loc":{"start":{"line":258,"column":54},"end":{"line":274,"column":1}},"line":258},"21":{"name":"(anonymous_21)","decl":{"start":{"line":269,"column":26},"end":{"line":269,"column":27}},"loc":{"start":{"line":269,"column":56},"end":{"line":273,"column":1}},"line":269},"22":{"name":"(anonymous_22)","decl":{"start":{"line":272,"column":27},"end":{"line":272,"column":28}},"loc":{"start":{"line":272,"column":34},"end":{"line":272,"column":44}},"line":272},"23":{"name":"generateTechStack","decl":{"start":{"line":279,"column":9},"end":{"line":279,"column":26}},"loc":{"start":{"line":279,"column":38},"end":{"line":319,"column":1}},"line":279},"24":{"name":"(anonymous_24)","decl":{"start":{"line":296,"column":11},"end":{"line":296,"column":12}},"loc":{"start":{"line":296,"column":29},"end":{"line":296,"column":53}},"line":296},"25":{"name":"(anonymous_25)","decl":{"start":{"line":305,"column":11},"end":{"line":305,"column":12}},"loc":{"start":{"line":305,"column":29},"end":{"line":305,"column":53}},"line":305},"26":{"name":"(anonymous_26)","decl":{"start":{"line":314,"column":11},"end":{"line":314,"column":12}},"loc":{"start":{"line":314,"column":29},"end":{"line":314,"column":53}},"line":314},"27":{"name":"generateArchitecture","decl":{"start":{"line":324,"column":9},"end":{"line":324,"column":29}},"loc":{"start":{"line":324,"column":41},"end":{"line":362,"column":1}},"line":324},"28":{"name":"(anonymous_28)","decl":{"start":{"line":341,"column":43},"end":{"line":341,"column":44}},"loc":{"start":{"line":341,"column":51},"end":{"line":350,"column":1}},"line":341},"29":{"name":"(anonymous_29)","decl":{"start":{"line":349,"column":36},"end":{"line":349,"column":37}},"loc":{"start":{"line":349,"column":41},"end":{"line":349,"column":49}},"line":349},"30":{"name":"generateDatabaseSchema","decl":{"start":{"line":367,"column":9},"end":{"line":367,"column":31}},"loc":{"start":{"line":367,"column":43},"end":{"line":408,"column":1}},"line":367},"31":{"name":"(anonymous_31)","decl":{"start":{"line":384,"column":31},"end":{"line":384,"column":32}},"loc":{"start":{"line":384,"column":40},"end":{"line":405,"column":1}},"line":384},"32":{"name":"(anonymous_32)","decl":{"start":{"line":393,"column":28},"end":{"line":393,"column":29}},"loc":{"start":{"line":393,"column":35},"end":{"line":401,"column":1}},"line":393},"33":{"name":"(anonymous_33)","decl":{"start":{"line":404,"column":20},"end":{"line":404,"column":21}},"loc":{"start":{"line":404,"column":27},"end":{"line":404,"column":74}},"line":404},"34":{"name":"generateApiRoutes","decl":{"start":{"line":413,"column":9},"end":{"line":413,"column":26}},"loc":{"start":{"line":413,"column":38},"end":{"line":445,"column":1}},"line":413},"35":{"name":"(anonymous_35)","decl":{"start":{"line":436,"column":24},"end":{"line":436,"column":25}},"loc":{"start":{"line":436,"column":33},"end":{"line":442,"column":3}},"line":436},"36":{"name":"generateFrontendPages","decl":{"start":{"line":450,"column":9},"end":{"line":450,"column":30}},"loc":{"start":{"line":450,"column":42},"end":{"line":487,"column":1}},"line":450},"37":{"name":"(anonymous_37)","decl":{"start":{"line":468,"column":23},"end":{"line":468,"column":24}},"loc":{"start":{"line":468,"column":31},"end":{"line":475,"column":1}},"line":468},"38":{"name":"(anonymous_38)","decl":{"start":{"line":482,"column":11},"end":{"line":482,"column":12}},"loc":{"start":{"line":482,"column":29},"end":{"line":482,"column":53}},"line":482},"39":{"name":"generateTestPlan","decl":{"start":{"line":492,"column":9},"end":{"line":492,"column":25}},"loc":{"start":{"line":492,"column":37},"end":{"line":546,"column":1}},"line":492},"40":{"name":"(anonymous_40)","decl":{"start":{"line":514,"column":13},"end":{"line":514,"column":14}},"loc":{"start":{"line":514,"column":32},"end":{"line":514,"column":57}},"line":514},"41":{"name":"generateDeploymentPlan","decl":{"start":{"line":551,"column":9},"end":{"line":551,"column":31}},"loc":{"start":{"line":551,"column":43},"end":{"line":595,"column":1}},"line":551},"42":{"name":"(anonymous_42)","decl":{"start":{"line":583,"column":36},"end":{"line":583,"column":37}},"loc":{"start":{"line":583,"column":45},"end":{"line":591,"column":1}},"line":583},"43":{"name":"(anonymous_43)","decl":{"start":{"line":586,"column":26},"end":{"line":586,"column":27}},"loc":{"start":{"line":586,"column":34},"end":{"line":590,"column":1}},"line":586},"44":{"name":"(anonymous_44)","decl":{"start":{"line":589,"column":29},"end":{"line":589,"column":30}},"loc":{"start":{"line":589,"column":37},"end":{"line":589,"column":52}},"line":589},"45":{"name":"generateGitHubIssues","decl":{"start":{"line":600,"column":9},"end":{"line":600,"column":29}},"loc":{"start":{"line":600,"column":41},"end":{"line":633,"column":1}},"line":600},"46":{"name":"(anonymous_46)","decl":{"start":{"line":617,"column":21},"end":{"line":617,"column":22}},"loc":{"start":{"line":617,"column":33},"end":{"line":630,"column":3}},"line":617},"47":{"name":"(anonymous_47)","decl":{"start":{"line":618,"column":41},"end":{"line":618,"column":42}},"loc":{"start":{"line":618,"column":50},"end":{"line":618,"column":77}},"line":618},"48":{"name":"(anonymous_48)","decl":{"start":{"line":621,"column":36},"end":{"line":621,"column":37}},"loc":{"start":{"line":621,"column":45},"end":{"line":628,"column":1}},"line":621},"49":{"name":"generateBobPrompt","decl":{"start":{"line":638,"column":9},"end":{"line":638,"column":26}},"loc":{"start":{"line":638,"column":38},"end":{"line":656,"column":1}},"line":638},"50":{"name":"generateFooter","decl":{"start":{"line":661,"column":9},"end":{"line":661,"column":23}},"loc":{"start":{"line":661,"column":35},"end":{"line":679,"column":1}},"line":661}},"branchMap":{"0":{"loc":{"start":{"line":73,"column":20},"end":{"line":73,"column":55}},"type":"binary-expr","locations":[{"start":{"line":73,"column":20},"end":{"line":73,"column":39}},{"start":{"line":73,"column":43},"end":{"line":73,"column":55}}],"line":73},"1":{"loc":{"start":{"line":74,"column":15},"end":{"line":74,"column":77}},"type":"binary-expr","locations":[{"start":{"line":74,"column":15},"end":{"line":74,"column":46}},{"start":{"line":74,"column":50},"end":{"line":74,"column":64}},{"start":{"line":74,"column":68},"end":{"line":74,"column":77}}],"line":74},"2":{"loc":{"start":{"line":79,"column":2},"end":{"line":81,"column":3}},"type":"if","locations":[{"start":{"line":79,"column":2},"end":{"line":81,"column":3}},{"start":{},"end":{}}],"line":79},"3":{"loc":{"start":{"line":98,"column":16},"end":{"line":98,"column":95}},"type":"binary-expr","locations":[{"start":{"line":98,"column":16},"end":{"line":98,"column":48}},{"start":{"line":98,"column":52},"end":{"line":98,"column":73}},{"start":{"line":98,"column":77},"end":{"line":98,"column":95}}],"line":98},"4":{"loc":{"start":{"line":99,"column":22},"end":{"line":99,"column":84}},"type":"binary-expr","locations":[{"start":{"line":99,"column":22},"end":{"line":99,"column":60}},{"start":{"line":99,"column":64},"end":{"line":99,"column":78}},{"start":{"line":99,"column":82},"end":{"line":99,"column":84}}],"line":99},"5":{"loc":{"start":{"line":112,"column":18},"end":{"line":112,"column":53}},"type":"binary-expr","locations":[{"start":{"line":112,"column":18},"end":{"line":112,"column":37}},{"start":{"line":112,"column":41},"end":{"line":112,"column":53}}],"line":112},"6":{"loc":{"start":{"line":113,"column":14},"end":{"line":113,"column":55}},"type":"binary-expr","locations":[{"start":{"line":113,"column":14},"end":{"line":113,"column":40}},{"start":{"line":113,"column":44},"end":{"line":113,"column":55}}],"line":113},"7":{"loc":{"start":{"line":122,"column":15},"end":{"line":122,"column":74}},"type":"binary-expr","locations":[{"start":{"line":122,"column":15},"end":{"line":122,"column":34}},{"start":{"line":122,"column":38},"end":{"line":122,"column":52}},{"start":{"line":122,"column":56},"end":{"line":122,"column":74}}],"line":122},"8":{"loc":{"start":{"line":133,"column":18},"end":{"line":135,"column":48}},"type":"binary-expr","locations":[{"start":{"line":133,"column":18},"end":{"line":133,"column":44}},{"start":{"line":134,"column":18},"end":{"line":134,"column":60}},{"start":{"line":135,"column":18},"end":{"line":135,"column":48}}],"line":133},"9":{"loc":{"start":{"line":146,"column":16},"end":{"line":148,"column":18}},"type":"binary-expr","locations":[{"start":{"line":146,"column":16},"end":{"line":146,"column":37}},{"start":{"line":147,"column":16},"end":{"line":147,"column":53}},{"start":{"line":148,"column":16},"end":{"line":148,"column":18}}],"line":146},"10":{"loc":{"start":{"line":150,"column":2},"end":{"line":154,"column":3}},"type":"if","locations":[{"start":{"line":150,"column":2},"end":{"line":154,"column":3}},{"start":{},"end":{}}],"line":150},"11":{"loc":{"start":{"line":158,"column":2},"end":{"line":170,"column":3}},"type":"if","locations":[{"start":{"line":158,"column":2},"end":{"line":170,"column":3}},{"start":{"line":160,"column":9},"end":{"line":170,"column":3}}],"line":158},"12":{"loc":{"start":{"line":158,"column":6},"end":{"line":158,"column":58}},"type":"binary-expr","locations":[{"start":{"line":158,"column":6},"end":{"line":158,"column":26}},{"start":{"line":158,"column":30},"end":{"line":158,"column":58}}],"line":158},"13":{"loc":{"start":{"line":160,"column":9},"end":{"line":170,"column":3}},"type":"if","locations":[{"start":{"line":160,"column":9},"end":{"line":170,"column":3}},{"start":{},"end":{}}],"line":160},"14":{"loc":{"start":{"line":160,"column":13},"end":{"line":160,"column":65}},"type":"binary-expr","locations":[{"start":{"line":160,"column":13},"end":{"line":160,"column":33}},{"start":{"line":160,"column":37},"end":{"line":160,"column":65}}],"line":160},"15":{"loc":{"start":{"line":162,"column":6},"end":{"line":162,"column":28}},"type":"binary-expr","locations":[{"start":{"line":162,"column":6},"end":{"line":162,"column":15}},{"start":{"line":162,"column":19},"end":{"line":162,"column":28}}],"line":162},"16":{"loc":{"start":{"line":165,"column":3},"end":{"line":165,"column":19}},"type":"binary-expr","locations":[{"start":{"line":165,"column":3},"end":{"line":165,"column":13}},{"start":{"line":165,"column":17},"end":{"line":165,"column":19}}],"line":165},"17":{"loc":{"start":{"line":168,"column":3},"end":{"line":168,"column":24}},"type":"binary-expr","locations":[{"start":{"line":168,"column":3},"end":{"line":168,"column":18}},{"start":{"line":168,"column":22},"end":{"line":168,"column":24}}],"line":168},"18":{"loc":{"start":{"line":179,"column":16},"end":{"line":179,"column":41}},"type":"binary-expr","locations":[{"start":{"line":179,"column":16},"end":{"line":179,"column":35}},{"start":{"line":179,"column":39},"end":{"line":179,"column":41}}],"line":179},"19":{"loc":{"start":{"line":181,"column":2},"end":{"line":185,"column":3}},"type":"if","locations":[{"start":{"line":181,"column":2},"end":{"line":185,"column":3}},{"start":{},"end":{}}],"line":181},"20":{"loc":{"start":{"line":195,"column":3},"end":{"line":195,"column":25}},"type":"binary-expr","locations":[{"start":{"line":195,"column":3},"end":{"line":195,"column":19}},{"start":{"line":195,"column":23},"end":{"line":195,"column":25}}],"line":195},"21":{"loc":{"start":{"line":203,"column":23},"end":{"line":203,"column":51}},"type":"binary-expr","locations":[{"start":{"line":203,"column":23},"end":{"line":203,"column":45}},{"start":{"line":203,"column":49},"end":{"line":203,"column":51}}],"line":203},"22":{"loc":{"start":{"line":204,"column":22},"end":{"line":204,"column":49}},"type":"binary-expr","locations":[{"start":{"line":204,"column":22},"end":{"line":204,"column":43}},{"start":{"line":204,"column":47},"end":{"line":204,"column":49}}],"line":204},"23":{"loc":{"start":{"line":205,"column":27},"end":{"line":205,"column":59}},"type":"binary-expr","locations":[{"start":{"line":205,"column":27},"end":{"line":205,"column":53}},{"start":{"line":205,"column":57},"end":{"line":205,"column":59}}],"line":205},"24":{"loc":{"start":{"line":206,"column":22},"end":{"line":206,"column":62}},"type":"binary-expr","locations":[{"start":{"line":206,"column":22},"end":{"line":206,"column":56}},{"start":{"line":206,"column":60},"end":{"line":206,"column":62}}],"line":206},"25":{"loc":{"start":{"line":211,"column":2},"end":{"line":218,"column":3}},"type":"if","locations":[{"start":{"line":211,"column":2},"end":{"line":218,"column":3}},{"start":{},"end":{}}],"line":211},"26":{"loc":{"start":{"line":214,"column":4},"end":{"line":214,"column":20}},"type":"binary-expr","locations":[{"start":{"line":214,"column":4},"end":{"line":214,"column":14}},{"start":{"line":214,"column":18},"end":{"line":214,"column":20}}],"line":214},"27":{"loc":{"start":{"line":221,"column":2},"end":{"line":226,"column":3}},"type":"if","locations":[{"start":{"line":221,"column":2},"end":{"line":226,"column":3}},{"start":{},"end":{}}],"line":221},"28":{"loc":{"start":{"line":229,"column":2},"end":{"line":234,"column":3}},"type":"if","locations":[{"start":{"line":229,"column":2},"end":{"line":234,"column":3}},{"start":{},"end":{}}],"line":229},"29":{"loc":{"start":{"line":237,"column":2},"end":{"line":250,"column":3}},"type":"if","locations":[{"start":{"line":237,"column":2},"end":{"line":250,"column":3}},{"start":{},"end":{}}],"line":237},"30":{"loc":{"start":{"line":245,"column":3},"end":{"line":245,"column":28}},"type":"binary-expr","locations":[{"start":{"line":245,"column":3},"end":{"line":245,"column":22}},{"start":{"line":245,"column":26},"end":{"line":245,"column":28}}],"line":245},"31":{"loc":{"start":{"line":248,"column":3},"end":{"line":248,"column":35}},"type":"binary-expr","locations":[{"start":{"line":248,"column":3},"end":{"line":248,"column":29}},{"start":{"line":248,"column":33},"end":{"line":248,"column":35}}],"line":248},"32":{"loc":{"start":{"line":259,"column":14},"end":{"line":259,"column":55}},"type":"binary-expr","locations":[{"start":{"line":259,"column":14},"end":{"line":259,"column":49}},{"start":{"line":259,"column":53},"end":{"line":259,"column":55}}],"line":259},"33":{"loc":{"start":{"line":261,"column":2},"end":{"line":265,"column":3}},"type":"if","locations":[{"start":{"line":261,"column":2},"end":{"line":265,"column":3}},{"start":{},"end":{}}],"line":261},"34":{"loc":{"start":{"line":272,"column":3},"end":{"line":272,"column":21}},"type":"binary-expr","locations":[{"start":{"line":272,"column":3},"end":{"line":272,"column":15}},{"start":{"line":272,"column":19},"end":{"line":272,"column":21}}],"line":272},"35":{"loc":{"start":{"line":280,"column":20},"end":{"line":282,"column":22}},"type":"binary-expr","locations":[{"start":{"line":280,"column":20},"end":{"line":280,"column":39}},{"start":{"line":281,"column":20},"end":{"line":281,"column":64}},{"start":{"line":282,"column":20},"end":{"line":282,"column":22}}],"line":280},"36":{"loc":{"start":{"line":284,"column":2},"end":{"line":288,"column":3}},"type":"if","locations":[{"start":{"line":284,"column":2},"end":{"line":288,"column":3}},{"start":{},"end":{}}],"line":284},"37":{"loc":{"start":{"line":293,"column":2},"end":{"line":299,"column":3}},"type":"if","locations":[{"start":{"line":293,"column":2},"end":{"line":299,"column":3}},{"start":{},"end":{}}],"line":293},"38":{"loc":{"start":{"line":302,"column":2},"end":{"line":308,"column":3}},"type":"if","locations":[{"start":{"line":302,"column":2},"end":{"line":308,"column":3}},{"start":{},"end":{}}],"line":302},"39":{"loc":{"start":{"line":311,"column":2},"end":{"line":316,"column":3}},"type":"if","locations":[{"start":{"line":311,"column":2},"end":{"line":316,"column":3}},{"start":{},"end":{}}],"line":311},"40":{"loc":{"start":{"line":325,"column":23},"end":{"line":327,"column":25}},"type":"binary-expr","locations":[{"start":{"line":325,"column":23},"end":{"line":325,"column":45}},{"start":{"line":326,"column":23},"end":{"line":326,"column":56}},{"start":{"line":327,"column":23},"end":{"line":327,"column":25}}],"line":325},"41":{"loc":{"start":{"line":331,"column":2},"end":{"line":333,"column":3}},"type":"if","locations":[{"start":{"line":331,"column":2},"end":{"line":333,"column":3}},{"start":{},"end":{}}],"line":331},"42":{"loc":{"start":{"line":335,"column":2},"end":{"line":337,"column":3}},"type":"if","locations":[{"start":{"line":335,"column":2},"end":{"line":337,"column":3}},{"start":{},"end":{}}],"line":335},"43":{"loc":{"start":{"line":339,"column":2},"end":{"line":351,"column":3}},"type":"if","locations":[{"start":{"line":339,"column":2},"end":{"line":351,"column":3}},{"start":{},"end":{}}],"line":339},"44":{"loc":{"start":{"line":339,"column":6},"end":{"line":339,"column":67}},"type":"binary-expr","locations":[{"start":{"line":339,"column":6},"end":{"line":339,"column":29}},{"start":{"line":339,"column":33},"end":{"line":339,"column":67}}],"line":339},"45":{"loc":{"start":{"line":346,"column":23},"end":{"line":346,"column":46}},"type":"binary-expr","locations":[{"start":{"line":346,"column":23},"end":{"line":346,"column":40}},{"start":{"line":346,"column":44},"end":{"line":346,"column":46}}],"line":346},"46":{"loc":{"start":{"line":349,"column":3},"end":{"line":349,"column":30}},"type":"binary-expr","locations":[{"start":{"line":349,"column":3},"end":{"line":349,"column":24}},{"start":{"line":349,"column":28},"end":{"line":349,"column":30}}],"line":349},"47":{"loc":{"start":{"line":354,"column":18},"end":{"line":355,"column":60}},"type":"binary-expr","locations":[{"start":{"line":354,"column":18},"end":{"line":354,"column":51}},{"start":{"line":355,"column":18},"end":{"line":355,"column":60}}],"line":354},"48":{"loc":{"start":{"line":357,"column":2},"end":{"line":359,"column":3}},"type":"if","locations":[{"start":{"line":357,"column":2},"end":{"line":359,"column":3}},{"start":{},"end":{}}],"line":357},"49":{"loc":{"start":{"line":368,"column":17},"end":{"line":370,"column":19}},"type":"binary-expr","locations":[{"start":{"line":368,"column":17},"end":{"line":368,"column":41}},{"start":{"line":369,"column":17},"end":{"line":369,"column":44}},{"start":{"line":370,"column":17},"end":{"line":370,"column":19}}],"line":368},"50":{"loc":{"start":{"line":372,"column":2},"end":{"line":376,"column":3}},"type":"if","locations":[{"start":{"line":372,"column":2},"end":{"line":376,"column":3}},{"start":{},"end":{}}],"line":372},"51":{"loc":{"start":{"line":372,"column":6},"end":{"line":372,"column":50}},"type":"binary-expr","locations":[{"start":{"line":372,"column":6},"end":{"line":372,"column":20}},{"start":{"line":372,"column":24},"end":{"line":372,"column":50}}],"line":372},"52":{"loc":{"start":{"line":380,"column":30},"end":{"line":380,"column":64}},"type":"binary-expr","locations":[{"start":{"line":380,"column":30},"end":{"line":380,"column":45}},{"start":{"line":380,"column":49},"end":{"line":380,"column":64}}],"line":380},"53":{"loc":{"start":{"line":380,"column":68},"end":{"line":380,"column":88}},"type":"binary-expr","locations":[{"start":{"line":380,"column":68},"end":{"line":380,"column":82}},{"start":{"line":380,"column":86},"end":{"line":380,"column":88}}],"line":380},"54":{"loc":{"start":{"line":387,"column":2},"end":{"line":387,"column":25}},"type":"binary-expr","locations":[{"start":{"line":387,"column":2},"end":{"line":387,"column":19}},{"start":{"line":387,"column":23},"end":{"line":387,"column":25}}],"line":387},"55":{"loc":{"start":{"line":393,"column":3},"end":{"line":393,"column":22}},"type":"binary-expr","locations":[{"start":{"line":393,"column":3},"end":{"line":393,"column":16}},{"start":{"line":393,"column":20},"end":{"line":393,"column":22}}],"line":393},"56":{"loc":{"start":{"line":395,"column":2},"end":{"line":395,"column":54}},"type":"if","locations":[{"start":{"line":395,"column":2},"end":{"line":395,"column":54}},{"start":{},"end":{}}],"line":395},"57":{"loc":{"start":{"line":396,"column":2},"end":{"line":396,"column":45}},"type":"if","locations":[{"start":{"line":396,"column":2},"end":{"line":396,"column":45}},{"start":{},"end":{}}],"line":396},"58":{"loc":{"start":{"line":397,"column":2},"end":{"line":397,"column":59}},"type":"if","locations":[{"start":{"line":397,"column":2},"end":{"line":397,"column":59}},{"start":{},"end":{}}],"line":397},"59":{"loc":{"start":{"line":398,"column":2},"end":{"line":398,"column":62}},"type":"if","locations":[{"start":{"line":398,"column":2},"end":{"line":398,"column":62}},{"start":{},"end":{}}],"line":398},"60":{"loc":{"start":{"line":399,"column":2},"end":{"line":399,"column":65}},"type":"if","locations":[{"start":{"line":399,"column":2},"end":{"line":399,"column":65}},{"start":{},"end":{}}],"line":399},"61":{"loc":{"start":{"line":400,"column":42},"end":{"line":400,"column":71}},"type":"binary-expr","locations":[{"start":{"line":400,"column":42},"end":{"line":400,"column":64}},{"start":{"line":400,"column":68},"end":{"line":400,"column":71}}],"line":400},"62":{"loc":{"start":{"line":403,"column":2},"end":{"line":404,"column":93}},"type":"cond-expr","locations":[{"start":{"line":403,"column":46},"end":{"line":404,"column":88}},{"start":{"line":404,"column":91},"end":{"line":404,"column":93}}],"line":403},"63":{"loc":{"start":{"line":403,"column":2},"end":{"line":403,"column":43}},"type":"binary-expr","locations":[{"start":{"line":403,"column":2},"end":{"line":403,"column":15}},{"start":{"line":403,"column":19},"end":{"line":403,"column":43}}],"line":403},"64":{"loc":{"start":{"line":404,"column":43},"end":{"line":404,"column":72}},"type":"cond-expr","locations":[{"start":{"line":404,"column":56},"end":{"line":404,"column":67}},{"start":{"line":404,"column":70},"end":{"line":404,"column":72}}],"line":404},"65":{"loc":{"start":{"line":414,"column":17},"end":{"line":416,"column":19}},"type":"binary-expr","locations":[{"start":{"line":414,"column":17},"end":{"line":414,"column":36}},{"start":{"line":415,"column":17},"end":{"line":415,"column":52}},{"start":{"line":416,"column":17},"end":{"line":416,"column":19}}],"line":414},"66":{"loc":{"start":{"line":418,"column":2},"end":{"line":422,"column":3}},"type":"if","locations":[{"start":{"line":418,"column":2},"end":{"line":422,"column":3}},{"start":{},"end":{}}],"line":418},"67":{"loc":{"start":{"line":424,"column":18},"end":{"line":424,"column":61}},"type":"binary-expr","locations":[{"start":{"line":424,"column":18},"end":{"line":424,"column":51}},{"start":{"line":424,"column":55},"end":{"line":424,"column":61}}],"line":424},"68":{"loc":{"start":{"line":425,"column":19},"end":{"line":425,"column":74}},"type":"binary-expr","locations":[{"start":{"line":425,"column":19},"end":{"line":425,"column":65}},{"start":{"line":425,"column":69},"end":{"line":425,"column":74}}],"line":425},"69":{"loc":{"start":{"line":437,"column":19},"end":{"line":437,"column":40}},"type":"binary-expr","locations":[{"start":{"line":437,"column":19},"end":{"line":437,"column":31}},{"start":{"line":437,"column":35},"end":{"line":437,"column":40}}],"line":437},"70":{"loc":{"start":{"line":438,"column":17},"end":{"line":438,"column":34}},"type":"binary-expr","locations":[{"start":{"line":438,"column":17},"end":{"line":438,"column":27}},{"start":{"line":438,"column":31},"end":{"line":438,"column":34}}],"line":438},"71":{"loc":{"start":{"line":439,"column":24},"end":{"line":439,"column":47}},"type":"binary-expr","locations":[{"start":{"line":439,"column":24},"end":{"line":439,"column":41}},{"start":{"line":439,"column":45},"end":{"line":439,"column":47}}],"line":439},"72":{"loc":{"start":{"line":440,"column":17},"end":{"line":440,"column":58}},"type":"cond-expr","locations":[{"start":{"line":440,"column":40},"end":{"line":440,"column":48}},{"start":{"line":440,"column":51},"end":{"line":440,"column":58}}],"line":440},"73":{"loc":{"start":{"line":451,"column":16},"end":{"line":453,"column":18}},"type":"binary-expr","locations":[{"start":{"line":451,"column":16},"end":{"line":451,"column":39}},{"start":{"line":452,"column":16},"end":{"line":452,"column":52}},{"start":{"line":453,"column":16},"end":{"line":453,"column":18}}],"line":451},"74":{"loc":{"start":{"line":455,"column":2},"end":{"line":459,"column":3}},"type":"if","locations":[{"start":{"line":455,"column":2},"end":{"line":459,"column":3}},{"start":{},"end":{}}],"line":455},"75":{"loc":{"start":{"line":461,"column":20},"end":{"line":463,"column":27}},"type":"binary-expr","locations":[{"start":{"line":461,"column":20},"end":{"line":461,"column":60}},{"start":{"line":462,"column":20},"end":{"line":462,"column":60}},{"start":{"line":463,"column":20},"end":{"line":463,"column":27}}],"line":461},"76":{"loc":{"start":{"line":472,"column":19},"end":{"line":472,"column":54}},"type":"cond-expr","locations":[{"start":{"line":472,"column":36},"end":{"line":472,"column":44}},{"start":{"line":472,"column":47},"end":{"line":472,"column":54}}],"line":472},"77":{"loc":{"start":{"line":474,"column":2},"end":{"line":474,"column":74}},"type":"cond-expr","locations":[{"start":{"line":474,"column":20},"end":{"line":474,"column":69}},{"start":{"line":474,"column":72},"end":{"line":474,"column":74}}],"line":474},"78":{"loc":{"start":{"line":479,"column":2},"end":{"line":484,"column":3}},"type":"if","locations":[{"start":{"line":479,"column":2},"end":{"line":484,"column":3}},{"start":{},"end":{}}],"line":479},"79":{"loc":{"start":{"line":493,"column":19},"end":{"line":495,"column":21}},"type":"binary-expr","locations":[{"start":{"line":493,"column":19},"end":{"line":493,"column":37}},{"start":{"line":494,"column":19},"end":{"line":494,"column":45}},{"start":{"line":495,"column":19},"end":{"line":495,"column":21}}],"line":493},"80":{"loc":{"start":{"line":497,"column":2},"end":{"line":501,"column":3}},"type":"if","locations":[{"start":{"line":497,"column":2},"end":{"line":501,"column":3}},{"start":{},"end":{}}],"line":497},"81":{"loc":{"start":{"line":506,"column":2},"end":{"line":518,"column":3}},"type":"if","locations":[{"start":{"line":506,"column":2},"end":{"line":518,"column":3}},{"start":{},"end":{}}],"line":506},"82":{"loc":{"start":{"line":508,"column":4},"end":{"line":510,"column":5}},"type":"if","locations":[{"start":{"line":508,"column":4},"end":{"line":510,"column":5}},{"start":{},"end":{}}],"line":508},"83":{"loc":{"start":{"line":511,"column":4},"end":{"line":517,"column":5}},"type":"if","locations":[{"start":{"line":511,"column":4},"end":{"line":517,"column":5}},{"start":{},"end":{}}],"line":511},"84":{"loc":{"start":{"line":521,"column":2},"end":{"line":529,"column":3}},"type":"if","locations":[{"start":{"line":521,"column":2},"end":{"line":529,"column":3}},{"start":{},"end":{}}],"line":521},"85":{"loc":{"start":{"line":523,"column":35},"end":{"line":523,"column":82}},"type":"binary-expr","locations":[{"start":{"line":523,"column":35},"end":{"line":523,"column":63}},{"start":{"line":523,"column":67},"end":{"line":523,"column":82}}],"line":523},"86":{"loc":{"start":{"line":524,"column":37},"end":{"line":524,"column":71}},"type":"binary-expr","locations":[{"start":{"line":524,"column":37},"end":{"line":524,"column":66}},{"start":{"line":524,"column":70},"end":{"line":524,"column":71}}],"line":524},"87":{"loc":{"start":{"line":525,"column":4},"end":{"line":527,"column":5}},"type":"if","locations":[{"start":{"line":525,"column":4},"end":{"line":527,"column":5}},{"start":{},"end":{}}],"line":525},"88":{"loc":{"start":{"line":526,"column":43},"end":{"line":526,"column":96}},"type":"binary-expr","locations":[{"start":{"line":526,"column":43},"end":{"line":526,"column":77}},{"start":{"line":526,"column":81},"end":{"line":526,"column":96}}],"line":526},"89":{"loc":{"start":{"line":532,"column":2},"end":{"line":536,"column":3}},"type":"if","locations":[{"start":{"line":532,"column":2},"end":{"line":536,"column":3}},{"start":{},"end":{}}],"line":532},"90":{"loc":{"start":{"line":534,"column":35},"end":{"line":534,"column":89}},"type":"binary-expr","locations":[{"start":{"line":534,"column":35},"end":{"line":534,"column":70}},{"start":{"line":534,"column":74},"end":{"line":534,"column":89}}],"line":534},"91":{"loc":{"start":{"line":535,"column":37},"end":{"line":535,"column":78}},"type":"binary-expr","locations":[{"start":{"line":535,"column":37},"end":{"line":535,"column":73}},{"start":{"line":535,"column":77},"end":{"line":535,"column":78}}],"line":535},"92":{"loc":{"start":{"line":539,"column":2},"end":{"line":543,"column":3}},"type":"if","locations":[{"start":{"line":539,"column":2},"end":{"line":543,"column":3}},{"start":{},"end":{}}],"line":539},"93":{"loc":{"start":{"line":541,"column":35},"end":{"line":541,"column":81}},"type":"binary-expr","locations":[{"start":{"line":541,"column":35},"end":{"line":541,"column":62}},{"start":{"line":541,"column":66},"end":{"line":541,"column":81}}],"line":541},"94":{"loc":{"start":{"line":542,"column":37},"end":{"line":542,"column":70}},"type":"binary-expr","locations":[{"start":{"line":542,"column":37},"end":{"line":542,"column":65}},{"start":{"line":542,"column":69},"end":{"line":542,"column":70}}],"line":542},"95":{"loc":{"start":{"line":552,"column":21},"end":{"line":554,"column":23}},"type":"binary-expr","locations":[{"start":{"line":552,"column":21},"end":{"line":552,"column":45}},{"start":{"line":553,"column":21},"end":{"line":553,"column":52}},{"start":{"line":554,"column":21},"end":{"line":554,"column":23}}],"line":552},"96":{"loc":{"start":{"line":556,"column":2},"end":{"line":560,"column":3}},"type":"if","locations":[{"start":{"line":556,"column":2},"end":{"line":560,"column":3}},{"start":{},"end":{}}],"line":556},"97":{"loc":{"start":{"line":565,"column":2},"end":{"line":578,"column":3}},"type":"if","locations":[{"start":{"line":565,"column":2},"end":{"line":578,"column":3}},{"start":{},"end":{}}],"line":565},"98":{"loc":{"start":{"line":568,"column":4},"end":{"line":570,"column":5}},"type":"if","locations":[{"start":{"line":568,"column":4},"end":{"line":570,"column":5}},{"start":{},"end":{}}],"line":568},"99":{"loc":{"start":{"line":569,"column":34},"end":{"line":569,"column":91}},"type":"binary-expr","locations":[{"start":{"line":569,"column":34},"end":{"line":569,"column":72}},{"start":{"line":569,"column":76},"end":{"line":569,"column":91}}],"line":569},"100":{"loc":{"start":{"line":571,"column":4},"end":{"line":573,"column":5}},"type":"if","locations":[{"start":{"line":571,"column":4},"end":{"line":573,"column":5}},{"start":{},"end":{}}],"line":571},"101":{"loc":{"start":{"line":572,"column":33},"end":{"line":572,"column":89}},"type":"binary-expr","locations":[{"start":{"line":572,"column":33},"end":{"line":572,"column":70}},{"start":{"line":572,"column":74},"end":{"line":572,"column":89}}],"line":572},"102":{"loc":{"start":{"line":574,"column":4},"end":{"line":576,"column":5}},"type":"if","locations":[{"start":{"line":574,"column":4},"end":{"line":576,"column":5}},{"start":{},"end":{}}],"line":574},"103":{"loc":{"start":{"line":575,"column":34},"end":{"line":575,"column":91}},"type":"binary-expr","locations":[{"start":{"line":575,"column":34},"end":{"line":575,"column":72}},{"start":{"line":575,"column":76},"end":{"line":575,"column":91}}],"line":575},"104":{"loc":{"start":{"line":581,"column":2},"end":{"line":592,"column":3}},"type":"if","locations":[{"start":{"line":581,"column":2},"end":{"line":592,"column":3}},{"start":{},"end":{}}],"line":581},"105":{"loc":{"start":{"line":581,"column":6},"end":{"line":581,"column":53}},"type":"binary-expr","locations":[{"start":{"line":581,"column":6},"end":{"line":581,"column":22}},{"start":{"line":581,"column":26},"end":{"line":581,"column":53}}],"line":581},"106":{"loc":{"start":{"line":586,"column":3},"end":{"line":586,"column":20}},"type":"binary-expr","locations":[{"start":{"line":586,"column":3},"end":{"line":586,"column":14}},{"start":{"line":586,"column":18},"end":{"line":586,"column":20}}],"line":586},"107":{"loc":{"start":{"line":589,"column":3},"end":{"line":589,"column":23}},"type":"binary-expr","locations":[{"start":{"line":589,"column":3},"end":{"line":589,"column":17}},{"start":{"line":589,"column":21},"end":{"line":589,"column":23}}],"line":589},"108":{"loc":{"start":{"line":601,"column":17},"end":{"line":603,"column":19}},"type":"binary-expr","locations":[{"start":{"line":601,"column":17},"end":{"line":601,"column":39}},{"start":{"line":602,"column":17},"end":{"line":602,"column":50}},{"start":{"line":603,"column":17},"end":{"line":603,"column":19}}],"line":601},"109":{"loc":{"start":{"line":605,"column":2},"end":{"line":609,"column":3}},"type":"if","locations":[{"start":{"line":605,"column":2},"end":{"line":609,"column":3}},{"start":{},"end":{}}],"line":605},"110":{"loc":{"start":{"line":619,"column":4},"end":{"line":629,"column":5}},"type":"if","locations":[{"start":{"line":619,"column":4},"end":{"line":629,"column":5}},{"start":{},"end":{}}],"line":619},"111":{"loc":{"start":{"line":626,"column":17},"end":{"line":626,"column":35}},"type":"binary-expr","locations":[{"start":{"line":626,"column":17},"end":{"line":626,"column":29}},{"start":{"line":626,"column":33},"end":{"line":626,"column":35}}],"line":626},"112":{"loc":{"start":{"line":627,"column":16},"end":{"line":627,"column":49}},"type":"binary-expr","locations":[{"start":{"line":627,"column":16},"end":{"line":627,"column":36}},{"start":{"line":627,"column":40},"end":{"line":627,"column":49}}],"line":627},"113":{"loc":{"start":{"line":639,"column":17},"end":{"line":641,"column":53}},"type":"binary-expr","locations":[{"start":{"line":639,"column":17},"end":{"line":639,"column":41}},{"start":{"line":640,"column":17},"end":{"line":640,"column":55}},{"start":{"line":641,"column":17},"end":{"line":641,"column":53}}],"line":639},"114":{"loc":{"start":{"line":663,"column":20},"end":{"line":663,"column":100}},"type":"cond-expr","locations":[{"start":{"line":663,"column":42},"end":{"line":663,"column":88}},{"start":{"line":663,"column":91},"end":{"line":663,"column":100}}],"line":663},"115":{"loc":{"start":{"line":669,"column":20},"end":{"line":669,"column":55}},"type":"binary-expr","locations":[{"start":{"line":669,"column":20},"end":{"line":669,"column":39}},{"start":{"line":669,"column":43},"end":{"line":669,"column":55}}],"line":669},"116":{"loc":{"start":{"line":672,"column":25},"end":{"line":672,"column":64}},"type":"binary-expr","locations":[{"start":{"line":672,"column":25},"end":{"line":672,"column":59}},{"start":{"line":672,"column":63},"end":{"line":672,"column":64}}],"line":672},"117":{"loc":{"start":{"line":673,"column":17},"end":{"line":673,"column":55}},"type":"binary-expr","locations":[{"start":{"line":673,"column":17},"end":{"line":673,"column":44}},{"start":{"line":673,"column":48},"end":{"line":673,"column":55}}],"line":673}},"s":{"0":4,"1":4,"2":5,"3":5,"4":5,"5":5,"6":5,"7":5,"8":5,"9":5,"10":5,"11":5,"12":5,"13":5,"14":5,"15":5,"16":5,"17":5,"18":5,"19":5,"20":5,"21":5,"22":5,"23":5,"24":5,"25":5,"26":5,"27":5,"28":5,"29":5,"30":5,"31":5,"32":5,"33":5,"34":5,"35":5,"36":5,"37":5,"38":5,"39":5,"40":5,"41":0,"42":5,"43":5,"44":5,"45":5,"46":0,"47":0,"48":0,"49":0,"50":0,"51":5,"52":5,"53":5,"54":0,"55":5,"56":5,"57":20,"58":5,"59":5,"60":5,"61":5,"62":5,"63":5,"64":5,"65":5,"66":5,"67":5,"68":5,"69":5,"70":5,"71":5,"72":0,"73":0,"74":0,"75":5,"76":0,"77":0,"78":0,"79":0,"80":0,"81":5,"82":5,"83":5,"84":0,"85":5,"86":25,"87":95,"88":5,"89":5,"90":0,"91":5,"92":5,"93":5,"94":5,"95":40,"96":5,"97":5,"98":5,"99":5,"100":30,"101":5,"102":5,"103":5,"104":5,"105":25,"106":5,"107":5,"108":5,"109":5,"110":5,"111":5,"112":5,"113":5,"114":5,"115":5,"116":15,"117":60,"118":5,"119":5,"120":5,"121":5,"122":5,"123":5,"124":0,"125":5,"126":5,"127":5,"128":5,"129":20,"130":120,"131":120,"132":20,"133":120,"134":0,"135":120,"136":80,"137":120,"138":60,"139":120,"140":0,"141":120,"142":20,"143":5,"144":5,"145":5,"146":0,"147":5,"148":5,"149":5,"150":5,"151":5,"152":5,"153":5,"154":5,"155":5,"156":105,"157":105,"158":105,"159":105,"160":105,"161":5,"162":5,"163":5,"164":0,"165":5,"166":5,"167":5,"168":5,"169":10,"170":5,"171":5,"172":5,"173":5,"174":20,"175":5,"176":5,"177":5,"178":0,"179":5,"180":5,"181":5,"182":5,"183":5,"184":5,"185":5,"186":5,"187":15,"188":5,"189":5,"190":5,"191":5,"192":5,"193":5,"194":5,"195":5,"196":5,"197":5,"198":5,"199":5,"200":5,"201":5,"202":5,"203":5,"204":5,"205":5,"206":5,"207":0,"208":5,"209":5,"210":5,"211":5,"212":5,"213":5,"214":5,"215":5,"216":5,"217":5,"218":5,"219":5,"220":5,"221":15,"222":45,"223":220,"224":5,"225":5,"226":5,"227":0,"228":5,"229":5,"230":5,"231":5,"232":20,"233":300,"234":20,"235":15,"236":15,"237":75,"238":5,"239":5,"240":5,"241":5,"242":5,"243":5,"244":4},"f":{"0":5,"1":5,"2":5,"3":5,"4":5,"5":5,"6":5,"7":0,"8":0,"9":0,"10":5,"11":5,"12":20,"13":5,"14":5,"15":5,"16":0,"17":0,"18":0,"19":0,"20":5,"21":25,"22":95,"23":5,"24":40,"25":30,"26":25,"27":5,"28":15,"29":60,"30":5,"31":20,"32":120,"33":20,"34":5,"35":105,"36":5,"37":10,"38":20,"39":5,"40":15,"41":5,"42":15,"43":45,"44":220,"45":5,"46":20,"47":300,"48":75,"49":5,"50":5},"b":{"0":[5,5],"1":[5,5,0],"2":[5,0],"3":[5,5,0],"4":[5,5,0],"5":[5,5],"6":[5,0],"7":[5,5,0],"8":[5,0,0],"9":[5,0,0],"10":[0,5],"11":[5,0],"12":[5,5],"13":[0,0],"14":[0,0],"15":[0,0],"16":[0,0],"17":[0,0],"18":[5,0],"19":[0,5],"20":[5,0],"21":[5,0],"22":[5,0],"23":[5,0],"24":[5,5],"25":[5,0],"26":[5,0],"27":[5,0],"28":[0,5],"29":[0,5],"30":[0,0],"31":[0,0],"32":[5,0],"33":[0,5],"34":[25,0],"35":[5,0,0],"36":[0,5],"37":[5,0],"38":[5,0],"39":[5,0],"40":[5,0,0],"41":[5,0],"42":[5,0],"43":[5,0],"44":[5,5],"45":[15,0],"46":[15,0],"47":[5,0],"48":[5,0],"49":[5,0,0],"50":[0,5],"51":[5,5],"52":[5,0],"53":[5,0],"54":[20,0],"55":[20,0],"56":[20,100],"57":[0,120],"58":[80,40],"59":[60,60],"60":[0,120],"61":[120,20],"62":[20,0],"63":[20,20],"64":[0,20],"65":[5,0,0],"66":[0,5],"67":[5,0],"68":[5,0],"69":[105,0],"70":[105,0],"71":[105,0],"72":[0,105],"73":[5,0,0],"74":[0,5],"75":[5,0,0],"76":[0,10],"77":[10,0],"78":[5,0],"79":[5,0,0],"80":[0,5],"81":[5,0],"82":[5,0],"83":[5,0],"84":[5,0],"85":[5,0],"86":[5,0],"87":[5,0],"88":[5,0],"89":[5,0],"90":[5,0],"91":[5,5],"92":[5,0],"93":[5,0],"94":[5,0],"95":[5,0,0],"96":[0,5],"97":[5,0],"98":[5,0],"99":[5,0],"100":[5,0],"101":[5,0],"102":[5,0],"103":[5,0],"104":[5,0],"105":[5,5],"106":[15,0],"107":[45,0],"108":[5,0,0],"109":[0,5],"110":[15,5],"111":[75,0],"112":[75,0],"113":[5,0,0],"114":[0,5],"115":[5,5],"116":[5,0],"117":[5,0]},"_coverageSchema":"1a1c01bbd47fc00a2c39e90264f33305004495a9","hash":"349700128073b0d1413a7101a657dbbb38c90999"}
,"C:\\Users\\kunal\\Desktop\\Projects\\bobforge\\backend\\src\\generators\\apiPlanGenerator.js": {"path":"C:\\Users\\kunal\\Desktop\\Projects\\bobforge\\backend\\src\\generators\\apiPlanGenerator.js","statementMap":{"0":{"start":{"line":12,"column":2},"end":{"line":12,"column":27}},"1":{"start":{"line":13,"column":16},"end":{"line":13,"column":37}},"2":{"start":{"line":14,"column":14},"end":{"line":14,"column":42}},"3":{"start":{"line":15,"column":2},"end":{"line":15,"column":23}},"4":{"start":{"line":17,"column":2},"end":{"line":20,"column":4}},"5":{"start":{"line":24,"column":2},"end":{"line":26,"column":3}},"6":{"start":{"line":25,"column":4},"end":{"line":25,"column":51}},"7":{"start":{"line":30,"column":2},"end":{"line":34,"column":4}},"8":{"start":{"line":38,"column":18},"end":{"line":38,"column":60}},"9":{"start":{"line":38,"column":41},"end":{"line":38,"column":59}},"10":{"start":{"line":39,"column":20},"end":{"line":39,"column":22}},"11":{"start":{"line":42,"column":2},"end":{"line":95,"column":3}},"12":{"start":{"line":43,"column":4},"end":{"line":94,"column":6}},"13":{"start":{"line":98,"column":2},"end":{"line":187,"column":7}},"14":{"start":{"line":99,"column":21},"end":{"line":99,"column":74}},"15":{"start":{"line":101,"column":27},"end":{"line":101,"column":37}},"16":{"start":{"line":102,"column":27},"end":{"line":102,"column":96}},"17":{"start":{"line":104,"column":6},"end":{"line":186,"column":8}},"18":{"start":{"line":190,"column":2},"end":{"line":198,"column":5}},"19":{"start":{"line":200,"column":2},"end":{"line":272,"column":4}},"20":{"start":{"line":276,"column":2},"end":{"line":278,"column":3}},"21":{"start":{"line":277,"column":4},"end":{"line":277,"column":50}},"22":{"start":{"line":281,"column":0},"end":{"line":281,"column":30}}},"fnMap":{"0":{"name":"generate","decl":{"start":{"line":11,"column":15},"end":{"line":11,"column":23}},"loc":{"start":{"line":11,"column":33},"end":{"line":21,"column":1}},"line":11},"1":{"name":"validateContext","decl":{"start":{"line":23,"column":9},"end":{"line":23,"column":24}},"loc":{"start":{"line":23,"column":34},"end":{"line":27,"column":1}},"line":23},"2":{"name":"extractInput","decl":{"start":{"line":29,"column":9},"end":{"line":29,"column":21}},"loc":{"start":{"line":29,"column":31},"end":{"line":35,"column":1}},"line":29},"3":{"name":"generateAPIPlan","decl":{"start":{"line":37,"column":15},"end":{"line":37,"column":30}},"loc":{"start":{"line":37,"column":38},"end":{"line":273,"column":1}},"line":37},"4":{"name":"(anonymous_4)","decl":{"start":{"line":38,"column":36},"end":{"line":38,"column":37}},"loc":{"start":{"line":38,"column":41},"end":{"line":38,"column":59}},"line":38},"5":{"name":"(anonymous_5)","decl":{"start":{"line":99,"column":12},"end":{"line":99,"column":13}},"loc":{"start":{"line":99,"column":21},"end":{"line":99,"column":74}},"line":99},"6":{"name":"(anonymous_6)","decl":{"start":{"line":100,"column":13},"end":{"line":100,"column":14}},"loc":{"start":{"line":100,"column":22},"end":{"line":187,"column":5}},"line":100},"7":{"name":"validateAPIPlan","decl":{"start":{"line":275,"column":9},"end":{"line":275,"column":24}},"loc":{"start":{"line":275,"column":30},"end":{"line":279,"column":1}},"line":275}},"branchMap":{"0":{"loc":{"start":{"line":24,"column":2},"end":{"line":26,"column":3}},"type":"if","locations":[{"start":{"line":24,"column":2},"end":{"line":26,"column":3}},{"start":{},"end":{}}],"line":24},"1":{"loc":{"start":{"line":32,"column":12},"end":{"line":32,"column":39}},"type":"binary-expr","locations":[{"start":{"line":32,"column":12},"end":{"line":32,"column":33}},{"start":{"line":32,"column":37},"end":{"line":32,"column":39}}],"line":32},"2":{"loc":{"start":{"line":33,"column":14},"end":{"line":33,"column":40}},"type":"binary-expr","locations":[{"start":{"line":33,"column":14},"end":{"line":33,"column":34}},{"start":{"line":33,"column":38},"end":{"line":33,"column":40}}],"line":33},"3":{"loc":{"start":{"line":42,"column":2},"end":{"line":95,"column":3}},"type":"if","locations":[{"start":{"line":42,"column":2},"end":{"line":95,"column":3}},{"start":{},"end":{}}],"line":42},"4":{"loc":{"start":{"line":99,"column":21},"end":{"line":99,"column":74}},"type":"binary-expr","locations":[{"start":{"line":99,"column":21},"end":{"line":99,"column":43}},{"start":{"line":99,"column":47},"end":{"line":99,"column":74}}],"line":99},"5":{"loc":{"start":{"line":102,"column":27},"end":{"line":102,"column":96}},"type":"cond-expr","locations":[{"start":{"line":102,"column":56},"end":{"line":102,"column":81}},{"start":{"line":102,"column":84},"end":{"line":102,"column":96}}],"line":102},"6":{"loc":{"start":{"line":203,"column":20},"end":{"line":211,"column":5}},"type":"cond-expr","locations":[{"start":{"line":203,"column":30},"end":{"line":208,"column":5}},{"start":{"line":208,"column":8},"end":{"line":211,"column":5}}],"line":203},"7":{"loc":{"start":{"line":276,"column":2},"end":{"line":278,"column":3}},"type":"if","locations":[{"start":{"line":276,"column":2},"end":{"line":278,"column":3}},{"start":{},"end":{}}],"line":276},"8":{"loc":{"start":{"line":276,"column":6},"end":{"line":276,"column":58}},"type":"binary-expr","locations":[{"start":{"line":276,"column":6},"end":{"line":276,"column":10}},{"start":{"line":276,"column":14},"end":{"line":276,"column":28}},{"start":{"line":276,"column":32},"end":{"line":276,"column":58}}],"line":276}},"s":{"0":9,"1":9,"2":9,"3":9,"4":9,"5":9,"6":0,"7":9,"8":9,"9":36,"10":9,"11":9,"12":0,"13":9,"14":36,"15":36,"16":36,"17":36,"18":9,"19":9,"20":9,"21":0,"22":4},"f":{"0":9,"1":9,"2":9,"3":9,"4":36,"5":36,"6":36,"7":9},"b":{"0":[0,9],"1":[9,0],"2":[9,9],"3":[0,9],"4":[36,36],"5":[36,0],"6":[0,9],"7":[0,9],"8":[9,9,9]},"_coverageSchema":"1a1c01bbd47fc00a2c39e90264f33305004495a9","hash":"c0c79d56cbd80d67ed602160589557f96d254295"}
[...]
":{"loc":{"start":{"line":200,"column":6},"end":{"line":200,"column":69}},"type":"binary-expr","locations":[{"start":{"line":200,"column":6},"end":{"line":200,"column":34}},{"start":{"line":200,"column":38},"end":{"line":200,"column":69}}],"line":200},"21":{"loc":{"start":{"line":205,"column":2},"end":{"line":207,"column":3}},"type":"if","locations":[{"start":{"line":205,"column":2},"end":{"line":207,"column":3}},{"start":{},"end":{}}],"line":205},"22":{"loc":{"start":{"line":205,"column":6},"end":{"line":205,"column":68}},"type":"binary-expr","locations":[{"start":{"line":205,"column":6},"end":{"line":205,"column":31}},{"start":{"line":205,"column":35},"end":{"line":205,"column":68}}],"line":205},"23":{"loc":{"start":{"line":210,"column":2},"end":{"line":212,"column":3}},"type":"if","locations":[{"start":{"line":210,"column":2},"end":{"line":212,"column":3}},{"start":{},"end":{}}],"line":210},"24":{"loc":{"start":{"line":210,"column":6},"end":{"line":210,"column":64}},"type":"binary-expr","locations":[{"start":{"line":210,"column":6},"end":{"line":210,"column":33}},{"start":{"line":210,"column":37},"end":{"line":210,"column":64}}],"line":210},"25":{"loc":{"start":{"line":215,"column":2},"end":{"line":217,"column":3}},"type":"if","locations":[{"start":{"line":215,"column":2},"end":{"line":217,"column":3}},{"start":{},"end":{}}],"line":215},"26":{"loc":{"start":{"line":215,"column":6},"end":{"line":215,"column":64}},"type":"binary-expr","locations":[{"start":{"line":215,"column":6},"end":{"line":215,"column":34}},{"start":{"line":215,"column":38},"end":{"line":215,"column":64}}],"line":215},"27":{"loc":{"start":{"line":220,"column":2},"end":{"line":222,"column":3}},"type":"if","locations":[{"start":{"line":220,"column":2},"end":{"line":222,"column":3}},{"start":{},"end":{}}],"line":220},"28":{"loc":{"start":{"line":220,"column":6},"end":{"line":220,"column":67}},"type":"binary-expr","locations":[{"start":{"line":220,"column":6},"end":{"line":220,"column":37}},{"start":{"line":220,"column":41},"end":{"line":220,"column":67}}],"line":220},"29":{"loc":{"start":{"line":225,"column":2},"end":{"line":227,"column":3}},"type":"if","locations":[{"start":{"line":225,"column":2},"end":{"line":227,"column":3}},{"start":{},"end":{}}],"line":225},"30":{"loc":{"start":{"line":245,"column":46},"end":{"line":245,"column":92}},"type":"binary-expr","locations":[{"start":{"line":245,"column":46},"end":{"line":245,"column":64}},{"start":{"line":245,"column":68},"end":{"line":245,"column":92}}],"line":245},"31":{"loc":{"start":{"line":247,"column":2},"end":{"line":249,"column":3}},"type":"if","locations":[{"start":{"line":247,"column":2},"end":{"line":249,"column":3}},{"start":{},"end":{}}],"line":247},"32":{"loc":{"start":{"line":263,"column":9},"end":{"line":263,"column":36}},"type":"binary-expr","locations":[{"start":{"line":263,"column":9},"end":{"line":263,"column":20}},{"start":{"line":263,"column":24},"end":{"line":263,"column":36}}],"line":263},"33":{"loc":{"start":{"line":275,"column":15},"end":{"line":275,"column":36}},"type":"binary-expr","locations":[{"start":{"line":275,"column":15},"end":{"line":275,"column":20}},{"start":{"line":275,"column":24},"end":{"line":275,"column":36}}],"line":275},"34":{"loc":{"start":{"line":276,"column":17},"end":{"line":276,"column":74}},"type":"binary-expr","locations":[{"start":{"line":276,"column":17},"end":{"line":276,"column":31}},{"start":{"line":276,"column":35},"end":{"line":276,"column":60}},{"start":{"line":276,"column":64},"end":{"line":276,"column":74}}],"line":276},"35":{"loc":{"start":{"line":278,"column":17},"end":{"line":278,"column":77}},"type":"binary-expr","locations":[{"start":{"line":278,"column":17},"end":{"line":278,"column":48}},{"start":{"line":278,"column":52},"end":{"line":278,"column":71}},{"start":{"line":278,"column":75},"end":{"line":278,"column":77}}],"line":278},"36":{"loc":{"start":{"line":280,"column":12},"end":{"line":280,"column":45}},"type":"binary-expr","locations":[{"start":{"line":280,"column":12},"end":{"line":280,"column":31}},{"start":{"line":280,"column":35},"end":{"line":280,"column":45}}],"line":280}},"s":{"0":4,"1":4,"2":4,"3":4,"4":4,"5":4,"6":4,"7":4,"8":4,"9":4,"10":4,"11":4,"12":9,"13":9,"14":9,"15":9,"16":9,"17":9,"18":9,"19":9,"20":9,"21":9,"22":9,"23":9,"24":9,"25":9,"26":9,"27":9,"28":9,"29":9,"30":9,"31":9,"32":9,"33":9,"34":9,"35":9,"36":9,"37":9,"38":9,"39":9,"40":9,"41":0,"42":0,"43":9,"44":9,"45":9,"46":9,"47":9,"48":9,"49":9,"50":9,"51":0,"52":9,"53":0,"54":9,"55":0,"56":9,"57":0,"58":9,"59":0,"60":9,"61":9,"62":9,"63":9,"64":1,"65":9,"66":0,"67":9,"68":2,"69":9,"70":0,"71":9,"72":0,"73":9,"74":1,"75":9,"76":0,"77":9,"78":5,"79":9,"80":0,"81":9,"82":1,"83":9,"84":9,"85":9,"86":9,"87":9,"88":63,"89":9,"90":0,"91":9,"92":63,"93":63,"94":9,"95":115,"96":9,"97":1,"98":1,"99":3,"100":8,"101":4},"f":{"0":9,"1":9,"2":9,"3":9,"4":9,"5":9,"6":9,"7":63,"8":63,"9":115,"10":1,"11":3,"12":8},"b":{"0":[9,0],"1":[9,9],"2":[0,9],"3":[9,9],"4":[0,9],"5":[9,9],"6":[0,9],"7":[0,9],"8":[9,9],"9":[0,9],"10":[9,9],"11":[0,9],"12":[1,8],"13":[9,8,8],"14":[0,9],"15":[2,7],"16":[9,9,7],"17":[0,9],"18":[9,9],"19":[0,9],"20":[9,9],"21":[1,8],"22":[9,9],"23":[0,9],"24":[9,9],"25":[5,4],"26":[9,9],"27":[0,9],"28":[9,9],"29":[1,8],"30":[63,63],"31":[0,9],"32":[9,0],"33":[3,0],"34":[3,0,0],"35":[3,3,0],"36":[3,0]},"_coverageSchema":"1a1c01bbd47fc00a2c39e90264f33305004495a9","hash":"27195eb075cbccbc096cadcb231adb9e2b755e79"}
,"C:\\Users\\kunal\\Desktop\\Projects\\bobforge\\backend\\src\\services\\storage.service.js": {"path":"C:\\Users\\kunal\\Desktop\\Projects\\bobforge\\backend\\src\\services\\storage.service.js","statementMap":{"0":{"start":{"line":1,"column":11},"end":{"line":1,"column":33}},"1":{"start":{"line":2,"column":13},"end":{"line":2,"column":28}},"2":{"start":{"line":4,"column":17},"end":{"line":4,"column":48}},"3":{"start":{"line":5,"column":24},"end":{"line":5,"column":62}},"4":{"start":{"line":6,"column":23},"end":{"line":6,"column":60}},"5":{"start":{"line":12,"column":2},"end":{"line":32,"column":3}},"6":{"start":{"line":14,"column":4},"end":{"line":14,"column":50}},"7":{"start":{"line":17,"column":4},"end":{"line":21,"column":5}},"8":{"start":{"line":18,"column":6},"end":{"line":18,"column":39}},"9":{"start":{"line":20,"column":6},"end":{"line":20,"column":71}},"10":{"start":{"line":24,"column":4},"end":{"line":28,"column":5}},"11":{"start":{"line":25,"column":6},"end":{"line":25,"column":38}},"12":{"start":{"line":27,"column":6},"end":{"line":27,"column":70}},"13":{"start":{"line":30,"column":4},"end":{"line":30,"column":55}},"14":{"start":{"line":31,"column":4},"end":{"line":31,"column":16}},"15":{"start":{"line":40,"column":2},"end":{"line":40,"column":26}},"16":{"start":{"line":41,"column":15},"end":{"line":41,"column":58}},"17":{"start":{"line":42,"column":2},"end":{"line":42,"column":26}},"18":{"start":{"line":51,"column":21},"end":{"line":51,"column":43}},"19":{"start":{"line":52,"column":2},"end":{"line":52,"column":76}},"20":{"start":{"line":52,"column":31},"end":{"line":52,"column":66}},"21":{"start":{"line":61,"column":21},"end":{"line":61,"column":43}},"22":{"start":{"line":62,"column":2},"end":{"line":62,"column":29}},"23":{"start":{"line":63,"column":2},"end":{"line":63,"column":75}},"24":{"start":{"line":64,"column":2},"end":{"line":64,"column":19}},"25":{"start":{"line":74,"column":21},"end":{"line":74,"column":43}},"26":{"start":{"line":75,"column":16},"end":{"line":75,"column":63}},"27":{"start":{"line":75,"column":43},"end":{"line":75,"column":62}},"28":{"start":{"line":77,"column":2},"end":{"line":79,"column":3}},"29":{"start":{"line":78,"column":4},"end":{"line":78,"column":16}},"30":{"start":{"line":81,"column":2},"end":{"line":85,"column":4}},"31":{"start":{"line":87,"column":2},"end":{"line":87,"column":75}},"32":{"start":{"line":88,"column":2},"end":{"line":88,"column":27}},"33":{"start":{"line":97,"column":21},"end":{"line":97,"column":43}},"34":{"start":{"line":98,"column":19},"end":{"line":98,"column":63}},"35":{"start":{"line":98,"column":43},"end":{"line":98,"column":62}},"36":{"start":{"line":100,"column":2},"end":{"line":102,"column":3}},"37":{"start":{"line":101,"column":4},"end":{"line":101,"column":17}},"38":{"start":{"line":104,"column":2},"end":{"line":104,"column":73}},"39":{"start":{"line":105,"column":2},"end":{"line":105,"column":14}},"40":{"start":{"line":114,"column":2},"end":{"line":114,"column":26}},"41":{"start":{"line":115,"column":15},"end":{"line":115,"column":57}},"42":{"start":{"line":116,"column":20},"end":{"line":116,"column":36}},"43":{"start":{"line":118,"column":2},"end":{"line":120,"column":3}},"44":{"start":{"line":119,"column":4},"end":{"line":119,"column":60}},"45":{"start":{"line":119,"column":33},"end":{"line":119,"column":58}},"46":{"start":{"line":122,"column":2},"end":{"line":122,"column":19}},"47":{"start":{"line":131,"column":20},"end":{"line":131,"column":41}},"48":{"start":{"line":132,"column":2},"end":{"line":132,"column":50}},"49":{"start":{"line":132,"column":29},"end":{"line":132,"column":40}},"50":{"start":{"line":141,"column":20},"end":{"line":141,"column":41}},"51":{"start":{"line":142,"column":2},"end":{"line":142,"column":27}},"52":{"start":{"line":143,"column":2},"end":{"line":143,"column":73}},"53":{"start":{"line":144,"column":2},"end":{"line":144,"column":18}},"54":{"start":{"line":153,"column":20},"end":{"line":153,"column":41}},"55":{"start":{"line":154,"column":19},"end":{"line":154,"column":53}},"56":{"start":{"line":154,"column":41},"end":{"line":154,"column":52}},"57":{"start":{"line":156,"column":2},"end":{"line":158,"column":3}},"58":{"start":{"line":157,"column":4},"end":{"line":157,"column":17}},"59":{"start":{"line":160,"column":2},"end":{"line":160,"column":72}},"60":{"start":{"line":161,"column":2},"end":{"line":161,"column":14}},"61":{"start":{"line":164,"column":0},"end":{"line":175,"column":2}}},"fnMap":{"0":{"name":"ensureDataFiles","decl":{"start":{"line":11,"column":15},"end":{"line":11,"column":30}},"loc":{"start":{"line":11,"column":33},"end":{"line":33,"column":1}},"line":11},"1":{"name":"readBlueprints","decl":{"start":{"line":39,"column":15},"end":{"line":39,"column":29}},"loc":{"start":{"line":39,"column":32},"end":{"line":43,"column":1}},"line":39},"2":{"name":"readBlueprintById","decl":{"start":{"line":50,"column":15},"end":{"line":50,"column":32}},"loc":{"start":{"line":50,"column":37},"end":{"line":53,"column":1}},"line":50},"3":{"name":"(anonymous_3)","decl":{"start":{"line":52,"column":25},"end":{"line":52,"column":26}},"loc":{"start":{"line":52,"column":31},"end":{"line":52,"column":66}},"line":52},"4":{"name":"saveBlueprint","decl":{"start":{"line":60,"column":15},"end":{"line":60,"column":28}},"loc":{"start":{"line":60,"column":40},"end":{"line":65,"column":1}},"line":60},"5":{"name":"updateBlueprint","decl":{"start":{"line":73,"column":15},"end":{"line":73,"column":30}},"loc":{"start":{"line":73,"column":44},"end":{"line":89,"column":1}},"line":73},"6":{"name":"(anonymous_6)","decl":{"start":{"line":75,"column":37},"end":{"line":75,"column":38}},"loc":{"start":{"line":75,"column":43},"end":{"line":75,"column":62}},"line":75},"7":{"name":"deleteBlueprint","decl":{"start":{"line":96,"column":15},"end":{"line":96,"column":30}},"loc":{"start":{"line":96,"column":35},"end":{"line":106,"column":1}},"line":96},"8":{"name":"(anonymous_8)","decl":{"start":{"line":98,"column":37},"end":{"line":98,"column":38}},"loc":{"start":{"line":98,"column":43},"end":{"line":98,"column":62}},"line":98},"9":{"name":"readArtifacts","decl":{"start":{"line":113,"column":15},"end":{"line":113,"column":28}},"loc":{"start":{"line":113,"column":47},"end":{"line":123,"column":1}},"line":113},"10":{"name":"(anonymous_10)","decl":{"start":{"line":119,"column":28},"end":{"line":119,"column":29}},"loc":{"start":{"line":119,"column":33},"end":{"line":119,"column":58}},"line":119},"11":{"name":"readArtifactById","decl":{"start":{"line":130,"column":15},"end":{"line":130,"column":31}},"loc":{"start":{"line":130,"column":36},"end":{"line":133,"column":1}},"line":130},"12":{"name":"(anonymous_12)","decl":{"start":{"line":132,"column":24},"end":{"line":132,"column":25}},"loc":{"start":{"line":132,"column":29},"end":{"line":132,"column":40}},"line":132},"13":{"name":"saveArtifact","decl":{"start":{"line":140,"column":15},"end":{"line":140,"column":27}},"loc":{"start":{"line":140,"column":38},"end":{"line":145,"column":1}},"line":140},"14":{"name":"deleteArtifact","decl":{"start":{"line":152,"column":15},"end":{"line":152,"column":29}},"loc":{"start":{"line":152,"column":34},"end":{"line":162,"column":1}},"line":152},"15":{"name":"(anonymous_15)","decl":{"start":{"line":154,"column":36},"end":{"line":154,"column":37}},"loc":{"start":{"line":154,"column":41},"end":{"line":154,"column":52}},"line":154}},"branchMap":{"0":{"loc":{"start":{"line":52,"column":9},"end":{"line":52,"column":75}},"type":"binary-expr","locations":[{"start":{"line":52,"column":9},"end":{"line":52,"column":67}},{"start":{"line":52,"column":71},"end":{"line":52,"column":75}}],"line":52},"1":{"loc":{"start":{"line":52,"column":31},"end":{"line":52,"column":66}},"type":"binary-expr","locations":[{"start":{"line":52,"column":31},"end":{"line":52,"column":43}},{"start":{"line":52,"column":47},"end":{"line":52,"column":66}}],"line":52},"2":{"loc":{"start":{"line":77,"column":2},"end":{"line":79,"column":3}},"type":"if","locations":[{"start":{"line":77,"column":2},"end":{"line":79,"column":3}},{"start":{},"end":{}}],"line":77},"3":{"loc":{"start":{"line":100,"column":2},"end":{"line":102,"column":3}},"type":"if","locations":[{"start":{"line":100,"column":2},"end":{"line":102,"column":3}},{"start":{},"end":{}}],"line":100},"4":{"loc":{"start":{"line":113,"column":29},"end":{"line":113,"column":45}},"type":"default-arg","locations":[{"start":{"line":113,"column":41},"end":{"line":113,"column":45}}],"line":113},"5":{"loc":{"start":{"line":118,"column":2},"end":{"line":120,"column":3}},"type":"if","locations":[{"start":{"line":118,"column":2},"end":{"line":120,"column":3}},{"start":{},"end":{}}],"line":118},"6":{"loc":{"start":{"line":132,"column":9},"end":{"line":132,"column":49}},"type":"binary-expr","locations":[{"start":{"line":132,"column":9},"end":{"line":132,"column":41}},{"start":{"line":132,"column":45},"end":{"line":132,"column":49}}],"line":132},"7":{"loc":{"start":{"line":156,"column":2},"end":{"line":158,"column":3}},"type":"if","locations":[{"start":{"line":156,"column":2},"end":{"line":158,"column":3}},{"start":{},"end":{}}],"line":156}},"s":{"0":4,"1":4,"2":4,"3":4,"4":4,"5":35,"6":35,"7":35,"8":35,"9":0,"10":35,"11":35,"12":0,"13":0,"14":0,"15":18,"16":18,"17":18,"18":8,"19":8,"20":23,"21":9,"22":9,"23":9,"24":9,"25":0,"26":0,"27":0,"28":0,"29":0,"30":0,"31":0,"32":0,"33":0,"34":0,"35":0,"36":0,"37":0,"38":0,"39":0,"40":17,"41":17,"42":17,"43":17,"44":0,"45":0,"46":17,"47":0,"48":0,"49":0,"50":9,"51":9,"52":9,"53":9,"54":2,"55":2,"56":16,"57":2,"58":1,"59":1,"60":1,"61":4},"f":{"0":35,"1":18,"2":8,"3":23,"4":9,"5":0,"6":0,"7":0,"8":0,"9":17,"10":0,"11":0,"12":0,"13":9,"14":2,"15":16},"b":{"0":[8,2],"1":[23,17],"2":[0,0],"3":[0,0],"4":[17],"5":[0,17],"6":[0,0],"7":[1,1]},"_coverageSchema":"1a1c01bbd47fc00a2c39e90264f33305004495a9","hash":"44cb69a3cdd1558474d284f90f6c66a47ef1776a"}
,"C:\\Users\\kunal\\Desktop\\Projects\\bobforge\\backend\\src\\utils\\slugify.js": {"path":"C:\\Users\\kunal\\Desktop\\Projects\\bobforge\\backend\\src\\utils\\slugify.js","statementMap":{"0":{"start":{"line":7,"column":2},"end":{"line":9,"column":3}},"1":{"start":{"line":8,"column":4},"end":{"line":8,"column":14}},"2":{"start":{"line":11,"column":2},"end":{"line":19,"column":24}},"3":{"start":{"line":22,"column":0},"end":{"line":22,"column":29}}},"fnMap":{"0":{"name":"slugify","decl":{"start":{"line":6,"column":9},"end":{"line":6,"column":16}},"loc":{"start":{"line":6,"column":23},"end":{"line":20,"column":1}},"line":6}},"branchMap":{"0":{"loc":{"start":{"line":7,"column":2},"end":{"line":9,"column":3}},"type":"if","locations":[{"start":{"line":7,"column":2},"end":{"line":9,"column":3}},{"start":{},"end":{}}],"line":7},"1":{"loc":{"start":{"line":7,"column":6},"end":{"line":7,"column":39}},"type":"binary-expr","locations":[{"start":{"line":7,"column":6},"end":{"line":7,"column":11}},{"start":{"line":7,"column":15},"end":{"line":7,"column":39}}],"line":7}},"s":{"0":18,"1":0,"2":18,"3":4},"f":{"0":18},"b":{"0":[0,18],"1":[18,18]},"_coverageSchema":"1a1c01bbd47fc00a2c39e90264f33305004495a9","hash":"8fee3f7b8c4a51ff7f29bc7c602d4c705cc99195"}
,"C:\\Users\\kunal\\Desktop\\Projects\\bobforge\\backend\\src\\utils\\validators.js": {"path":"C:\\Users\\kunal\\Desktop\\Projects\\bobforge\\backend\\src\\utils\\validators.js","statementMap":{"0":{"start":{"line":7,"column":17},"end":{"line":7,"column":19}},"1":{"start":{"line":10,"column":2},"end":{"line":12,"column":3}},"2":{"start":{"line":11,"column":4},"end":{"line":11,"column":36}},"3":{"start":{"line":15,"column":2},"end":{"line":17,"column":3}},"4":{"start":{"line":16,"column":4},"end":{"line":16,"column":41}},"5":{"start":{"line":20,"column":2},"end":{"line":22,"column":3}},"6":{"start":{"line":21,"column":4},"end":{"line":21,"column":60}},"7":{"start":{"line":25,"column":2},"end":{"line":27,"column":3}},"8":{"start":{"line":26,"column":4},"end":{"line":26,"column":59}},"9":{"start":{"line":29,"column":2},"end":{"line":32,"column":4}},"10":{"start":{"line":41,"column":20},"end":{"line":41,"column":92}},"11":{"start":{"line":42,"column":2},"end":{"line":42,"column":28}},"12":{"start":{"line":51,"column":21},"end":{"line":59,"column":3}},"13":{"start":{"line":60,"column":2},"end":{"line":60,"column":35}},"14":{"start":{"line":63,"column":0},"end":{"line":67,"column":2}}},"fnMap":{"0":{"name":"validateIdea","decl":{"start":{"line":6,"column":9},"end":{"line":6,"column":21}},"loc":{"start":{"line":6,"column":28},"end":{"line":33,"column":1}},"line":6},"1":{"name":"isValidUUID","decl":{"start":{"line":40,"column":9},"end":{"line":40,"column":20}},"loc":{"start":{"line":40,"column":25},"end":{"line":43,"column":1}},"line":40},"2":{"name":"isValidArtifactType","decl":{"start":{"line":50,"column":9},"end":{"line":50,"column":28}},"loc":{"start":{"line":50,"column":35},"end":{"line":61,"column":1}},"line":50}},"branchMap":{"0":{"loc":{"start":{"line":10,"column":2},"end":{"line":12,"column":3}},"type":"if","locations":[{"start":{"line":10,"column":2},"end":{"line":12,"column":3}},{"start":{},"end":{}}],"line":10},"1":{"loc":{"start":{"line":15,"column":2},"end":{"line":17,"column":3}},"type":"if","locations":[{"start":{"line":15,"column":2},"end":{"line":17,"column":3}},{"start":{},"end":{}}],"line":15},"2":{"loc":{"start":{"line":20,"column":2},"end":{"line":22,"column":3}},"type":"if","locations":[{"start":{"line":20,"column":2},"end":{"line":22,"column":3}},{"start":{},"end":{}}],"line":20},"3":{"loc":{"start":{"line":20,"column":6},"end":{"line":20,"column":37}},"type":"binary-expr","locations":[{"start":{"line":20,"column":6},"end":{"line":20,"column":10}},{"start":{"line":20,"column":14},"end":{"line":20,"column":37}}],"line":20},"4":{"loc":{"start":{"line":25,"column":2},"end":{"line":27,"column":3}},"type":"if","locations":[{"start":{"line":25,"column":2},"end":{"line":27,"column":3}},{"start":{},"end":{}}],"line":25},"5":{"loc":{"start":{"line":25,"column":6},"end":{"line":25,"column":38}},"type":"binary-expr","locations":[{"start":{"line":25,"column":6},"end":{"line":25,"column":10}},{"start":{"line":25,"column":14},"end":{"line":25,"column":38}}],"line":25}},"s":{"0":12,"1":12,"2":2,"3":12,"4":1,"5":12,"6":1,"7":12,"8":0,"9":12,"10":0,"11":0,"12":9,"13":9,"14":4},"f":{"0":12,"1":0,"2":9},"b":{"0":[2,10],"1":[1,11],"2":[1,11],"3":[12,10],"4":[0,12],"5":[12,10]},"_coverageSchema":"1a1c01bbd47fc00a2c39e90264f33305004495a9","hash":"2eef03c552ab78025a16e5076eeaedfcfc19dee7"}
}
