{"C:\\Users\\kunal\\Desktop\\Projects\\bobforge\\backend\\src\\app.js": {"path":"C:\\Users\\kunal\\Desktop\\Projects\\bobforge\\backend\\src\\app.js","statementMap":{"0":{"start":{"line":1,"column":16},"end":{"line":1,"column":34}},"1":{"start":{"line":2,"column":13},"end":{"line":2,"column":28}},"2":{"start":{"line":3,"column":0},"end":{"line":3,"column":27}},"3":{"start":{"line":5,"column":21},"end":{"line":5,"column":54}},"4":{"start":{"line":6,"column":24},"end":{"line":6,"column":60}},"5":{"start":{"line":7,"column":23},"end":{"line":7,"column":58}},"6":{"start":{"line":8,"column":25},"end":{"line":8,"column":50}},"7":{"start":{"line":9,"column":24},"end":{"line":9,"column":53}},"8":{"start":{"line":11,"column":12},"end":{"line":11,"column":21}},"9":{"start":{"line":14,"column":0},"end":{"line":17,"column":4}},"10":{"start":{"line":18,"column":0},"end":{"line":18,"column":41}},"11":{"start":{"line":19,"column":0},"end":{"line":19,"column":63}},"12":{"start":{"line":22,"column":0},"end":{"line":25,"column":3}},"13":{"start":{"line":23,"column":2},"end":{"line":23,"column":73}},"14":{"start":{"line":24,"column":2},"end":{"line":24,"column":9}},"15":{"start":{"line":28,"column":0},"end":{"line":28,"column":37}},"16":{"start":{"line":29,"column":0},"end":{"line":29,"column":44}},"17":{"start":{"line":30,"column":0},"end":{"line":30,"column":42}},"18":{"start":{"line":33,"column":0},"end":{"line":41,"column":3}},"19":{"start":{"line":34,"column":2},"end":{"line":40,"column":5}},"20":{"start":{"line":44,"column":0},"end":{"line":44,"column":22}},"21":{"start":{"line":46,"column":0},"end":{"line":46,"column":21}}},"fnMap":{"0":{"name":"(anonymous_0)","decl":{"start":{"line":22,"column":8},"end":{"line":22,"column":9}},"loc":{"start":{"line":22,"column":28},"end":{"line":25,"column":1}},"line":22},"1":{"name":"(anonymous_1)","decl":{"start":{"line":33,"column":8},"end":{"line":33,"column":9}},"loc":{"start":{"line":33,"column":22},"end":{"line":41,"column":1}},"line":33}},"branchMap":{"0":{"loc":{"start":{"line":15,"column":10},"end":{"line":15,"column":60}},"type":"binary-expr","locations":[{"start":{"line":15,"column":10},"end":{"line":15,"column":33}},{"start":{"line":15,"column":37},"end":{"line":15,"column":60}}],"line":15}},"s":{"0":4,"1":4,"2":4,"3":4,"4":4,"5":4,"6":4,"7":4,"8":4,"9":4,"10":4,"11":4,"12":4,"13":44,"14":44,"15":4,"16":4,"17":4,"18":4,"19":0,"20":4,"21":4},"f":{"0":44,"1":0},"b":{"0":[4,4]},"_coverageSchema":"1a1c01bbd47fc00a2c39e90264f33305004495a9","hash":"fa3c201d557fbe23099fcc139d963867b7282694"}
,"C:\\Users\\kunal\\Desktop\\Projects\\bobforge\\backend\\src\\config\\constants.js": {"path":"C:\\Users\\kunal\\Desktop\\Projects\\bobforge\\backend\\src\\config\\constants.js","statementMap":{"0":{"start":{"line":5,"column":13},"end":{"line":5,"column":28}},"1":{"start":{"line":7,"column":14},"end":{"line":12,"column":1}},"2":{"start":{"line":14,"column":19},"end":{"line":21,"column":1}},"3":{"start":{"line":23,"column":24},"end":{"line":33,"column":1}},"4":{"start":{"line":35,"column":23},"end":{"line":41,"column":1}},"5":{"start":{"line":43,"column":20},"end":{"line":49,"column":1}},"6":{"start":{"line":51,"column":0},"end":{"line":57,"column":2}}},"fnMap":{},"branchMap":{},"s":{"0":4,"1":4,"2":4,"3":4,"4":4,"5":4,"6":4},"f":{},"b":{},"_coverageSchema":"1a1c01bbd47fc00a2c39e90264f33305004495a9","hash":"bfab47670c82885d3d945801b81e95bfe910ce46"}
,"C:\\Users\\kunal\\Desktop\\Projects\\bobforge\\backend\\src\\controllers\\artifact.controller.js": {"path":"C:\\Users\\kunal\\Desktop\\Projects\\bobforge\\backend\\src\\controllers\\artifact.controller.js","statementMap":{"0":{"start":{"line":1,"column":24},"end":{"line":1,"column":63}},"1":{"start":{"line":2,"column":25},"end":{"line":2,"column":51}},"2":{"start":{"line":3,"column":24},"end":{"line":3,"column":54}},"3":{"start":{"line":8,"column":23},"end":{"line":16,"column":2}},"4":{"start":{"line":9,"column":19},"end":{"line":9,"column":65}},"5":{"start":{"line":11,"column":2},"end":{"line":15,"column":5}},"6":{"start":{"line":21,"column":24},"end":{"line":29,"column":2}},"7":{"start":{"line":22,"column":26},"end":{"line":22,"column":35}},"8":{"start":{"line":23,"column":20},"end":{"line":23,"column":70}},"9":{"start":{"line":25,"column":2},"end":{"line":28,"column":5}},"10":{"start":{"line":34,"column":24},"end":{"line":42,"column":2}},"11":{"start":{"line":35,"column":17},"end":{"line":35,"column":27}},"12":{"start":{"line":36,"column":19},"end":{"line":36,"column":60}},"13":{"start":{"line":38,"column":2},"end":{"line":41,"column":5}},"14":{"start":{"line":47,"column":23},"end":{"line":55,"column":2}},"15":{"start":{"line":48,"column":17},"end":{"line":48,"column":27}},"16":{"start":{"line":49,"column":2},"end":{"line":49,"column":43}},"17":{"start":{"line":51,"column":2},"end":{"line":54,"column":5}},"18":{"start":{"line":57,"column":0},"end":{"line":62,"column":2}}},"fnMap":{"0":{"name":"(anonymous_0)","decl":{"start":{"line":8,"column":36},"end":{"line":8,"column":37}},"loc":{"start":{"line":8,"column":56},"end":{"line":16,"column":1}},"line":8},"1":{"name":"(anonymous_1)","decl":{"start":{"line":21,"column":37},"end":{"line":21,"column":38}},"loc":{"start":{"line":21,"column":57},"end":{"line":29,"column":1}},"line":21},"2":{"name":"(anonymous_2)","decl":{"start":{"line":34,"column":37},"end":{"line":34,"column":38}},"loc":{"start":{"line":34,"column":57},"end":{"line":42,"column":1}},"line":34},"3":{"name":"(anonymous_3)","decl":{"start":{"line":47,"column":36},"end":{"line":47,"column":37}},"loc":{"start":{"line":47,"column":56},"end":{"line":55,"column":1}},"line":47}},"branchMap":{},"s":{"0":4,"1":4,"2":4,"3":4,"4":13,"5":9,"6":4,"7":3,"8":3,"9":3,"10":4,"11":3,"12":3,"13":1,"14":4,"15":2,"16":2,"17":1,"18":4},"f":{"0":13,"1":3,"2":3,"3":2},"b":{},"_coverageSchema":"1a1c01bbd47fc00a2c39e90264f33305004495a9","hash":"0726c14e47a37319e73792a0c199c1204b526a24"}
,"C:\\Users\\kunal\\Desktop\\Projects\\bobforge\\backend\\src\\controllers\\blueprint.controller.js": {"path":"C:\\Users\\kunal\\Desktop\\Projects\\bobforge\\backend\\src\\controllers\\blueprint.controller.js","statementMap":{"0":{"start":{"line":1,"column":25},"end":{"line":1,"column":65}},"1":{"start":{"line":2,"column":25},"end":{"line":2,"column":55}},"2":{"start":{"line":3,"column":49},"end":{"line":3,"column":89}},"3":{"start":{"line":4,"column":25},"end":{"line":4,"column":51}},"4":{"start":{"line":5,"column":24},"end":{"line":5,"column":54}},"5":{"start":{"line":10,"column":26},"end":{"line":34,"column":2}},"6":{"start":{"line":11,"column":19},"end":{"line":11,"column":27}},"7":{"start":{"line":14,"column":21},"end":{"line":14,"column":39}},"8":{"start":{"line":15,"column":2},"end":{"line":24,"column":3}},"9":{"start":{"line":16,"column":4},"end":{"line":23,"column":7}},"10":{"start":{"line":27,"column":20},"end":{"line":27,"column":66}},"11":{"start":{"line":29,"column":2},"end":{"line":33,"column":5}},"12":{"start":{"line":39,"column":25},"end":{"line":46,"column":2}},"13":{"start":{"line":40,"column":21},"end":{"line":40,"column":62}},"14":{"start":{"line":42,"column":2},"end":{"line":45,"column":5}},"15":{"start":{"line":51,"column":25},"end":{"line":69,"column":2}},"16":{"start":{"line":52,"column":17},"end":{"line":52,"column":27}},"17":{"start":{"line":53,"column":20},"end":{"line":53,"column":63}},"18":{"start":{"line":55,"column":2},"end":{"line":63,"column":3}},"19":{"start":{"line":56,"column":4},"end":{"line":62,"column":7}},"20":{"start":{"line":65,"column":2},"end":{"line":68,"column":5}},"21":{"start":{"line":74,"column":32},"end":{"line":104,"column":2}},"22":{"start":{"line":75,"column":17},"end":{"line":75,"column":27}},"23":{"start":{"line":76,"column":20},"end":{"line":76,"column":63}},"24":{"start":{"line":78,"column":2},"end":{"line":86,"column":3}},"25":{"start":{"line":79,"column":4},"end":{"line":85,"column":7}},"26":{"start":{"line":89,"column":19},"end":{"line":89,"column":46}},"27":{"start":{"line":92,"column":19},"end":{"line":92,"column":64}},"28":{"start":{"line":95,"column":15},"end":{"line":95,"column":70}},"29":{"start":{"line":96,"column":2},"end":{"line":96,"column":64}},"30":{"start":{"line":97,"column":2},"end":{"line":97,"column":86}},"31":{"start":{"line":100,"column":2},"end":{"line":100,"column":21}},"32":{"start":{"line":103,"column":2},"end":{"line":103,"column":52}},"33":{"start":{"line":106,"column":0},"end":{"line":111,"column":2}}},"fnMap":{"0":{"name":"(anonymous_0)","decl":{"start":{"line":10,"column":39},"end":{"line":10,"column":40}},"loc":{"start":{"line":10,"column":59},"end":{"line":34,"column":1}},"line":10},"1":{"name":"(anonymous_1)","decl":{"start":{"line":39,"column":38},"end":{"line":39,"column":39}},"loc":{"start":{"line":39,"column":58},"end":{"line":46,"column":1}},"line":39},"2":{"name":"(anonymous_2)","decl":{"start":{"line":51,"column":38},"end":{"line":51,"column":39}},"loc":{"start":{"line":51,"column":58},"end":{"line":69,"column":1}},"line":51},"3":{"name":"(anonymous_3)","decl":{"start":{"line":74,"column":45},"end":{"line":74,"column":46}},"loc":{"start":{"line":74,"column":65},"end":{"line":104,"column":1}},"line":74}},"branchMap":{"0":{"loc":{"start":{"line":15,"column":2},"end":{"line":24,"column":3}},"type":"if","locations":[{"start":{"line":15,"column":2},"end":{"line":24,"column":3}},{"start":{},"end":{}}],"line":15},"1":{"loc":{"start":{"line":55,"column":2},"end":{"line":63,"column":3}},"type":"if","locations":[{"start":{"line":55,"column":2},"end":{"line":63,"column":3}},{"start":{},"end":{}}],"line":55},"2":{"loc":{"start":{"line":78,"column":2},"end":{"line":86,"column":3}},"type":"if","locations":[{"start":{"line":78,"column":2},"end":{"line":86,"column":3}},{"start":{},"end":{}}],"line":78},"3":{"loc":{"start":{"line":95,"column":15},"end":{"line":95,"column":70}},"type":"binary-expr","locations":[{"start":{"line":95,"column":15},"end":{"line":95,"column":29}},{"start":{"line":95,"column":33},"end":{"line":95,"column":54}},{"start":{"line":95,"column":58},"end":{"line":95,"column":70}}],"line":95}},"s":{"0":4,"1":4,"2":4,"3":4,"4":4,"5":4,"6":12,"7":12,"8":12,"9":2,"10":10,"11":10,"12":4,"13":1,"14":1,"15":4,"16":2,"17":2,"18":2,"19":1,"20":1,"21":4,"22":6,"23":6,"24":6,"25":1,"26":5,"27":5,"28":5,"29":5,"30":5,"31":5,"32":5,"33":4},"f":{"0":12,"1":1,"2":2,"3":6},"b":{"0":[2,10],"1":[1,1],"2":[1,5],"3":[5,0,0]},"_coverageSchema":"1a1c01bbd47fc00a2c39e90264f33305004495a9","hash":"0c90a156c25766567bc0167fa218f49e0a7b3595"}
,"C:\\Users\\kunal\\Desktop\\Projects\\bobforge\\backend\\src\\exporters\\markdownExporter.js": {"path":"C:\\Users\\kunal\\Desktop\\Projects\\bobforge\\backend\\src\\exporters\\markdownExporter.js","statementMap":{"0":{"start":{"line":1,"column":13},"end":{"line":1,"column":28}},"1":{"start":{"line":2,"column":22},"end":{"line":2,"column":60}},"2":{"start":{"line":3,"column":25},"end":{"line":3,"column":51}},"3":{"start":{"line":4,"column":18},"end":{"line":4,"column":48}},"4":{"start":{"line":5,"column":11},"end":{"line":5,"column":33}},"5":{"start":{"line":14,"column":2},"end":{"line":16,"column":3}},"6":{"start":{"line":15,"column":4},"end":{"line":15,"column":48}},"7":{"start":{"line":18,"column":19},"end":{"line":18,"column":21}},"8":{"start":{"line":21,"column":2},"end":{"line":21,"column":43}},"9":{"start":{"line":24,"column":2},"end":{"line":24,"column":48}},"10":{"start":{"line":27,"column":2},"end":{"line":27,"column":53}},"11":{"start":{"line":30,"column":2},"end":{"line":30,"column":48}},"12":{"start":{"line":33,"column":2},"end":{"line":33,"column":46}},"13":{"start":{"line":36,"column":2},"end":{"line":36,"column":52}},"14":{"start":{"line":39,"column":2},"end":{"line":39,"column":62}},"15":{"start":{"line":42,"column":2},"end":{"line":42,"column":46}},"16":{"start":{"line":45,"column":2},"end":{"line":45,"column":49}},"17":{"start":{"line":48,"column":2},"end":{"line":48,"column":51}},"18":{"start":{"line":51,"column":2},"end":{"line":51,"column":46}},"19":{"start":{"line":54,"column":2},"end":{"line":54,"column":50}},"20":{"start":{"line":57,"column":2},"end":{"line":57,"column":45}},"21":{"start":{"line":60,"column":2},"end":{"line":60,"column":51}},"22":{"start":{"line":63,"column":2},"end":{"line":63,"column":49}},"23":{"start":{"line":66,"column":2},"end":{"line":66,"column":46}},"24":{"start":{"line":69,"column":2},"end":{"line":69,"column":43}},"25":{"start":{"line":71,"column":2},"end":{"line":71,"column":31}},"26":{"start":{"line":82,"column":2},"end":{"line":107,"column":3}},"27":{"start":{"line":83,"column":22},"end":{"line":83,"column":57}},"28":{"start":{"line":84,"column":17},"end":{"line":84,"column":69}},"29":{"start":{"line":86,"column":4},"end":{"line":88,"column":5}},"30":{"start":{"line":87,"column":6},"end":{"line":87,"column":64}},"31":{"start":{"line":91,"column":23},"end":{"line":91,"column":62}},"32":{"start":{"line":94,"column":4},"end":{"line":94,"column":52}},"33":{"start":{"line":97,"column":22},"end":{"line":97,"column":81}},"34":{"start":{"line":98,"column":21},"end":{"line":98,"column":56}},"35":{"start":{"line":99,"column":21},"end":{"line":99,"column":52}},"36":{"start":{"line":102,"column":4},"end":{"line":102,"column":51}},"37":{"start":{"line":104,"column":4},"end":{"line":104,"column":20}},"38":{"start":{"line":106,"column":4},"end":{"line":106,"column":77}},"39":{"start":{"line":118,"column":2},"end":{"line":118,"column":86}},"40":{"start":{"line":118,"column":47},"end":{"line":118,"column":63}},"41":{"start":{"line":125,"column":16},"end":{"line":125,"column":69}},"42":{"start":{"line":126,"column":22},"end":{"line":126,"column":52}},"43":{"start":{"line":127,"column":20},"end":{"line":130,"column":4}},"44":{"start":{"line":132,"column":2},"end":{"line":142,"column":5}},"45":{"start":{"line":149,"column":15},"end":{"line":149,"column":51}},"46":{"start":{"line":151,"column":2},"end":{"line":153,"column":9}},"47":{"start":{"line":160,"column":18},"end":{"line":161,"column":102}},"48":{"start":{"line":163,"column":2},"end":{"line":165,"column":12}},"49":{"start":{"line":172,"column":16},"end":{"line":173,"column":67}},"50":{"start":{"line":175,"column":2},"end":{"line":179,"column":3}},"51":{"start":{"line":176,"column":4},"end":{"line":178,"column":26}},"52":{"start":{"line":181,"column":16},"end":{"line":181,"column":40}},"53":{"start":{"line":183,"column":2},"end":{"line":195,"column":3}},"54":{"start":{"line":184,"column":4},"end":{"line":184,"column":57}},"55":{"start":{"line":184,"column":33},"end":{"line":184,"column":44}},"56":{"start":{"line":185,"column":9},"end":{"line":195,"column":3}},"57":{"start":{"line":186,"column":4},"end":{"line":194,"column":14}},"58":{"start":{"line":186,"column":33},"end":{"line":194,"column":1}},"59":{"start":{"line":190,"column":33},"end":{"line":190,"column":44}},"60":{"start":{"line":193,"column":39},"end":{"line":193,"column":51}},"61":{"start":{"line":197,"column":2},"end":{"line":197,"column":17}},"62":{"start":{"line":204,"column":16},"end":{"line":204,"column":41}},"63":{"start":{"line":206,"column":2},"end":{"line":210,"column":3}},"64":{"start":{"line":207,"column":4},"end":{"line":209,"column":24}},"65":{"start":{"line":212,"column":2},"end":{"line":221,"column":16}},"66":{"start":{"line":214,"column":20},"end":{"line":221,"column":1}},"67":{"start":{"line":220,"column":39},"end":{"line":220,"column":50}},"68":{"start":{"line":228,"column":23},"end":{"line":228,"column":51}},"69":{"start":{"line":229,"column":22},"end":{"line":229,"column":49}},"70":{"start":{"line":230,"column":27},"end":{"line":230,"column":59}},"71":{"start":{"line":231,"column":22},"end":{"line":231,"column":70}},"72":{"start":{"line":233,"column":16},"end":{"line":233,"column":35}},"73":{"start":{"line":236,"column":2},"end":{"line":243,"column":3}},"74":{"start":{"line":237,"column":4},"end":{"line":237,"column":39}},"75":{"start":{"line":238,"column":4},"end":{"line":242,"column":14}},"76":{"start":{"line":238,"column":43},"end":{"line":242,"column":1}},"77":{"start":{"line":246,"column":2},"end":{"line":251,"column":3}},"78":{"start":{"line":247,"column":4},"end":{"line":247,"column":40}},"79":{"start":{"line":248,"column":4},"end":{"line":250,"column":14}},"80":{"start":{"line":248,"column":42},"end":{"line":250,"column":1}},"81":{"start":{"line":254,"column":2},"end":{"line":259,"column":3}},"82":{"start":{"line":255,"column":4},"end":{"line":255,"column":45}},"83":{"start":{"line":256,"column":4},"end":{"line":258,"column":14}},"84":{"start":{"line":256,"column":47},"end":{"line":258,"column":1}},"85":{"start":{"line":262,"column":2},"end":{"line":275,"column":3}},"86":{"start":{"line":263,"column":4},"end":{"line":263,"column":59}},"87":{"start":{"line":264,"column":4},"end":{"line":274,"column":14}},"88":{"start":{"line":264,"column":42},"end":{"line":274,"column":1}},"89":{"start":{"line":270,"column":43},"end":{"line":270,"column":55}},"90":{"start":{"line":273,"column":53},"end":{"line":273,"column":68}},"91":{"start":{"line":277,"column":2},"end":{"line":279,"column":3}},"92":{"start":{"line":278,"column":4},"end":{"line":278,"column":40}},"93":{"start":{"line":281,"column":2},"end":{"line":281,"column":17}},"94":{"start":{"line":288,"column":14},"end":{"line":288,"column":55}},"95":{"start":{"line":290,"column":2},"end":{"line":294,"column":3}},"96":{"start":{"line":291,"column":4},"end":{"line":293,"column":41}},"97":{"start":{"line":296,"column":2},"end":{"line":302,"column":16}},"98":{"start":{"line":298,"column":56},"end":{"line":302,"column":1}},"99":{"start":{"line":301,"column":56},"end":{"line":301,"column":66}},"100":{"start":{"line":309,"column":20},"end":{"line":310,"column":78}},"101":{"start":{"line":312,"column":2},"end":{"line":316,"column":3}},"102":{"start":{"line":313,"column":4},"end":{"line":315,"column":24}},"103":{"start":{"line":318,"column":16},"end":{"line":318,"column":39}},"104":{"start":{"line":321,"column":2},"end":{"line":327,"column":3}},"105":{"start":{"line":322,"column":4},"end":{"line":322,"column":34}},"106":{"start":{"line":323,"column":4},"end":{"line":325,"column":18}},"107":{"start":{"line":324,"column":29},"end":{"line":324,"column":53}},"108":{"start":{"line":326,"column":4},"end":{"line":326,"column":22}},"109":{"start":{"line":330,"column":2},"end":{"line":336,"column":3}},"110":{"start":{"line":331,"column":4},"end":{"line":331,"column":33}},"111":{"start":{"line":332,"column":4},"end":{"line":334,"column":18}},"112":{"start":{"line":333,"column":29},"end":{"line":333,"column":53}},"113":{"start":{"line":335,"column":4},"end":{"line":335,"column":22}},"114":{"start":{"line":339,"column":2},"end":{"line":344,"column":3}},"115":{"start":{"line":340,"column":4},"end":{"line":340,"column":34}},"116":{"start":{"line":341,"column":4},"end":{"line":343,"column":18}},"117":{"start":{"line":342,"column":29},"end":{"line":342,"column":53}},"118":{"start":{"line":346,"column":2},"end":{"line":346,"column":17}},"119":{"start":{"line":353,"column":23},"end":{"line":354,"column":71}},"120":{"start":{"line":356,"column":16},"end":{"line":356,"column":41}},"121":{"start":{"line":358,"column":2},"end":{"line":360,"column":3}},"122":{"start":{"line":359,"column":4},"end":{"line":359,"column":62}},"123":{"start":{"line":362,"column":2},"end":{"line":364,"column":3}},"124":{"start":{"line":363,"column":4},"end":{"line":363,"column":85}},"125":{"start":{"line":366,"column":2},"end":{"line":378,"column":3}},"126":{"start":{"line":367,"column":4},"end":{"line":367,"column":36}},"127":{"start":{"line":368,"column":4},"end":{"line":377,"column":14}},"128":{"start":{"line":368,"column":51},"end":{"line":377,"column":1}},"129":{"start":{"line":376,"column":72},"end":{"line":376,"column":80}},"130":{"start":{"line":381,"column":18},"end":{"line":382,"column":70}},"131":{"start":{"line":384,"column":2},"end":{"line":386,"column":3}},"132":{"start":{"line":385,"column":4},"end":{"line":385,"column":76}},"133":{"start":{"line":388,"column":2},"end":{"line":390,"column":3}},"134":{"start":{"line":389,"column":4},"end":{"line":389,"column":52}},"135":{"start":{"line":392,"column":2},"end":{"line":392,"column":17}},"136":{"start":{"line":399,"column":17},"end":{"line":400,"column":59}},"137":{"start":{"line":402,"column":2},"end":{"line":406,"column":3}},"138":{"start":{"line":403,"column":4},"end":{"line":405,"column":29}},"139":{"start":{"line":408,"column":16},"end":{"line":408,"column":44}},"140":{"start":{"line":410,"column":2},"end":{"line":410,"column":95}},"141":{"start":{"line":412,"column":2},"end":{"line":412,"column":30}},"142":{"start":{"line":414,"column":2},"end":{"line":435,"column":14}},"143":{"start":{"line":414,"column":40},"end":{"line":435,"column":1}},"144":{"start":{"line":424,"column":22},"end":{"line":424,"column":24}},"145":{"start":{"line":425,"column":2},"end":{"line":425,"column":54}},"146":{"start":{"line":425,"column":22},"end":{"line":425,"column":54}},"147":{"start":{"line":426,"column":2},"end":{"line":426,"column":45}},"148":{"start":{"line":426,"column":18},"end":{"line":426,"column":45}},"149":{"start":{"line":427,"column":2},"end":{"line":427,"column":59}},"150":{"start":{"line":427,"column":30},"end":{"line":427,"column":59}},"151":{"start":{"line":428,"column":2},"end":{"line":428,"column":62}},"152":{"start":{"line":428,"column":19},"end":{"line":428,"column":62}},"153":{"start":{"line":429,"column":2},"end":{"line":429,"column":65}},"154":{"start":{"line":429,"column":22},"end":{"line":429,"column":65}},"155":{"start":{"line":430,"column":2},"end":{"line":430,"column":102}},"156":{"start":{"line":434,"column":27},"end":{"line":434,"column":87}},"157":{"start":{"line":437,"column":2},"end":{"line":437,"column":17}},"158":{"start":{"line":444,"column":17},"end":{"line":445,"column":66}},"159":{"start":{"line":447,"column":2},"end":{"line":451,"column":3}},"160":{"start":{"line":448,"column":4},"end":{"line":450,"column":24}},"161":{"start":{"line":453,"column":18},"end":{"line":453,"column":69}},"162":{"start":{"line":454,"column":19},"end":{"line":454,"column":81}},"163":{"start":{"line":456,"column":16},"end":{"line":456,"column":38}},"164":{"start":{"line":457,"column":2},"end":{"line":457,"column":42}},"165":{"start":{"line":458,"column":2},"end":{"line":458,"column":51}},"166":{"start":{"line":460,"column":2},"end":{"line":460,"column":33}},"167":{"start":{"line":462,"column":2},"end":{"line":462,"column":65}},"168":{"start":{"line":463,"column":2},"end":{"line":463,"column":65}},"169":{"start":{"line":465,"column":2},"end":{"line":471,"column":16}},"170":{"start":{"line":466,"column":19},"end":{"line":466,"column":40}},"171":{"start":{"line":467,"column":17},"end":{"line":467,"column":34}},"172":{"start":{"line":468,"column":24},"end":{"line":468,"column":47}},"173":{"start":{"line":469,"column":17},"end":{"line":469,"column":58}},"174":{"start":{"line":470,"column":4},"end":{"line":470,"column":64}},"175":{"start":{"line":473,"column":2},"end":{"line":473,"column":17}},"176":{"start":{"line":480,"column":16},"end":{"line":481,"column":66}},"177":{"start":{"line":483,"column":2},"end":{"line":487,"column":3}},"178":{"start":{"line":484,"column":4},"end":{"line":486,"column":28}},"179":{"start":{"line":489,"column":20},"end":{"line":490,"column":79}},"180":{"start":{"line":492,"column":16},"end":{"line":492,"column":42}},"181":{"start":{"line":493,"column":2},"end":{"line":493,"column":47}},"182":{"start":{"line":495,"column":2},"end":{"line":502,"column":14}},"183":{"start":{"line":495,"column":31},"end":{"line":502,"column":1}},"184":{"start":{"line":505,"column":26},"end":{"line":505,"column":82}},"185":{"start":{"line":506,"column":2},"end":{"line":511,"column":3}},"186":{"start":{"line":507,"column":4},"end":{"line":507,"column":44}},"187":{"start":{"line":508,"column":4},"end":{"line":510,"column":18}},"188":{"start":{"line":509,"column":29},"end":{"line":509,"column":53}},"189":{"start":{"line":513,"column":2},"end":{"line":513,"column":17}},"190":{"start":{"line":520,"column":19},"end":{"line":521,"column":60}},"191":{"start":{"line":523,"column":2},"end":{"line":527,"column":3}},"192":{"start":{"line":524,"column":4},"end":{"line":526,"column":23}},"193":{"start":{"line":529,"column":16},"end":{"line":529,"column":37}},"194":{"start":{"line":532,"column":2},"end":{"line":544,"column":3}},"195":{"start":{"line":533,"column":4},"end":{"line":533,"column":42}},"196":{"start":{"line":534,"column":4},"end":{"line":536,"column":5}},"197":{"start":{"line":535,"column":6},"end":{"line":535,"column":67}},"198":{"start":{"line":537,"column":4},"end":{"line":543,"column":5}},"199":{"start":{"line":538,"column":6},"end":{"line":538,"column":39}},"200":{"start":{"line":539,"column":6},"end":{"line":541,"column":20}},"201":{"start":{"line":540,"column":32},"end":{"line":540,"column":57}},"202":{"start":{"line":542,"column":6},"end":{"line":542,"column":24}},"203":{"start":{"line":547,"column":2},"end":{"line":555,"column":3}},"204":{"start":{"line":548,"column":4},"end":{"line":548,"column":36}},"205":{"start":{"line":549,"column":4},"end":{"line":549,"column":87}},"206":{"start":{"line":550,"column":4},"end":{"line":550,"column":76}},"207":{"start":{"line":551,"column":4},"end":{"line":553,"column":5}},"208":{"start":{"line":552,"column":6},"end":{"line":552,"column":101}},"209":{"start":{"line":554,"column":4},"end":{"line":554,"column":20}},"210":{"start":{"line":558,"column":2},"end":{"line":562,"column":3}},"211":{"start":{"line":559,"column":4},"end":{"line":559,"column":43}},"212":{"start":{"line":560,"column":4},"end":{"line":560,"column":94}},"213":{"start":{"line":561,"column":4},"end":{"line":561,"column":85}},"214":{"start":{"line":565,"column":2},"end":{"line":569,"column":3}},"215":{"start":{"line":566,"column":4},"end":{"line":566,"column":42}},"216":{"start":{"line":567,"column":4},"end":{"line":567,"column":86}},"217":{"start":{"line":568,"column":4},"end":{"line":568,"column":75}},"218":{"start":{"line":571,"column":2},"end":{"line":571,"column":17}},"219":{"start":{"line":578,"column":21},"end":{"line":579,"column":67}},"220":{"start":{"line":581,"column":2},"end":{"line":585,"column":3}},"221":{"start":{"line":582,"column":4},"end":{"line":584,"column":29}},"222":{"start":{"line":587,"column":16},"end":{"line":587,"column":43}},"223":{"start":{"line":590,"column":2},"end":{"line":603,"column":3}},"224":{"start":{"line":591,"column":4},"end":{"line":591,"column":46}},"225":{"start":{"line":593,"column":4},"end":{"line":595,"column":5}},"226":{"start":{"line":594,"column":6},"end":{"line":594,"column":96}},"227":{"start":{"line":596,"column":4},"end":{"line":598,"column":5}},"228":{"start":{"line":597,"column":6},"end":{"line":597,"column":94}},"229":{"start":{"line":599,"column":4},"end":{"line":601,"column":5}},"230":{"start":{"line":600,"column":6},"end":{"line":600,"column":96}},"231":{"start":{"line":602,"column":4},"end":{"line":602,"column":20}},"232":{"start":{"line":606,"column":2},"end":{"line":617,"column":3}},"233":{"start":{"line":607,"column":4},"end":{"line":607,"column":42}},"234":{"start":{"line":608,"column":4},"end":{"line":616,"column":14}},"235":{"start":{"line":608,"column":45},"end":{"line":616,"column":1}},"236":{"start":{"line":611,"column":55},"end":{"line":615,"column":1}},"237":{"start":{"line":614,"column":61},"end":{"line":614,"column":76}},"238":{"start":{"line":619,"column":2},"end":{"line":619,"column":17}},"239":{"start":{"line":626,"column":17},"end":{"line":627,"column":72}},"240":{"start":{"line":629,"column":2},"end":{"line":633,"column":3}},"241":{"start":{"line":630,"column":4},"end":{"line":632,"column":27}},"242":{"start":{"line":635,"column":16},"end":{"line":635,"column":41}},"243":{"start":{"line":636,"column":2},"end":{"line":636,"column":50}},"244":{"start":{"line":639,"column":21},"end":{"line":639,"column":58}},"245":{"start":{"line":641,"column":2},"end":{"line":654,"column":5}},"246":{"start":{"line":642,"column":27},"end":{"line":642,"column":78}},"247":{"start":{"line":642,"column":50},"end":{"line":642,"column":77}},"248":{"start":{"line":643,"column":4},"end":{"line":653,"column":5}},"249":{"start":{"line":644,"column":6},"end":{"line":644,"column":48}},"250":{"start":{"line":645,"column":6},"end":{"line":652,"column":14}},"251":{"start":{"line":645,"column":45},"end":{"line":652,"column":1}},"252":{"start":{"line":656,"column":2},"end":{"line":656,"column":17}},"253":{"start":{"line":663,"column":17},"end":{"line":664,"column":103}},"254":{"start":{"line":666,"column":2},"end":{"line":678,"column":56}},"255":{"start":{"line":685,"column":20},"end":{"line":685,"column":80}},"256":{"start":{"line":686,"column":20},"end":{"line":686,"column":100}},"257":{"start":{"line":688,"column":2},"end":{"line":701,"column":48}},"258":{"start":{"line":704,"column":0},"end":{"line":707,"column":2}}},"fnMap":{"0":{"name":"exportToMarkdown","decl":{"start":{"line":13,"column":9},"end":{"line":13,"column":25}},"loc":{"start":{"line":13,"column":37},"end":{"line":72,"column":1}},"line":13},"1":{"name":"saveMarkdownToFile","decl":{"start":{"line":81,"column":15},"end":{"line":81,"column":33}},"loc":{"start":{"line":81,"column":55},"end":{"line":108,"column":1}},"line":81},"2":{"name":"safeGet","decl":{"start":{"line":117,"column":9},"end":{"line":117,"column":16}},"loc":{"start":{"line":117,"column":47},"end":{"line":119,"column":1}},"line":117},"3":{"name":"(anonymous_3)","decl":{"start":{"line":118,"column":32},"end":{"line":118,"column":33}},"loc":{"start":{"line":118,"column":47},"end":{"line":118,"column":63}},"line":118},"4":{"name":"generateHeader","decl":{"start":{"line":124,"column":9},"end":{"line":124,"column":23}},"loc":{"start":{"line":124,"column":35},"end":{"line":143,"column":1}},"line":124},"5":{"name":"generateIdeaSection","decl":{"start":{"line":148,"column":9},"end":{"line":148,"column":28}},"loc":{"start":{"line":148,"column":40},"end":{"line":154,"column":1}},"line":148},"6":{"name":"generateProblemStatement","decl":{"start":{"line":159,"column":9},"end":{"line":159,"column":33}},"loc":{"start":{"line":159,"column":45},"end":{"line":166,"column":1}},"line":159},"7":{"name":"generateTargetUsers","decl":{"start":{"line":171,"column":9},"end":{"line":171,"column":28}},"loc":{"start":{"line":171,"column":40},"end":{"line":198,"column":1}},"line":171},"8":{"name":"(anonymous_8)","decl":{"start":{"line":184,"column":25},"end":{"line":184,"column":26}},"loc":{"start":{"line":184,"column":33},"end":{"line":184,"column":44}},"line":184},"9":{"name":"(anonymous_9)","decl":{"start":{"line":186,"column":25},"end":{"line":186,"column":26}},"loc":{"start":{"line":186,"column":33},"end":{"line":194,"column":1}},"line":186},"10":{"name":"(anonymous_10)","decl":{"start":{"line":190,"column":25},"end":{"line":190,"column":26}},"loc":{"start":{"line":190,"column":33},"end":{"line":190,"column":44}},"line":190},"11":{"name":"(anonymous_11)","decl":{"start":{"line":193,"column":30},"end":{"line":193,"column":31}},"loc":{"start":{"line":193,"column":39},"end":{"line":193,"column":51}},"line":193},"12":{"name":"generateUserRoles","decl":{"start":{"line":203,"column":9},"end":{"line":203,"column":26}},"loc":{"start":{"line":203,"column":38},"end":{"line":222,"column":1}},"line":203},"13":{"name":"(anonymous_13)","decl":{"start":{"line":214,"column":12},"end":{"line":214,"column":13}},"loc":{"start":{"line":214,"column":20},"end":{"line":221,"column":1}},"line":214},"14":{"name":"(anonymous_14)","decl":{"start":{"line":220,"column":31},"end":{"line":220,"column":32}},"loc":{"start":{"line":220,"column":39},"end":{"line":220,"column":50}},"line":220},"15":{"name":"generateFeaturesSection","decl":{"start":{"line":227,"column":9},"end":{"line":227,"column":32}},"loc":{"start":{"line":227,"column":44},"end":{"line":282,"column":1}},"line":227},"16":{"name":"(anonymous_16)","decl":{"start":{"line":238,"column":32},"end":{"line":238,"column":33}},"loc":{"start":{"line":238,"column":43},"end":{"line":242,"column":1}},"line":238},"17":{"name":"(anonymous_17)","decl":{"start":{"line":248,"column":31},"end":{"line":248,"column":32}},"loc":{"start":{"line":248,"column":42},"end":{"line":250,"column":1}},"line":248},"18":{"name":"(anonymous_18)","decl":{"start":{"line":256,"column":36},"end":{"line":256,"column":37}},"loc":{"start":{"line":256,"column":47},"end":{"line":258,"column":1}},"line":256},"19":{"name":"(anonymous_19)","decl":{"start":{"line":264,"column":31},"end":{"line":264,"column":32}},"loc":{"start":{"line":264,"column":42},"end":{"line":274,"column":1}},"line":264},"20":{"name":"(anonymous_20)","decl":{"start":{"line":270,"column":34},"end":{"line":270,"column":35}},"loc":{"start":{"line":270,"column":43},"end":{"line":270,"column":55}},"line":270},"21":{"name":"(anonymous_21)","decl":{"start":{"line":273,"column":41},"end":{"line":273,"column":42}},"loc":{"start":{"line":273,"column":53},"end":{"line":273,"column":68}},"line":273},"22":{"name":"generateNonFunctionalRequirements","decl":{"start":{"line":287,"column":9},"end":{"line":287,"column":42}},"loc":{"start":{"line":287,"column":54},"end":{"line":303,"column":1}},"line":287},"23":{"name":"(anonymous_23)","decl":{"start":{"line":298,"column":26},"end":{"line":298,"column":27}},"loc":{"start":{"line":298,"column":56},"end":{"line":302,"column":1}},"line":298},"24":{"name":"(anonymous_24)","decl":{"start":{"line":301,"column":49},"end":{"line":301,"column":50}},"loc":{"start":{"line":301,"column":56},"end":{"line":301,"column":66}},"line":301},"25":{"name":"generateTechStack","decl":{"start":{"line":308,"column":9},"end":{"line":308,"column":26}},"loc":{"start":{"line":308,"column":38},"end":{"line":347,"column":1}},"line":308},"26":{"name":"(anonymous_26)","decl":{"start":{"line":324,"column":11},"end":{"line":324,"column":12}},"loc":{"start":{"line":324,"column":29},"end":{"line":324,"column":53}},"line":324},"27":{"name":"(anonymous_27)","decl":{"start":{"line":333,"column":11},"end":{"line":333,"column":12}},"loc":{"start":{"line":333,"column":29},"end":{"line":333,"column":53}},"line":333},"28":{"name":"(anonymous_28)","decl":{"start":{"line":342,"column":11},"end":{"line":342,"column":12}},"loc":{"start":{"line":342,"column":29},"end":{"line":342,"column":53}},"line":342},"29":{"name":"generateArchitecture","decl":{"start":{"line":352,"column":9},"end":{"line":352,"column":29}},"loc":{"start":{"line":352,"column":41},"end":{"line":393,"column":1}},"line":352},"30":{"name":"(anonymous_30)","decl":{"start":{"line":368,"column":43},"end":{"line":368,"column":44}},"loc":{"start":{"line":368,"column":51},"end":{"line":377,"column":1}},"line":368},"31":{"name":"(anonymous_31)","decl":{"start":{"line":376,"column":67},"end":{"line":376,"column":68}},"loc":{"start":{"line":376,"column":72},"end":{"line":376,"column":80}},"line":376},"32":{"name":"generateDatabaseSchema","decl":{"start":{"line":398,"column":9},"end":{"line":398,"column":31}},"loc":{"start":{"line":398,"column":43},"end":{"line":438,"column":1}},"line":398},"33":{"name":"(anonymous_33)","decl":{"start":{"line":414,"column":31},"end":{"line":414,"column":32}},"loc":{"start":{"line":414,"column":40},"end":{"line":435,"column":1}},"line":414},"34":{"name":"(anonymous_34)","decl":{"start":{"line":423,"column":51},"end":{"line":423,"column":52}},"loc":{"start":{"line":423,"column":58},"end":{"line":431,"column":1}},"line":423},"35":{"name":"(anonymous_35)","decl":{"start":{"line":434,"column":20},"end":{"line":434,"column":21}},"loc":{"start":{"line":434,"column":27},"end":{"line":434,"column":87}},"line":434},"36":{"name":"generateApiRoutes","decl":{"start":{"line":443,"column":9},"end":{"line":443,"column":26}},"loc":{"start":{"line":443,"column":38},"end":{"line":474,"column":1}},"line":443},"37":{"name":"(anonymous_37)","decl":{"start":{"line":465,"column":24},"end":{"line":465,"column":25}},"loc":{"start":{"line":465,"column":33},"end":{"line":471,"column":3}},"line":465},"38":{"name":"generateFrontendPages","decl":{"start":{"line":479,"column":9},"end":{"line":479,"column":30}},"loc":{"start":{"line":479,"column":42},"end":{"line":514,"column":1}},"line":479},"39":{"name":"(anonymous_39)","decl":{"start":{"line":495,"column":23},"end":{"line":495,"column":24}},"loc":{"start":{"line":495,"column":31},"end":{"line":502,"column":1}},"line":495},"40":{"name":"(anonymous_40)","decl":{"start":{"line":509,"column":11},"end":{"line":509,"column":12}},"loc":{"start":{"line":509,"column":29},"end":{"line":509,"column":53}},"line":509},"41":{"name":"generateTestPlan","decl":{"start":{"line":519,"column":9},"end":{"line":519,"column":25}},"loc":{"start":{"line":519,"column":37},"end":{"line":572,"column":1}},"line":519},"42":{"name":"(anonymous_42)","decl":{"start":{"line":540,"column":13},"end":{"line":540,"column":14}},"loc":{"start":{"line":540,"column":32},"end":{"line":540,"column":57}},"line":540},"43":{"name":"generateDeploymentPlan","decl":{"start":{"line":577,"column":9},"end":{"line":577,"column":31}},"loc":{"start":{"line":577,"column":43},"end":{"line":620,"column":1}},"line":577},"44":{"name":"(anonymous_44)","decl":{"start":{"line":608,"column":36},"end":{"line":608,"column":37}},"loc":{"start":{"line":608,"column":45},"end":{"line":616,"column":1}},"line":608},"45":{"name":"(anonymous_45)","decl":{"start":{"line":611,"column":47},"end":{"line":611,"column":48}},"loc":{"start":{"line":611,"column":55},"end":{"line":615,"column":1}},"line":611},"46":{"name":"(anonymous_46)","decl":{"start":{"line":614,"column":53},"end":{"line":614,"column":54}},"loc":{"start":{"line":614,"column":61},"end":{"line":614,"column":76}},"line":614},"47":{"name":"generateGitHubIssues","decl":{"start":{"line":625,"column":9},"end":{"line":625,"column":29}},"loc":{"start":{"line":625,"column":41},"end":{"line":657,"column":1}},"line":625},"48":{"name":"(anonymous_48)","decl":{"start":{"line":641,"column":21},"end":{"line":641,"column":22}},"loc":{"start":{"line":641,"column":33},"end":{"line":654,"column":3}},"line":641},"49":{"name":"(anonymous_49)","decl":{"start":{"line":642,"column":41},"end":{"line":642,"column":42}},"loc":{"start":{"line":642,"column":50},"end":{"line":642,"column":77}},"line":642},"50":{"name":"(anonymous_50)","decl":{"start":{"line":645,"column":36},"end":{"line":645,"column":37}},"loc":{"start":{"line":645,"column":45},"end":{"line":652,"column":1}},"line":645},"51":{"name":"generateBobPrompt","decl":{"start":{"line":662,"column":9},"end":{"line":662,"column":26}},"loc":{"start":{"line":662,"column":38},"end":{"line":679,"column":1}},"line":662},"52":{"name":"generateFooter","decl":{"start":{"line":684,"column":9},"end":{"line":684,"column":23}},"loc":{"start":{"line":684,"column":35},"end":{"line":702,"column":1}},"line":684}},"branchMap":{"0":{"loc":{"start":{"line":14,"column":2},"end":{"line":16,"column":3}},"type":"if","locations":[{"start":{"line":14,"column":2},"end":{"line":16,"column":3}},{"start":{},"end":{}}],"line":14},"1":{"loc":{"start":{"line":14,"column":6},"end":{"line":14,"column":49}},"type":"binary-expr","locations":[{"start":{"line":14,"column":6},"end":{"line":14,"column":16}},{"start":{"line":14,"column":20},"end":{"line":14,"column":49}}],"line":14},"2":{"loc":{"start":{"line":83,"column":22},"end":{"line":83,"column":57}},"type":"binary-expr","locations":[{"start":{"line":83,"column":22},"end":{"line":83,"column":41}},{"start":{"line":83,"column":45},"end":{"line":83,"column":57}}],"line":83},"3":{"loc":{"start":{"line":84,"column":17},"end":{"line":84,"column":69}},"type":"binary-expr","locations":[{"start":{"line":84,"column":17},"end":{"line":84,"column":31}},{"start":{"line":84,"column":35},"end":{"line":84,"column":56}},{"start":{"line":84,"column":60},"end":{"line":84,"column":69}}],"line":84},"4":{"loc":{"start":{"line":86,"column":4},"end":{"line":88,"column":5}},"type":"if","locations":[{"start":{"line":86,"column":4},"end":{"line":88,"column":5}},{"start":{},"end":{}}],"line":86},"5":{"loc":{"start":{"line":117,"column":28},"end":{"line":117,"column":45}},"type":"default-arg","locations":[{"start":{"line":117,"column":43},"end":{"line":117,"column":45}}],"line":117},"6":{"loc":{"start":{"line":118,"column":9},"end":{"line":118,"column":85}},"type":"binary-expr","locations":[{"start":{"line":118,"column":9},"end":{"line":118,"column":69}},{"start":{"line":118,"column":73},"end":{"line":118,"column":85}}],"line":118},"7":{"loc":{"start":{"line":118,"column":47},"end":{"line":118,"column":63}},"type":"binary-expr","locations":[{"start":{"line":118,"column":47},"end":{"line":118,"column":50}},{"start":{"line":118,"column":54},"end":{"line":118,"column":63}}],"line":118},"8":{"loc":{"start":{"line":127,"column":29},"end":{"line":127,"column":62}},"type":"binary-expr","locations":[{"start":{"line":127,"column":29},"end":{"line":127,"column":48}},{"start":{"line":127,"column":52},"end":{"line":127,"column":62}}],"line":127},"9":{"loc":{"start":{"line":139,"column":18},"end":{"line":139,"column":62}},"type":"binary-expr","locations":[{"start":{"line":139,"column":18},"end":{"line":139,"column":30}},{"start":{"line":139,"column":34},"end":{"line":139,"column":53}},{"start":{"line":139,"column":57},"end":{"line":139,"column":62}}],"line":139},"10":{"loc":{"start":{"line":149,"column":15},"end":{"line":149,"column":51}},"type":"binary-expr","locations":[{"start":{"line":149,"column":15},"end":{"line":149,"column":29}},{"start":{"line":149,"column":33},"end":{"line":149,"column":51}}],"line":149},"11":{"loc":{"start":{"line":160,"column":18},"end":{"line":161,"column":102}},"type":"binary-expr","locations":[{"start":{"line":160,"column":18},"end":{"line":160,"column":44}},{"start":{"line":161,"column":18},"end":{"line":161,"column":102}}],"line":160},"12":{"loc":{"start":{"line":172,"column":16},"end":{"line":173,"column":67}},"type":"binary-expr","locations":[{"start":{"line":172,"column":16},"end":{"line":172,"column":37}},{"start":{"line":173,"column":16},"end":{"line":173,"column":67}}],"line":172},"13":{"loc":{"start":{"line":175,"column":2},"end":{"line":179,"column":3}},"type":"if","locations":[{"start":{"line":175,"column":2},"end":{"line":179,"column":3}},{"start":{},"end":{}}],"line":175},"14":{"loc":{"start":{"line":175,"column":6},"end":{"line":175,"column":49}},"type":"binary-expr","locations":[{"start":{"line":175,"column":6},"end":{"line":175,"column":27}},{"start":{"line":175,"column":31},"end":{"line":175,"column":49}}],"line":175},"15":{"loc":{"start":{"line":183,"column":2},"end":{"line":195,"column":3}},"type":"if","locations":[{"start":{"line":183,"column":2},"end":{"line":195,"column":3}},{"start":{"line":185,"column":9},"end":{"line":195,"column":3}}],"line":183},"16":{"loc":{"start":{"line":185,"column":9},"end":{"line":195,"column":3}},"type":"if","locations":[{"start":{"line":185,"column":9},"end":{"line":195,"column":3}},{"start":{},"end":{}}],"line":185},"17":{"loc":{"start":{"line":187,"column":6},"end":{"line":187,"column":38}},"type":"binary-expr","locations":[{"start":{"line":187,"column":6},"end":{"line":187,"column":15}},{"start":{"line":187,"column":19},"end":{"line":187,"column":28}},{"start":{"line":187,"column":32},"end":{"line":187,"column":38}}],"line":187},"18":{"loc":{"start":{"line":190,"column":2},"end":{"line":190,"column":77}},"type":"binary-expr","locations":[{"start":{"line":190,"column":2},"end":{"line":190,"column":56}},{"start":{"line":190,"column":60},"end":{"line":190,"column":77}}],"line":190},"19":{"loc":{"start":{"line":190,"column":3},"end":{"line":190,"column":19}},"type":"binary-expr","locations":[{"start":{"line":190,"column":3},"end":{"line":190,"column":13}},{"start":{"line":190,"column":17},"end":{"line":190,"column":19}}],"line":190},"20":{"loc":{"start":{"line":193,"column":2},"end":{"line":193,"column":84}},"type":"binary-expr","locations":[{"start":{"line":193,"column":2},"end":{"line":193,"column":63}},{"start":{"line":193,"column":67},"end":{"line":193,"column":84}}],"line":193},"21":{"loc":{"start":{"line":193,"column":3},"end":{"line":193,"column":24}},"type":"binary-expr","locations":[{"start":{"line":193,"column":3},"end":{"line":193,"column":18}},{"start":{"line":193,"column":22},"end":{"line":193,"column":24}}],"line":193},"22":{"loc":{"start":{"line":204,"column":16},"end":{"line":204,"column":41}},"type":"binary-expr","locations":[{"start":{"line":204,"column":16},"end":{"line":204,"column":35}},{"start":{"line":204,"column":39},"end":{"line":204,"column":41}}],"line":204},"23":{"loc":{"start":{"line":206,"column":2},"end":{"line":210,"column":3}},"type":"if","locations":[{"start":{"line":206,"column":2},"end":{"line":210,"column":3}},{"start":{},"end":{}}],"line":206},"24":{"loc":{"start":{"line":206,"column":6},"end":{"line":206,"column":49}},"type":"binary-expr","locations":[{"start":{"line":206,"column":6},"end":{"line":206,"column":27}},{"start":{"line":206,"column":31},"end":{"line":206,"column":49}}],"line":206},"25":{"loc":{"start":{"line":215,"column":6},"end":{"line":215,"column":33}},"type":"binary-expr","locations":[{"start":{"line":215,"column":6},"end":{"line":215,"column":15}},{"start":{"line":215,"column":19},"end":{"line":215,"column":33}}],"line":215},"26":{"loc":{"start":{"line":217,"column":2},"end":{"line":217,"column":38}},"type":"binary-expr","locations":[{"start":{"line":217,"column":2},"end":{"line":217,"column":18}},{"start":{"line":217,"column":22},"end":{"line":217,"column":38}}],"line":217},"27":{"loc":{"start":{"line":220,"column":2},"end":{"line":220,"column":84}},"type":"binary-expr","locations":[{"start":{"line":220,"column":2},"end":{"line":220,"column":62}},{"start":{"line":220,"column":66},"end":{"line":220,"column":84}}],"line":220},"28":{"loc":{"start":{"line":220,"column":3},"end":{"line":220,"column":25}},"type":"binary-expr","locations":[{"start":{"line":220,"column":3},"end":{"line":220,"column":19}},{"start":{"line":220,"column":23},"end":{"line":220,"column":25}}],"line":220},"29":{"loc":{"start":{"line":228,"column":23},"end":{"line":228,"column":51}},"type":"binary-expr","locations":[{"start":{"line":228,"column":23},"end":{"line":228,"column":45}},{"start":{"line":228,"column":49},"end":{"line":228,"column":51}}],"line":228},"30":{"loc":{"start":{"line":229,"column":22},"end":{"line":229,"column":49}},"type":"binary-expr","locations":[{"start":{"line":229,"column":22},"end":{"line":229,"column":43}},{"start":{"line":229,"column":47},"end":{"line":229,"column":49}}],"line":229},"31":{"loc":{"start":{"line":230,"column":27},"end":{"line":230,"column":59}},"type":"binary-expr","locations":[{"start":{"line":230,"column":27},"end":{"line":230,"column":53}},{"start":{"line":230,"column":57},"end":{"line":230,"column":59}}],"line":230},"32":{"loc":{"start":{"line":236,"column":2},"end":{"line":243,"column":3}},"type":"if","locations":[{"start":{"line":236,"column":2},"end":{"line":243,"column":3}},{"start":{},"end":{}}],"line":236},"33":{"loc":{"start":{"line":236,"column":6},"end":{"line":236,"column":60}},"type":"binary-expr","locations":[{"start":{"line":236,"column":6},"end":{"line":236,"column":33}},{"start":{"line":236,"column":37},"end":{"line":236,"column":60}}],"line":236},"34":{"loc":{"start":{"line":239,"column":4},"end":{"line":239,"column":20}},"type":"binary-expr","locations":[{"start":{"line":239,"column":4},"end":{"line":239,"column":14}},{"start":{"line":239,"column":18},"end":{"line":239,"column":20}}],"line":239},"35":{"loc":{"start":{"line":239,"column":24},"end":{"line":239,"column":57}},"type":"binary-expr","locations":[{"start":{"line":239,"column":24},"end":{"line":239,"column":36}},{"start":{"line":239,"column":40},"end":{"line":239,"column":57}}],"line":239},"36":{"loc":{"start":{"line":239,"column":64},"end":{"line":239,"column":92}},"type":"binary-expr","locations":[{"start":{"line":239,"column":64},"end":{"line":239,"column":80}},{"start":{"line":239,"column":84},"end":{"line":239,"column":92}}],"line":239},"37":{"loc":{"start":{"line":241,"column":2},"end":{"line":241,"column":41}},"type":"binary-expr","locations":[{"start":{"line":241,"column":2},"end":{"line":241,"column":21}},{"start":{"line":241,"column":25},"end":{"line":241,"column":41}}],"line":241},"38":{"loc":{"start":{"line":246,"column":2},"end":{"line":251,"column":3}},"type":"if","locations":[{"start":{"line":246,"column":2},"end":{"line":251,"column":3}},{"start":{},"end":{}}],"line":246},"39":{"loc":{"start":{"line":246,"column":6},"end":{"line":246,"column":58}},"type":"binary-expr","locations":[{"start":{"line":246,"column":6},"end":{"line":246,"column":32}},{"start":{"line":246,"column":36},"end":{"line":246,"column":58}}],"line":246},"40":{"loc":{"start":{"line":249,"column":6},"end":{"line":249,"column":31}},"type":"binary-expr","locations":[{"start":{"line":249,"column":6},"end":{"line":249,"column":18}},{"start":{"line":249,"column":22},"end":{"line":249,"column":31}}],"line":249},"41":{"loc":{"start":{"line":249,"column":38},"end":{"line":249,"column":66}},"type":"binary-expr","locations":[{"start":{"line":249,"column":38},"end":{"line":249,"column":54}},{"start":{"line":249,"column":58},"end":{"line":249,"column":66}}],"line":249},"42":{"loc":{"start":{"line":249,"column":81},"end":{"line":249,"column":120}},"type":"binary-expr","locations":[{"start":{"line":249,"column":81},"end":{"line":249,"column":100}},{"start":{"line":249,"column":104},"end":{"line":249,"column":120}}],"line":249},"43":{"loc":{"start":{"line":254,"column":2},"end":{"line":259,"column":3}},"type":"if","locations":[{"start":{"line":254,"column":2},"end":{"line":259,"column":3}},{"start":{},"end":{}}],"line":254},"44":{"loc":{"start":{"line":254,"column":6},"end":{"line":254,"column":68}},"type":"binary-expr","locations":[{"start":{"line":254,"column":6},"end":{"line":254,"column":37}},{"start":{"line":254,"column":41},"end":{"line":254,"column":68}}],"line":254},"45":{"loc":{"start":{"line":257,"column":6},"end":{"line":257,"column":31}},"type":"binary-expr","locations":[{"start":{"line":257,"column":6},"end":{"line":257,"column":18}},{"start":{"line":257,"column":22},"end":{"line":257,"column":31}}],"line":257},"46":{"loc":{"start":{"line":257,"column":38},"end":{"line":257,"column":63}},"type":"binary-expr","locations":[{"start":{"line":257,"column":38},"end":{"line":257,"column":54}},{"start":{"line":257,"column":58},"end":{"line":257,"column":63}}],"line":257},"47":{"loc":{"start":{"line":257,"column":78},"end":{"line":257,"column":117}},"type":"binary-expr","locations":[{"start":{"line":257,"column":78},"end":{"line":257,"column":97}},{"start":{"line":257,"column":101},"end":{"line":257,"column":117}}],"line":257},"48":{"loc":{"start":{"line":262,"column":2},"end":{"line":275,"column":3}},"type":"if","locations":[{"start":{"line":262,"column":2},"end":{"line":275,"column":3}},{"start":{},"end":{}}],"line":262},"49":{"loc":{"start":{"line":262,"column":6},"end":{"line":262,"column":58}},"type":"binary-expr","locations":[{"start":{"line":262,"column":6},"end":{"line":262,"column":32}},{"start":{"line":262,"column":36},"end":{"line":262,"column":58}}],"line":262},"50":{"loc":{"start":{"line":265,"column":7},"end":{"line":265,"column":26}},"type":"binary-expr","locations":[{"start":{"line":265,"column":7},"end":{"line":265,"column":17}},{"start":{"line":265,"column":21},"end":{"line":265,"column":26}}],"line":265},"51":{"loc":{"start":{"line":265,"column":31},"end":{"line":265,"column":56}},"type":"binary-expr","locations":[{"start":{"line":265,"column":31},"end":{"line":265,"column":43}},{"start":{"line":265,"column":47},"end":{"line":265,"column":56}}],"line":265},"52":{"loc":{"start":{"line":265,"column":61},"end":{"line":265,"column":89}},"type":"binary-expr","locations":[{"start":{"line":265,"column":61},"end":{"line":265,"column":77}},{"start":{"line":265,"column":81},"end":{"line":265,"column":89}}],"line":265},"53":{"loc":{"start":{"line":267,"column":2},"end":{"line":267,"column":41}},"type":"binary-expr","locations":[{"start":{"line":267,"column":2},"end":{"line":267,"column":21}},{"start":{"line":267,"column":25},"end":{"line":267,"column":41}}],"line":267},"54":{"loc":{"start":{"line":270,"column":2},"end":{"line":270,"column":89}},"type":"binary-expr","locations":[{"start":{"line":270,"column":2},"end":{"line":270,"column":67}},{"start":{"line":270,"column":71},"end":{"line":270,"column":89}}],"line":270},"55":{"loc":{"start":{"line":270,"column":3},"end":{"line":270,"column":28}},"type":"binary-expr","locations":[{"start":{"line":270,"column":3},"end":{"line":270,"column":22}},{"start":{"line":270,"column":26},"end":{"line":270,"column":28}}],"line":270},"56":{"loc":{"start":{"line":273,"column":2},"end":{"line":273,"column":102}},"type":"binary-expr","locations":[{"start":{"line":273,"column":2},"end":{"line":273,"column":80}},{"start":{"line":273,"column":84},"end":{"line":273,"column":102}}],"line":273},"57":{"loc":{"start":{"line":273,"column":3},"end":{"line":273,"column":35}},"type":"binary-expr","locations":[{"start":{"line":273,"column":3},"end":{"line":273,"column":29}},{"start":{"line":273,"column":33},"end":{"line":273,"column":35}}],"line":273},"58":{"loc":{"start":{"line":277,"column":2},"end":{"line":279,"column":3}},"type":"if","locations":[{"start":{"line":277,"column":2},"end":{"line":279,"column":3}},{"start":{},"end":{}}],"line":277},"59":{"loc":{"start":{"line":277,"column":6},"end":{"line":277,"column":120}},"type":"binary-expr","locations":[{"start":{"line":277,"column":6},"end":{"line":277,"column":31}},{"start":{"line":277,"column":35},"end":{"line":277,"column":59}},{"start":{"line":277,"column":63},"end":{"line":277,"column":92}},{"start":{"line":277,"column":96},"end":{"line":277,"column":120}}],"line":277},"60":{"loc":{"start":{"line":288,"column":14},"end":{"line":288,"column":55}},"type":"binary-expr","locations":[{"start":{"line":288,"column":14},"end":{"line":288,"column":49}},{"start":{"line":288,"column":53},"end":{"line":288,"column":55}}],"line":288},"61":{"loc":{"start":{"line":290,"column":2},"end":{"line":294,"column":3}},"type":"if","locations":[{"start":{"line":290,"column":2},"end":{"line":294,"column":3}},{"start":{},"end":{}}],"line":290},"62":{"loc":{"start":{"line":301,"column":2},"end":{"line":301,"column":98}},"type":"cond-expr","locations":[{"start":{"line":301,"column":32},"end":{"line":301,"column":78}},{"start":{"line":301,"column":81},"end":{"line":301,"column":98}}],"line":301},"63":{"loc":{"start":{"line":309,"column":20},"end":{"line":310,"column":78}},"type":"binary-expr","locations":[{"start":{"line":309,"column":20},"end":{"line":309,"column":39}},{"start":{"line":310,"column":20},"end":{"line":310,"column":78}}],"line":309},"64":{"loc":{"start":{"line":312,"column":2},"end":{"line":316,"column":3}},"type":"if","locations":[{"start":{"line":312,"column":2},"end":{"line":316,"column":3}},{"start":{},"end":{}}],"line":312},"65":{"loc":{"start":{"line":321,"column":2},"end":{"line":327,"column":3}},"type":"if","locations":[{"start":{"line":321,"column":2},"end":{"line":327,"column":3}},{"start":{},"end":{}}],"line":321},"66":{"loc":{"start":{"line":321,"column":6},"end":{"line":321,"column":66}},"type":"binary-expr","locations":[{"start":{"line":321,"column":6},"end":{"line":321,"column":24}},{"start":{"line":321,"column":28},"end":{"line":321,"column":66}}],"line":321},"67":{"loc":{"start":{"line":330,"column":2},"end":{"line":336,"column":3}},"type":"if","locations":[{"start":{"line":330,"column":2},"end":{"line":336,"column":3}},{"start":{},"end":{}}],"line":330},"68":{"loc":{"start":{"line":330,"column":6},"end":{"line":330,"column":64}},"type":"binary-expr","locations":[{"start":{"line":330,"column":6},"end":{"line":330,"column":23}},{"start":{"line":330,"column":27},"end":{"line":330,"column":64}}],"line":330},"69":{"loc":{"start":{"line":339,"column":2},"end":{"line":344,"column":3}},"type":"if","locations":[{"start":{"line":339,"column":2},"end":{"line":344,"column":3}},{"start":{},"end":{}}],"line":339},"70":{"loc":{"start":{"line":339,"column":6},"end":{"line":339,"column":66}},"type":"binary-expr","locations":[{"start":{"line":339,"column":6},"end":{"line":339,"column":24}},{"start":{"line":339,"column":28},"end":{"line":339,"column":66}}],"line":339},"71":{"loc":{"start":{"line":353,"column":23},"end":{"line":354,"column":71}},"type":"binary-expr","locations":[{"start":{"line":353,"column":23},"end":{"line":353,"column":45}},{"start":{"line":354,"column":23},"end":{"line":354,"column":71}}],"line":353},"72":{"loc":{"start":{"line":358,"column":2},"end":{"line":360,"column":3}},"type":"if","locations":[{"start":{"line":358,"column":2},"end":{"line":360,"column":3}},{"start":{},"end":{}}],"line":358},"73":{"loc":{"start":{"line":362,"column":2},"end":{"line":364,"column":3}},"type":"if","locations":[{"start":{"line":362,"column":2},"end":{"line":364,"column":3}},{"start":{},"end":{}}],"line":362},"74":{"loc":{"start":{"line":366,"column":2},"end":{"line":378,"column":3}},"type":"if","locations":[{"start":{"line":366,"column":2},"end":{"line":378,"column":3}},{"start":{},"end":{}}],"line":366},"75":{"loc":{"start":{"line":366,"column":6},"end":{"line":366,"column":82}},"type":"binary-expr","locations":[{"start":{"line":366,"column":6},"end":{"line":366,"column":44}},{"start":{"line":366,"column":48},"end":{"line":366,"column":82}}],"line":366},"76":{"loc":{"start":{"line":369,"column":4},"end":{"line":369,"column":36}},"type":"binary-expr","locations":[{"start":{"line":369,"column":4},"end":{"line":369,"column":13}},{"start":{"line":369,"column":17},"end":{"line":369,"column":36}}],"line":369},"77":{"loc":{"start":{"line":371,"column":2},"end":{"line":371,"column":38}},"type":"binary-expr","locations":[{"start":{"line":371,"column":2},"end":{"line":371,"column":18}},{"start":{"line":371,"column":22},"end":{"line":371,"column":38}}],"line":371},"78":{"loc":{"start":{"line":373,"column":22},"end":{"line":373,"column":103}},"type":"cond-expr","locations":[{"start":{"line":373,"column":57},"end":{"line":373,"column":85}},{"start":{"line":373,"column":88},"end":{"line":373,"column":103}}],"line":373},"79":{"loc":{"start":{"line":376,"column":2},"end":{"line":376,"column":112}},"type":"cond-expr","locations":[{"start":{"line":376,"column":41},"end":{"line":376,"column":92}},{"start":{"line":376,"column":95},"end":{"line":376,"column":112}}],"line":376},"80":{"loc":{"start":{"line":381,"column":18},"end":{"line":382,"column":70}},"type":"binary-expr","locations":[{"start":{"line":381,"column":18},"end":{"line":381,"column":51}},{"start":{"line":382,"column":18},"end":{"line":382,"column":70}}],"line":381},"81":{"loc":{"start":{"line":384,"column":2},"end":{"line":386,"column":3}},"type":"if","locations":[{"start":{"line":384,"column":2},"end":{"line":386,"column":3}},{"start":{},"end":{}}],"line":384},"82":{"loc":{"start":{"line":388,"column":2},"end":{"line":390,"column":3}},"type":"if","locations":[{"start":{"line":388,"column":2},"end":{"line":390,"column":3}},{"start":{},"end":{}}],"line":388},"83":{"loc":{"start":{"line":388,"column":6},"end":{"line":388,"column":135}},"type":"binary-expr","locations":[{"start":{"line":388,"column":6},"end":{"line":388,"column":28}},{"start":{"line":388,"column":32},"end":{"line":388,"column":65}},{"start":{"line":388,"column":70},"end":{"line":388,"column":94}},{"start":{"line":388,"column":98},"end":{"line":388,"column":134}}],"line":388},"84":{"loc":{"start":{"line":399,"column":17},"end":{"line":400,"column":59}},"type":"binary-expr","locations":[{"start":{"line":399,"column":17},"end":{"line":399,"column":41}},{"start":{"line":400,"column":17},"end":{"line":400,"column":59}}],"line":399},"85":{"loc":{"start":{"line":402,"column":2},"end":{"line":406,"column":3}},"type":"if","locations":[{"start":{"line":402,"column":2},"end":{"line":406,"column":3}},{"start":{},"end":{}}],"line":402},"86":{"loc":{"start":{"line":402,"column":6},"end":{"line":402,"column":83}},"type":"binary-expr","locations":[{"start":{"line":402,"column":6},"end":{"line":402,"column":20}},{"start":{"line":402,"column":24},"end":{"line":402,"column":53}},{"start":{"line":402,"column":57},"end":{"line":402,"column":83}}],"line":402},"87":{"loc":{"start":{"line":410,"column":30},"end":{"line":410,"column":64}},"type":"binary-expr","locations":[{"start":{"line":410,"column":30},"end":{"line":410,"column":45}},{"start":{"line":410,"column":49},"end":{"line":410,"column":64}}],"line":410},"88":{"loc":{"start":{"line":410,"column":68},"end":{"line":410,"column":88}},"type":"binary-expr","locations":[{"start":{"line":410,"column":68},"end":{"line":410,"column":82}},{"start":{"line":410,"column":86},"end":{"line":410,"column":88}}],"line":410},"89":{"loc":{"start":{"line":415,"column":7},"end":{"line":415,"column":36}},"type":"binary-expr","locations":[{"start":{"line":415,"column":7},"end":{"line":415,"column":17}},{"start":{"line":415,"column":21},"end":{"line":415,"column":36}}],"line":415},"90":{"loc":{"start":{"line":417,"column":2},"end":{"line":417,"column":25}},"type":"binary-expr","locations":[{"start":{"line":417,"column":2},"end":{"line":417,"column":19}},{"start":{"line":417,"column":23},"end":{"line":417,"column":25}}],"line":417},"91":{"loc":{"start":{"line":423,"column":2},"end":{"line":431,"column":31}},"type":"cond-expr","locations":[{"start":{"line":423,"column":33},"end":{"line":431,"column":13}},{"start":{"line":431,"column":16},"end":{"line":431,"column":31}}],"line":423},"92":{"loc":{"start":{"line":425,"column":2},"end":{"line":425,"column":54}},"type":"if","locations":[{"start":{"line":425,"column":2},"end":{"line":425,"column":54}},{"start":{},"end":{}}],"line":425},"93":{"loc":{"start":{"line":426,"column":2},"end":{"line":426,"column":45}},"type":"if","locations":[{"start":{"line":426,"column":2},"end":{"line":426,"column":45}},{"start":{},"end":{}}],"line":426},"94":{"loc":{"start":{"line":427,"column":2},"end":{"line":427,"column":59}},"type":"if","locations":[{"start":{"line":427,"column":2},"end":{"line":427,"column":59}},{"start":{},"end":{}}],"line":427},"95":{"loc":{"start":{"line":428,"column":2},"end":{"line":428,"column":62}},"type":"if","locations":[{"start":{"line":428,"column":2},"end":{"line":428,"column":62}},{"start":{},"end":{}}],"line":428},"96":{"loc":{"start":{"line":429,"column":2},"end":{"line":429,"column":65}},"type":"if","locations":[{"start":{"line":429,"column":2},"end":{"line":429,"column":65}},{"start":{},"end":{}}],"line":429},"97":{"loc":{"start":{"line":430,"column":14},"end":{"line":430,"column":35}},"type":"binary-expr","locations":[{"start":{"line":430,"column":14},"end":{"line":430,"column":22}},{"start":{"line":430,"column":26},"end":{"line":430,"column":35}}],"line":430},"98":{"loc":{"start":{"line":430,"column":41},"end":{"line":430,"column":62}},"type":"binary-expr","locations":[{"start":{"line":430,"column":41},"end":{"line":430,"column":49}},{"start":{"line":430,"column":53},"end":{"line":430,"column":62}}],"line":430},"99":{"loc":{"start":{"line":430,"column":68},"end":{"line":430,"column":97}},"type":"binary-expr","locations":[{"start":{"line":430,"column":68},"end":{"line":430,"column":90}},{"start":{"line":430,"column":94},"end":{"line":430,"column":97}}],"line":430},"100":{"loc":{"start":{"line":433,"column":2},"end":{"line":434,"column":106}},"type":"cond-expr","locations":[{"start":{"line":433,"column":61},"end":{"line":434,"column":101}},{"start":{"line":434,"column":104},"end":{"line":434,"column":106}}],"line":433},"101":{"loc":{"start":{"line":433,"column":2},"end":{"line":433,"column":58}},"type":"binary-expr","locations":[{"start":{"line":433,"column":2},"end":{"line":433,"column":30}},{"start":{"line":433,"column":34},"end":{"line":433,"column":58}}],"line":433},"102":{"loc":{"start":{"line":434,"column":32},"end":{"line":434,"column":53}},"type":"binary-expr","locations":[{"start":{"line":434,"column":32},"end":{"line":434,"column":40}},{"start":{"line":434,"column":44},"end":{"line":434,"column":53}}],"line":434},"103":{"loc":{"start":{"line":434,"column":56},"end":{"line":434,"column":85}},"type":"cond-expr","locations":[{"start":{"line":434,"column":69},"end":{"line":434,"column":80}},{"start":{"line":434,"column":83},"end":{"line":434,"column":85}}],"line":434},"104":{"loc":{"start":{"line":444,"column":17},"end":{"line":445,"column":66}},"type":"binary-expr","locations":[{"start":{"line":444,"column":17},"end":{"line":444,"column":36}},{"start":{"line":445,"column":17},"end":{"line":445,"column":66}}],"line":444},"105":{"loc":{"start":{"line":447,"column":2},"end":{"line":451,"column":3}},"type":"if","locations":[{"start":{"line":447,"column":2},"end":{"line":451,"column":3}},{"start":{},"end":{}}],"line":447},"106":{"loc":{"start":{"line":447,"column":6},"end":{"line":447,"column":51}},"type":"binary-expr","locations":[{"start":{"line":447,"column":6},"end":{"line":447,"column":28}},{"start":{"line":447,"column":32},"end":{"line":447,"column":51}}],"line":447},"107":{"loc":{"start":{"line":466,"column":19},"end":{"line":466,"column":40}},"type":"binary-expr","locations":[{"start":{"line":466,"column":19},"end":{"line":466,"column":31}},{"start":{"line":466,"column":35},"end":{"line":466,"column":40}}],"line":466},"108":{"loc":{"start":{"line":467,"column":17},"end":{"line":467,"column":34}},"type":"binary-expr","locations":[{"start":{"line":467,"column":17},"end":{"line":467,"column":27}},{"start":{"line":467,"column":31},"end":{"line":467,"column":34}}],"line":467},"109":{"loc":{"start":{"line":468,"column":24},"end":{"line":468,"column":47}},"type":"binary-expr","locations":[{"start":{"line":468,"column":24},"end":{"line":468,"column":41}},{"start":{"line":468,"column":45},"end":{"line":468,"column":47}}],"line":468},"110":{"loc":{"start":{"line":469,"column":17},"end":{"line":469,"column":58}},"type":"cond-expr","locations":[{"start":{"line":469,"column":40},"end":{"line":469,"column":48}},{"start":{"line":469,"column":51},"end":{"line":469,"column":58}}],"line":469},"111":{"loc":{"start":{"line":480,"column":16},"end":{"line":481,"column":66}},"type":"binary-expr","locations":[{"start":{"line":480,"column":16},"end":{"line":480,"column":39}},{"start":{"line":481,"column":16},"end":{"line":481,"column":66}}],"line":480},"112":{"loc":{"start":{"line":483,"column":2},"end":{"line":487,"column":3}},"type":"if","locations":[{"start":{"line":483,"column":2},"end":{"line":487,"column":3}},{"start":{},"end":{}}],"line":483},"113":{"loc":{"start":{"line":483,"column":6},"end":{"line":483,"column":49}},"type":"binary-expr","locations":[{"start":{"line":483,"column":6},"end":{"line":483,"column":27}},{"start":{"line":483,"column":31},"end":{"line":483,"column":49}}],"line":483},"114":{"loc":{"start":{"line":489,"column":20},"end":{"line":490,"column":79}},"type":"binary-expr","locations":[{"start":{"line":489,"column":20},"end":{"line":489,"column":70}},{"start":{"line":490,"column":20},"end":{"line":490,"column":79}}],"line":489},"115":{"loc":{"start":{"line":496,"column":6},"end":{"line":496,"column":33}},"type":"binary-expr","locations":[{"start":{"line":496,"column":6},"end":{"line":496,"column":15}},{"start":{"line":496,"column":19},"end":{"line":496,"column":33}}],"line":496},"116":{"loc":{"start":{"line":498,"column":15},"end":{"line":498,"column":31}},"type":"binary-expr","locations":[{"start":{"line":498,"column":15},"end":{"line":498,"column":24}},{"start":{"line":498,"column":28},"end":{"line":498,"column":31}}],"line":498},"117":{"loc":{"start":{"line":499,"column":19},"end":{"line":499,"column":54}},"type":"cond-expr","locations":[{"start":{"line":499,"column":36},"end":{"line":499,"column":44}},{"start":{"line":499,"column":47},"end":{"line":499,"column":54}}],"line":499},"118":{"loc":{"start":{"line":500,"column":21},"end":{"line":500,"column":57}},"type":"binary-expr","locations":[{"start":{"line":500,"column":21},"end":{"line":500,"column":37}},{"start":{"line":500,"column":41},"end":{"line":500,"column":57}}],"line":500},"119":{"loc":{"start":{"line":501,"column":2},"end":{"line":501,"column":119}},"type":"cond-expr","locations":[{"start":{"line":501,"column":65},"end":{"line":501,"column":114}},{"start":{"line":501,"column":117},"end":{"line":501,"column":119}}],"line":501},"120":{"loc":{"start":{"line":501,"column":2},"end":{"line":501,"column":62}},"type":"binary-expr","locations":[{"start":{"line":501,"column":2},"end":{"line":501,"column":32}},{"start":{"line":501,"column":36},"end":{"line":501,"column":62}}],"line":501},"121":{"loc":{"start":{"line":506,"column":2},"end":{"line":511,"column":3}},"type":"if","locations":[{"start":{"line":506,"column":2},"end":{"line":511,"column":3}},{"start":{},"end":{}}],"line":506},"122":{"loc":{"start":{"line":506,"column":6},"end":{"line":506,"column":60}},"type":"binary-expr","locations":[{"start":{"line":506,"column":6},"end":{"line":506,"column":21}},{"start":{"line":506,"column":25},"end":{"line":506,"column":60}}],"line":506},"123":{"loc":{"start":{"line":520,"column":19},"end":{"line":521,"column":60}},"type":"binary-expr","locations":[{"start":{"line":520,"column":19},"end":{"line":520,"column":37}},{"start":{"line":521,"column":19},"end":{"line":521,"column":60}}],"line":520},"124":{"loc":{"start":{"line":523,"column":2},"end":{"line":527,"column":3}},"type":"if","locations":[{"start":{"line":523,"column":2},"end":{"line":527,"column":3}},{"start":{},"end":{}}],"line":523},"125":{"loc":{"start":{"line":532,"column":2},"end":{"line":544,"column":3}},"type":"if","locations":[{"start":{"line":532,"column":2},"end":{"line":544,"column":3}},{"start":{},"end":{}}],"line":532},"126":{"loc":{"start":{"line":534,"column":4},"end":{"line":536,"column":5}},"type":"if","locations":[{"start":{"line":534,"column":4},"end":{"line":536,"column":5}},{"start":{},"end":{}}],"line":534},"127":{"loc":{"start":{"line":537,"column":4},"end":{"line":543,"column":5}},"type":"if","locations":[{"start":{"line":537,"column":4},"end":{"line":543,"column":5}},{"start":{},"end":{}}],"line":537},"128":{"loc":{"start":{"line":537,"column":8},"end":{"line":537,"column":82}},"type":"binary-expr","locations":[{"start":{"line":537,"column":8},"end":{"line":537,"column":33}},{"start":{"line":537,"column":37},"end":{"line":537,"column":82}}],"line":537},"129":{"loc":{"start":{"line":547,"column":2},"end":{"line":555,"column":3}},"type":"if","locations":[{"start":{"line":547,"column":2},"end":{"line":555,"column":3}},{"start":{},"end":{}}],"line":547},"130":{"loc":{"start":{"line":549,"column":35},"end":{"line":549,"column":82}},"type":"binary-expr","locations":[{"start":{"line":549,"column":35},"end":{"line":549,"column":63}},{"start":{"line":549,"column":67},"end":{"line":549,"column":82}}],"line":549},"131":{"loc":{"start":{"line":550,"column":37},"end":{"line":550,"column":71}},"type":"binary-expr","locations":[{"start":{"line":550,"column":37},"end":{"line":550,"column":66}},{"start":{"line":550,"column":70},"end":{"line":550,"column":71}}],"line":550},"132":{"loc":{"start":{"line":551,"column":4},"end":{"line":553,"column":5}},"type":"if","locations":[{"start":{"line":551,"column":4},"end":{"line":553,"column":5}},{"start":{},"end":{}}],"line":551},"133":{"loc":{"start":{"line":552,"column":43},"end":{"line":552,"column":96}},"type":"binary-expr","locations":[{"start":{"line":552,"column":43},"end":{"line":552,"column":77}},{"start":{"line":552,"column":81},"end":{"line":552,"column":96}}],"line":552},"134":{"loc":{"start":{"line":558,"column":2},"end":{"line":562,"column":3}},"type":"if","locations":[{"start":{"line":558,"column":2},"end":{"line":562,"column":3}},{"start":{},"end":{}}],"line":558},"135":{"loc":{"start":{"line":560,"column":35},"end":{"line":560,"column":89}},"type":"binary-expr","locations":[{"start":{"line":560,"column":35},"end":{"line":560,"column":70}},{"start":{"line":560,"column":74},"end":{"line":560,"column":89}}],"line":560},"136":{"loc":{"start":{"line":561,"column":37},"end":{"line":561,"column":78}},"type":"binary-expr","locations":[{"start":{"line":561,"column":37},"end":{"line":561,"column":73}},{"start":{"line":561,"column":77},"end":{"line":561,"column":78}}],"line":561},"137":{"loc":{"start":{"line":565,"column":2},"end":{"line":569,"column":3}},"type":"if","locations":[{"start":{"line":565,"column":2},"end":{"line":569,"column":3}},{"start":{},"end":{}}],"line":565},"138":{"loc":{"start":{"line":567,"column":35},"end":{"line":567,"column":81}},"type":"binary-expr","locations":[{"start":{"line":567,"column":35},"end":{"line":567,"column":62}},{"start":{"line":567,"column":66},"end":{"line":567,"column":81}}],"line":567},"139":{"loc":{"start":{"line":568,"column":37},"end":{"line":568,"column":70}},"type":"binary-expr","locations":[{"start":{"line":568,"column":37},"end":{"line":568,"column":65}},{"start":{"line":568,"column":69},"end":{"line":568,"column":70}}],"line":568},"140":{"loc":{"start":{"line":578,"column":21},"end":{"line":579,"column":67}},"type":"binary-expr","locations":[{"start":{"line":578,"column":21},"end":{"line":578,"column":45}},{"start":{"line":579,"column":21},"end":{"line":579,"column":67}}],"line":578},"141":{"loc":{"start":{"line":581,"column":2},"end":{"line":585,"column":3}},"type":"if","locations":[{"start":{"line":581,"column":2},"end":{"line":585,"column":3}},{"start":{},"end":{}}],"line":581},"142":{"loc":{"start":{"line":590,"column":2},"end":{"line":603,"column":3}},"type":"if","locations":[{"start":{"line":590,"column":2},"end":{"line":603,"column":3}},{"start":{},"end":{}}],"line":590},"143":{"loc":{"start":{"line":593,"column":4},"end":{"line":595,"column":5}},"type":"if","locations":[{"start":{"line":593,"column":4},"end":{"line":595,"column":5}},{"start":{},"end":{}}],"line":593},"144":{"loc":{"start":{"line":594,"column":34},"end":{"line":594,"column":91}},"type":"binary-expr","locations":[{"start":{"line":594,"column":34},"end":{"line":594,"column":72}},{"start":{"line":594,"column":76},"end":{"line":594,"column":91}}],"line":594},"145":{"loc":{"start":{"line":596,"column":4},"end":{"line":598,"column":5}},"type":"if","locations":[{"start":{"line":596,"column":4},"end":{"line":598,"column":5}},{"start":{},"end":{}}],"line":596},"146":{"loc":{"start":{"line":597,"column":33},"end":{"line":597,"column":89}},"type":"binary-expr","locations":[{"start":{"line":597,"column":33},"end":{"line":597,"column":70}},{"start":{"line":597,"column":74},"end":{"line":597,"column":89}}],"line":597},"147":{"loc":{"start":{"line":599,"column":4},"end":{"line":601,"column":5}},"type":"if","locations":[{"start":{"line":599,"column":4},"end":{"line":601,"column":5}},{"start":{},"end":{}}],"line":599},"148":{"loc":{"start":{"line":600,"column":34},"end":{"line":600,"column":91}},"type":"binary-expr","locations":[{"start":{"line":600,"column":34},"end":{"line":600,"column":72}},{"start":{"line":600,"column":76},"end":{"line":600,"column":91}}],"line":600},"149":{"loc":{"start":{"line":606,"column":2},"end":{"line":617,"column":3}},"type":"if","locations":[{"start":{"line":606,"column":2},"end":{"line":617,"column":3}},{"start":{},"end":{}}],"line":606},"150":{"loc":{"start":{"line":606,"column":6},"end":{"line":606,"column":68}},"type":"binary-expr","locations":[{"start":{"line":606,"column":6},"end":{"line":606,"column":37}},{"start":{"line":606,"column":41},"end":{"line":606,"column":68}}],"line":606},"151":{"loc":{"start":{"line":609,"column":7},"end":{"line":609,"column":37}},"type":"binary-expr","locations":[{"start":{"line":609,"column":7},"end":{"line":609,"column":18}},{"start":{"line":609,"column":22},"end":{"line":609,"column":37}}],"line":609},"152":{"loc":{"start":{"line":611,"column":2},"end":{"line":615,"column":34}},"type":"cond-expr","locations":[{"start":{"line":611,"column":31},"end":{"line":615,"column":13}},{"start":{"line":615,"column":16},"end":{"line":615,"column":34}}],"line":611},"153":{"loc":{"start":{"line":612,"column":4},"end":{"line":612,"column":31}},"type":"binary-expr","locations":[{"start":{"line":612,"column":4},"end":{"line":612,"column":13}},{"start":{"line":612,"column":17},"end":{"line":612,"column":31}}],"line":612},"154":{"loc":{"start":{"line":614,"column":2},"end":{"line":614,"column":107}},"type":"cond-expr","locations":[{"start":{"line":614,"column":34},"end":{"line":614,"column":88}},{"start":{"line":614,"column":91},"end":{"line":614,"column":107}}],"line":614},"155":{"loc":{"start":{"line":626,"column":17},"end":{"line":627,"column":72}},"type":"binary-expr","locations":[{"start":{"line":626,"column":17},"end":{"line":626,"column":39}},{"start":{"line":627,"column":17},"end":{"line":627,"column":72}}],"line":626},"156":{"loc":{"start":{"line":629,"column":2},"end":{"line":633,"column":3}},"type":"if","locations":[{"start":{"line":629,"column":2},"end":{"line":633,"column":3}},{"start":{},"end":{}}],"line":629},"157":{"loc":{"start":{"line":629,"column":6},"end":{"line":629,"column":51}},"type":"binary-expr","locations":[{"start":{"line":629,"column":6},"end":{"line":629,"column":28}},{"start":{"line":629,"column":32},"end":{"line":629,"column":51}}],"line":629},"158":{"loc":{"start":{"line":643,"column":4},"end":{"line":653,"column":5}},"type":"if","locations":[{"start":{"line":643,"column":4},"end":{"line":653,"column":5}},{"start":{},"end":{}}],"line":643},"159":{"loc":{"start":{"line":646,"column":8},"end":{"line":646,"column":27}},"type":"binary-expr","locations":[{"start":{"line":646,"column":8},"end":{"line":646,"column":20}},{"start":{"line":646,"column":24},"end":{"line":646,"column":27}}],"line":646},"160":{"loc":{"start":{"line":646,"column":32},"end":{"line":646,"column":57}},"type":"binary-expr","locations":[{"start":{"line":646,"column":32},"end":{"line":646,"column":43}},{"start":{"line":646,"column":47},"end":{"line":646,"column":57}}],"line":646},"161":{"loc":{"start":{"line":648,"column":2},"end":{"line":648,"column":39}},"type":"binary-expr","locations":[{"start":{"line":648,"column":2},"end":{"line":648,"column":19}},{"start":{"line":648,"column":23},"end":{"line":648,"column":39}}],"line":648},"162":{"loc":{"start":{"line":650,"column":16},"end":{"line":650,"column":78}},"type":"cond-expr","locations":[{"start":{"line":650,"column":46},"end":{"line":650,"column":69}},{"start":{"line":650,"column":72},"end":{"line":650,"column":78}}],"line":650},"163":{"loc":{"start":{"line":651,"column":16},"end":{"line":651,"column":49}},"type":"binary-expr","locations":[{"start":{"line":651,"column":16},"end":{"line":651,"column":36}},{"start":{"line":651,"column":40},"end":{"line":651,"column":49}}],"line":651},"164":{"loc":{"start":{"line":663,"column":17},"end":{"line":664,"column":103}},"type":"binary-expr","locations":[{"start":{"line":663,"column":17},"end":{"line":663,"column":41}},{"start":{"line":664,"column":17},"end":{"line":664,"column":103}}],"line":663},"165":{"loc":{"start":{"line":685,"column":29},"end":{"line":685,"column":62}},"type":"binary-expr","locations":[{"start":{"line":685,"column":29},"end":{"line":685,"column":48}},{"start":{"line":685,"column":52},"end":{"line":685,"column":62}}],"line":685},"166":{"loc":{"start":{"line":686,"column":20},"end":{"line":686,"column":100}},"type":"cond-expr","locations":[{"start":{"line":686,"column":42},"end":{"line":686,"column":88}},{"start":{"line":686,"column":91},"end":{"line":686,"column":100}}],"line":686},"167":{"loc":{"start":{"line":692,"column":20},"end":{"line":692,"column":64}},"type":"binary-expr","locations":[{"start":{"line":692,"column":20},"end":{"line":692,"column":32}},{"start":{"line":692,"column":36},"end":{"line":692,"column":55}},{"start":{"line":692,"column":59},"end":{"line":692,"column":64}}],"line":
[...]
":173,"column":20},"end":{"line":173,"column":38}},"47":{"start":{"line":174,"column":16},"end":{"line":174,"column":18}},"48":{"start":{"line":176,"column":23},"end":{"line":185,"column":3}},"49":{"start":{"line":187,"column":2},"end":{"line":191,"column":5}},"50":{"start":{"line":188,"column":4},"end":{"line":190,"column":5}},"51":{"start":{"line":189,"column":6},"end":{"line":189,"column":31}},"52":{"start":{"line":193,"column":2},"end":{"line":193,"column":54}},"53":{"start":{"line":196,"column":0},"end":{"line":209,"column":2}}},"fnMap":{"0":{"name":"hasAuthFeature","decl":{"start":{"line":12,"column":9},"end":{"line":12,"column":23}},"loc":{"start":{"line":12,"column":31},"end":{"line":16,"column":1}},"line":12},"1":{"name":"hasDashboardFeature","decl":{"start":{"line":23,"column":9},"end":{"line":23,"column":28}},"loc":{"start":{"line":23,"column":36},"end":{"line":27,"column":1}},"line":23},"2":{"name":"hasAPIFeature","decl":{"start":{"line":34,"column":9},"end":{"line":34,"column":22}},"loc":{"start":{"line":34,"column":30},"end":{"line":38,"column":1}},"line":34},"3":{"name":"hasRealtimeFeature","decl":{"start":{"line":45,"column":9},"end":{"line":45,"column":27}},"loc":{"start":{"line":45,"column":35},"end":{"line":49,"column":1}},"line":45},"4":{"name":"hasFileUploadFeature","decl":{"start":{"line":56,"column":9},"end":{"line":56,"column":29}},"loc":{"start":{"line":56,"column":37},"end":{"line":60,"column":1}},"line":56},"5":{"name":"hasSearchFeature","decl":{"start":{"line":67,"column":9},"end":{"line":67,"column":25}},"loc":{"start":{"line":67,"column":33},"end":{"line":71,"column":1}},"line":67},"6":{"name":"hasPaymentFeature","decl":{"start":{"line":78,"column":9},"end":{"line":78,"column":26}},"loc":{"start":{"line":78,"column":34},"end":{"line":82,"column":1}},"line":78},"7":{"name":"hasEmailFeature","decl":{"start":{"line":89,"column":9},"end":{"line":89,"column":24}},"loc":{"start":{"line":89,"column":32},"end":{"line":93,"column":1}},"line":89},"8":{"name":"detectAllFeatures","decl":{"start":{"line":100,"column":9},"end":{"line":100,"column":26}},"loc":{"start":{"line":100,"column":34},"end":{"line":111,"column":1}},"line":100},"9":{"name":"getSearchableText","decl":{"start":{"line":118,"column":9},"end":{"line":118,"column":26}},"loc":{"start":{"line":118,"column":34},"end":{"line":148,"column":1}},"line":118},"10":{"name":"(anonymous_10)","decl":{"start":{"line":133,"column":27},"end":{"line":133,"column":28}},"loc":{"start":{"line":133,"column":38},"end":{"line":139,"column":5}},"line":133},"11":{"name":"containsAnyKeyword","decl":{"start":{"line":156,"column":9},"end":{"line":156,"column":27}},"loc":{"start":{"line":156,"column":44},"end":{"line":163,"column":1}},"line":156},"12":{"name":"(anonymous_12)","decl":{"start":{"line":162,"column":23},"end":{"line":162,"column":24}},"loc":{"start":{"line":162,"column":34},"end":{"line":162,"column":75}},"line":162},"13":{"name":"extractTargetUsers","decl":{"start":{"line":170,"column":9},"end":{"line":170,"column":27}},"loc":{"start":{"line":170,"column":34},"end":{"line":194,"column":1}},"line":170},"14":{"name":"(anonymous_14)","decl":{"start":{"line":187,"column":23},"end":{"line":187,"column":24}},"loc":{"start":{"line":187,"column":34},"end":{"line":191,"column":3}},"line":187}},"branchMap":{"0":{"loc":{"start":{"line":122,"column":2},"end":{"line":124,"column":3}},"type":"if","locations":[{"start":{"line":122,"column":2},"end":{"line":124,"column":3}},{"start":{},"end":{}}],"line":122},"1":{"loc":{"start":{"line":127,"column":2},"end":{"line":129,"column":3}},"type":"if","locations":[{"start":{"line":127,"column":2},"end":{"line":129,"column":3}},{"start":{},"end":{}}],"line":127},"2":{"loc":{"start":{"line":132,"column":2},"end":{"line":140,"column":3}},"type":"if","locations":[{"start":{"line":132,"column":2},"end":{"line":140,"column":3}},{"start":{},"end":{}}],"line":132},"3":{"loc":{"start":{"line":134,"column":6},"end":{"line":138,"column":7}},"type":"if","locations":[{"start":{"line":134,"column":6},"end":{"line":138,"column":7}},{"start":{"line":136,"column":13},"end":{"line":138,"column":7}}],"line":134},"4":{"loc":{"start":{"line":136,"column":13},"end":{"line":138,"column":7}},"type":"if","locations":[{"start":{"line":136,"column":13},"end":{"line":138,"column":7}},{"start":{},"end":{}}],"line":136},"5":{"loc":{"start":{"line":136,"column":17},"end":{"line":136,"column":40}},"type":"binary-expr","locations":[{"start":{"line":136,"column":17},"end":{"line":136,"column":24}},{"start":{"line":136,"column":28},"end":{"line":136,"column":40}}],"line":136},"6":{"loc":{"start":{"line":143,"column":2},"end":{"line":145,"column":3}},"type":"if","locations":[{"start":{"line":143,"column":2},"end":{"line":145,"column":3}},{"start":{},"end":{}}],"line":143},"7":{"loc":{"start":{"line":157,"column":2},"end":{"line":159,"column":3}},"type":"if","locations":[{"start":{"line":157,"column":2},"end":{"line":159,"column":3}},{"start":{},"end":{}}],"line":157},"8":{"loc":{"start":{"line":157,"column":6},"end":{"line":157,"column":39}},"type":"binary-expr","locations":[{"start":{"line":157,"column":6},"end":{"line":157,"column":11}},{"start":{"line":157,"column":15},"end":{"line":157,"column":39}}],"line":157},"9":{"loc":{"start":{"line":171,"column":2},"end":{"line":171,"column":38}},"type":"if","locations":[{"start":{"line":171,"column":2},"end":{"line":171,"column":38}},{"start":{},"end":{}}],"line":171},"10":{"loc":{"start":{"line":188,"column":4},"end":{"line":190,"column":5}},"type":"if","locations":[{"start":{"line":188,"column":4},"end":{"line":190,"column":5}},{"start":{},"end":{}}],"line":188},"11":{"loc":{"start":{"line":193,"column":9},"end":{"line":193,"column":53}},"type":"cond-expr","locations":[{"start":{"line":193,"column":28},"end":{"line":193,"column":33}},{"start":{"line":193,"column":36},"end":{"line":193,"column":53}}],"line":193}},"s":{"0":0,"1":0,"2":0,"3":0,"4":0,"5":0,"6":0,"7":0,"8":0,"9":0,"10":0,"11":0,"12":0,"13":0,"14":0,"15":0,"16":0,"17":0,"18":0,"19":0,"20":0,"21":0,"22":0,"23":0,"24":0,"25":0,"26":0,"27":0,"28":0,"29":0,"30":0,"31":0,"32":0,"33":0,"34":0,"35":0,"36":0,"37":0,"38":0,"39":0,"40":0,"41":0,"42":0,"43":0,"44":0,"45":0,"46":0,"47":0,"48":0,"49":0,"50":0,"51":0,"52":0,"53":0},"f":{"0":0,"1":0,"2":0,"3":0,"4":0,"5":0,"6":0,"7":0,"8":0,"9":0,"10":0,"11":0,"12":0,"13":0,"14":0},"b":{"0":[0,0],"1":[0,0],"2":[0,0],"3":[0,0],"4":[0,0],"5":[0,0],"6":[0,0],"7":[0,0],"8":[0,0],"9":[0,0],"10":[0,0],"11":[0,0]}}
,"C:\\Users\\kunal\\Desktop\\Projects\\bobforge\\backend\\src\\utils\\slugify.js": {"path":"C:\\Users\\kunal\\Desktop\\Projects\\bobforge\\backend\\src\\utils\\slugify.js","statementMap":{"0":{"start":{"line":7,"column":2},"end":{"line":9,"column":3}},"1":{"start":{"line":8,"column":4},"end":{"line":8,"column":14}},"2":{"start":{"line":11,"column":2},"end":{"line":19,"column":24}},"3":{"start":{"line":22,"column":0},"end":{"line":22,"column":29}}},"fnMap":{"0":{"name":"slugify","decl":{"start":{"line":6,"column":9},"end":{"line":6,"column":16}},"loc":{"start":{"line":6,"column":23},"end":{"line":20,"column":1}},"line":6}},"branchMap":{"0":{"loc":{"start":{"line":7,"column":2},"end":{"line":9,"column":3}},"type":"if","locations":[{"start":{"line":7,"column":2},"end":{"line":9,"column":3}},{"start":{},"end":{}}],"line":7},"1":{"loc":{"start":{"line":7,"column":6},"end":{"line":7,"column":39}},"type":"binary-expr","locations":[{"start":{"line":7,"column":6},"end":{"line":7,"column":11}},{"start":{"line":7,"column":15},"end":{"line":7,"column":39}}],"line":7}},"s":{"0":20,"1":0,"2":20,"3":4},"f":{"0":20},"b":{"0":[0,20],"1":[20,20]},"_coverageSchema":"1a1c01bbd47fc00a2c39e90264f33305004495a9","hash":"8fee3f7b8c4a51ff7f29bc7c602d4c705cc99195"}
,"C:\\Users\\kunal\\Desktop\\Projects\\bobforge\\backend\\src\\utils\\validators.js": {"path":"C:\\Users\\kunal\\Desktop\\Projects\\bobforge\\backend\\src\\utils\\validators.js","statementMap":{"0":{"start":{"line":6,"column":23},"end":{"line":6,"column":53}},"1":{"start":{"line":14,"column":2},"end":{"line":14,"column":43}},"2":{"start":{"line":14,"column":33},"end":{"line":14,"column":43}},"3":{"start":{"line":17,"column":2},"end":{"line":20,"column":12}},"4":{"start":{"line":30,"column":2},"end":{"line":30,"column":33}},"5":{"start":{"line":30,"column":21},"end":{"line":30,"column":33}},"6":{"start":{"line":32,"column":2},"end":{"line":32,"column":52}},"7":{"start":{"line":32,"column":41},"end":{"line":32,"column":52}},"8":{"start":{"line":34,"column":2},"end":{"line":36,"column":3}},"9":{"start":{"line":35,"column":4},"end":{"line":35,"column":31}},"10":{"start":{"line":38,"column":2},"end":{"line":40,"column":3}},"11":{"start":{"line":39,"column":4},"end":{"line":39,"column":63}},"12":{"start":{"line":39,"column":27},"end":{"line":39,"column":61}},"13":{"start":{"line":42,"column":2},"end":{"line":51,"column":3}},"14":{"start":{"line":43,"column":22},"end":{"line":43,"column":24}},"15":{"start":{"line":44,"column":4},"end":{"line":49,"column":5}},"16":{"start":{"line":45,"column":27},"end":{"line":45,"column":46}},"17":{"start":{"line":46,"column":6},"end":{"line":48,"column":7}},"18":{"start":{"line":47,"column":8},"end":{"line":47,"column":70}},"19":{"start":{"line":50,"column":4},"end":{"line":50,"column":21}},"20":{"start":{"line":53,"column":2},"end":{"line":53,"column":13}},"21":{"start":{"line":62,"column":2},"end":{"line":62,"column":62}},"22":{"start":{"line":72,"column":2},"end":{"line":72,"column":59}},"23":{"start":{"line":84,"column":20},"end":{"line":84,"column":41}},"24":{"start":{"line":86,"column":2},"end":{"line":91,"column":3}},"25":{"start":{"line":87,"column":4},"end":{"line":90,"column":6}},"26":{"start":{"line":93,"column":2},"end":{"line":98,"column":3}},"27":{"start":{"line":94,"column":4},"end":{"line":97,"column":6}},"28":{"start":{"line":100,"column":2},"end":{"line":105,"column":3}},"29":{"start":{"line":101,"column":4},"end":{"line":104,"column":6}},"30":{"start":{"line":107,"column":2},"end":{"line":107,"column":45}},"31":{"start":{"line":116,"column":2},"end":{"line":121,"column":3}},"32":{"start":{"line":117,"column":4},"end":{"line":120,"column":6}},"33":{"start":{"line":123,"column":2},"end":{"line":128,"column":4}},"34":{"start":{"line":137,"column":17},"end":{"line":137,"column":19}},"35":{"start":{"line":139,"column":2},"end":{"line":141,"column":3}},"36":{"start":{"line":140,"column":4},"end":{"line":140,"column":71}},"37":{"start":{"line":144,"column":26},"end":{"line":149,"column":3}},"38":{"start":{"line":150,"column":2},"end":{"line":152,"column":3}},"39":{"start":{"line":151,"column":4},"end":{"line":151,"column":43}},"40":{"start":{"line":155,"column":25},"end":{"line":160,"column":3}},"41":{"start":{"line":161,"column":2},"end":{"line":163,"column":3}},"42":{"start":{"line":162,"column":4},"end":{"line":162,"column":42}},"43":{"start":{"line":165,"column":2},"end":{"line":167,"column":24}},"44":{"start":{"line":176,"column":17},"end":{"line":176,"column":19}},"45":{"start":{"line":178,"column":2},"end":{"line":180,"column":3}},"46":{"start":{"line":179,"column":4},"end":{"line":179,"column":70}},"47":{"start":{"line":183,"column":25},"end":{"line":183,"column":79}},"48":{"start":{"line":185,"column":2},"end":{"line":189,"column":3}},"49":{"start":{"line":186,"column":4},"end":{"line":188,"column":5}},"50":{"start":{"line":187,"column":6},"end":{"line":187,"column":73}},"51":{"start":{"line":191,"column":2},"end":{"line":193,"column":24}},"52":{"start":{"line":196,"column":0},"end":{"line":205,"column":2}}},"fnMap":{"0":{"name":"sanitizeString","decl":{"start":{"line":13,"column":9},"end":{"line":13,"column":23}},"loc":{"start":{"line":13,"column":31},"end":{"line":21,"column":1}},"line":13},"1":{"name":"sanitizeObject","decl":{"start":{"line":29,"column":9},"end":{"line":29,"column":23}},"loc":{"start":{"line":29,"column":44},"end":{"line":54,"column":1}},"line":29},"2":{"name":"(anonymous_2)","decl":{"start":{"line":39,"column":19},"end":{"line":39,"column":20}},"loc":{"start":{"line":39,"column":27},"end":{"line":39,"column":61}},"line":39},"3":{"name":"isValidString","decl":{"start":{"line":61,"column":9},"end":{"line":61,"column":22}},"loc":{"start":{"line":61,"column":30},"end":{"line":63,"column":1}},"line":61},"4":{"name":"isValidArray","decl":{"start":{"line":71,"column":9},"end":{"line":71,"column":21}},"loc":{"start":{"line":71,"column":44},"end":{"line":73,"column":1}},"line":71},"5":{"name":"validateStringLength","decl":{"start":{"line":83,"column":9},"end":{"line":83,"column":29}},"loc":{"start":{"line":83,"column":58},"end":{"line":108,"column":1}},"line":83},"6":{"name":"validateIdea","decl":{"start":{"line":115,"column":9},"end":{"line":115,"column":21}},"loc":{"start":{"line":115,"column":28},"end":{"line":129,"column":1}},"line":115},"7":{"name":"validateBlueprint","decl":{"start":{"line":136,"column":9},"end":{"line":136,"column":26}},"loc":{"start":{"line":136,"column":38},"end":{"line":168,"column":1}},"line":136},"8":{"name":"validateArtifact","decl":{"start":{"line":175,"column":9},"end":{"line":175,"column":25}},"loc":{"start":{"line":175,"column":36},"end":{"line":194,"column":1}},"line":175}},"branchMap":{"0":{"loc":{"start":{"line":14,"column":2},"end":{"line":14,"column":43}},"type":"if","locations":[{"start":{"line":14,"column":2},"end":{"line":14,"column":43}},{"start":{},"end":{}}],"line":14},"1":{"loc":{"start":{"line":29,"column":29},"end":{"line":29,"column":42}},"type":"default-arg","locations":[{"start":{"line":29,"column":40},"end":{"line":29,"column":42}}],"line":29},"2":{"loc":{"start":{"line":30,"column":2},"end":{"line":30,"column":33}},"type":"if","locations":[{"start":{"line":30,"column":2},"end":{"line":30,"column":33}},{"start":{},"end":{}}],"line":30},"3":{"loc":{"start":{"line":32,"column":2},"end":{"line":32,"column":52}},"type":"if","locations":[{"start":{"line":32,"column":2},"end":{"line":32,"column":52}},{"start":{},"end":{}}],"line":32},"4":{"loc":{"start":{"line":32,"column":6},"end":{"line":32,"column":39}},"type":"binary-expr","locations":[{"start":{"line":32,"column":6},"end":{"line":32,"column":18}},{"start":{"line":32,"column":22},"end":{"line":32,"column":39}}],"line":32},"5":{"loc":{"start":{"line":34,"column":2},"end":{"line":36,"column":3}},"type":"if","locations":[{"start":{"line":34,"column":2},"end":{"line":36,"column":3}},{"start":{},"end":{}}],"line":34},"6":{"loc":{"start":{"line":38,"column":2},"end":{"line":40,"column":3}},"type":"if","locations":[{"start":{"line":38,"column":2},"end":{"line":40,"column":3}},{"start":{},"end":{}}],"line":38},"7":{"loc":{"start":{"line":42,"column":2},"end":{"line":51,"column":3}},"type":"if","locations":[{"start":{"line":42,"column":2},"end":{"line":51,"column":3}},{"start":{},"end":{}}],"line":42},"8":{"loc":{"start":{"line":46,"column":6},"end":{"line":48,"column":7}},"type":"if","locations":[{"start":{"line":46,"column":6},"end":{"line":48,"column":7}},{"start":{},"end":{}}],"line":46},"9":{"loc":{"start":{"line":62,"column":9},"end":{"line":62,"column":61}},"type":"binary-expr","locations":[{"start":{"line":62,"column":9},"end":{"line":62,"column":34}},{"start":{"line":62,"column":38},"end":{"line":62,"column":61}}],"line":62},"10":{"loc":{"start":{"line":71,"column":29},"end":{"line":71,"column":42}},"type":"default-arg","locations":[{"start":{"line":71,"column":41},"end":{"line":71,"column":42}}],"line":71},"11":{"loc":{"start":{"line":72,"column":9},"end":{"line":72,"column":58}},"type":"binary-expr","locations":[{"start":{"line":72,"column":9},"end":{"line":72,"column":29}},{"start":{"line":72,"column":33},"end":{"line":72,"column":58}}],"line":72},"12":{"loc":{"start":{"line":86,"column":2},"end":{"line":91,"column":3}},"type":"if","locations":[{"start":{"line":86,"column":2},"end":{"line":91,"column":3}},{"start":{},"end":{}}],"line":86},"13":{"loc":{"start":{"line":93,"column":2},"end":{"line":98,"column":3}},"type":"if","locations":[{"start":{"line":93,"column":2},"end":{"line":98,"column":3}},{"start":{},"end":{}}],"line":93},"14":{"loc":{"start":{"line":100,"column":2},"end":{"line":105,"column":3}},"type":"if","locations":[{"start":{"line":100,"column":2},"end":{"line":105,"column":3}},{"start":{},"end":{}}],"line":100},"15":{"loc":{"start":{"line":116,"column":2},"end":{"line":121,"column":3}},"type":"if","locations":[{"start":{"line":116,"column":2},"end":{"line":121,"column":3}},{"start":{},"end":{}}],"line":116},"16":{"loc":{"start":{"line":116,"column":6},"end":{"line":116,"column":39}},"type":"binary-expr","locations":[{"start":{"line":116,"column":6},"end":{"line":116,"column":11}},{"start":{"line":116,"column":15},"end":{"line":116,"column":39}}],"line":116},"17":{"loc":{"start":{"line":139,"column":2},"end":{"line":141,"column":3}},"type":"if","locations":[{"start":{"line":139,"column":2},"end":{"line":141,"column":3}},{"start":{},"end":{}}],"line":139},"18":{"loc":{"start":{"line":139,"column":6},"end":{"line":139,"column":49}},"type":"binary-expr","locations":[{"start":{"line":139,"column":6},"end":{"line":139,"column":16}},{"start":{"line":139,"column":20},"end":{"line":139,"column":49}}],"line":139},"19":{"loc":{"start":{"line":150,"column":2},"end":{"line":152,"column":3}},"type":"if","locations":[{"start":{"line":150,"column":2},"end":{"line":152,"column":3}},{"start":{},"end":{}}],"line":150},"20":{"loc":{"start":{"line":161,"column":2},"end":{"line":163,"column":3}},"type":"if","locations":[{"start":{"line":161,"column":2},"end":{"line":163,"column":3}},{"start":{},"end":{}}],"line":161},"21":{"loc":{"start":{"line":165,"column":9},"end":{"line":167,"column":23}},"type":"cond-expr","locations":[{"start":{"line":166,"column":6},"end":{"line":166,"column":32}},{"start":{"line":167,"column":6},"end":{"line":167,"column":23}}],"line":165},"22":{"loc":{"start":{"line":178,"column":2},"end":{"line":180,"column":3}},"type":"if","locations":[{"start":{"line":178,"column":2},"end":{"line":180,"column":3}},{"start":{},"end":{}}],"line":178},"23":{"loc":{"start":{"line":178,"column":6},"end":{"line":178,"column":47}},"type":"binary-expr","locations":[{"start":{"line":178,"column":6},"end":{"line":178,"column":15}},{"start":{"line":178,"column":19},"end":{"line":178,"column":47}}],"line":178},"24":{"loc":{"start":{"line":186,"column":4},"end":{"line":188,"column":5}},"type":"if","locations":[{"start":{"line":186,"column":4},"end":{"line":188,"column":5}},{"start":{},"end":{}}],"line":186},"25":{"loc":{"start":{"line":186,"column":8},"end":{"line":186,"column":90}},"type":"binary-expr","locations":[{"start":{"line":186,"column":8},"end":{"line":186,"column":24}},{"start":{"line":186,"column":28},"end":{"line":186,"column":63}},{"start":{"line":186,"column":67},"end":{"line":186,"column":90}}],"line":186},"26":{"loc":{"start":{"line":191,"column":9},"end":{"line":193,"column":23}},"type":"cond-expr","locations":[{"start":{"line":192,"column":6},"end":{"line":192,"column":32}},{"start":{"line":193,"column":6},"end":{"line":193,"column":23}}],"line":191}},"s":{"0":4,"1":10,"2":0,"3":10,"4":0,"5":0,"6":0,"7":0,"8":0,"9":0,"10":0,"11":0,"12":0,"13":0,"14":0,"15":0,"16":0,"17":0,"18":0,"19":0,"20":0,"21":0,"22":0,"23":10,"24":10,"25":0,"26":10,"27":0,"28":10,"29":0,"30":10,"31":12,"32":2,"33":10,"34":0,"35":0,"36":0,"37":0,"38":0,"39":0,"40":0,"41":0,"42":0,"43":0,"44":13,"45":13,"46":0,"47":13,"48":13,"49":52,"50":4,"51":13,"52":4},"f":{"0":10,"1":0,"2":0,"3":0,"4":0,"5":10,"6":12,"7":0,"8":13},"b":{"0":[0,10],"1":[0],"2":[0,0],"3":[0,0],"4":[0,0],"5":[0,0],"6":[0,0],"7":[0,0],"8":[0,0],"9":[0,0],"10":[0],"11":[0,0],"12":[0,10],"13":[0,10],"14":[0,10],"15":[2,10],"16":[12,10],"17":[0,0],"18":[0,0],"19":[0,0],"20":[0,0],"21":[0,0],"22":[0,13],"23":[13,13],"24":[4,48],"25":[52,48,48],"26":[4,9]},"_coverageSchema":"1a1c01bbd47fc00a2c39e90264f33305004495a9","hash":"50af34f0910ad8e053cb5cdae866f5a6b6559b25"}
}
