TN:
SF:src\app.js
FN:22,(anonymous_0)
FN:33,(anonymous_1)
FNF:2
FNH:1
FNDA:44,(anonymous_0)
FNDA:0,(anonymous_1)
DA:1,4
DA:2,4
DA:3,4
DA:5,4
DA:6,4
DA:7,4
DA:8,4
DA:9,4
DA:11,4
DA:14,4
DA:18,4
DA:19,4
DA:22,4
DA:23,44
DA:24,44
DA:28,4
DA:29,4
DA:30,4
DA:33,4
DA:34,0
DA:44,4
DA:46,4
LF:22
LH:21
BRDA:15,0,0,4
BRDA:15,0,1,4
BRF:2
BRH:2
end_of_record
TN:
SF:src\config\constants.js
FNF:0
FNH:0
DA:5,4
DA:7,4
DA:14,4
DA:23,4
DA:35,4
DA:43,4
DA:51,4
LF:7
LH:7
BRF:0
BRH:0
end_of_record
TN:
SF:src\controllers\artifact.controller.js
FN:8,(anonymous_0)
FN:21,(anonymous_1)
FN:34,(anonymous_2)
FN:47,(anonymous_3)
FNF:4
FNH:4
FNDA:13,(anonymous_0)
FNDA:3,(anonymous_1)
FNDA:3,(anonymous_2)
FNDA:2,(anonymous_3)
DA:1,4
DA:2,4
DA:3,4
DA:8,4
DA:9,13
DA:11,9
DA:21,4
DA:22,3
DA:23,3
DA:25,3
DA:34,4
DA:35,3
DA:36,3
DA:38,1
DA:47,4
DA:48,2
DA:49,2
DA:51,1
DA:57,4
LF:19
LH:19
BRF:0
BRH:0
end_of_record
TN:
SF:src\controllers\blueprint.controller.js
FN:10,(anonymous_0)
FN:39,(anonymous_1)
FN:51,(anonymous_2)
FN:74,(anonymous_3)
FNF:4
FNH:4
FNDA:12,(anonymous_0)
FNDA:1,(anonymous_1)
FNDA:2,(anonymous_2)
FNDA:6,(anonymous_3)
DA:1,4
DA:2,4
DA:3,4
DA:4,4
DA:5,4
DA:10,4
DA:11,12
DA:14,12
DA:15,12
DA:16,2
DA:27,10
DA:29,10
DA:39,4
DA:40,1
DA:42,1
DA:51,4
DA:52,2
DA:53,2
DA:55,2
DA:56,1
DA:65,1
DA:74,4
DA:75,6
DA:76,6
DA:78,6
DA:79,1
DA:89,5
DA:92,5
DA:95,5
DA:96,5
DA:97,5
DA:100,5
DA:103,5
DA:106,4
LF:34
LH:34
BRDA:15,0,0,2
BRDA:15,0,1,10
BRDA:55,1,0,1
BRDA:55,1,1,1
BRDA:78,2,0,1
BRDA:78,2,1,5
BRDA:95,3,0,5
BRDA:95,3,1,0
BRDA:95,3,2,0
BRF:9
BRH:7
end_of_record
TN:
SF:src\exporters\markdownExporter.js
FN:13,exportToMarkdown
FN:81,saveMarkdownToFile
FN:117,safeGet
FN:118,(anonymous_3)
FN:124,generateHeader
FN:148,generateIdeaSection
FN:159,generateProblemStatement
FN:171,generateTargetUsers
FN:184,(anonymous_8)
FN:186,(anonymous_9)
FN:190,(anonymous_10)
FN:193,(anonymous_11)
FN:203,generateUserRoles
FN:214,(anonymous_13)
FN:220,(anonymous_14)
FN:227,generateFeaturesSection
FN:238,(anonymous_16)
FN:248,(anonymous_17)
FN:256,(anonymous_18)
FN:264,(anonymous_19)
FN:270,(anonymous_20)
FN:273,(anonymous_21)
FN:287,generateNonFunctionalRequirements
FN:298,(anonymous_23)
FN:301,(anonymous_24)
FN:308,generateTechStack
FN:324,(anonymous_26)
FN:333,(anonymous_27)
FN:342,(anonymous_28)
FN:352,generateArchitecture
FN:368,(anonymous_30)
FN:376,(anonymous_31)
FN:398,generateDatabaseSchema
FN:414,(anonymous_33)
FN:423,(anonymous_34)
FN:434,(anonymous_35)
FN:443,generateApiRoutes
FN:465,(anonymous_37)
FN:479,generateFrontendPages
FN:495,(anonymous_39)
FN:509,(anonymous_40)
FN:519,generateTestPlan
FN:540,(anonymous_42)
FN:577,generateDeploymentPlan
FN:608,(anonymous_44)
FN:611,(anonymous_45)
FN:614,(anonymous_46)
FN:625,generateGitHubIssues
FN:641,(anonymous_48)
FN:642,(anonymous_49)
FN:645,(anonymous_50)
FN:662,generateBobPrompt
FN:684,generateFooter
FNF:53
FNH:46
FNDA:5,exportToMarkdown
FNDA:5,saveMarkdownToFile
FNDA:50,safeGet
FNDA:120,(anonymous_3)
FNDA:5,generateHeader
FNDA:5,generateIdeaSection
FNDA:5,generateProblemStatement
FNDA:5,generateTargetUsers
FNDA:5,(anonymous_8)
FNDA:0,(anonymous_9)
FNDA:0,(anonymous_10)
FNDA:0,(anonymous_11)
FNDA:5,generateUserRoles
FNDA:5,(anonymous_13)
FNDA:20,(anonymous_14)
FNDA:5,generateFeaturesSection
FNDA:5,(anonymous_16)
FNDA:5,(anonymous_17)
FNDA:0,(anonymous_18)
FNDA:0,(anonymous_19)
FNDA:0,(anonymous_20)
FNDA:0,(anonymous_21)
FNDA:5,generateNonFunctionalRequirements
FNDA:25,(anonymous_23)
FNDA:95,(anonymous_24)
FNDA:5,generateTechStack
FNDA:40,(anonymous_26)
FNDA:30,(anonymous_27)
FNDA:25,(anonymous_28)
FNDA:5,generateArchitecture
FNDA:15,(anonymous_30)
FNDA:60,(anonymous_31)
FNDA:5,generateDatabaseSchema
FNDA:20,(anonymous_33)
FNDA:120,(anonymous_34)
FNDA:20,(anonymous_35)
FNDA:5,generateApiRoutes
FNDA:105,(anonymous_37)
FNDA:5,generateFrontendPages
FNDA:10,(anonymous_39)
FNDA:20,(anonymous_40)
FNDA:5,generateTestPlan
FNDA:15,(anonymous_42)
FNDA:5,generateDeploymentPlan
FNDA:15,(anonymous_44)
FNDA:45,(anonymous_45)
FNDA:220,(anonymous_46)
FNDA:5,generateGitHubIssues
FNDA:20,(anonymous_48)
FNDA:300,(anonymous_49)
FNDA:75,(anonymous_50)
FNDA:5,generateBobPrompt
FNDA:5,generateFooter
DA:1,4
DA:2,4
DA:3,4
DA:4,4
DA:5,4
DA:14,5
DA:15,0
DA:18,5
DA:21,5
DA:24,5
DA:27,5
DA:30,5
DA:33,5
DA:36,5
DA:39,5
DA:42,5
DA:45,5
DA:48,5
DA:51,5
DA:54,5
DA:57,5
DA:60,5
DA:63,5
DA:66,5
DA:69,5
DA:71,5
DA:82,5
DA:83,5
DA:84,5
DA:86,5
DA:87,0
DA:91,5
DA:94,5
DA:97,5
DA:98,5
DA:99,5
DA:102,5
DA:104,5
DA:106,0
DA:118,120
DA:125,5
DA:126,5
DA:127,5
DA:132,5
DA:149,5
DA:151,5
DA:160,5
DA:163,5
DA:172,5
DA:175,5
DA:176,0
DA:181,5
DA:183,5
DA:184,5
DA:185,0
DA:186,0
DA:190,0
DA:193,0
DA:197,5
DA:204,5
DA:206,5
DA:207,0
DA:212,5
DA:214,5
DA:220,20
DA:228,5
DA:229,5
DA:230,5
DA:231,5
DA:233,5
DA:236,5
DA:237,5
DA:238,5
DA:246,5
DA:247,5
DA:248,5
DA:254,5
DA:255,0
DA:256,0
DA:262,5
DA:263,0
DA:264,0
DA:270,0
DA:273,0
DA:277,5
DA:278,0
DA:281,5
DA:288,5
DA:290,5
DA:291,0
DA:296,5
DA:298,25
DA:301,95
DA:309,5
DA:312,5
DA:313,0
DA:318,5
DA:321,5
DA:322,5
DA:323,5
DA:324,40
DA:326,5
DA:330,5
DA:331,5
DA:332,5
DA:333,30
DA:335,5
DA:339,5
DA:340,5
DA:341,5
DA:342,25
DA:346,5
DA:353,5
DA:356,5
DA:358,5
DA:359,5
DA:362,5
DA:363,5
DA:366,5
DA:367,5
DA:368,15
DA:376,60
DA:381,5
DA:384,5
DA:385,5
DA:388,5
DA:389,0
DA:392,5
DA:399,5
DA:402,5
DA:403,0
DA:408,5
DA:410,5
DA:412,5
DA:414,20
DA:424,120
DA:425,120
DA:426,120
DA:427,120
DA:428,120
DA:429,120
DA:430,120
DA:434,20
DA:437,5
DA:444,5
DA:447,5
DA:448,0
DA:453,5
DA:454,5
DA:456,5
DA:457,5
DA:458,5
DA:460,5
DA:462,5
DA:463,5
DA:465,5
DA:466,105
DA:467,105
DA:468,105
DA:469,105
DA:470,105
DA:473,5
DA:480,5
DA:483,5
DA:484,0
DA:489,5
DA:492,5
DA:493,5
DA:495,10
DA:505,5
DA:506,5
DA:507,5
DA:508,5
DA:509,20
DA:513,5
DA:520,5
DA:523,5
DA:524,0
DA:529,5
DA:532,5
DA:533,5
DA:534,5
DA:535,5
DA:537,5
DA:538,5
DA:539,5
DA:540,15
DA:542,5
DA:547,5
DA:548,5
DA:549,5
DA:550,5
DA:551,5
DA:552,5
DA:554,5
DA:558,5
DA:559,5
DA:560,5
DA:561,5
DA:565,5
DA:566,5
DA:567,5
DA:568,5
DA:571,5
DA:578,5
DA:581,5
DA:582,0
DA:587,5
DA:590,5
DA:591,5
DA:593,5
DA:594,5
DA:596,5
DA:597,5
DA:599,5
DA:600,5
DA:602,5
DA:606,5
DA:607,5
DA:608,15
DA:611,45
DA:614,220
DA:619,5
DA:626,5
DA:629,5
DA:630,0
DA:635,5
DA:636,5
DA:639,5
DA:641,5
DA:642,300
DA:643,20
DA:644,15
DA:645,75
DA:656,5
DA:663,5
DA:666,5
DA:685,5
DA:686,5
DA:688,5
DA:704,4
LF:241
LH:216
BRDA:14,0,0,0
BRDA:14,0,1,5
BRDA:14,1,0,5
BRDA:14,1,1,5
BRDA:83,2,0,5
BRDA:83,2,1,5
BRDA:84,3,0,5
BRDA:84,3,1,0
BRDA:84,3,2,0
BRDA:86,4,0,0
BRDA:86,4,1,5
BRDA:117,5,0,10
BRDA:118,6,0,50
BRDA:118,6,1,5
BRDA:118,7,0,120
BRDA:118,7,1,120
BRDA:127,8,0,5
BRDA:127,8,1,0
BRDA:139,9,0,5
BRDA:139,9,1,0
BRDA:139,9,2,0
BRDA:149,10,0,5
BRDA:149,10,1,0
BRDA:160,11,0,5
BRDA:160,11,1,0
BRDA:172,12,0,5
BRDA:172,12,1,0
BRDA:175,13,0,0
BRDA:175,13,1,5
BRDA:175,14,0,5
BRDA:175,14,1,5
BRDA:183,15,0,5
BRDA:183,15,1,0
BRDA:185,16,0,0
BRDA:185,16,1,0
BRDA:187,17,0,0
BRDA:187,17,1,0
BRDA:187,17,2,0
BRDA:190,18,0,0
BRDA:190,18,1,0
BRDA:190,19,0,0
BRDA:190,19,1,0
BRDA:193,20,0,0
BRDA:193,20,1,0
BRDA:193,21,0,0
BRDA:193,21,1,0
BRDA:204,22,0,5
BRDA:204,22,1,0
BRDA:206,23,0,0
BRDA:206,23,1,5
BRDA:206,24,0,5
BRDA:206,24,1,5
BRDA:215,25,0,5
BRDA:215,25,1,0
BRDA:217,26,0,5
BRDA:217,26,1,0
BRDA:220,27,0,5
BRDA:220,27,1,0
BRDA:220,28,0,5
BRDA:220,28,1,0
BRDA:228,29,0,5
BRDA:228,29,1,0
BRDA:229,30,0,5
BRDA:229,30,1,0
BRDA:230,31,0,5
BRDA:230,31,1,0
BRDA:236,32,0,5
BRDA:236,32,1,0
BRDA:236,33,0,5
BRDA:236,33,1,5
BRDA:239,34,0,5
BRDA:239,34,1,0
BRDA:239,35,0,5
BRDA:239,35,1,0
BRDA:239,36,0,5
BRDA:239,36,1,0
BRDA:241,37,0,5
BRDA:241,37,1,0
BRDA:246,38,0,5
BRDA:246,38,1,0
BRDA:246,39,0,5
BRDA:246,39,1,5
BRDA:249,40,0,5
BRDA:249,40,1,0
BRDA:249,41,0,5
BRDA:249,41,1,0
BRDA:249,42,0,5
BRDA:249,42,1,0
BRDA:254,43,0,0
BRDA:254,43,1,5
BRDA:254,44,0,5
BRDA:254,44,1,5
BRDA:257,45,0,0
BRDA:257,45,1,0
BRDA:257,46,0,0
BRDA:257,46,1,0
BRDA:257,47,0,0
BRDA:257,47,1,0
BRDA:262,48,0,0
BRDA:262,48,1,5
BRDA:262,49,0,5
BRDA:262,49,1,5
BRDA:265,50,0,0
BRDA:265,50,1,0
BRDA:265,51,0,0
BRDA:265,51,1,0
BRDA:265,52,0,0
BRDA:265,52,1,0
BRDA:267,53,0,0
BRDA:267,53,1,0
BRDA:270,54,0,0
BRDA:270,54,1,0
BRDA:270,55,0,0
BRDA:270,55,1,0
BRDA:273,56,0,0
BRDA:273,56,1,0
BRDA:273,57,0,0
BRDA:273,57,1,0
BRDA:277,58,0,0
BRDA:277,58,1,5
BRDA:277,59,0,5
BRDA:277,59,1,0
BRDA:277,59,2,0
BRDA:277,59,3,0
BRDA:288,60,0,5
BRDA:288,60,1,0
BRDA:290,61,0,0
BRDA:290,61,1,5
BRDA:301,62,0,25
BRDA:301,62,1,0
BRDA:309,63,0,5
BRDA:309,63,1,0
BRDA:312,64,0,0
BRDA:312,64,1,5
BRDA:321,65,0,5
BRDA:321,65,1,0
BRDA:321,66,0,5
BRDA:321,66,1,5
BRDA:330,67,0,5
BRDA:330,67,1,0
BRDA:330,68,0,5
BRDA:330,68,1,5
BRDA:339,69,0,5
BRDA:339,69,1,0
BRDA:339,70,0,5
BRDA:339,70,1,5
BRDA:353,71,0,5
BRDA:353,71,1,0
BRDA:358,72,0,5
BRDA:358,72,1,0
BRDA:362,73,0,5
BRDA:362,73,1,0
BRDA:366,74,0,5
BRDA:366,74,1,0
BRDA:366,75,0,5
BRDA:366,75,1,5
BRDA:369,76,0,15
BRDA:369,76,1,0
BRDA:371,77,0,15
BRDA:371,77,1,0
BRDA:373,78,0,15
BRDA:373,78,1,0
BRDA:376,79,0,15
BRDA:376,79,1,0
BRDA:381,80,0,5
BRDA:381,80,1,0
BRDA:384,81,0,5
BRDA:384,81,1,0
BRDA:388,82,0,0
BRDA:388,82,1,5
BRDA:388,83,0,5
BRDA:388,83,1,0
BRDA:388,83,2,0
BRDA:388,83,3,0
BRDA:399,84,0,5
BRDA:399,84,1,0
BRDA:402,85,0,0
BRDA:402,85,1,5
BRDA:402,86,0,5
BRDA:402,86,1,5
BRDA:402,86,2,5
BRDA:410,87,0,5
BRDA:410,87,1,0
BRDA:410,88,0,5
BRDA:410,88,1,0
BRDA:415,89,0,20
BRDA:415,89,1,0
BRDA:417,90,0,20
BRDA:417,90,1,0
BRDA:423,91,0,20
BRDA:423,91,1,0
BRDA:425,92,0,20
BRDA:425,92,1,100
BRDA:426,93,0,0
BRDA:426,93,1,120
BRDA:427,94,0,80
BRDA:427,94,1,40
BRDA:428,95,0,60
BRDA:428,95,1,60
BRDA:429,96,0,0
BRDA:429,96,1,120
BRDA:430,97,0,120
BRDA:430,97,1,0
BRDA:430,98,0,120
BRDA:430,98,1,0
BRDA:430,99,0,120
BRDA:430,99,1,20
BRDA:433,100,0,20
BRDA:433,100,1,0
BRDA:433,101,0,20
BRDA:433,101,1,20
BRDA:434,102,0,20
BRDA:434,102,1,0
BRDA:434,103,0,0
BRDA:434,103,1,20
BRDA:444,104,0,5
BRDA:444,104,1,0
BRDA:447,105,0,0
BRDA:447,105,1,5
BRDA:447,106,0,5
BRDA:447,106,1,5
BRDA:466,107,0,105
BRDA:466,107,1,0
BRDA:467,108,0,105
BRDA:467,108,1,0
BRDA:468,109,0,105
BRDA:468,109,1,0
BRDA:469,110,0,0
BRDA:469,110,1,105
BRDA:480,111,0,5
BRDA:480,111,1,0
BRDA:483,112,0,0
BRDA:483,112,1,5
BRDA:483,113,0,5
BRDA:483,113,1,5
BRDA:489,114,0,5
BRDA:489,114,1,0
BRDA:496,115,0,10
BRDA:496,115,1,0
BRDA:498,116,0,10
BRDA:498,116,1,0
BRDA:499,117,0,0
BRDA:499,117,1,10
BRDA:500,118,0,10
BRDA:500,118,1,0
BRDA:501,119,0,10
BRDA:501,119,1,0
BRDA:501,120,0,10
BRDA:501,120,1,10
BRDA:506,121,0,5
BRDA:506,121,1,0
BRDA:506,122,0,5
BRDA:506,122,1,5
BRDA:520,123,0,5
BRDA:520,123,1,0
BRDA:523,124,0,0
BRDA:523,124,1,5
BRDA:532,125,0,5
BRDA:532,125,1,0
BRDA:534,126,0,5
BRDA:534,126,1,0
BRDA:537,127,0,5
BRDA:537,127,1,0
BRDA:537,128,0,5
BRDA:537,128,1,5
BRDA:547,129,0,5
BRDA:547,129,1,0
BRDA:549,130,0,5
BRDA:549,130,1,0
BRDA:550,131,0,5
BRDA:550,131,1,0
BRDA:551,132,0,5
BRDA:551,132,1,0
BRDA:552,133,0,5
BRDA:552,133,1,0
BRDA:558,134,0,5
BRDA:558,134,1,0
BRDA:560,135,0,5
BRDA:560,135,1,0
BRDA:561,136,0,5
BRDA:561,136,1,5
BRDA:565,137,0,5
BRDA:565,137,1,0
BRDA:567,138,0,5
BRDA:567,138,1,0
BRDA:568,139,0,5
BRDA:568,139,1,0
BRDA:578,140,0,5
BRDA:578,140,1,0
BRDA:581,141,0,0
BRDA:581,141,1,5
BRDA:590,142,0,5
BRDA:590,142,1,0
BRDA:593,143,0,5
BRDA:593,143,1,0
BRDA:594,144,0,5
BRDA:594,144,1,0
BRDA:596,145,0,5
BRDA:596,145,1,0
BRDA:597,146,0,5
BRDA:597,146,1,0
BRDA:599,147,0,5
BRDA:599,147,1,0
BRDA:600,148,0,5
BRDA:600,148,1,0
BRDA:606,149,0,5
BRDA:606,149,1,0
BRDA:606,150,0,5
BRDA:606,150,1,5
BRDA:609,151,0,15
BRDA:609,151,1,0
BRDA:611,152,0,15
BRDA:611,152,1,0
BRDA:612,153,0,45
BRDA:612,153,1,0
BRDA:614,154,0,45
BRDA:614,154,1,0
BRDA:626,155,0,5
BRDA:626,155,1,0
BRDA:629,156,0,0
BRDA:629,156,1,5
BRDA:629,157,0,5
BRDA:629,157,1,5
BRDA:643,158,0,15
BRDA:643,158,1,5
BRDA:646,159,0,75
BRDA:646,159,1,0
BRDA:646,160,0,75
BRDA:646,160,1,0
BRDA:648,161,0,75
BRDA:648,161,1,0
BRDA:650,162,0,75
BRDA:650,162,1,0
BRDA:651,163,0,75
BRDA:651,163,1,0
BRDA:663,164,0,5
BRDA:663,164,1,0
BRDA:685,165,0,5
BRDA:685,165,1,0
BRDA:686,166,0,0
BRDA:686,166,1,5
BRDA:692,167,0,5
BRDA:692,167,1,0
BRDA:692,167,2,0
BRF:344
BRH:181
end_of_record
TN:
SF:src\generators\BaseGenerator.js
FN:8,(anonymous_0)
FN:18,(anonymous_1)
FN:45,(anonymous_2)
FN:57,(anonymous_3)
FN:70,(anonymous_4)
FN:80,(anonymous_5)
FN:93,(anonymous_6)
FN:105,(anonymous_7)
FN:115,(anonymous_8)
FN:119,(anonymous_9)
FN:123,(anonymous_10)
FN:135,(anonymous_11)
FN:136,(anonymous_12)
FN:148,(anonymous_13)
FNF:14
FNH:0
FNDA:0,(anonymous_0)
FNDA:0,(anonymous_1)
FNDA:0,(anonymous_2)
FNDA:0,(anonymous_3)
FNDA:0,(anonymous_4)
FNDA:0,(anonymous_5)
FNDA:0,(anonymous_6)
FNDA:0,(anonymous_7)
FNDA:0,(anonymous_8)
FNDA:0,(anonymous_9)
FNDA:0,(anonymous_10)
FNDA:0,(anonymous_11)
FNDA:0,(anonymous_12)
FNDA:0,(anonymous_13)
DA:9,0
DA:19,0
DA:21,0
DA:24,0
DA:27,0
DA:30,0
DA:33,0
DA:35,0
DA:46,0
DA:47,0
DA:58,0
DA:71,0
DA:81,0
DA:82,0
DA:94,0
DA:106,0
DA:116,0
DA:118,0
DA:119,0
DA:120,0
DA:123,0
DA:124,0
DA:136,0
DA:137,0
DA:149,0
DA:150,0
DA:152,0
DA:156,0
LF:28
LH:0
BRDA:46,0,0,0
BRDA:46,0,1,0
BRDA:46,1,0,0
BRDA:46,1,1,0
BRDA:59,2,0,0
BRDA:59,2,1,0
BRDA:60,3,0,0
BRDA:60,3,1,0
BRDA:81,4,0,0
BRDA:81,4,1,0
BRDA:81,5,0,0
BRDA:81,5,1,0
BRDA:116,6,0,0
BRDA:116,6,1,0
BRDA:118,7,0,0
BRDA:118,7,1,0
BRDA:120,8,0,0
BRDA:120,8,1,0
BRDA:120,9,0,0
BRDA:120,9,1,0
BRDA:135,10,0,0
BRDA:137,11,0,0
BRDA:137,11,1,0
BRDA:148,12,0,0
BRDA:148,13,0,0
BRDA:149,14,0,0
BRDA:149,14,1,0
BRDA:149,15,0,0
BRDA:149,15,1,0
BRF:29
BRH:0
end_of_record
TN:
SF:src\generators\apiPlanGenerator.js
FN:11,generate
FN:23,validateContext
FN:29,extractInput
FN:37,generateAPIPlan
FN:38,(anonymous_4)
FN:99,(anonymous_5)
FN:100,(anonymous_6)
FN:275,validateAPIPlan
FNF:8
FNH:8
FNDA:10,generate
FNDA:10,validateContext
FNDA:10,extractInput
FNDA:10,generateAPIPlan
FNDA:40,(anonymous_4)
FNDA:40,(anonymous_5)
FNDA:40,(anonymous_6)
FNDA:10,validateAPIPlan
DA:12,10
DA:13,10
DA:14,10
DA:15,10
DA:17,10
DA:24,10
DA:25,0
DA:30,10
DA:38,40
DA:39,10
DA:42,10
DA:43,0
DA:98,10
DA:99,40
DA:101,40
DA:102,40
DA:104,40
DA:190,10
DA:200,10
DA:276,10
DA:277,0
DA:281,4
LF:22
LH:19
BRDA:24,0,0,0
BRDA:24,0,1,10
BRDA:32,1,0,10
BRDA:32,1,1,0
BRDA:33,2,0,10
BRDA:33,2,1,10
BRDA:42,3,0,0
BRDA:42,3,1,10
BRDA:99,4,0,40
BRDA:99,4,1,40
BRDA:102,5,0,40
BRDA:102,5,1,0
BRDA:203,6,0,0
BRDA:203,6,1,10
BRDA:276,7,0,0
BRDA:276,7,1,10
BRDA:276,8,0,10
BRDA:276,8,1,10
BRDA:276,8,2,10
BRF:19
BRH:13
end_of_record
TN:
SF:src\generators\architectureGenerator.js
FN:11,generate
FN:23,validateContext
FN:29,extractInput
FN:37,generateArchitecture
FN:39,(anonymous_4)
FN:45,(anonymous_5)
FN:50,(anonymous_6)
FN:179,validateArchitecture
FN:185,generateArchitectureDiagram
FNF:9
FNH:6
FNDA:10,generate
FNDA:10,validateContext
FNDA:10,extractInput
FNDA:10,generateArchitecture
FNDA:0,(anonymous_4)
FNDA:0,(anonymous_5)
FNDA:0,(anonymous_6)
FNDA:10,validateArchitecture
FNDA:10,generateArchitectureDiagram
DA:12,10
DA:13,10
DA:14,10
DA:15,10
DA:17,10
DA:24,10
DA:25,0
DA:30,10
DA:39,10
DA:40,0
DA:45,10
DA:46,0
DA:50,10
DA:51,0
DA:55,10
DA:57,10
DA:180,10
DA:181,0
DA:186,10
DA:261,4
LF:20
LH:15
BRDA:24,0,0,0
BRDA:24,0,1,10
BRDA:32,1,0,10
BRDA:32,1,1,10
BRDA:33,2,0,10
BRDA:33,2,1,0
BRDA:40,3,0,0
BRDA:40,3,1,0
BRDA:40,3,2,0
BRDA:46,4,0,0
BRDA:46,4,1,0
BRDA:51,5,0,0
BRDA:51,5,1,0
BRDA:119,6,0,0
BRDA:119,6,1,10
BRDA:138,7,0,0
BRDA:138,7,1,10
BRDA:153,8,0,0
BRDA:153,8,1,10
BRDA:154,9,0,0
BRDA:154,9,1,10
BRDA:180,10,0,0
BRDA:180,10,1,10
BRDA:180,11,0,10
BRDA:180,11,1,10
BRDA:180,11,2,10
BRDA:219,12,0,0
BRDA:219,12,1,10
BRF:28
BRH:13
end_of_record
TN:
SF:src\generators\bobPromptGenerator.js
FN:11,generate
FN:23,validateContext
FN:29,extractInput
FN:43,generateBobPrompt
FN:57,(anonymous_4)
FN:61,(anonymous_5)
FN:64,(anonymous_6)
FN:94,(anonymous_7)
FN:99,(anonymous_8)
FN:102,(anonymous_9)
FN:106,(anonymous_10)
FN:120,(anonymous_11)
FN:130,(anonymous_12)
FN:138,(anonymous_13)
FN:146,(anonymous_14)
FN:150,(anonymous_15)
FN:180,(anonymous_16)
FN:182,(anonymous_17)
FN:197,(anonymous_18)
FN:200,(anonymous_19)
FN:203,(anonymous_20)
FN:205,(anonymous_21)
FN:207,(anonymous_22)
FN:216,(anonymous_23)
FN:233,(anonymous_24)
FN:236,(anonymous_25)
FN:314,(anonymous_26)
FN:352,validateBobPrompt
FNF:28
FNH:25
FNDA:10,generate
FNDA:10,validateContext
FNDA:10,extractInput
FNDA:10,generateBobPrompt
FNDA:0,(anonymous_4)
FNDA:0,(anonymous_5)
FNDA:50,(anonymous_6)
FNDA:40,(anonymous_7)
FNDA:240,(anonymous_8)
FNDA:40,(anonymous_9)
FNDA:0,(anonymous_10)
FNDA:210,(anonymous_11)
FNDA:410,(anonymous_12)
FNDA:20,(anonymous_13)
FNDA:60,(anonymous_14)
FNDA:80,(anonymous_15)
FNDA:10,(anonymous_16)
FNDA:10,(anonymous_17)
FNDA:20,(anonymous_18)
FNDA:50,(anonymous_19)
FNDA:30,(anonymous_20)
FNDA:90,(anonymous_21)
FNDA:440,(anonymous_22)
FNDA:80,(anonymous_23)
FNDA:30,(anonymous_24)
FNDA:30,(anonymous_25)
FNDA:10,(anonymous_26)
FNDA:10,validateBobPrompt
DA:12,10
DA:13,10
DA:14,10
DA:15,10
DA:17,10
DA:24,10
DA:25,0
DA:30,10
DA:44,10
DA:57,0
DA:61,0
DA:64,50
DA:94,40
DA:99,240
DA:102,40
DA:106,0
DA:120,210
DA:130,410
DA:138,20
DA:146,60
DA:150,80
DA:180,10
DA:182,10
DA:197,20
DA:200,50
DA:203,30
DA:205,90
DA:207,440
DA:216,80
DA:233,30
DA:236,30
DA:314,10
DA:322,10
DA:353,10
DA:354,0
DA:358,4
LF:36
LH:31
BRDA:24,0,0,0
BRDA:24,0,1,10
BRDA:57,1,0,10
BRDA:57,1,1,10
BRDA:59,2,0,0
BRDA:59,2,1,0
BRDA:59,3,0,0
BRDA:59,3,1,0
BRDA:61,4,0,0
BRDA:61,4,1,0
BRDA:64,5,0,10
BRDA:64,5,1,0
BRDA:99,6,0,40
BRDA:99,6,1,200
BRDA:99,7,0,0
BRDA:99,7,1,240
BRDA:99,8,0,160
BRDA:99,8,1,80
BRDA:102,9,0,0
BRDA:102,9,1,40
BRDA:117,10,0,0
BRDA:117,10,1,10
BRDA:123,11,0,0
BRDA:123,11,1,210
BRDA:125,12,0,80
BRDA:125,12,1,130
BRDA:126,13,0,40
BRDA:126,13,1,170
BRDA:127,14,0,120
BRDA:127,14,1,90
BRDA:143,15,0,0
BRDA:143,15,1,20
BRDA:153,16,0,80
BRDA:153,16,1,0
BRDA:154,17,0,0
BRDA:154,17,1,80
BRDA:157,18,0,0
BRDA:157,18,1,10
BRDA:216,19,0,10
BRDA:216,19,1,0
BRDA:300,20,0,10
BRDA:300,20,1,10
BRDA:301,21,0,10
BRDA:301,21,1,0
BRDA:302,22,0,10
BRDA:302,22,1,0
BRDA:303,23,0,10
BRDA:303,23,1,0
BRDA:326,24,0,10
BRDA:326,24,1,10
BRDA:327,25,0,10
BRDA:327,25,1,0
BRDA:328,26,0,10
BRDA:328,26,1,0
BRDA:329,27,0,10
BRDA:329,27,1,0
BRDA:353,28,0,0
BRDA:353,28,1,10
BRDA:353,29,0,10
BRDA:353,29,1,10
BRDA:353,29,2,10
BRF:61
BRH:37
end_of_record
TN:
SF:src\generators\deploymentPlanGenerator.js
FN:11,generate
FN:23,validateContext
FN:29,extractInput
FN:37,generateDeploymentPlan
FN:356,validateDeploymentPlan
FNF:5
FNH:5
FNDA:10,generate
FNDA:10,validateContext
FNDA:10,extractInput
FNDA:10,generateDeploymentPlan
FNDA:10,validateDeploymentPlan
DA:12,10
DA:13,10
DA:14,10
DA:15,10
DA:17,10
DA:24,10
DA:25,0
DA:30,10
DA:38,10
DA:357,10
DA:358,0
DA:362,4
LF:12
LH:10
BRDA:24,0,0,0
BRDA:24,0,1,10
BRDA:32,1,0,10
BRDA:32,1,1,0
BRDA:357,2,0,0
BRDA:357,2,1,10
BRDA:357,3,0,10
BRDA:357,3,1,10
BRDA:357,3,2,10
BRF:9
BRH:6
end_of_record
TN:
SF:src\generators\frontendPlanGenerator.js
FN:11,generate
FN:23,validateContext
FN:29,extractInput
FN:38,generateFrontendPlan
FN:119,(anonymous_4)
FN:237,(anonymous_5)
FN:313,validateFrontendPlan
FNF:7
FNH:6
FNDA:10,generate
FNDA:10,validateContext
FNDA:10,extractInput
FNDA:10,generateFrontendPlan
FNDA:0,(anonymous_4)
FNDA:20,(anonymous_5)
FNDA:10,validateFrontendPlan
DA:12,10
DA:13,10
DA:14,10
DA:15,10
DA:17,10
DA:24,10
DA:25,0
DA:30,10
DA:39,10
DA:40,10
DA:43,10
DA:44,0
DA:72,0
DA:97,10
DA:108,10
DA:119,10
DA:120,0
DA:121,0
DA:123,0
DA:153,0
DA:178,10
DA:229,10
DA:237,20
DA:314,10
DA:315,0
DA:319,4
LF:26
LH:18
BRDA:24,0,0,0
BRDA:24,0,1,10
BRDA:32,1,0,10
BRDA:32,1,1,10
BRDA:33,2,0,10
BRDA:33,2,1,0
BRDA:43,3,0,0
BRDA:43,3,1,10
BRDA:240,4,0,20
BRDA:240,4,1,20
BRDA:314,5,0,0
BRDA:314,5,1,10
BRDA:314,6,0,10
BRDA:314,6,1,10
BRDA:314,6,2,10
BRF:15
BRH:11
end_of_record
TN:
SF:src\generators\githubIssuesGenerator.js
FN:11,generate
FN:23,validateContext
FN:29,extractInput
FN:40,generateGithubIssues
FN:77,(anonymous_4)
FN:130,(anonymous_5)
FN:138,(anonymous_6)
FN:162,(anonymous_7)
FN:170,(anonymous_8)
FN:442,(anonymous_9)
FN:443,(anonymous_10)
FN:444,(anonymous_11)
FN:445,(anonymous_12)
FN:446,(anonymous_13)
FN:448,(anonymous_14)
FN:449,(anonymous_15)
FN:453,groupEndpointsByFeature
FN:456,(anonymous_17)
FN:457,(anonymous_18)
FN:469,groupPagesByFeature
FN:472,(anonymous_20)
FN:473,(anonymous_21)
FN:485,capitalizeWords
FN:488,(anonymous_23)
FN:492,validateGithubIssues
FNF:25
FNH:25
FNDA:10,generate
FNDA:10,validateContext
FNDA:10,extractInput
FNDA:10,generateGithubIssues
FNDA:40,(anonymous_4)
FNDA:50,(anonymous_5)
FNDA:200,(anonymous_6)
FNDA:20,(anonymous_7)
FNDA:20,(anonymous_8)
FNDA:150,(anonymous_9)
FNDA:150,(anonymous_10)
FNDA:150,(anonymous_11)
FNDA:150,(anonymous_12)
FNDA:150,(anonymous_13)
FNDA:150,(anonymous_14)
FNDA:150,(anonymous_15)
FNDA:10,groupEndpointsByFeature
FNDA:210,(anonymous_17)
FNDA:750,(anonymous_18)
FNDA:10,groupPagesByFeature
FNDA:20,(anonymous_20)
FNDA:40,(anonymous_21)
FNDA:120,capitalizeWords
FNDA:120,(anonymous_23)
FNDA:10,validateGithubIssues
DA:12,10
DA:13,10
DA:14,10
DA:15,10
DA:17,10
DA:24,10
DA:25,0
DA:30,10
DA:41,10
DA:42,10
DA:45,10
DA:71,10
DA:77,40
DA:99,10
DA:100,0
DA:129,10
DA:130,10
DA:131,50
DA:132,40
DA:138,200
DA:161,10
DA:162,10
DA:163,20
DA:164,20
DA:170,20
DA:196,10
DA:234,10
DA:267,10
DA:301,10
DA:334,10
DA:370,10
DA:403,10
DA:438,10
DA:442,150
DA:443,150
DA:444,150
DA:445,150
DA:446,150
DA:448,150
DA:449,150
DA:454,10
DA:456,10
DA:457,750
DA:458,210
DA:460,210
DA:461,50
DA:463,210
DA:466,10
DA:470,10
DA:472,10
DA:473,40
DA:474,20
DA:476,20
DA:477,20
DA:479,20
DA:482,10
DA:486,120
DA:488,120
DA:493,10
DA:494,0
DA:498,4
LF:61
LH:58
BRDA:24,0,0,0
BRDA:24,0,1,10
BRDA:32,1,0,10
BRDA:32,1,1,10
BRDA:33,2,0,10
BRDA:33,2,1,0
BRDA:34,3,0,10
BRDA:34,3,1,0
BRDA:35,4,0,10
BRDA:35,4,1,0
BRDA:99,5,0,0
BRDA:99,5,1,10
BRDA:131,6,0,40
BRDA:131,6,1,10
BRDA:131,7,0,50
BRDA:131,7,1,50
BRDA:146,8,0,40
BRDA:146,8,1,0
BRDA:163,9,0,20
BRDA:163,9,1,0
BRDA:180,10,0,10
BRDA:180,10,1,10
BRDA:180,11,0,20
BRDA:180,11,1,20
BRDA:458,12,0,210
BRDA:458,12,1,0
BRDA:460,13,0,50
BRDA:460,13,1,160
BRDA:473,14,0,40
BRDA:473,14,1,10
BRDA:474,15,0,20
BRDA:474,15,1,10
BRDA:476,16,0,20
BRDA:476,16,1,0
BRDA:493,17,0,0
BRDA:493,17,1,10
BRDA:493,18,0,10
BRDA:493,18,1,10
BRDA:493,18,2,10
BRF:39
BRH:29
end_of_record
TN:
SF:src\generators\prdGenerator.js
FN:14,generate
FN:26,validateContext
FN:32,extractInput
FN:41,generatePRD
FN:52,(anonymous_4)
FN:58,(anonymous_5)
FN:105,(anonymous_6)
FN:157,determineUserRoles
FN:211,categorizeFeatures
FN:215,(anonymous_9)
FN:233,generateProblemStatement
FN:238,generateUserNeeds
FN:248,generatePainPoints
FN:258,validatePRD
FNF:14
FNH:14
FNDA:10,generate
FNDA:10,validateContext
FNDA:10,extractInput
FNDA:10,generatePRD
FNDA:10,(anonymous_4)
FNDA:15,(anonymous_5)
FNDA:15,(anonymous_6)
FNDA:10,determineUserRoles
FNDA:10,categorizeFeatures
FNDA:15,(anonymous_9)
FNDA:10,generateProblemStatement
FNDA:10,generateUserNeeds
FNDA:10,generatePainPoints
FNDA:10,validatePRD
DA:1,4
DA:15,10
DA:16,10
DA:17,10
DA:18,10
DA:20,10
DA:27,10
DA:28,0
DA:33,10
DA:43,10
DA:46,10
DA:48,10
DA:52,10
DA:58,15
DA:105,15
DA:158,10
DA:159,10
DA:160,10
DA:161,10
DA:164,10
DA:165,0
DA:173,10
DA:174,0
DA:182,10
DA:183,0
DA:191,10
DA:192,0
DA:200,10
DA:201,10
DA:208,10
DA:212,10
DA:213,10
DA:215,10
DA:216,15
DA:223,15
DA:224,13
DA:226,2
DA:230,10
DA:234,10
DA:235,10
DA:239,10
DA:249,10
DA:259,10
DA:260,0
DA:264,4
LF:45
LH:39
BRDA:27,0,0,0
BRDA:27,0,1,10
BRDA:27,1,0,10
BRDA:27,1,1,10
BRDA:36,2,0,10
BRDA:36,2,1,0
BRDA:37,3,0,10
BRDA:37,3,1,0
BRDA:62,4,0,15
BRDA:62,4,1,0
BRDA:114,5,0,15
BRDA:114,5,1,0
BRDA:115,6,0,15
BRDA:115,6,1,0
BRDA:164,7,0,0
BRDA:164,7,1,10
BRDA:173,8,0,0
BRDA:173,8,1,10
BRDA:173,9,0,10
BRDA:173,9,1,10
BRDA:173,9,2,10
BRDA:182,10,0,0
BRDA:182,10,1,10
BRDA:191,11,0,0
BRDA:191,11,1,10
BRDA:200,12,0,10
BRDA:200,12,1,0
BRDA:219,13,0,15
BRDA:219,13,1,0
BRDA:223,14,0,13
BRDA:223,14,1,2
BRDA:259,15,0,0
BRDA:259,15,1,10
BRDA:259,16,0,10
BRDA:259,16,1,10
BRDA:259,16,2,10
BRDA:259,16,3,10
BRF:37
BRH:24
end_of_record
TN:
SF:src\generators\schemaGenerator.js
FN:11,generate
FN:23,validateContext
FN:29,extractInput
FN:37,generateSchema
FN:39,(anonymous_4)
FN:94,(anonymous_5)
FN:95,(anonymous_6)
FN:136,generateDomainTables
FN:238,(anonymous_8)
FN:263,generateGenericTables
FN:290,buildRelationships
FN:293,(anonymous_11)
FN:294,(anonymous_12)
FN:312,validateSchema
FNF:14
FNH:12
FNDA:10,generate
FNDA:10,validateContext
FNDA:10,extractInput
FNDA:10,generateSchema
FNDA:0,(anonymous_4)
FNDA:40,(anonymous_5)
FNDA:40,(anonymous_6)
FNDA:10,generateDomainTables
FNDA:0,(anonymous_8)
FNDA:10,generateGenericTables
FNDA:10,buildRelationships
FNDA:40,(anonymous_11)
FNDA:240,(anonymous_12)
FNDA:10,validateSchema
DA:12,10
DA:13,10
DA:14,10
DA:15,10
DA:17,10
DA:24,10
DA:25,0
DA:30,10
DA:39,10
DA:40,0
DA:45,10
DA:46,10
DA:49,10
DA:50,0
DA:73,10
DA:74,10
DA:77,10
DA:78,10
DA:80,10
DA:81,10
DA:82,0
DA:84,0
DA:87,10
DA:89,10
DA:95,40
DA:137,10
DA:138,10
DA:141,10
DA:142,0
DA:162,0
DA:181,0
DA:198,0
DA:218,0
DA:238,10
DA:239,0
DA:240,0
DA:260,10
DA:264,10
DA:265,10
DA:267,10
DA:268,40
DA:287,10
DA:291,10
DA:293,10
DA:294,40
DA:295,240
DA:296,0
DA:297,0
DA:309,10
DA:313,10
DA:314,0
DA:318,4
LF:52
LH:37
BRDA:24,0,0,0
BRDA:24,0,1,10
BRDA:32,1,0,10
BRDA:32,1,1,10
BRDA:33,2,0,10
BRDA:33,2,1,0
BRDA:40,3,0,0
BRDA:40,3,1,0
BRDA:40,3,2,0
BRDA:49,4,0,0
BRDA:49,4,1,10
BRDA:78,5,0,10
BRDA:78,5,1,0
BRDA:82,6,0,0
BRDA:82,6,1,0
BRDA:108,7,0,0
BRDA:108,7,1,10
BRDA:141,8,0,0
BRDA:141,8,1,10
BRDA:248,9,0,0
BRDA:248,9,1,0
BRDA:254,10,0,0
BRDA:254,10,1,0
BRDA:267,11,0,50
BRDA:267,11,1,40
BRDA:276,12,0,0
BRDA:276,12,1,40
BRDA:282,13,0,0
BRDA:282,13,1,40
BRDA:295,14,0,0
BRDA:295,14,1,240
BRDA:302,15,0,0
BRDA:302,15,1,0
BRDA:313,16,0,0
BRDA:313,16,1,10
BRDA:313,17,0,10
BRDA:313,17,1,10
BRDA:313,17,2,10
BRF:38
BRH:17
end_of_record
TN:
SF:src\generators\testPlanGenerator.js
FN:11,generate
FN:23,validateContext
FN:29,extractInput
FN:39,generateTestPlan
FN:45,(anonymous_4)
FN:82,(anonymous_5)
FN:117,(anonymous_6)
FN:144,(anonymous_7)
FN:173,(anonymous_8)
FN:228,(anonymous_9)
FN:234,(anonymous_10)
FN:241,(anonymous_11)
FN:299,validateTestPlan
FNF:13
FNH:11
FNDA:10,generate
FNDA:10,validateContext
FNDA:10,extractInput
FNDA:10,generateTestPlan
FNDA:210,(anonymous_4)
FNDA:80,(anonymous_5)
FNDA:0,(anonymous_6)
FNDA:20,(anonymous_7)
FNDA:210,(anonymous_8)
FNDA:280,(anonymous_9)
FNDA:0,(anonymous_10)
FNDA:10,(anonymous_11)
FNDA:10,validateTestPlan
DA:12,10
DA:13,10
DA:14,10
DA:15,10
DA:17,10
DA:24,10
DA:25,0
DA:30,10
DA:40,10
DA:41,10
DA:42,10
DA:45,10
DA:46,210
DA:47,200
DA:82,10
DA:83,80
DA:117,10
DA:118,0
DA:144,10
DA:145,20
DA:146,10
DA:173,210
DA:174,0
DA:207,10
DA:228,280
DA:234,0
DA:241,10
DA:300,10
DA:301,0
DA:305,4
LF:30
LH:25
BRDA:24,0,0,0
BRDA:24,0,1,10
BRDA:32,1,0,10
BRDA:32,1,1,10
BRDA:33,2,0,10
BRDA:33,2,1,0
BRDA:34,3,0,10
BRDA:34,3,1,0
BRDA:35,4,0,10
BRDA:35,4,1,0
BRDA:46,5,0,200
BRDA:46,5,1,10
BRDA:68,6,0,0
BRDA:68,6,1,200
BRDA:104,7,0,0
BRDA:104,7,1,80
BRDA:145,8,0,10
BRDA:145,8,1,10
BRDA:145,9,0,20
BRDA:145,9,1,20
BRDA:157,10,0,10
BRDA:157,10,1,0
BRDA:159,11,0,0
BRDA:159,11,1,10
BRDA:173,12,0,0
BRDA:173,12,1,10
BRDA:300,13,0,0
BRDA:300,13,1,10
BRDA:300,14,0,10
BRDA:300,14,1,10
BRDA:300,14,2,10
BRDA:300,14,3,10
BRF:32
BRH:22
end_of_record
TN:
SF:src\routes\artifact.routes.js
FNF:0
FNH:0
DA:1,4
DA:2,4
DA:3,4
DA:9,4
DA:15,4
DA:21,4
DA:27,4
DA:29,4
LF:8
LH:8
BRF:0
BRH:0
end_of_record
TN:
SF:src\routes\blueprint.routes.js
FNF:0
FNH:0
DA:1,4
DA:2,4
DA:3,4
DA:9,4
DA:15,4
DA:22,4
DA:28,4
DA:30,4
LF:8
LH:8
BRF:0
BRH:0
end_of_record
TN:
SF:src\routes\health.routes.js
FN:8,(anonymous_0)
FNF:1
FNH:1
FNDA:2,(anonymous_0)
DA:1,4
DA:2,4
DA:8,4
DA:9,2
DA:17,4
LF:5
LH:5
BRF:0
BRH:0
end_of_record
TN:
SF:src\services\artifact.service.js
FN:12,createArtifact
FN:35,getAllArtifacts
FN:39,(anonymous_2)
FN:51,getArtifactById
FN:67,deleteArtifact
FNF:5
FNH:5
FNDA:13,createArtifact
FNDA:3,getAllArtifacts
FNDA:12,(anonymous_2)
FNDA:3,getArtifactById
FNDA:2,deleteArtifact
DA:1,4
DA:2,4
DA:3,4
DA:4,4
DA:14,13
DA:15,13
DA:16,4
DA:19,9
DA:26,9
DA:27,9
DA:36,3
DA:38,3
DA:39,12
DA:42,1
DA:52,3
DA:54,3
DA:55,2
DA:58,1
DA:68,2
DA:70,2
DA:71,1
DA:74,1
DA:77,4
LF:23
LH:23
BRDA:15,0,0,4
BRDA:15,0,1,9
BRDA:23,1,0,9
BRDA:23,1,1,7
BRDA:35,2,0,1
BRDA:38,3,0,2
BRDA:38,3,1,1
BRDA:54,4,0,2
BRDA:54,4,1,1
BRDA:70,5,0,1
BRDA:70,5,1,1
BRF:11
BRH:11
end_of_record
TN:
SF:src\services\blueprint.service.js
FN:23,executeGenerator
FN:48,generateBlueprint
FN:105,(anonymous_2)
FN:159,processIdea
FN:161,(anonymous_4)
FN:180,extractTargetUsers
FN:208,extractKeyFeatures
FN:270,generateProjectName
FN:278,(anonymous_8)
FN:285,(anonymous_9)
FN:293,(anonymous_10)
FN:303,getAllBlueprints
FN:307,(anonymous_12)
FN:322,getBlueprintById
FNF:14
FNH:14
FNDA:90,executeGenerator
FNDA:10,generateBlueprint
FNDA:10,(anonymous_2)
FNDA:10,processIdea
FNDA:10,(anonymous_4)
FNDA:10,extractTargetUsers
FNDA:10,extractKeyFeatures
FNDA:10,generateProjectName
FNDA:70,(anonymous_8)
FNDA:70,(anonymous_9)
FNDA:117,(anonymous_10)
FNDA:1,getAllBlueprints
FNDA:4,(anonymous_12)
FNDA:8,getBlueprintById
DA:1,4
DA:2,4
DA:3,4
DA:4,4
DA:5,4
DA:6,4
DA:7,4
DA:8,4
DA:9,4
DA:10,4
DA:11,4
DA:12,4
DA:13,4
DA:24,90
DA:25,90
DA:26,0
DA:29,90
DA:31,90
DA:32,0
DA:35,90
DA:37,0
DA:49,10
DA:50,0
DA:53,10
DA:55,10
DA:57,10
DA:64,10
DA:67,10
DA:68,10
DA:70,10
DA:71,10
DA:73,10
DA:74,10
DA:76,10
DA:77,10
DA:79,10
DA:80,10
DA:82,10
DA:83,10
DA:85,10
DA:86,10
DA:88,10
DA:89,10
DA:91,10
DA:92,10
DA:95,10
DA:96,10
DA:99,10
DA:105,10
DA:142,10
DA:145,10
DA:147,10
DA:149,0
DA:150,0
DA:161,10
DA:162,10
DA:163,10
DA:165,10
DA:181,10
DA:182,10
DA:184,10
DA:185,0
DA:187,10
DA:188,0
DA:190,10
DA:191,0
DA:193,10
DA:194,0
DA:196,10
DA:197,0
DA:200,10
DA:209,10
DA:210,10
DA:213,10
DA:214,1
DA:218,10
DA:219,0
DA:223,10
DA:224,2
DA:228,10
DA:229,0
DA:233,10
DA:234,0
DA:238,10
DA:239,1
DA:243,10
DA:244,0
DA:248,10
DA:249,5
DA:253,10
DA:254,0
DA:258,10
DA:259,2
DA:262,10
DA:272,10
DA:274,10
DA:277,10
DA:278,70
DA:280,10
DA:281,0
DA:285,10
DA:286,70
DA:287,70
DA:291,10
DA:293,117
DA:296,10
DA:304,1
DA:307,4
DA:323,8
DA:326,4
LF:110
LH:93
BRDA:25,0,0,0
BRDA:25,0,1,90
BRDA:25,1,0,90
BRDA:25,1,1,90
BRDA:31,2,0,0
BRDA:31,2,1,90
BRDA:49,3,0,0
BRDA:49,3,1,10
BRDA:49,4,0,10
BRDA:49,4,1,10
BRDA:49,4,2,10
BRDA:162,5,0,10
BRDA:162,5,1,0
BRDA:163,6,0,10
BRDA:163,6,1,10
BRDA:184,7,0,0
BRDA:184,7,1,10
BRDA:184,8,0,10
BRDA:184,8,1,10
BRDA:187,9,0,0
BRDA:187,9,1,10
BRDA:187,10,0,10
BRDA:187,10,1,10
BRDA:190,11,0,0
BRDA:190,11,1,10
BRDA:193,12,0,0
BRDA:193,12,1,10
BRDA:193,13,0,10
BRDA:193,13,1,10
BRDA:196,14,0,0
BRDA:196,14,1,10
BRDA:196,15,0,10
BRDA:196,15,1,10
BRDA:200,16,0,0
BRDA:200,16,1,10
BRDA:213,17,0,1
BRDA:213,17,1,9
BRDA:213,18,0,10
BRDA:213,18,1,9
BRDA:213,18,2,9
BRDA:218,19,0,0
BRDA:218,19,1,10
BRDA:223,20,0,2
BRDA:223,20,1,8
BRDA:223,21,0,10
BRDA:223,21,1,10
BRDA:223,21,2,8
BRDA:228,22,0,0
BRDA:228,22,1,10
BRDA:228,23,0,10
BRDA:228,23,1,10
BRDA:233,24,0,0
BRDA:233,24,1,10
BRDA:233,25,0,10
BRDA:233,25,1,10
BRDA:238,26,0,1
BRDA:238,26,1,9
BRDA:238,27,0,10
BRDA:238,27,1,10
BRDA:243,28,0,0
BRDA:243,28,1,10
BRDA:243,29,0,10
BRDA:243,29,1,10
BRDA:248,30,0,5
BRDA:248,30,1,5
BRDA:248,31,0,10
BRDA:248,31,1,10
BRDA:253,32,0,0
BRDA:253,32,1,10
BRDA:253,33,0,10
BRDA:253,33,1,10
BRDA:258,34,0,2
BRDA:258,34,1,8
BRDA:278,35,0,70
BRDA:278,35,1,70
BRDA:280,36,0,0
BRDA:280,36,1,10
BRDA:296,37,0,10
BRDA:296,37,1,0
BRDA:308,38,0,4
BRDA:308,38,1,0
BRDA:309,39,0,4
BRDA:309,39,1,0
BRDA:309,39,2,0
BRDA:311,40,0,4
BRDA:311,40,1,4
BRDA:311,40,2,0
BRDA:313,41,0,4
BRDA:313,41,1,0
BRF:89
BRH:67
end_of_record
TN:
SF:src\services\storage.service.js
FN:17,sanitizePath
FN:39,ensureDirectory
FN:50,ensureDataFiles
FN:79,readJSON
FN:104,writeJSON
FN:173,readBlueprints
FN:183,readBlueprintById
FN:185,(anonymous_7)
FN:193,saveBlueprint
FN:206,updateBlueprint
FN:208,(anonymous_10)
FN:229,deleteBlueprint
FN:231,(anonymous_12)
FN:246,readArtifacts
FN:251,(anonymous_14)
FN:262,readArtifactById
FN:264,(anonymous_16)
FN:272,saveArtifact
FN:284,deleteArtifact
FN:286,(anonymous_19)
FNF:20
FNH:15
FNDA:56,sanitizePath
FNDA:56,ensureDirectory
FNDA:36,ensureDataFiles
FNDA:36,readJSON
FNDA:20,writeJSON
FNDA:19,readBlueprints
FNDA:8,readBlueprintById
FNDA:25,(anonymous_7)
FNDA:10,saveBlueprint
FNDA:0,updateBlueprint
FNDA:0,(anonymous_10)
FNDA:0,deleteBlueprint
FNDA:0,(anonymous_12)
FNDA:17,readArtifacts
FNDA:0,(anonymous_14)
FNDA:3,readArtifactById
FNDA:21,(anonymous_16)
FNDA:9,saveArtifact
FNDA:2,deleteArtifact
FNDA:16,(anonymous_19)
DA:1,4
DA:2,4
DA:3,4
DA:4,4
DA:18,56
DA:19,0
DA:23,56
DA:24,56
DA:27,56
DA:28,0
DA:31,56
DA:40,56
DA:41,56
DA:43,0
DA:51,36
DA:53,36
DA:56,36
DA:57,36
DA:59,0
DA:63,36
DA:64,36
DA:66,0
DA:69,0
DA:80,36
DA:82,36
DA:83,36
DA:84,36
DA:86,0
DA:88,0
DA:90,0
DA:91,0
DA:93,0
DA:105,20
DA:106,20
DA:107,20
DA:109,20
DA:111,20
DA:112,20
DA:115,20
DA:116,0
DA:119,20
DA:122,20
DA:125,20
DA:126,20
DA:127,20
DA:133,20
DA:136,20
DA:137,20
DA:140,20
DA:143,20
DA:144,20
DA:150,0
DA:151,0
DA:157,0
DA:158,0
DA:159,0
DA:160,0
DA:165,0
DA:174,19
DA:175,19
DA:184,8
DA:185,25
DA:194,10
DA:195,10
DA:196,10
DA:197,10
DA:207,0
DA:208,0
DA:210,0
DA:211,0
DA:214,0
DA:220,0
DA:221,0
DA:230,0
DA:231,0
DA:233,0
DA:234,0
DA:237,0
DA:238,0
DA:247,17
DA:248,17
DA:250,17
DA:251,0
DA:254,17
DA:263,3
DA:264,21
DA:273,9
DA:274,9
DA:275,9
DA:276,9
DA:285,2
DA:286,16
DA:288,2
DA:289,1
DA:292,1
DA:293,1
DA:296,4
LF:97
LH:64
BRDA:18,0,0,0
BRDA:18,0,1,56
BRDA:18,1,0,56
BRDA:18,1,1,56
BRDA:27,2,0,0
BRDA:27,2,1,56
BRDA:86,3,0,0
BRDA:86,3,1,0
BRDA:90,4,0,0
BRDA:90,4,1,0
BRDA:115,5,0,0
BRDA:115,5,1,20
BRDA:115,6,0,20
BRDA:115,6,1,20
BRDA:185,7,0,8
BRDA:185,7,1,2
BRDA:185,8,0,25
BRDA:185,8,1,19
BRDA:208,9,0,0
BRDA:208,9,1,0
BRDA:210,10,0,0
BRDA:210,10,1,0
BRDA:231,11,0,0
BRDA:231,11,1,0
BRDA:233,12,0,0
BRDA:233,12,1,0
BRDA:246,13,0,17
BRDA:250,14,0,0
BRDA:250,14,1,17
BRDA:264,15,0,3
BRDA:264,15,1,2
BRDA:288,16,0,1
BRDA:288,16,1,1
BRF:33
BRH:17
end_of_record
TN:
SF:src\utils\errors.js
FN:6,(anonymous_0)
FN:16,(anonymous_1)
FN:22,(anonymous_2)
FN:28,(anonymous_3)
FN:34,(anonymous_4)
FN:44,(anonymous_5)
FN:45,(anonymous_6)
FN:57,(anonymous_7)
FNF:8
FNH:6
FNDA:7,(anonymous_0)
FNDA:4,(anonymous_1)
FNDA:3,(anonymous_2)
FNDA:0,(anonymous_3)
FNDA:0,(anonymous_4)
FNDA:32,(anonymous_5)
FNDA:42,(anonymous_6)
FNDA:7,(anonymous_7)
DA:7,7
DA:8,7
DA:9,7
DA:10,7
DA:11,7
DA:17,4
DA:23,3
DA:29,0
DA:35,0
DA:44,4
DA:45,32
DA:46,42
DA:57,4
DA:59,7
DA:60,7
DA:63,7
DA:64,0
DA:73,7
DA:83,4
LF:19
LH:16
BRDA:6,0,0,0
BRDA:6,1,0,7
BRDA:22,2,0,0
BRDA:59,3,0,7
BRDA:59,3,1,0
BRDA:60,4,0,7
BRDA:60,4,1,0
BRDA:63,5,0,0
BRDA:63,5,1,7
BRDA:63,6,0,7
BRDA:63,6,1,7
BRDA:76,7,0,7
BRDA:76,7,1,0
BRDA:77,8,0,7
BRDA:77,8,1,0
BRDA:78,9,0,7
BRDA:78,9,1,0
BRF:17
BRH:9
end_of_record
TN:
SF:src\utils\feature-detector.js
FN:12,hasAuthFeature
FN:23,hasDashboardFeature
FN:34,hasAPIFeature
FN:45,hasRealtimeFeature
FN:56,hasFileUploadFeature
FN:67,hasSearchFeature
FN:78,hasPaymentFeature
FN:89,hasEmailFeature
FN:100,detectAllFeatures
FN:118,getSearchableText
FN:133,(anonymous_10)
FN:156,containsAnyKeyword
FN:162,(anonymous_12)
FN:170,extractTargetUsers
FN:187,(anonymous_14)
FNF:15
FNH:0
FNDA:0,hasAuthFeature
FNDA:0,hasDashboardFeature
FNDA:0,hasAPIFeature
FNDA:0,hasRealtimeFeature
FNDA:0,hasFileUploadFeature
FNDA:0,hasSearchFeature
FNDA:0,hasPaymentFeature
FNDA:0,hasEmailFeature
FNDA:0,detectAllFeatures
FNDA:0,getSearchableText
FNDA:0,(anonymous_10)
FNDA:0,containsAnyKeyword
FNDA:0,(anonymous_12)
FNDA:0,extractTargetUsers
FNDA:0,(anonymous_14)
DA:13,0
DA:14,0
DA:15,0
DA:24,0
DA:25,0
DA:26,0
DA:35,0
DA:36,0
DA:37,0
DA:46,0
DA:47,0
DA:48,0
DA:57,0
DA:58,0
DA:59,0
DA:68,0
DA:69,0
DA:70,0
DA:79,0
DA:80,0
DA:81,0
DA:90,0
DA:91,0
DA:92,0
DA:101,0
DA:119,0
DA:122,0
DA:123,0
DA:127,0
DA:128,0
DA:132,0
DA:133,0
DA:134,0
DA:135,0
DA:136,0
DA:137,0
DA:143,0
DA:144,0
DA:147,0
DA:157,0
DA:158,0
DA:161,0
DA:162,0
DA:171,0
DA:173,0
DA:174,0
DA:176,0
DA:187,0
DA:188,0
DA:189,0
DA:193,0
DA:196,0
LF:52
LH:0
BRDA:122,0,0,0
BRDA:122,0,1,0
BRDA:127,1,0,0
BRDA:127,1,1,0
BRDA:132,2,0,0
BRDA:132,2,1,0
BRDA:134,3,0,0
BRDA:134,3,1,0
BRDA:136,4,0,0
BRDA:136,4,1,0
BRDA:136,5,0,0
BRDA:136,5,1,0
BRDA:143,6,0,0
BRDA:143,6,1,0
BRDA:157,7,0,0
BRDA:157,7,1,0
BRDA:157,8,0,0
BRDA:157,8,1,0
BRDA:171,9,0,0
BRDA:171,9,1,0
BRDA:188,10,0,0
BRDA:188,10,1,0
BRDA:193,11,0,0
BRDA:193,11,1,0
BRF:24
BRH:0
end_of_record
TN:
SF:src\utils\slugify.js
FN:6,slugify
FNF:1
FNH:1
FNDA:20,slugify
DA:7,20
DA:8,0
DA:11,20
DA:22,4
LF:4
LH:3
BRDA:7,0,0,0
BRDA:7,0,1,20
BRDA:7,1,0,20
BRDA:7,1,1,20
BRF:4
BRH:3
end_of_record
TN:
SF:src\utils\validators.js
FN:13,sanitizeString
FN:29,sanitizeObject
FN:39,(anonymous_2)
FN:61,isValidString
FN:71,isValidArray
FN:83,validateStringLength
FN:115,validateIdea
FN:136,validateBlueprint
FN:175,validateArtifact
FNF:9
FNH:4
FNDA:10,sanitizeString
FNDA:0,sanitizeObject
FNDA:0,(anonymous_2)
FNDA:0,isValidString
FNDA:0,isValidArray
FNDA:10,validateStringLength
FNDA:12,validateIdea
FNDA:0,validateBlueprint
FNDA:13,validateArtifact
DA:6,4
DA:14,10
DA:17,10
DA:30,0
DA:32,0
DA:34,0
DA:35,0
DA:38,0
DA:39,0
DA:42,0
DA:43,0
DA:44,0
DA:45,0
DA:46,0
DA:47,0
DA:50,0
DA:53,0
DA:62,0
DA:72,0
DA:84,10
DA:86,10
DA:87,0
DA:93,10
DA:94,0
DA:100,10
DA:101,0
DA:107,10
DA:116,12
DA:117,2
DA:123,10
DA:137,0
DA:139,0
DA:140,0
DA:144,0
DA:150,0
DA:151,0
DA:155,0
DA:161,0
DA:162,0
DA:165,0
DA:176,13
DA:178,13
DA:179,0
DA:183,13
DA:185,13
DA:186,52
DA:187,4
DA:191,13
DA:196,4
LF:49
LH:19
BRDA:14,0,0,0
BRDA:14,0,1,10
BRDA:29,1,0,0
BRDA:30,2,0,0
BRDA:30,2,1,0
BRDA:32,3,0,0
BRDA:32,3,1,0
BRDA:32,4,0,0
BRDA:32,4,1,0
BRDA:34,5,0,0
BRDA:34,5,1,0
BRDA:38,6,0,0
BRDA:38,6,1,0
BRDA:42,7,0,0
BRDA:42,7,1,0
BRDA:46,8,0,0
BRDA:46,8,1,0
BRDA:62,9,0,0
BRDA:62,9,1,0
BRDA:71,10,0,0
BRDA:72,11,0,0
BRDA:72,11,1,0
BRDA:86,12,0,0
BRDA:86,12,1,10
BRDA:93,13,0,0
BRDA:93,13,1,10
BRDA:100,14,0,0
BRDA:100,14,1,10
BRDA:116,15,0,2
BRDA:116,15,1,10
BRDA:116,16,0,12
BRDA:116,16,1,10
BRDA:139,17,0,0
BRDA:139,17,1,0
BRDA:139,18,0,0
BRDA:139,18,1,0
BRDA:150,19,0,0
BRDA:150,19,1,0
BRDA:161,20,0,0
BRDA:161,20,1,0
BRDA:165,21,0,0
BRDA:165,21,1,0
BRDA:178,22,0,0
BRDA:178,22,1,13
BRDA:178,23,0,13
BRDA:178,23,1,13
BRDA:186,24,0,4
BRDA:186,24,1,48
BRDA:186,25,0,52
BRDA:186,25,1,48
BRDA:186,25,2,48
BRDA:191,26,0,4
BRDA:191,26,1,9
BRF:53
BRH:18
end_of_record
