TN:
SF:src\app.js
FN:20,(anonymous_0)
FN:31,(anonymous_1)
FN:42,(anonymous_2)
FNF:3
FNH:1
FNDA:44,(anonymous_0)
FNDA:0,(anonymous_1)
FNDA:0,(anonymous_2)
DA:1,4
DA:2,4
DA:3,4
DA:5,4
DA:6,4
DA:7,4
DA:9,4
DA:12,4
DA:16,4
DA:17,4
DA:20,4
DA:21,44
DA:22,44
DA:26,4
DA:27,4
DA:28,4
DA:31,4
DA:32,0
DA:42,4
DA:43,0
DA:44,0
DA:54,4
LF:22
LH:19
BRDA:13,0,0,4
BRDA:13,0,1,4
BRDA:49,1,0,0
BRDA:49,1,1,0
BRF:4
BRH:2
end_of_record
TN:
SF:src\controllers\artifact.controller.js
FN:6,createArtifact
FN:61,getAllArtifacts
FN:86,getArtifactById
FN:121,deleteArtifact
FNF:4
FNH:4
FNDA:13,createArtifact
FNDA:3,getAllArtifacts
FNDA:3,getArtifactById
FNDA:2,deleteArtifact
DA:1,4
DA:7,13
DA:17,13
DA:19,13
DA:20,4
DA:29,9
DA:40,9
DA:46,0
DA:47,0
DA:62,3
DA:63,3
DA:64,3
DA:66,3
DA:71,0
DA:72,0
DA:87,3
DA:88,3
DA:89,3
DA:91,3
DA:92,2
DA:101,1
DA:106,0
DA:107,0
DA:122,2
DA:123,2
DA:124,2
DA:126,2
DA:127,1
DA:136,1
DA:141,0
DA:142,0
DA:153,4
LF:32
LH:24
BRDA:19,0,0,4
BRDA:19,0,1,9
BRDA:19,1,0,13
BRDA:19,1,1,12
BRDA:19,1,2,11
BRDA:19,1,3,10
BRDA:91,2,0,2
BRDA:91,2,1,1
BRDA:126,3,0,1
BRDA:126,3,1,1
BRF:10
BRH:10
end_of_record
TN:
SF:src\controllers\blueprint.controller.js
FN:8,generateBlueprint
FN:49,getAllBlueprints
FN:73,getBlueprintById
FN:108,exportBlueprintMarkdown
FNF:4
FNH:4
FNDA:12,generateBlueprint
FNDA:1,getAllBlueprints
FNDA:2,getBlueprintById
FNDA:6,exportBlueprintMarkdown
DA:1,4
DA:2,4
DA:3,4
DA:9,12
DA:10,12
DA:13,12
DA:14,12
DA:15,3
DA:26,9
DA:28,9
DA:34,0
DA:35,0
DA:50,1
DA:51,1
DA:53,1
DA:58,0
DA:59,0
DA:74,2
DA:75,2
DA:76,2
DA:78,2
DA:79,1
DA:88,1
DA:93,0
DA:94,0
DA:109,6
DA:110,6
DA:111,6
DA:113,6
DA:114,1
DA:124,5
DA:127,5
DA:130,5
DA:131,5
DA:132,5
DA:135,5
DA:138,5
DA:140,0
DA:141,0
DA:152,4
LF:40
LH:32
BRDA:14,0,0,3
BRDA:14,0,1,9
BRDA:78,1,0,1
BRDA:78,1,1,1
BRDA:113,2,0,1
BRDA:113,2,1,5
BRDA:130,3,0,5
BRDA:130,3,1,5
BRDA:130,3,2,0
BRF:9
BRH:8
end_of_record
TN:
SF:src\exporters\markdownExporter.js
FN:9,exportToMarkdown
FN:72,saveMarkdownToFile
FN:97,generateHeader
FN:121,generateIdeaSection
FN:132,generateProblemStatement
FN:145,generateTargetUsers
FN:159,(anonymous_6)
FN:161,(anonymous_7)
FN:165,(anonymous_8)
FN:168,(anonymous_9)
FN:178,generateUserRoles
FN:189,(anonymous_11)
FN:195,(anonymous_12)
FN:202,generateFeaturesSection
FN:213,(anonymous_14)
FN:223,(anonymous_15)
FN:231,(anonymous_16)
FN:239,(anonymous_17)
FN:245,(anonymous_18)
FN:248,(anonymous_19)
FN:258,generateNonFunctionalRequirements
FN:269,(anonymous_21)
FN:272,(anonymous_22)
FN:279,generateTechStack
FN:296,(anonymous_24)
FN:305,(anonymous_25)
FN:314,(anonymous_26)
FN:324,generateArchitecture
FN:341,(anonymous_28)
FN:349,(anonymous_29)
FN:367,generateDatabaseSchema
FN:384,(anonymous_31)
FN:393,(anonymous_32)
FN:404,(anonymous_33)
FN:413,generateApiRoutes
FN:436,(anonymous_35)
FN:450,generateFrontendPages
FN:468,(anonymous_37)
FN:482,(anonymous_38)
FN:492,generateTestPlan
FN:514,(anonymous_40)
FN:551,generateDeploymentPlan
FN:583,(anonymous_42)
FN:586,(anonymous_43)
FN:589,(anonymous_44)
FN:600,generateGitHubIssues
FN:617,(anonymous_46)
FN:618,(anonymous_47)
FN:621,(anonymous_48)
FN:638,generateBobPrompt
FN:661,generateFooter
FNF:51
FNH:44
FNDA:5,exportToMarkdown
FNDA:5,saveMarkdownToFile
FNDA:5,generateHeader
FNDA:5,generateIdeaSection
FNDA:5,generateProblemStatement
FNDA:5,generateTargetUsers
FNDA:5,(anonymous_6)
FNDA:0,(anonymous_7)
FNDA:0,(anonymous_8)
FNDA:0,(anonymous_9)
FNDA:5,generateUserRoles
FNDA:5,(anonymous_11)
FNDA:20,(anonymous_12)
FNDA:5,generateFeaturesSection
FNDA:5,(anonymous_14)
FNDA:5,(anonymous_15)
FNDA:0,(anonymous_16)
FNDA:0,(anonymous_17)
FNDA:0,(anonymous_18)
FNDA:0,(anonymous_19)
FNDA:5,generateNonFunctionalRequirements
FNDA:25,(anonymous_21)
FNDA:95,(anonymous_22)
FNDA:5,generateTechStack
FNDA:40,(anonymous_24)
FNDA:30,(anonymous_25)
FNDA:25,(anonymous_26)
FNDA:5,generateArchitecture
FNDA:15,(anonymous_28)
FNDA:60,(anonymous_29)
FNDA:5,generateDatabaseSchema
FNDA:20,(anonymous_31)
FNDA:120,(anonymous_32)
FNDA:20,(anonymous_33)
FNDA:5,generateApiRoutes
FNDA:105,(anonymous_35)
FNDA:5,generateFrontendPages
FNDA:10,(anonymous_37)
FNDA:20,(anonymous_38)
FNDA:5,generateTestPlan
FNDA:15,(anonymous_40)
FNDA:5,generateDeploymentPlan
FNDA:15,(anonymous_42)
FNDA:45,(anonymous_43)
FNDA:220,(anonymous_44)
FNDA:5,generateGitHubIssues
FNDA:20,(anonymous_46)
FNDA:300,(anonymous_47)
FNDA:75,(anonymous_48)
FNDA:5,generateBobPrompt
FNDA:5,generateFooter
DA:1,4
DA:2,4
DA:10,5
DA:13,5
DA:16,5
DA:19,5
DA:22,5
DA:25,5
DA:28,5
DA:31,5
DA:34,5
DA:37,5
DA:40,5
DA:43,5
DA:46,5
DA:49,5
DA:52,5
DA:55,5
DA:58,5
DA:61,5
DA:63,5
DA:73,5
DA:74,5
DA:77,5
DA:79,5
DA:80,5
DA:84,5
DA:85,5
DA:86,5
DA:89,5
DA:91,5
DA:98,5
DA:99,5
DA:100,5
DA:105,5
DA:122,5
DA:124,5
DA:133,5
DA:137,5
DA:146,5
DA:150,5
DA:151,0
DA:156,5
DA:158,5
DA:159,5
DA:160,0
DA:161,0
DA:165,0
DA:168,0
DA:172,5
DA:179,5
DA:181,5
DA:182,0
DA:187,5
DA:189,5
DA:195,20
DA:203,5
DA:204,5
DA:205,5
DA:206,5
DA:208,5
DA:211,5
DA:212,5
DA:213,5
DA:221,5
DA:222,5
DA:223,5
DA:229,5
DA:230,0
DA:231,0
DA:237,5
DA:238,0
DA:239,0
DA:245,0
DA:248,0
DA:252,5
DA:259,5
DA:261,5
DA:262,0
DA:267,5
DA:269,25
DA:272,95
DA:280,5
DA:284,5
DA:285,0
DA:290,5
DA:293,5
DA:294,5
DA:295,5
DA:296,40
DA:298,5
DA:302,5
DA:303,5
DA:304,5
DA:305,30
DA:307,5
DA:311,5
DA:312,5
DA:313,5
DA:314,25
DA:318,5
DA:325,5
DA:329,5
DA:331,5
DA:332,5
DA:335,5
DA:336,5
DA:339,5
DA:340,5
DA:341,15
DA:349,60
DA:354,5
DA:357,5
DA:358,5
DA:361,5
DA:368,5
DA:372,5
DA:373,0
DA:378,5
DA:380,5
DA:382,5
DA:384,20
DA:394,120
DA:395,120
DA:396,120
DA:397,120
DA:398,120
DA:399,120
DA:400,120
DA:404,20
DA:407,5
DA:414,5
DA:418,5
DA:419,0
DA:424,5
DA:425,5
DA:427,5
DA:428,5
DA:429,5
DA:431,5
DA:433,5
DA:434,5
DA:436,5
DA:437,105
DA:438,105
DA:439,105
DA:440,105
DA:441,105
DA:444,5
DA:451,5
DA:455,5
DA:456,0
DA:461,5
DA:465,5
DA:466,5
DA:468,10
DA:478,5
DA:479,5
DA:480,5
DA:481,5
DA:482,20
DA:486,5
DA:493,5
DA:497,5
DA:498,0
DA:503,5
DA:506,5
DA:507,5
DA:508,5
DA:509,5
DA:511,5
DA:512,5
DA:513,5
DA:514,15
DA:516,5
DA:521,5
DA:522,5
DA:523,5
DA:524,5
DA:525,5
DA:526,5
DA:528,5
DA:532,5
DA:533,5
DA:534,5
DA:535,5
DA:539,5
DA:540,5
DA:541,5
DA:542,5
DA:545,5
DA:552,5
DA:556,5
DA:557,0
DA:562,5
DA:565,5
DA:566,5
DA:568,5
DA:569,5
DA:571,5
DA:572,5
DA:574,5
DA:575,5
DA:577,5
DA:581,5
DA:582,5
DA:583,15
DA:586,45
DA:589,220
DA:594,5
DA:601,5
DA:605,5
DA:606,0
DA:611,5
DA:612,5
DA:615,5
DA:617,5
DA:618,300
DA:619,20
DA:620,15
DA:621,75
DA:632,5
DA:639,5
DA:643,5
DA:662,5
DA:663,5
DA:665,5
DA:681,4
LF:228
LH:208
BRDA:73,0,0,5
BRDA:73,0,1,5
BRDA:74,1,0,5
BRDA:74,1,1,5
BRDA:74,1,2,0
BRDA:79,2,0,5
BRDA:79,2,1,0
BRDA:98,3,0,5
BRDA:98,3,1,5
BRDA:98,3,2,0
BRDA:99,4,0,5
BRDA:99,4,1,5
BRDA:99,4,2,0
BRDA:112,5,0,5
BRDA:112,5,1,5
BRDA:113,6,0,5
BRDA:113,6,1,0
BRDA:122,7,0,5
BRDA:122,7,1,5
BRDA:122,7,2,0
BRDA:133,8,0,5
BRDA:133,8,1,0
BRDA:133,8,2,0
BRDA:146,9,0,5
BRDA:146,9,1,0
BRDA:146,9,2,0
BRDA:150,10,0,0
BRDA:150,10,1,5
BRDA:158,11,0,5
BRDA:158,11,1,0
BRDA:158,12,0,5
BRDA:158,12,1,5
BRDA:160,13,0,0
BRDA:160,13,1,0
BRDA:160,14,0,0
BRDA:160,14,1,0
BRDA:162,15,0,0
BRDA:162,15,1,0
BRDA:165,16,0,0
BRDA:165,16,1,0
BRDA:168,17,0,0
BRDA:168,17,1,0
BRDA:179,18,0,5
BRDA:179,18,1,0
BRDA:181,19,0,0
BRDA:181,19,1,5
BRDA:195,20,0,5
BRDA:195,20,1,0
BRDA:203,21,0,5
BRDA:203,21,1,0
BRDA:204,22,0,5
BRDA:204,22,1,0
BRDA:205,23,0,5
BRDA:205,23,1,0
BRDA:206,24,0,5
BRDA:206,24,1,5
BRDA:211,25,0,5
BRDA:211,25,1,0
BRDA:214,26,0,5
BRDA:214,26,1,0
BRDA:221,27,0,5
BRDA:221,27,1,0
BRDA:229,28,0,0
BRDA:229,28,1,5
BRDA:237,29,0,0
BRDA:237,29,1,5
BRDA:245,30,0,0
BRDA:245,30,1,0
BRDA:248,31,0,0
BRDA:248,31,1,0
BRDA:259,32,0,5
BRDA:259,32,1,0
BRDA:261,33,0,0
BRDA:261,33,1,5
BRDA:272,34,0,25
BRDA:272,34,1,0
BRDA:280,35,0,5
BRDA:280,35,1,0
BRDA:280,35,2,0
BRDA:284,36,0,0
BRDA:284,36,1,5
BRDA:293,37,0,5
BRDA:293,37,1,0
BRDA:302,38,0,5
BRDA:302,38,1,0
BRDA:311,39,0,5
BRDA:311,39,1,0
BRDA:325,40,0,5
BRDA:325,40,1,0
BRDA:325,40,2,0
BRDA:331,41,0,5
BRDA:331,41,1,0
BRDA:335,42,0,5
BRDA:335,42,1,0
BRDA:339,43,0,5
BRDA:339,43,1,0
BRDA:339,44,0,5
BRDA:339,44,1,5
BRDA:346,45,0,15
BRDA:346,45,1,0
BRDA:349,46,0,15
BRDA:349,46,1,0
BRDA:354,47,0,5
BRDA:354,47,1,0
BRDA:357,48,0,5
BRDA:357,48,1,0
BRDA:368,49,0,5
BRDA:368,49,1,0
BRDA:368,49,2,0
BRDA:372,50,0,0
BRDA:372,50,1,5
BRDA:372,51,0,5
BRDA:372,51,1,5
BRDA:380,52,0,5
BRDA:380,52,1,0
BRDA:380,53,0,5
BRDA:380,53,1,0
BRDA:387,54,0,20
BRDA:387,54,1,0
BRDA:393,55,0,20
BRDA:393,55,1,0
BRDA:395,56,0,20
BRDA:395,56,1,100
BRDA:396,57,0,0
BRDA:396,57,1,120
BRDA:397,58,0,80
BRDA:397,58,1,40
BRDA:398,59,0,60
BRDA:398,59,1,60
BRDA:399,60,0,0
BRDA:399,60,1,120
BRDA:400,61,0,120
BRDA:400,61,1,20
BRDA:403,62,0,20
BRDA:403,62,1,0
BRDA:403,63,0,20
BRDA:403,63,1,20
BRDA:404,64,0,0
BRDA:404,64,1,20
BRDA:414,65,0,5
BRDA:414,65,1,0
BRDA:414,65,2,0
BRDA:418,66,0,0
BRDA:418,66,1,5
BRDA:424,67,0,5
BRDA:424,67,1,0
BRDA:425,68,0,5
BRDA:425,68,1,0
BRDA:437,69,0,105
BRDA:437,69,1,0
BRDA:438,70,0,105
BRDA:438,70,1,0
BRDA:439,71,0,105
BRDA:439,71,1,0
BRDA:440,72,0,0
BRDA:440,72,1,105
BRDA:451,73,0,5
BRDA:451,73,1,0
BRDA:451,73,2,0
BRDA:455,74,0,0
BRDA:455,74,1,5
BRDA:461,75,0,5
BRDA:461,75,1,0
BRDA:461,75,2,0
BRDA:472,76,0,0
BRDA:472,76,1,10
BRDA:474,77,0,10
BRDA:474,77,1,0
BRDA:479,78,0,5
BRDA:479,78,1,0
BRDA:493,79,0,5
BRDA:493,79,1,0
BRDA:493,79,2,0
BRDA:497,80,0,0
BRDA:497,80,1,5
BRDA:506,81,0,5
BRDA:506,81,1,0
BRDA:508,82,0,5
BRDA:508,82,1,0
BRDA:511,83,0,5
BRDA:511,83,1,0
BRDA:521,84,0,5
BRDA:521,84,1,0
BRDA:523,85,0,5
BRDA:523,85,1,0
BRDA:524,86,0,5
BRDA:524,86,1,0
BRDA:525,87,0,5
BRDA:525,87,1,0
BRDA:526,88,0,5
BRDA:526,88,1,0
BRDA:532,89,0,5
BRDA:532,89,1,0
BRDA:534,90,0,5
BRDA:534,90,1,0
BRDA:535,91,0,5
BRDA:535,91,1,5
BRDA:539,92,0,5
BRDA:539,92,1,0
BRDA:541,93,0,5
BRDA:541,93,1,0
BRDA:542,94,0,5
BRDA:542,94,1,0
BRDA:552,95,0,5
BRDA:552,95,1,0
BRDA:552,95,2,0
BRDA:556,96,0,0
BRDA:556,96,1,5
BRDA:565,97,0,5
BRDA:565,97,1,0
BRDA:568,98,0,5
BRDA:568,98,1,0
BRDA:569,99,0,5
BRDA:569,99,1,0
BRDA:571,100,0,5
BRDA:571,100,1,0
BRDA:572,101,0,5
BRDA:572,101,1,0
BRDA:574,102,0,5
BRDA:574,102,1,0
BRDA:575,103,0,5
BRDA:575,103,1,0
BRDA:581,104,0,5
BRDA:581,104,1,0
BRDA:581,105,0,5
BRDA:581,105,1,5
BRDA:586,106,0,15
BRDA:586,106,1,0
BRDA:589,107,0,45
BRDA:589,107,1,0
BRDA:601,108,0,5
BRDA:601,108,1,0
BRDA:601,108,2,0
BRDA:605,109,0,0
BRDA:605,109,1,5
BRDA:619,110,0,15
BRDA:619,110,1,5
BRDA:626,111,0,75
BRDA:626,111,1,0
BRDA:627,112,0,75
BRDA:627,112,1,0
BRDA:639,113,0,5
BRDA:639,113,1,0
BRDA:639,113,2,0
BRDA:663,114,0,0
BRDA:663,114,1,5
BRDA:669,115,0,5
BRDA:669,115,1,5
BRDA:672,116,0,5
BRDA:672,116,1,0
BRDA:673,117,0,5
BRDA:673,117,1,0
BRF:252
BRH:130
end_of_record
TN:
SF:src\generators\apiPlanGenerator.js
FN:11,generate
FN:23,validateContext
FN:29,extractInput
FN:37,generateAPIPlan
FN:38,(anonymous_4)
FN:99,(anonymous_5)
FN:100,(anonymous_6)
FN:275,validateAPIPlan
FNF:8
FNH:8
FNDA:9,generate
FNDA:9,validateContext
FNDA:9,extractInput
FNDA:9,generateAPIPlan
FNDA:36,(anonymous_4)
FNDA:36,(anonymous_5)
FNDA:36,(anonymous_6)
FNDA:9,validateAPIPlan
DA:12,9
DA:13,9
DA:14,9
DA:15,9
DA:17,9
DA:24,9
DA:25,0
DA:30,9
DA:38,36
DA:39,9
DA:42,9
DA:43,0
DA:98,9
DA:99,36
DA:101,36
DA:102,36
DA:104,36
DA:190,9
DA:200,9
DA:276,9
DA:277,0
DA:281,4
LF:22
LH:19
BRDA:24,0,0,0
BRDA:24,0,1,9
BRDA:32,1,0,9
BRDA:32,1,1,0
BRDA:33,2,0,9
BRDA:33,2,1,9
BRDA:42,3,0,0
BRDA:42,3,1,9
BRDA:99,4,0,36
BRDA:99,4,1,36
BRDA:102,5,0,36
BRDA:102,5,1,0
BRDA:203,6,0,0
BRDA:203,6,1,9
BRDA:276,7,0,0
BRDA:276,7,1,9
BRDA:276,8,0,9
BRDA:276,8,1,9
BRDA:276,8,2,9
BRF:19
BRH:13
end_of_record
TN:
SF:src\generators\architectureGenerator.js
FN:11,generate
FN:23,validateContext
FN:29,extractInput
FN:37,generateArchitecture
FN:39,(anonymous_4)
FN:45,(anonymous_5)
FN:50,(anonymous_6)
FN:179,validateArchitecture
FN:185,generateArchitectureDiagram
FNF:9
FNH:6
FNDA:9,generate
FNDA:9,validateContext
FNDA:9,extractInput
FNDA:9,generateArchitecture
FNDA:0,(anonymous_4)
FNDA:0,(anonymous_5)
FNDA:0,(anonymous_6)
FNDA:9,validateArchitecture
FNDA:9,generateArchitectureDiagram
DA:12,9
DA:13,9
DA:14,9
DA:15,9
DA:17,9
DA:24,9
DA:25,0
DA:30,9
DA:39,9
DA:40,0
DA:45,9
DA:46,0
DA:50,9
DA:51,0
DA:55,9
DA:57,9
DA:180,9
DA:181,0
DA:186,9
DA:261,4
LF:20
LH:15
BRDA:24,0,0,0
BRDA:24,0,1,9
BRDA:32,1,0,9
BRDA:32,1,1,9
BRDA:33,2,0,9
BRDA:33,2,1,0
BRDA:40,3,0,0
BRDA:40,3,1,0
BRDA:40,3,2,0
BRDA:46,4,0,0
BRDA:46,4,1,0
BRDA:51,5,0,0
BRDA:51,5,1,0
BRDA:119,6,0,0
BRDA:119,6,1,9
BRDA:138,7,0,0
BRDA:138,7,1,9
BRDA:153,8,0,0
BRDA:153,8,1,9
BRDA:154,9,0,0
BRDA:154,9,1,9
BRDA:180,10,0,0
BRDA:180,10,1,9
BRDA:180,11,0,9
BRDA:180,11,1,9
BRDA:180,11,2,9
BRDA:219,12,0,0
BRDA:219,12,1,9
BRF:28
BRH:13
end_of_record
TN:
SF:src\generators\bobPromptGenerator.js
FN:11,generate
FN:23,validateContext
FN:29,extractInput
FN:43,generateBobPrompt
FN:57,(anonymous_4)
FN:61,(anonymous_5)
FN:64,(anonymous_6)
FN:94,(anonymous_7)
FN:99,(anonymous_8)
FN:102,(anonymous_9)
FN:106,(anonymous_10)
FN:120,(anonymous_11)
FN:130,(anonymous_12)
FN:138,(anonymous_13)
FN:146,(anonymous_14)
FN:150,(anonymous_15)
FN:180,(anonymous_16)
FN:182,(anonymous_17)
FN:197,(anonymous_18)
FN:200,(anonymous_19)
FN:203,(anonymous_20)
FN:205,(anonymous_21)
FN:207,(anonymous_22)
FN:216,(anonymous_23)
FN:233,(anonymous_24)
FN:236,(anonymous_25)
FN:314,(anonymous_26)
FN:352,validateBobPrompt
FNF:28
FNH:25
FNDA:9,generate
FNDA:9,validateContext
FNDA:9,extractInput
FNDA:9,generateBobPrompt
FNDA:0,(anonymous_4)
FNDA:0,(anonymous_5)
FNDA:45,(anonymous_6)
FNDA:36,(anonymous_7)
FNDA:216,(anonymous_8)
FNDA:36,(anonymous_9)
FNDA:0,(anonymous_10)
FNDA:189,(anonymous_11)
FNDA:369,(anonymous_12)
FNDA:18,(anonymous_13)
FNDA:54,(anonymous_14)
FNDA:72,(anonymous_15)
FNDA:9,(anonymous_16)
FNDA:9,(anonymous_17)
FNDA:18,(anonymous_18)
FNDA:45,(anonymous_19)
FNDA:27,(anonymous_20)
FNDA:81,(anonymous_21)
FNDA:396,(anonymous_22)
FNDA:72,(anonymous_23)
FNDA:27,(anonymous_24)
FNDA:27,(anonymous_25)
FNDA:9,(anonymous_26)
FNDA:9,validateBobPrompt
DA:12,9
DA:13,9
DA:14,9
DA:15,9
DA:17,9
DA:24,9
DA:25,0
DA:30,9
DA:44,9
DA:57,0
DA:61,0
DA:64,45
DA:94,36
DA:99,216
DA:102,36
DA:106,0
DA:120,189
DA:130,369
DA:138,18
DA:146,54
DA:150,72
DA:180,9
DA:182,9
DA:197,18
DA:200,45
DA:203,27
DA:205,81
DA:207,396
DA:216,72
DA:233,27
DA:236,27
DA:314,9
DA:322,9
DA:353,9
DA:354,0
DA:358,4
LF:36
LH:31
BRDA:24,0,0,0
BRDA:24,0,1,9
BRDA:57,1,0,9
BRDA:57,1,1,9
BRDA:59,2,0,0
BRDA:59,2,1,0
BRDA:59,3,0,0
BRDA:59,3,1,0
BRDA:61,4,0,0
BRDA:61,4,1,0
BRDA:64,5,0,9
BRDA:64,5,1,0
BRDA:99,6,0,36
BRDA:99,6,1,180
BRDA:99,7,0,0
BRDA:99,7,1,216
BRDA:99,8,0,144
BRDA:99,8,1,72
BRDA:102,9,0,0
BRDA:102,9,1,36
BRDA:117,10,0,0
BRDA:117,10,1,9
BRDA:123,11,0,0
BRDA:123,11,1,189
BRDA:125,12,0,72
BRDA:125,12,1,117
BRDA:126,13,0,36
BRDA:126,13,1,153
BRDA:127,14,0,108
BRDA:127,14,1,81
BRDA:143,15,0,0
BRDA:143,15,1,18
BRDA:153,16,0,72
BRDA:153,16,1,0
BRDA:154,17,0,0
BRDA:154,17,1,72
BRDA:157,18,0,0
BRDA:157,18,1,9
BRDA:216,19,0,9
BRDA:216,19,1,0
BRDA:300,20,0,9
BRDA:300,20,1,9
BRDA:301,21,0,9
BRDA:301,21,1,0
BRDA:302,22,0,9
BRDA:302,22,1,0
BRDA:303,23,0,9
BRDA:303,23,1,0
BRDA:326,24,0,9
BRDA:326,24,1,9
BRDA:327,25,0,9
BRDA:327,25,1,0
BRDA:328,26,0,9
BRDA:328,26,1,0
BRDA:329,27,0,9
BRDA:329,27,1,0
BRDA:353,28,0,0
BRDA:353,28,1,9
BRDA:353,29,0,9
BRDA:353,29,1,9
BRDA:353,29,2,9
BRF:61
BRH:37
end_of_record
TN:
SF:src\generators\deploymentPlanGenerator.js
FN:11,generate
FN:23,validateContext
FN:29,extractInput
FN:37,generateDeploymentPlan
FN:356,validateDeploymentPlan
FNF:5
FNH:5
FNDA:9,generate
FNDA:9,validateContext
FNDA:9,extractInput
FNDA:9,generateDeploymentPlan
FNDA:9,validateDeploymentPlan
DA:12,9
DA:13,9
DA:14,9
DA:15,9
DA:17,9
DA:24,9
DA:25,0
DA:30,9
DA:38,9
DA:357,9
DA:358,0
DA:362,4
LF:12
LH:10
BRDA:24,0,0,0
BRDA:24,0,1,9
BRDA:32,1,0,9
BRDA:32,1,1,0
BRDA:357,2,0,0
BRDA:357,2,1,9
BRDA:357,3,0,9
BRDA:357,3,1,9
BRDA:357,3,2,9
BRF:9
BRH:6
end_of_record
TN:
SF:src\generators\frontendPlanGenerator.js
FN:11,generate
FN:23,validateContext
FN:29,extractInput
FN:38,generateFrontendPlan
FN:119,(anonymous_4)
FN:237,(anonymous_5)
FN:313,validateFrontendPlan
FNF:7
FNH:6
FNDA:9,generate
FNDA:9,validateContext
FNDA:9,extractInput
FNDA:9,generateFrontendPlan
FNDA:0,(anonymous_4)
FNDA:18,(anonymous_5)
FNDA:9,validateFrontendPlan
DA:12,9
DA:13,9
DA:14,9
DA:15,9
DA:17,9
DA:24,9
DA:25,0
DA:30,9
DA:39,9
DA:40,9
DA:43,9
DA:44,0
DA:72,0
DA:97,9
DA:108,9
DA:119,9
DA:120,0
DA:121,0
DA:123,0
DA:153,0
DA:178,9
DA:229,9
DA:237,18
DA:314,9
DA:315,0
DA:319,4
LF:26
LH:18
BRDA:24,0,0,0
BRDA:24,0,1,9
BRDA:32,1,0,9
BRDA:32,1,1,9
BRDA:33,2,0,9
BRDA:33,2,1,0
BRDA:43,3,0,0
BRDA:43,3,1,9
BRDA:240,4,0,18
BRDA:240,4,1,18
BRDA:314,5,0,0
BRDA:314,5,1,9
BRDA:314,6,0,9
BRDA:314,6,1,9
BRDA:314,6,2,9
BRF:15
BRH:11
end_of_record
TN:
SF:src\generators\githubIssuesGenerator.js
FN:11,generate
FN:23,validateContext
FN:29,extractInput
FN:40,generateGithubIssues
FN:77,(anonymous_4)
FN:130,(anonymous_5)
FN:138,(anonymous_6)
FN:162,(anonymous_7)
FN:170,(anonymous_8)
FN:442,(anonymous_9)
FN:443,(anonymous_10)
FN:444,(anonymous_11)
FN:445,(anonymous_12)
FN:446,(anonymous_13)
FN:448,(anonymous_14)
FN:449,(anonymous_15)
FN:453,groupEndpointsByFeature
FN:456,(anonymous_17)
FN:457,(anonymous_18)
FN:469,groupPagesByFeature
FN:472,(anonymous_20)
FN:473,(anonymous_21)
FN:485,capitalizeWords
FN:488,(anonymous_23)
FN:492,validateGithubIssues
FNF:25
FNH:25
FNDA:9,generate
FNDA:9,validateContext
FNDA:9,extractInput
FNDA:9,generateGithubIssues
FNDA:36,(anonymous_4)
FNDA:45,(anonymous_5)
FNDA:180,(anonymous_6)
FNDA:18,(anonymous_7)
FNDA:18,(anonymous_8)
FNDA:135,(anonymous_9)
FNDA:135,(anonymous_10)
FNDA:135,(anonymous_11)
FNDA:135,(anonymous_12)
FNDA:135,(anonymous_13)
FNDA:135,(anonymous_14)
FNDA:135,(anonymous_15)
FNDA:9,groupEndpointsByFeature
FNDA:189,(anonymous_17)
FNDA:675,(anonymous_18)
FNDA:9,groupPagesByFeature
FNDA:18,(anonymous_20)
FNDA:36,(anonymous_21)
FNDA:108,capitalizeWords
FNDA:108,(anonymous_23)
FNDA:9,validateGithubIssues
DA:12,9
DA:13,9
DA:14,9
DA:15,9
DA:17,9
DA:24,9
DA:25,0
DA:30,9
DA:41,9
DA:42,9
DA:45,9
DA:71,9
DA:77,36
DA:99,9
DA:100,0
DA:129,9
DA:130,9
DA:131,45
DA:132,36
DA:138,180
DA:161,9
DA:162,9
DA:163,18
DA:164,18
DA:170,18
DA:196,9
DA:234,9
DA:267,9
DA:301,9
DA:334,9
DA:370,9
DA:403,9
DA:438,9
DA:442,135
DA:443,135
DA:444,135
DA:445,135
DA:446,135
DA:448,135
DA:449,135
DA:454,9
DA:456,9
DA:457,675
DA:458,189
DA:460,189
DA:461,45
DA:463,189
DA:466,9
DA:470,9
DA:472,9
DA:473,36
DA:474,18
DA:476,18
DA:477,18
DA:479,18
DA:482,9
DA:486,108
DA:488,108
DA:493,9
DA:494,0
DA:498,4
LF:61
LH:58
BRDA:24,0,0,0
BRDA:24,0,1,9
BRDA:32,1,0,9
BRDA:32,1,1,9
BRDA:33,2,0,9
BRDA:33,2,1,0
BRDA:34,3,0,9
BRDA:34,3,1,0
BRDA:35,4,0,9
BRDA:35,4,1,0
BRDA:99,5,0,0
BRDA:99,5,1,9
BRDA:131,6,0,36
BRDA:131,6,1,9
BRDA:131,7,0,45
BRDA:131,7,1,45
BRDA:146,8,0,36
BRDA:146,8,1,0
BRDA:163,9,0,18
BRDA:163,9,1,0
BRDA:180,10,0,9
BRDA:180,10,1,9
BRDA:180,11,0,18
BRDA:180,11,1,18
BRDA:458,12,0,189
BRDA:458,12,1,0
BRDA:460,13,0,45
BRDA:460,13,1,144
BRDA:473,14,0,36
BRDA:473,14,1,9
BRDA:474,15,0,18
BRDA:474,15,1,9
BRDA:476,16,0,18
BRDA:476,16,1,0
BRDA:493,17,0,0
BRDA:493,17,1,9
BRDA:493,18,0,9
BRDA:493,18,1,9
BRDA:493,18,2,9
BRF:39
BRH:29
end_of_record
TN:
SF:src\generators\prdGenerator.js
FN:14,generate
FN:26,validateContext
FN:32,extractInput
FN:41,generatePRD
FN:52,(anonymous_4)
FN:58,(anonymous_5)
FN:105,(anonymous_6)
FN:157,determineUserRoles
FN:211,categorizeFeatures
FN:215,(anonymous_9)
FN:233,generateProblemStatement
FN:238,generateUserNeeds
FN:248,generatePainPoints
FN:258,validatePRD
FNF:14
FNH:14
FNDA:9,generate
FNDA:9,validateContext
FNDA:9,extractInput
FNDA:9,generatePRD
FNDA:9,(anonymous_4)
FNDA:12,(anonymous_5)
FNDA:12,(anonymous_6)
FNDA:9,determineUserRoles
FNDA:9,categorizeFeatures
FNDA:12,(anonymous_9)
FNDA:9,generateProblemStatement
FNDA:9,generateUserNeeds
FNDA:9,generatePainPoints
FNDA:9,validatePRD
DA:1,4
DA:15,9
DA:16,9
DA:17,9
DA:18,9
DA:20,9
DA:27,9
DA:28,0
DA:33,9
DA:43,9
DA:46,9
DA:48,9
DA:52,9
DA:58,12
DA:105,12
DA:158,9
DA:159,9
DA:160,9
DA:161,9
DA:164,9
DA:165,0
DA:173,9
DA:174,0
DA:182,9
DA:183,0
DA:191,9
DA:192,0
DA:200,9
DA:201,9
DA:208,9
DA:212,9
DA:213,9
DA:215,9
DA:216,12
DA:223,12
DA:224,11
DA:226,1
DA:230,9
DA:234,9
DA:235,9
DA:239,9
DA:249,9
DA:259,9
DA:260,0
DA:264,4
LF:45
LH:39
BRDA:27,0,0,0
BRDA:27,0,1,9
BRDA:27,1,0,9
BRDA:27,1,1,9
BRDA:36,2,0,9
BRDA:36,2,1,0
BRDA:37,3,0,9
BRDA:37,3,1,0
BRDA:62,4,0,12
BRDA:62,4,1,0
BRDA:114,5,0,12
BRDA:114,5,1,0
BRDA:115,6,0,12
BRDA:115,6,1,0
BRDA:164,7,0,0
BRDA:164,7,1,9
BRDA:173,8,0,0
BRDA:173,8,1,9
BRDA:173,9,0,9
BRDA:173,9,1,9
BRDA:173,9,2,9
BRDA:182,10,0,0
BRDA:182,10,1,9
BRDA:191,11,0,0
BRDA:191,11,1,9
BRDA:200,12,0,9
BRDA:200,12,1,0
BRDA:219,13,0,12
BRDA:219,13,1,0
BRDA:223,14,0,11
BRDA:223,14,1,1
BRDA:259,15,0,0
BRDA:259,15,1,9
BRDA:259,16,0,9
BRDA:259,16,1,9
BRDA:259,16,2,9
BRDA:259,16,3,9
BRF:37
BRH:24
end_of_record
TN:
SF:src\generators\schemaGenerator.js
FN:11,generate
FN:23,validateContext
FN:29,extractInput
FN:37,generateSchema
FN:39,(anonymous_4)
FN:94,(anonymous_5)
FN:95,(anonymous_6)
FN:136,generateDomainTables
FN:238,(anonymous_8)
FN:263,generateGenericTables
FN:290,buildRelationships
FN:293,(anonymous_11)
FN:294,(anonymous_12)
FN:312,validateSchema
FNF:14
FNH:12
FNDA:9,generate
FNDA:9,validateContext
FNDA:9,extractInput
FNDA:9,generateSchema
FNDA:0,(anonymous_4)
FNDA:36,(anonymous_5)
FNDA:36,(anonymous_6)
FNDA:9,generateDomainTables
FNDA:0,(anonymous_8)
FNDA:9,generateGenericTables
FNDA:9,buildRelationships
FNDA:36,(anonymous_11)
FNDA:216,(anonymous_12)
FNDA:9,validateSchema
DA:12,9
DA:13,9
DA:14,9
DA:15,9
DA:17,9
DA:24,9
DA:25,0
DA:30,9
DA:39,9
DA:40,0
DA:45,9
DA:46,9
DA:49,9
DA:50,0
DA:73,9
DA:74,9
DA:77,9
DA:78,9
DA:80,9
DA:81,9
DA:82,0
DA:84,0
DA:87,9
DA:89,9
DA:95,36
DA:137,9
DA:138,9
DA:141,9
DA:142,0
DA:162,0
DA:181,0
DA:198,0
DA:218,0
DA:238,9
DA:239,0
DA:240,0
DA:260,9
DA:264,9
DA:265,9
DA:267,9
DA:268,36
DA:287,9
DA:291,9
DA:293,9
DA:294,36
DA:295,216
DA:296,0
DA:297,0
DA:309,9
DA:313,9
DA:314,0
DA:318,4
LF:52
LH:37
BRDA:24,0,0,0
BRDA:24,0,1,9
BRDA:32,1,0,9
BRDA:32,1,1,9
BRDA:33,2,0,9
BRDA:33,2,1,0
BRDA:40,3,0,0
BRDA:40,3,1,0
BRDA:40,3,2,0
BRDA:49,4,0,0
BRDA:49,4,1,9
BRDA:78,5,0,9
BRDA:78,5,1,0
BRDA:82,6,0,0
BRDA:82,6,1,0
BRDA:108,7,0,0
BRDA:108,7,1,9
BRDA:141,8,0,0
BRDA:141,8,1,9
BRDA:248,9,0,0
BRDA:248,9,1,0
BRDA:254,10,0,0
BRDA:254,10,1,0
BRDA:267,11,0,45
BRDA:267,11,1,36
BRDA:276,12,0,0
BRDA:276,12,1,36
BRDA:282,13,0,0
BRDA:282,13,1,36
BRDA:295,14,0,0
BRDA:295,14,1,216
BRDA:302,15,0,0
BRDA:302,15,1,0
BRDA:313,16,0,0
BRDA:313,16,1,9
BRDA:313,17,0,9
BRDA:313,17,1,9
BRDA:313,17,2,9
BRF:38
BRH:17
end_of_record
TN:
SF:src\generators\testPlanGenerator.js
FN:11,generate
FN:23,validateContext
FN:29,extractInput
FN:39,generateTestPlan
FN:45,(anonymous_4)
FN:82,(anonymous_5)
FN:117,(anonymous_6)
FN:144,(anonymous_7)
FN:173,(anonymous_8)
FN:228,(anonymous_9)
FN:234,(anonymous_10)
FN:241,(anonymous_11)
FN:299,validateTestPlan
FNF:13
FNH:11
FNDA:9,generate
FNDA:9,validateContext
FNDA:9,extractInput
FNDA:9,generateTestPlan
FNDA:189,(anonymous_4)
FNDA:72,(anonymous_5)
FNDA:0,(anonymous_6)
FNDA:18,(anonymous_7)
FNDA:189,(anonymous_8)
FNDA:252,(anonymous_9)
FNDA:0,(anonymous_10)
FNDA:9,(anonymous_11)
FNDA:9,validateTestPlan
DA:12,9
DA:13,9
DA:14,9
DA:15,9
DA:17,9
DA:24,9
DA:25,0
DA:30,9
DA:40,9
DA:41,9
DA:42,9
DA:45,9
DA:46,189
DA:47,180
DA:82,9
DA:83,72
DA:117,9
DA:118,0
DA:144,9
DA:145,18
DA:146,9
DA:173,189
DA:174,0
DA:207,9
DA:228,252
DA:234,0
DA:241,9
DA:300,9
DA:301,0
DA:305,4
LF:30
LH:25
BRDA:24,0,0,0
BRDA:24,0,1,9
BRDA:32,1,0,9
BRDA:32,1,1,9
BRDA:33,2,0,9
BRDA:33,2,1,0
BRDA:34,3,0,9
BRDA:34,3,1,0
BRDA:35,4,0,9
BRDA:35,4,1,0
BRDA:46,5,0,180
BRDA:46,5,1,9
BRDA:68,6,0,0
BRDA:68,6,1,180
BRDA:104,7,0,0
BRDA:104,7,1,72
BRDA:145,8,0,9
BRDA:145,8,1,9
BRDA:145,9,0,18
BRDA:145,9,1,18
BRDA:157,10,0,9
BRDA:157,10,1,0
BRDA:159,11,0,0
BRDA:159,11,1,9
BRDA:173,12,0,0
BRDA:173,12,1,9
BRDA:300,13,0,0
BRDA:300,13,1,9
BRDA:300,14,0,9
BRDA:300,14,1,9
BRDA:300,14,2,9
BRDA:300,14,3,9
BRF:32
BRH:22
end_of_record
TN:
SF:src\routes\artifact.routes.js
FNF:0
FNH:0
DA:1,4
DA:2,4
DA:3,4
DA:9,4
DA:15,4
DA:21,4
DA:27,4
DA:29,4
LF:8
LH:8
BRF:0
BRH:0
end_of_record
TN:
SF:src\routes\blueprint.routes.js
FNF:0
FNH:0
DA:1,4
DA:2,4
DA:3,4
DA:9,4
DA:15,4
DA:22,4
DA:28,4
DA:30,4
LF:8
LH:8
BRF:0
BRH:0
end_of_record
TN:
SF:src\routes\health.routes.js
FN:8,(anonymous_0)
FNF:1
FNH:1
FNDA:2,(anonymous_0)
DA:1,4
DA:2,4
DA:8,4
DA:9,2
DA:17,4
LF:5
LH:5
BRF:0
BRH:0
end_of_record
TN:
SF:src\services\artifact.service.js
FN:10,createArtifact
FN:52,getAllArtifacts
FN:56,(anonymous_2)
FN:67,getArtifactById
FN:69,(anonymous_4)
FN:77,deleteArtifact
FNF:6
FNH:6
FNDA:9,createArtifact
FNDA:3,getAllArtifacts
FNDA:12,(anonymous_2)
FNDA:3,getArtifactById
FNDA:21,(anonymous_4)
FNDA:2,deleteArtifact
DA:1,4
DA:2,4
DA:3,4
DA:20,9
DA:22,9
DA:23,0
DA:26,9
DA:27,0
DA:30,9
DA:43,9
DA:44,9
DA:53,3
DA:55,3
DA:56,12
DA:59,1
DA:68,3
DA:69,21
DA:78,2
DA:81,4
LF:19
LH:17
BRDA:16,0,0,7
BRDA:18,1,0,7
BRDA:22,2,0,0
BRDA:22,2,1,9
BRDA:22,3,0,9
BRDA:22,3,1,9
BRDA:22,3,2,9
BRDA:22,3,3,9
BRDA:26,4,0,0
BRDA:26,4,1,9
BRDA:37,5,0,9
BRDA:37,5,1,8
BRDA:39,6,0,9
BRDA:39,6,1,8
BRDA:52,7,0,1
BRDA:55,8,0,2
BRDA:55,8,1,1
BRDA:69,9,0,3
BRDA:69,9,1,2
BRF:19
BRH:17
end_of_record
TN:
SF:src\services\blueprint.service.js
FN:19,generateBlueprint
FN:72,(anonymous_1)
FN:126,processIdea
FN:128,(anonymous_3)
FN:147,extractTargetUsers
FN:175,extractKeyFeatures
FN:237,generateProjectName
FN:245,(anonymous_7)
FN:252,(anonymous_8)
FN:260,(anonymous_9)
FN:270,getAllBlueprints
FN:274,(anonymous_11)
FN:289,getBlueprintById
FNF:13
FNH:13
FNDA:9,generateBlueprint
FNDA:9,(anonymous_1)
FNDA:9,processIdea
FNDA:9,(anonymous_3)
FNDA:9,extractTargetUsers
FNDA:9,extractKeyFeatures
FNDA:9,generateProjectName
FNDA:63,(anonymous_7)
FNDA:63,(anonymous_8)
FNDA:115,(anonymous_9)
FNDA:1,getAllBlueprints
FNDA:3,(anonymous_11)
FNDA:8,getBlueprintById
DA:1,4
DA:2,4
DA:3,4
DA:4,4
DA:5,4
DA:6,4
DA:7,4
DA:8,4
DA:9,4
DA:10,4
DA:11,4
DA:12,4
DA:20,9
DA:22,9
DA:24,9
DA:31,9
DA:34,9
DA:35,9
DA:37,9
DA:38,9
DA:40,9
DA:41,9
DA:43,9
DA:44,9
DA:46,9
DA:47,9
DA:49,9
DA:50,9
DA:52,9
DA:53,9
DA:55,9
DA:56,9
DA:58,9
DA:59,9
DA:62,9
DA:63,9
DA:66,9
DA:72,9
DA:109,9
DA:112,9
DA:114,9
DA:116,0
DA:117,0
DA:128,9
DA:129,9
DA:130,9
DA:132,9
DA:148,9
DA:149,9
DA:151,9
DA:152,0
DA:154,9
DA:155,0
DA:157,9
DA:158,0
DA:160,9
DA:161,0
DA:163,9
DA:164,0
DA:167,9
DA:176,9
DA:177,9
DA:180,9
DA:181,1
DA:185,9
DA:186,0
DA:190,9
DA:191,2
DA:195,9
DA:196,0
DA:200,9
DA:201,0
DA:205,9
DA:206,1
DA:210,9
DA:211,0
DA:215,9
DA:216,5
DA:220,9
DA:221,0
DA:225,9
DA:226,1
DA:229,9
DA:239,9
DA:241,9
DA:244,9
DA:245,63
DA:247,9
DA:248,0
DA:252,9
DA:253,63
DA:254,63
DA:258,9
DA:260,115
DA:263,9
DA:271,1
DA:274,3
DA:290,8
DA:293,4
LF:99
LH:86
BRDA:129,0,0,9
BRDA:129,0,1,0
BRDA:130,1,0,9
BRDA:130,1,1,9
BRDA:151,2,0,0
BRDA:151,2,1,9
BRDA:151,3,0,9
BRDA:151,3,1,9
BRDA:154,4,0,0
BRDA:154,4,1,9
BRDA:154,5,0,9
BRDA:154,5,1,9
BRDA:157,6,0,0
BRDA:157,6,1,9
BRDA:160,7,0,0
BRDA:160,7,1,9
BRDA:160,8,0,9
BRDA:160,8,1,9
BRDA:163,9,0,0
BRDA:163,9,1,9
BRDA:163,10,0,9
BRDA:163,10,1,9
BRDA:167,11,0,0
BRDA:167,11,1,9
BRDA:180,12,0,1
BRDA:180,12,1,8
BRDA:180,13,0,9
BRDA:180,13,1,8
BRDA:180,13,2,8
BRDA:185,14,0,0
BRDA:185,14,1,9
BRDA:190,15,0,2
BRDA:190,15,1,7
BRDA:190,16,0,9
BRDA:190,16,1,9
BRDA:190,16,2,7
BRDA:195,17,0,0
BRDA:195,17,1,9
BRDA:195,18,0,9
BRDA:195,18,1,9
BRDA:200,19,0,0
BRDA:200,19,1,9
BRDA:200,20,0,9
BRDA:200,20,1,9
BRDA:205,21,0,1
BRDA:205,21,1,8
BRDA:205,22,0,9
BRDA:205,22,1,9
BRDA:210,23,0,0
BRDA:210,23,1,9
BRDA:210,24,0,9
BRDA:210,24,1,9
BRDA:215,25,0,5
BRDA:215,25,1,4
BRDA:215,26,0,9
BRDA:215,26,1,9
BRDA:220,27,0,0
BRDA:220,27,1,9
BRDA:220,28,0,9
BRDA:220,28,1,9
BRDA:225,29,0,1
BRDA:225,29,1,8
BRDA:245,30,0,63
BRDA:245,30,1,63
BRDA:247,31,0,0
BRDA:247,31,1,9
BRDA:263,32,0,9
BRDA:263,32,1,0
BRDA:275,33,0,3
BRDA:275,33,1,0
BRDA:276,34,0,3
BRDA:276,34,1,0
BRDA:276,34,2,0
BRDA:278,35,0,3
BRDA:278,35,1,3
BRDA:278,35,2,0
BRDA:280,36,0,3
BRDA:280,36,1,0
BRF:78
BRH:59
end_of_record
TN:
SF:src\services\storage.service.js
FN:11,ensureDataFiles
FN:39,readBlueprints
FN:50,readBlueprintById
FN:52,(anonymous_3)
FN:60,saveBlueprint
FN:73,updateBlueprint
FN:75,(anonymous_6)
FN:96,deleteBlueprint
FN:98,(anonymous_8)
FN:113,readArtifacts
FN:119,(anonymous_10)
FN:130,readArtifactById
FN:132,(anonymous_12)
FN:140,saveArtifact
FN:152,deleteArtifact
FN:154,(anonymous_15)
FNF:16
FNH:9
FNDA:35,ensureDataFiles
FNDA:18,readBlueprints
FNDA:8,readBlueprintById
FNDA:23,(anonymous_3)
FNDA:9,saveBlueprint
FNDA:0,updateBlueprint
FNDA:0,(anonymous_6)
FNDA:0,deleteBlueprint
FNDA:0,(anonymous_8)
FNDA:17,readArtifacts
FNDA:0,(anonymous_10)
FNDA:0,readArtifactById
FNDA:0,(anonymous_12)
FNDA:9,saveArtifact
FNDA:2,deleteArtifact
FNDA:16,(anonymous_15)
DA:1,4
DA:2,4
DA:4,4
DA:5,4
DA:6,4
DA:12,35
DA:14,35
DA:17,35
DA:18,35
DA:20,0
DA:24,35
DA:25,35
DA:27,0
DA:30,0
DA:31,0
DA:40,18
DA:41,18
DA:42,18
DA:51,8
DA:52,23
DA:61,9
DA:62,9
DA:63,9
DA:64,9
DA:74,0
DA:75,0
DA:77,0
DA:78,0
DA:81,0
DA:87,0
DA:88,0
DA:97,0
DA:98,0
DA:100,0
DA:101,0
DA:104,0
DA:105,0
DA:114,17
DA:115,17
DA:116,17
DA:118,17
DA:119,0
DA:122,17
DA:131,0
DA:132,0
DA:141,9
DA:142,9
DA:143,9
DA:144,9
DA:153,2
DA:154,16
DA:156,2
DA:157,1
DA:160,1
DA:161,1
DA:164,4
LF:56
LH:36
BRDA:52,0,0,8
BRDA:52,0,1,2
BRDA:52,1,0,23
BRDA:52,1,1,17
BRDA:77,2,0,0
BRDA:77,2,1,0
BRDA:100,3,0,0
BRDA:100,3,1,0
BRDA:113,4,0,17
BRDA:118,5,0,0
BRDA:118,5,1,17
BRDA:132,6,0,0
BRDA:132,6,1,0
BRDA:156,7,0,1
BRDA:156,7,1,1
BRF:15
BRH:8
end_of_record
TN:
SF:src\utils\slugify.js
FN:6,slugify
FNF:1
FNH:1
FNDA:18,slugify
DA:7,18
DA:8,0
DA:11,18
DA:22,4
LF:4
LH:3
BRDA:7,0,0,0
BRDA:7,0,1,18
BRDA:7,1,0,18
BRDA:7,1,1,18
BRF:4
BRH:3
end_of_record
TN:
SF:src\utils\validators.js
FN:6,validateIdea
FN:40,isValidUUID
FN:50,isValidArtifactType
FNF:3
FNH:2
FNDA:12,validateIdea
FNDA:0,isValidUUID
FNDA:9,isValidArtifactType
DA:7,12
DA:10,12
DA:11,2
DA:15,12
DA:16,1
DA:20,12
DA:21,1
DA:25,12
DA:26,0
DA:29,12
DA:41,0
DA:42,0
DA:51,9
DA:60,9
DA:63,4
LF:15
LH:12
BRDA:10,0,0,2
BRDA:10,0,1,10
BRDA:15,1,0,1
BRDA:15,1,1,11
BRDA:20,2,0,1
BRDA:20,2,1,11
BRDA:20,3,0,12
BRDA:20,3,1,10
BRDA:25,4,0,0
BRDA:25,4,1,12
BRDA:25,5,0,12
BRDA:25,5,1,10
BRF:12
BRH:11
end_of_record
